[2022-03-17 19:46:29,090] {taskinstance.py:1032} INFO - Dependencies all met for <TaskInstance: data_ingestion_gcs_dag_project.local_to_gcs_task scheduled__2017-01-01T00:00:00+00:00 [queued]>
[2022-03-17 19:46:29,100] {taskinstance.py:1032} INFO - Dependencies all met for <TaskInstance: data_ingestion_gcs_dag_project.local_to_gcs_task scheduled__2017-01-01T00:00:00+00:00 [queued]>
[2022-03-17 19:46:29,100] {taskinstance.py:1238} INFO - 
--------------------------------------------------------------------------------
[2022-03-17 19:46:29,101] {taskinstance.py:1239} INFO - Starting attempt 1 of 2
[2022-03-17 19:46:29,101] {taskinstance.py:1240} INFO - 
--------------------------------------------------------------------------------
[2022-03-17 19:46:29,119] {taskinstance.py:1259} INFO - Executing <Task(PythonOperator): local_to_gcs_task> on 2017-01-01 00:00:00+00:00
[2022-03-17 19:46:29,126] {standard_task_runner.py:52} INFO - Started process 518 to run task
[2022-03-17 19:46:29,132] {standard_task_runner.py:76} INFO - Running: ['***', 'tasks', 'run', 'data_ingestion_gcs_dag_project', 'local_to_gcs_task', 'scheduled__2017-01-01T00:00:00+00:00', '--job-id', '14', '--raw', '--subdir', 'DAGS_FOLDER/data_ingestion_gcs_dag_project.py', '--cfg-path', '/tmp/tmphsuwmrn9', '--error-file', '/tmp/tmprr8dxtsz']
[2022-03-17 19:46:29,133] {standard_task_runner.py:77} INFO - Job 14: Subtask local_to_gcs_task
[2022-03-17 19:46:29,220] {logging_mixin.py:109} INFO - Running <TaskInstance: data_ingestion_gcs_dag_project.local_to_gcs_task scheduled__2017-01-01T00:00:00+00:00 [running]> on host 06aea6ade097
[2022-03-17 19:46:29,283] {warnings.py:110} WARNING - /home/***/.local/lib/python3.7/site-packages/***/utils/context.py:152: AirflowContextDeprecationWarning: Accessing 'execution_date' from the template is deprecated and will be removed in a future version. Please use 'data_interval_start' or 'logical_date' instead.
  warnings.warn(_create_deprecation_warning(key, self._deprecation_replacements[key]))

[2022-03-17 19:46:29,316] {taskinstance.py:1426} INFO - Exporting the following env vars:
AIRFLOW_CTX_DAG_OWNER=***
AIRFLOW_CTX_DAG_ID=data_ingestion_gcs_dag_project
AIRFLOW_CTX_TASK_ID=local_to_gcs_task
AIRFLOW_CTX_EXECUTION_DATE=2017-01-01T00:00:00+00:00
AIRFLOW_CTX_DAG_RUN_ID=scheduled__2017-01-01T00:00:00+00:00
[2022-03-17 19:46:30,293] {python.py:175} INFO - Done. Returned value was: None
[2022-03-17 19:46:30,307] {taskinstance.py:1277} INFO - Marking task as SUCCESS. dag_id=data_ingestion_gcs_dag_project, task_id=local_to_gcs_task, execution_date=20170101T000000, start_date=20220317T194629, end_date=20220317T194630
[2022-03-17 19:46:30,349] {local_task_job.py:154} INFO - Task exited with return code 0
[2022-03-17 19:46:30,382] {local_task_job.py:264} INFO - 1 downstream tasks scheduled from follow-on schedule check
[2022-03-20 06:17:15,135] {taskinstance.py:1032} INFO - Dependencies all met for <TaskInstance: data_ingestion_gcs_dag_project.local_to_gcs_task scheduled__2017-01-01T00:00:00+00:00 [queued]>
[2022-03-20 06:17:15,148] {taskinstance.py:1032} INFO - Dependencies all met for <TaskInstance: data_ingestion_gcs_dag_project.local_to_gcs_task scheduled__2017-01-01T00:00:00+00:00 [queued]>
[2022-03-20 06:17:15,148] {taskinstance.py:1238} INFO - 
--------------------------------------------------------------------------------
[2022-03-20 06:17:15,149] {taskinstance.py:1239} INFO - Starting attempt 1 of 2
[2022-03-20 06:17:15,149] {taskinstance.py:1240} INFO - 
--------------------------------------------------------------------------------
[2022-03-20 06:17:15,161] {taskinstance.py:1259} INFO - Executing <Task(PythonOperator): local_to_gcs_task> on 2017-01-01 00:00:00+00:00
[2022-03-20 06:17:15,167] {standard_task_runner.py:52} INFO - Started process 302 to run task
[2022-03-20 06:17:15,172] {standard_task_runner.py:76} INFO - Running: ['***', 'tasks', 'run', 'data_ingestion_gcs_dag_project', 'local_to_gcs_task', 'scheduled__2017-01-01T00:00:00+00:00', '--job-id', '36', '--raw', '--subdir', 'DAGS_FOLDER/data_ingestion_gcs_dag_project.py', '--cfg-path', '/tmp/tmpenj0cf1m', '--error-file', '/tmp/tmpbuld81tp']
[2022-03-20 06:17:15,173] {standard_task_runner.py:77} INFO - Job 36: Subtask local_to_gcs_task
[2022-03-20 06:17:15,233] {logging_mixin.py:109} INFO - Running <TaskInstance: data_ingestion_gcs_dag_project.local_to_gcs_task scheduled__2017-01-01T00:00:00+00:00 [running]> on host 974079c1cd0d
[2022-03-20 06:17:15,273] {warnings.py:110} WARNING - /home/***/.local/lib/python3.7/site-packages/***/utils/context.py:152: AirflowContextDeprecationWarning: Accessing 'execution_date' from the template is deprecated and will be removed in a future version. Please use 'data_interval_start' or 'logical_date' instead.
  warnings.warn(_create_deprecation_warning(key, self._deprecation_replacements[key]))

[2022-03-20 06:17:15,297] {taskinstance.py:1426} INFO - Exporting the following env vars:
AIRFLOW_CTX_DAG_OWNER=***
AIRFLOW_CTX_DAG_ID=data_ingestion_gcs_dag_project
AIRFLOW_CTX_TASK_ID=local_to_gcs_task
AIRFLOW_CTX_EXECUTION_DATE=2017-01-01T00:00:00+00:00
AIRFLOW_CTX_DAG_RUN_ID=scheduled__2017-01-01T00:00:00+00:00
[2022-03-20 06:17:17,095] {python.py:175} INFO - Done. Returned value was: None
[2022-03-20 06:17:17,112] {taskinstance.py:1277} INFO - Marking task as SUCCESS. dag_id=data_ingestion_gcs_dag_project, task_id=local_to_gcs_task, execution_date=20170101T000000, start_date=20220320T061715, end_date=20220320T061717
[2022-03-20 06:17:17,151] {local_task_job.py:154} INFO - Task exited with return code 0
[2022-03-20 06:17:17,232] {local_task_job.py:264} INFO - 0 downstream tasks scheduled from follow-on schedule check
