[2022-03-17 19:46:54,979] {taskinstance.py:1032} INFO - Dependencies all met for <TaskInstance: data_ingestion_gcs_dag_project.download_dataset_task scheduled__2018-01-01T00:00:00+00:00 [queued]>
[2022-03-17 19:46:54,989] {taskinstance.py:1032} INFO - Dependencies all met for <TaskInstance: data_ingestion_gcs_dag_project.download_dataset_task scheduled__2018-01-01T00:00:00+00:00 [queued]>
[2022-03-17 19:46:54,989] {taskinstance.py:1238} INFO - 
--------------------------------------------------------------------------------
[2022-03-17 19:46:54,989] {taskinstance.py:1239} INFO - Starting attempt 1 of 2
[2022-03-17 19:46:54,989] {taskinstance.py:1240} INFO - 
--------------------------------------------------------------------------------
[2022-03-17 19:46:55,000] {taskinstance.py:1259} INFO - Executing <Task(BashOperator): download_dataset_task> on 2018-01-01 00:00:00+00:00
[2022-03-17 19:46:55,006] {standard_task_runner.py:52} INFO - Started process 550 to run task
[2022-03-17 19:46:55,010] {standard_task_runner.py:76} INFO - Running: ['***', 'tasks', 'run', 'data_ingestion_gcs_dag_project', 'download_dataset_task', 'scheduled__2018-01-01T00:00:00+00:00', '--job-id', '16', '--raw', '--subdir', 'DAGS_FOLDER/data_ingestion_gcs_dag_project.py', '--cfg-path', '/tmp/tmpsqcze49c', '--error-file', '/tmp/tmpcm8ekan3']
[2022-03-17 19:46:55,011] {standard_task_runner.py:77} INFO - Job 16: Subtask download_dataset_task
[2022-03-17 19:46:55,079] {logging_mixin.py:109} INFO - Running <TaskInstance: data_ingestion_gcs_dag_project.download_dataset_task scheduled__2018-01-01T00:00:00+00:00 [running]> on host 06aea6ade097
[2022-03-17 19:46:55,124] {warnings.py:110} WARNING - /home/***/.local/lib/python3.7/site-packages/***/utils/context.py:152: AirflowContextDeprecationWarning: Accessing 'execution_date' from the template is deprecated and will be removed in a future version. Please use 'data_interval_start' or 'logical_date' instead.
  warnings.warn(_create_deprecation_warning(key, self._deprecation_replacements[key]))

[2022-03-17 19:46:55,147] {taskinstance.py:1426} INFO - Exporting the following env vars:
AIRFLOW_CTX_DAG_OWNER=***
AIRFLOW_CTX_DAG_ID=data_ingestion_gcs_dag_project
AIRFLOW_CTX_TASK_ID=download_dataset_task
AIRFLOW_CTX_EXECUTION_DATE=2018-01-01T00:00:00+00:00
AIRFLOW_CTX_DAG_RUN_ID=scheduled__2018-01-01T00:00:00+00:00
[2022-03-17 19:46:55,148] {subprocess.py:62} INFO - Tmp dir root location: 
 /tmp
[2022-03-17 19:46:55,148] {subprocess.py:74} INFO - Running command: ['bash', '-c', 'curl -sSLf https://data.dft.gov.uk/road-accidents-safety-data/dft-road-casualty-statistics-accident-2018.csv > /opt/***/dft-road-casualty-statistics-accident-2018.csv']
[2022-03-17 19:46:55,161] {subprocess.py:85} INFO - Output:
[2022-03-17 19:46:55,617] {subprocess.py:93} INFO - Command exited with return code 0
[2022-03-17 19:46:55,647] {taskinstance.py:1277} INFO - Marking task as SUCCESS. dag_id=data_ingestion_gcs_dag_project, task_id=download_dataset_task, execution_date=20180101T000000, start_date=20220317T194654, end_date=20220317T194655
[2022-03-17 19:46:55,666] {local_task_job.py:154} INFO - Task exited with return code 0
[2022-03-17 19:46:55,706] {local_task_job.py:264} INFO - 1 downstream tasks scheduled from follow-on schedule check
[2022-03-20 06:17:38,466] {taskinstance.py:1032} INFO - Dependencies all met for <TaskInstance: data_ingestion_gcs_dag_project.download_dataset_task scheduled__2018-01-01T00:00:00+00:00 [queued]>
[2022-03-20 06:17:38,477] {taskinstance.py:1032} INFO - Dependencies all met for <TaskInstance: data_ingestion_gcs_dag_project.download_dataset_task scheduled__2018-01-01T00:00:00+00:00 [queued]>
[2022-03-20 06:17:38,478] {taskinstance.py:1238} INFO - 
--------------------------------------------------------------------------------
[2022-03-20 06:17:38,478] {taskinstance.py:1239} INFO - Starting attempt 1 of 2
[2022-03-20 06:17:38,478] {taskinstance.py:1240} INFO - 
--------------------------------------------------------------------------------
[2022-03-20 06:17:38,491] {taskinstance.py:1259} INFO - Executing <Task(BashOperator): download_dataset_task> on 2018-01-01 00:00:00+00:00
[2022-03-20 06:17:38,496] {standard_task_runner.py:52} INFO - Started process 332 to run task
[2022-03-20 06:17:38,500] {standard_task_runner.py:76} INFO - Running: ['***', 'tasks', 'run', 'data_ingestion_gcs_dag_project', 'download_dataset_task', 'scheduled__2018-01-01T00:00:00+00:00', '--job-id', '38', '--raw', '--subdir', 'DAGS_FOLDER/data_ingestion_gcs_dag_project.py', '--cfg-path', '/tmp/tmp81bhsl2y', '--error-file', '/tmp/tmp7gafpg_m']
[2022-03-20 06:17:38,502] {standard_task_runner.py:77} INFO - Job 38: Subtask download_dataset_task
[2022-03-20 06:17:38,565] {logging_mixin.py:109} INFO - Running <TaskInstance: data_ingestion_gcs_dag_project.download_dataset_task scheduled__2018-01-01T00:00:00+00:00 [running]> on host 974079c1cd0d
[2022-03-20 06:17:38,608] {warnings.py:110} WARNING - /home/***/.local/lib/python3.7/site-packages/***/utils/context.py:152: AirflowContextDeprecationWarning: Accessing 'execution_date' from the template is deprecated and will be removed in a future version. Please use 'data_interval_start' or 'logical_date' instead.
  warnings.warn(_create_deprecation_warning(key, self._deprecation_replacements[key]))

[2022-03-20 06:17:38,629] {taskinstance.py:1426} INFO - Exporting the following env vars:
AIRFLOW_CTX_DAG_OWNER=***
AIRFLOW_CTX_DAG_ID=data_ingestion_gcs_dag_project
AIRFLOW_CTX_TASK_ID=download_dataset_task
AIRFLOW_CTX_EXECUTION_DATE=2018-01-01T00:00:00+00:00
AIRFLOW_CTX_DAG_RUN_ID=scheduled__2018-01-01T00:00:00+00:00
[2022-03-20 06:17:38,630] {subprocess.py:62} INFO - Tmp dir root location: 
 /tmp
[2022-03-20 06:17:38,631] {subprocess.py:74} INFO - Running command: ['bash', '-c', 'curl -sSLf https://data.dft.gov.uk/road-accidents-safety-data/dft-road-casualty-statistics-accident-2018.csv > /opt/***/dft-road-casualty-statistics-accident-2018.csv']
[2022-03-20 06:17:38,644] {subprocess.py:85} INFO - Output:
[2022-03-20 06:17:39,069] {subprocess.py:93} INFO - Command exited with return code 0
[2022-03-20 06:17:39,098] {taskinstance.py:1277} INFO - Marking task as SUCCESS. dag_id=data_ingestion_gcs_dag_project, task_id=download_dataset_task, execution_date=20180101T000000, start_date=20220320T061738, end_date=20220320T061739
[2022-03-20 06:17:39,155] {local_task_job.py:154} INFO - Task exited with return code 0
[2022-03-20 06:17:39,195] {local_task_job.py:264} INFO - 1 downstream tasks scheduled from follow-on schedule check
