[2022-03-20 06:12:23,462] {processor.py:163} INFO - Started process (PID=42) to work on /opt/airflow/dags/data_ingestion_gcs_dag_project.py
[2022-03-20 06:12:23,464] {processor.py:642} INFO - Processing file /opt/airflow/dags/data_ingestion_gcs_dag_project.py for tasks to queue
[2022-03-20 06:12:23,468] {logging_mixin.py:109} INFO - [2022-03-20 06:12:23,468] {dagbag.py:500} INFO - Filling up the DagBag from /opt/airflow/dags/data_ingestion_gcs_dag_project.py
[2022-03-20 06:12:26,605] {processor.py:654} INFO - DAG(s) dict_keys(['data_ingestion_gcs_dag_project']) retrieved from /opt/airflow/dags/data_ingestion_gcs_dag_project.py
[2022-03-20 06:12:27,330] {logging_mixin.py:109} INFO - [2022-03-20 06:12:27,330] {dag.py:2396} INFO - Sync 1 DAGs
[2022-03-20 06:12:27,396] {logging_mixin.py:109} INFO - [2022-03-20 06:12:27,396] {dag.py:2935} INFO - Setting next_dagrun for data_ingestion_gcs_dag_project to 2022-01-01T00:00:00+00:00
[2022-03-20 06:12:27,442] {processor.py:171} INFO - Processing /opt/airflow/dags/data_ingestion_gcs_dag_project.py took 4.004 seconds
[2022-03-20 06:12:57,546] {processor.py:163} INFO - Started process (PID=76) to work on /opt/airflow/dags/data_ingestion_gcs_dag_project.py
[2022-03-20 06:12:57,552] {processor.py:642} INFO - Processing file /opt/airflow/dags/data_ingestion_gcs_dag_project.py for tasks to queue
[2022-03-20 06:12:57,553] {logging_mixin.py:109} INFO - [2022-03-20 06:12:57,553] {dagbag.py:500} INFO - Filling up the DagBag from /opt/airflow/dags/data_ingestion_gcs_dag_project.py
[2022-03-20 06:12:58,373] {processor.py:654} INFO - DAG(s) dict_keys(['data_ingestion_gcs_dag_project']) retrieved from /opt/airflow/dags/data_ingestion_gcs_dag_project.py
[2022-03-20 06:12:58,385] {logging_mixin.py:109} INFO - [2022-03-20 06:12:58,384] {dag.py:2396} INFO - Sync 1 DAGs
[2022-03-20 06:12:58,404] {logging_mixin.py:109} INFO - [2022-03-20 06:12:58,404] {dag.py:2935} INFO - Setting next_dagrun for data_ingestion_gcs_dag_project to 2022-01-01T00:00:00+00:00
[2022-03-20 06:12:58,415] {processor.py:171} INFO - Processing /opt/airflow/dags/data_ingestion_gcs_dag_project.py took 0.872 seconds
[2022-03-20 06:13:28,511] {processor.py:163} INFO - Started process (PID=113) to work on /opt/airflow/dags/data_ingestion_gcs_dag_project.py
[2022-03-20 06:13:28,512] {processor.py:642} INFO - Processing file /opt/airflow/dags/data_ingestion_gcs_dag_project.py for tasks to queue
[2022-03-20 06:13:28,513] {logging_mixin.py:109} INFO - [2022-03-20 06:13:28,513] {dagbag.py:500} INFO - Filling up the DagBag from /opt/airflow/dags/data_ingestion_gcs_dag_project.py
[2022-03-20 06:13:29,345] {processor.py:654} INFO - DAG(s) dict_keys(['data_ingestion_gcs_dag_project']) retrieved from /opt/airflow/dags/data_ingestion_gcs_dag_project.py
[2022-03-20 06:13:29,353] {logging_mixin.py:109} INFO - [2022-03-20 06:13:29,353] {dag.py:2396} INFO - Sync 1 DAGs
[2022-03-20 06:13:29,369] {logging_mixin.py:109} INFO - [2022-03-20 06:13:29,368] {dag.py:2935} INFO - Setting next_dagrun for data_ingestion_gcs_dag_project to 2022-01-01T00:00:00+00:00
[2022-03-20 06:13:29,378] {processor.py:171} INFO - Processing /opt/airflow/dags/data_ingestion_gcs_dag_project.py took 0.871 seconds
[2022-03-20 06:13:59,461] {processor.py:163} INFO - Started process (PID=138) to work on /opt/airflow/dags/data_ingestion_gcs_dag_project.py
[2022-03-20 06:13:59,466] {processor.py:642} INFO - Processing file /opt/airflow/dags/data_ingestion_gcs_dag_project.py for tasks to queue
[2022-03-20 06:13:59,467] {logging_mixin.py:109} INFO - [2022-03-20 06:13:59,467] {dagbag.py:500} INFO - Filling up the DagBag from /opt/airflow/dags/data_ingestion_gcs_dag_project.py
[2022-03-20 06:14:00,329] {processor.py:654} INFO - DAG(s) dict_keys(['data_ingestion_gcs_dag_project']) retrieved from /opt/airflow/dags/data_ingestion_gcs_dag_project.py
[2022-03-20 06:14:00,342] {logging_mixin.py:109} INFO - [2022-03-20 06:14:00,342] {dag.py:2396} INFO - Sync 1 DAGs
[2022-03-20 06:14:00,366] {logging_mixin.py:109} INFO - [2022-03-20 06:14:00,366] {dag.py:2935} INFO - Setting next_dagrun for data_ingestion_gcs_dag_project to 2022-01-01T00:00:00+00:00
[2022-03-20 06:14:00,378] {processor.py:171} INFO - Processing /opt/airflow/dags/data_ingestion_gcs_dag_project.py took 0.921 seconds
[2022-03-20 06:14:30,465] {processor.py:163} INFO - Started process (PID=172) to work on /opt/airflow/dags/data_ingestion_gcs_dag_project.py
[2022-03-20 06:14:30,466] {processor.py:642} INFO - Processing file /opt/airflow/dags/data_ingestion_gcs_dag_project.py for tasks to queue
[2022-03-20 06:14:30,467] {logging_mixin.py:109} INFO - [2022-03-20 06:14:30,467] {dagbag.py:500} INFO - Filling up the DagBag from /opt/airflow/dags/data_ingestion_gcs_dag_project.py
[2022-03-20 06:14:31,236] {processor.py:654} INFO - DAG(s) dict_keys(['data_ingestion_gcs_dag_project']) retrieved from /opt/airflow/dags/data_ingestion_gcs_dag_project.py
[2022-03-20 06:14:31,244] {logging_mixin.py:109} INFO - [2022-03-20 06:14:31,244] {dag.py:2396} INFO - Sync 1 DAGs
[2022-03-20 06:14:31,259] {logging_mixin.py:109} INFO - [2022-03-20 06:14:31,259] {dag.py:2935} INFO - Setting next_dagrun for data_ingestion_gcs_dag_project to 2022-01-01T00:00:00+00:00
[2022-03-20 06:14:31,268] {processor.py:171} INFO - Processing /opt/airflow/dags/data_ingestion_gcs_dag_project.py took 0.807 seconds
[2022-03-20 06:15:01,335] {processor.py:163} INFO - Started process (PID=208) to work on /opt/airflow/dags/data_ingestion_gcs_dag_project.py
[2022-03-20 06:15:01,340] {processor.py:642} INFO - Processing file /opt/airflow/dags/data_ingestion_gcs_dag_project.py for tasks to queue
[2022-03-20 06:15:01,341] {logging_mixin.py:109} INFO - [2022-03-20 06:15:01,341] {dagbag.py:500} INFO - Filling up the DagBag from /opt/airflow/dags/data_ingestion_gcs_dag_project.py
[2022-03-20 06:15:02,145] {processor.py:654} INFO - DAG(s) dict_keys(['data_ingestion_gcs_dag_project']) retrieved from /opt/airflow/dags/data_ingestion_gcs_dag_project.py
[2022-03-20 06:15:02,154] {logging_mixin.py:109} INFO - [2022-03-20 06:15:02,154] {dag.py:2396} INFO - Sync 1 DAGs
[2022-03-20 06:15:02,169] {logging_mixin.py:109} INFO - [2022-03-20 06:15:02,169] {dag.py:2935} INFO - Setting next_dagrun for data_ingestion_gcs_dag_project to 2022-01-01T00:00:00+00:00
[2022-03-20 06:15:02,179] {processor.py:171} INFO - Processing /opt/airflow/dags/data_ingestion_gcs_dag_project.py took 0.848 seconds
[2022-03-20 06:15:32,249] {processor.py:163} INFO - Started process (PID=241) to work on /opt/airflow/dags/data_ingestion_gcs_dag_project.py
[2022-03-20 06:15:32,254] {processor.py:642} INFO - Processing file /opt/airflow/dags/data_ingestion_gcs_dag_project.py for tasks to queue
[2022-03-20 06:15:32,255] {logging_mixin.py:109} INFO - [2022-03-20 06:15:32,255] {dagbag.py:500} INFO - Filling up the DagBag from /opt/airflow/dags/data_ingestion_gcs_dag_project.py
[2022-03-20 06:15:33,384] {processor.py:654} INFO - DAG(s) dict_keys(['data_ingestion_gcs_dag_project']) retrieved from /opt/airflow/dags/data_ingestion_gcs_dag_project.py
[2022-03-20 06:15:33,397] {logging_mixin.py:109} INFO - [2022-03-20 06:15:33,396] {dag.py:2396} INFO - Sync 1 DAGs
[2022-03-20 06:15:33,422] {logging_mixin.py:109} INFO - [2022-03-20 06:15:33,422] {dag.py:2935} INFO - Setting next_dagrun for data_ingestion_gcs_dag_project to 2022-01-01T00:00:00+00:00
[2022-03-20 06:15:33,437] {processor.py:171} INFO - Processing /opt/airflow/dags/data_ingestion_gcs_dag_project.py took 1.194 seconds
[2022-03-20 06:16:03,507] {processor.py:163} INFO - Started process (PID=265) to work on /opt/airflow/dags/data_ingestion_gcs_dag_project.py
[2022-03-20 06:16:03,509] {processor.py:642} INFO - Processing file /opt/airflow/dags/data_ingestion_gcs_dag_project.py for tasks to queue
[2022-03-20 06:16:03,509] {logging_mixin.py:109} INFO - [2022-03-20 06:16:03,509] {dagbag.py:500} INFO - Filling up the DagBag from /opt/airflow/dags/data_ingestion_gcs_dag_project.py
[2022-03-20 06:16:04,311] {processor.py:654} INFO - DAG(s) dict_keys(['data_ingestion_gcs_dag_project']) retrieved from /opt/airflow/dags/data_ingestion_gcs_dag_project.py
[2022-03-20 06:16:04,319] {logging_mixin.py:109} INFO - [2022-03-20 06:16:04,319] {dag.py:2396} INFO - Sync 1 DAGs
[2022-03-20 06:16:04,335] {logging_mixin.py:109} INFO - [2022-03-20 06:16:04,335] {dag.py:2935} INFO - Setting next_dagrun for data_ingestion_gcs_dag_project to 2022-01-01T00:00:00+00:00
[2022-03-20 06:16:04,349] {processor.py:171} INFO - Processing /opt/airflow/dags/data_ingestion_gcs_dag_project.py took 0.845 seconds
[2022-03-20 06:16:34,447] {processor.py:163} INFO - Started process (PID=299) to work on /opt/airflow/dags/data_ingestion_gcs_dag_project.py
[2022-03-20 06:16:34,449] {processor.py:642} INFO - Processing file /opt/airflow/dags/data_ingestion_gcs_dag_project.py for tasks to queue
[2022-03-20 06:16:34,450] {logging_mixin.py:109} INFO - [2022-03-20 06:16:34,450] {dagbag.py:500} INFO - Filling up the DagBag from /opt/airflow/dags/data_ingestion_gcs_dag_project.py
[2022-03-20 06:16:35,266] {processor.py:654} INFO - DAG(s) dict_keys(['data_ingestion_gcs_dag_project']) retrieved from /opt/airflow/dags/data_ingestion_gcs_dag_project.py
[2022-03-20 06:16:35,455] {logging_mixin.py:109} INFO - [2022-03-20 06:16:35,455] {dag.py:2396} INFO - Sync 1 DAGs
[2022-03-20 06:16:35,461] {logging_mixin.py:109} INFO - [2022-03-20 06:16:35,461] {dag.py:2415} INFO - Creating ORM DAG for data_ingestion_gcs_dag_project
[2022-03-20 06:16:35,471] {logging_mixin.py:109} INFO - [2022-03-20 06:16:35,471] {dag.py:2935} INFO - Setting next_dagrun for data_ingestion_gcs_dag_project to 2017-01-01T00:00:00+00:00
[2022-03-20 06:16:35,484] {processor.py:171} INFO - Processing /opt/airflow/dags/data_ingestion_gcs_dag_project.py took 1.041 seconds
[2022-03-20 06:17:05,574] {processor.py:163} INFO - Started process (PID=332) to work on /opt/airflow/dags/data_ingestion_gcs_dag_project.py
[2022-03-20 06:17:05,575] {processor.py:642} INFO - Processing file /opt/airflow/dags/data_ingestion_gcs_dag_project.py for tasks to queue
[2022-03-20 06:17:05,576] {logging_mixin.py:109} INFO - [2022-03-20 06:17:05,576] {dagbag.py:500} INFO - Filling up the DagBag from /opt/airflow/dags/data_ingestion_gcs_dag_project.py
[2022-03-20 06:17:06,565] {processor.py:654} INFO - DAG(s) dict_keys(['data_ingestion_gcs_dag_project']) retrieved from /opt/airflow/dags/data_ingestion_gcs_dag_project.py
[2022-03-20 06:17:06,575] {logging_mixin.py:109} INFO - [2022-03-20 06:17:06,574] {dag.py:2396} INFO - Sync 1 DAGs
[2022-03-20 06:17:06,590] {logging_mixin.py:109} INFO - [2022-03-20 06:17:06,590] {dag.py:2935} INFO - Setting next_dagrun for data_ingestion_gcs_dag_project to 2017-01-01T00:00:00+00:00
[2022-03-20 06:17:06,600] {processor.py:171} INFO - Processing /opt/airflow/dags/data_ingestion_gcs_dag_project.py took 1.031 seconds
[2022-03-20 06:17:36,686] {processor.py:163} INFO - Started process (PID=363) to work on /opt/airflow/dags/data_ingestion_gcs_dag_project.py
[2022-03-20 06:17:36,689] {processor.py:642} INFO - Processing file /opt/airflow/dags/data_ingestion_gcs_dag_project.py for tasks to queue
[2022-03-20 06:17:36,689] {logging_mixin.py:109} INFO - [2022-03-20 06:17:36,689] {dagbag.py:500} INFO - Filling up the DagBag from /opt/airflow/dags/data_ingestion_gcs_dag_project.py
[2022-03-20 06:17:37,488] {processor.py:654} INFO - DAG(s) dict_keys(['data_ingestion_gcs_dag_project']) retrieved from /opt/airflow/dags/data_ingestion_gcs_dag_project.py
[2022-03-20 06:17:37,496] {logging_mixin.py:109} INFO - [2022-03-20 06:17:37,496] {dag.py:2396} INFO - Sync 1 DAGs
[2022-03-20 06:17:37,511] {logging_mixin.py:109} INFO - [2022-03-20 06:17:37,511] {dag.py:2935} INFO - Setting next_dagrun for data_ingestion_gcs_dag_project to 2018-01-01T00:00:00+00:00
[2022-03-20 06:17:37,521] {processor.py:171} INFO - Processing /opt/airflow/dags/data_ingestion_gcs_dag_project.py took 0.838 seconds
[2022-03-20 06:18:07,611] {processor.py:163} INFO - Started process (PID=401) to work on /opt/airflow/dags/data_ingestion_gcs_dag_project.py
[2022-03-20 06:18:07,613] {processor.py:642} INFO - Processing file /opt/airflow/dags/data_ingestion_gcs_dag_project.py for tasks to queue
[2022-03-20 06:18:07,613] {logging_mixin.py:109} INFO - [2022-03-20 06:18:07,613] {dagbag.py:500} INFO - Filling up the DagBag from /opt/airflow/dags/data_ingestion_gcs_dag_project.py
[2022-03-20 06:18:08,402] {processor.py:654} INFO - DAG(s) dict_keys(['data_ingestion_gcs_dag_project']) retrieved from /opt/airflow/dags/data_ingestion_gcs_dag_project.py
[2022-03-20 06:18:08,410] {logging_mixin.py:109} INFO - [2022-03-20 06:18:08,410] {dag.py:2396} INFO - Sync 1 DAGs
[2022-03-20 06:18:08,426] {logging_mixin.py:109} INFO - [2022-03-20 06:18:08,426] {dag.py:2935} INFO - Setting next_dagrun for data_ingestion_gcs_dag_project to 2019-01-01T00:00:00+00:00
[2022-03-20 06:18:08,437] {processor.py:171} INFO - Processing /opt/airflow/dags/data_ingestion_gcs_dag_project.py took 0.830 seconds
[2022-03-20 06:18:38,521] {processor.py:163} INFO - Started process (PID=436) to work on /opt/airflow/dags/data_ingestion_gcs_dag_project.py
[2022-03-20 06:18:38,527] {processor.py:642} INFO - Processing file /opt/airflow/dags/data_ingestion_gcs_dag_project.py for tasks to queue
[2022-03-20 06:18:38,528] {logging_mixin.py:109} INFO - [2022-03-20 06:18:38,528] {dagbag.py:500} INFO - Filling up the DagBag from /opt/airflow/dags/data_ingestion_gcs_dag_project.py
[2022-03-20 06:18:39,650] {processor.py:654} INFO - DAG(s) dict_keys(['data_ingestion_gcs_dag_project']) retrieved from /opt/airflow/dags/data_ingestion_gcs_dag_project.py
[2022-03-20 06:18:39,658] {logging_mixin.py:109} INFO - [2022-03-20 06:18:39,658] {dag.py:2396} INFO - Sync 1 DAGs
[2022-03-20 06:18:39,675] {logging_mixin.py:109} INFO - [2022-03-20 06:18:39,675] {dag.py:2935} INFO - Setting next_dagrun for data_ingestion_gcs_dag_project to 2020-01-01T00:00:00+00:00
[2022-03-20 06:18:39,685] {processor.py:171} INFO - Processing /opt/airflow/dags/data_ingestion_gcs_dag_project.py took 1.170 seconds
[2022-03-20 06:19:09,752] {processor.py:163} INFO - Started process (PID=460) to work on /opt/airflow/dags/data_ingestion_gcs_dag_project.py
[2022-03-20 06:19:09,754] {processor.py:642} INFO - Processing file /opt/airflow/dags/data_ingestion_gcs_dag_project.py for tasks to queue
[2022-03-20 06:19:09,755] {logging_mixin.py:109} INFO - [2022-03-20 06:19:09,755] {dagbag.py:500} INFO - Filling up the DagBag from /opt/airflow/dags/data_ingestion_gcs_dag_project.py
[2022-03-20 06:19:10,530] {processor.py:654} INFO - DAG(s) dict_keys(['data_ingestion_gcs_dag_project']) retrieved from /opt/airflow/dags/data_ingestion_gcs_dag_project.py
[2022-03-20 06:19:10,539] {logging_mixin.py:109} INFO - [2022-03-20 06:19:10,539] {dag.py:2396} INFO - Sync 1 DAGs
[2022-03-20 06:19:10,556] {logging_mixin.py:109} INFO - [2022-03-20 06:19:10,556] {dag.py:2935} INFO - Setting next_dagrun for data_ingestion_gcs_dag_project to 2021-01-01T00:00:00+00:00
[2022-03-20 06:19:10,565] {processor.py:171} INFO - Processing /opt/airflow/dags/data_ingestion_gcs_dag_project.py took 0.818 seconds
[2022-03-20 06:19:40,659] {processor.py:163} INFO - Started process (PID=495) to work on /opt/airflow/dags/data_ingestion_gcs_dag_project.py
[2022-03-20 06:19:40,660] {processor.py:642} INFO - Processing file /opt/airflow/dags/data_ingestion_gcs_dag_project.py for tasks to queue
[2022-03-20 06:19:40,661] {logging_mixin.py:109} INFO - [2022-03-20 06:19:40,661] {dagbag.py:500} INFO - Filling up the DagBag from /opt/airflow/dags/data_ingestion_gcs_dag_project.py
[2022-03-20 06:19:41,448] {processor.py:654} INFO - DAG(s) dict_keys(['data_ingestion_gcs_dag_project']) retrieved from /opt/airflow/dags/data_ingestion_gcs_dag_project.py
[2022-03-20 06:19:41,457] {logging_mixin.py:109} INFO - [2022-03-20 06:19:41,456] {dag.py:2396} INFO - Sync 1 DAGs
[2022-03-20 06:19:41,480] {processor.py:171} INFO - Processing /opt/airflow/dags/data_ingestion_gcs_dag_project.py took 0.826 seconds
[2022-03-20 06:20:11,556] {processor.py:163} INFO - Started process (PID=529) to work on /opt/airflow/dags/data_ingestion_gcs_dag_project.py
[2022-03-20 06:20:11,560] {processor.py:642} INFO - Processing file /opt/airflow/dags/data_ingestion_gcs_dag_project.py for tasks to queue
[2022-03-20 06:20:11,561] {logging_mixin.py:109} INFO - [2022-03-20 06:20:11,561] {dagbag.py:500} INFO - Filling up the DagBag from /opt/airflow/dags/data_ingestion_gcs_dag_project.py
[2022-03-20 06:20:12,495] {processor.py:654} INFO - DAG(s) dict_keys(['data_ingestion_gcs_dag_project']) retrieved from /opt/airflow/dags/data_ingestion_gcs_dag_project.py
[2022-03-20 06:20:12,507] {logging_mixin.py:109} INFO - [2022-03-20 06:20:12,507] {dag.py:2396} INFO - Sync 1 DAGs
[2022-03-20 06:20:12,540] {processor.py:171} INFO - Processing /opt/airflow/dags/data_ingestion_gcs_dag_project.py took 0.990 seconds
[2022-03-20 06:20:42,652] {processor.py:163} INFO - Started process (PID=553) to work on /opt/airflow/dags/data_ingestion_gcs_dag_project.py
[2022-03-20 06:20:42,654] {processor.py:642} INFO - Processing file /opt/airflow/dags/data_ingestion_gcs_dag_project.py for tasks to queue
[2022-03-20 06:20:42,654] {logging_mixin.py:109} INFO - [2022-03-20 06:20:42,654] {dagbag.py:500} INFO - Filling up the DagBag from /opt/airflow/dags/data_ingestion_gcs_dag_project.py
[2022-03-20 06:20:43,484] {processor.py:654} INFO - DAG(s) dict_keys(['data_ingestion_gcs_dag_project']) retrieved from /opt/airflow/dags/data_ingestion_gcs_dag_project.py
[2022-03-20 06:20:43,494] {logging_mixin.py:109} INFO - [2022-03-20 06:20:43,493] {dag.py:2396} INFO - Sync 1 DAGs
[2022-03-20 06:20:43,519] {processor.py:171} INFO - Processing /opt/airflow/dags/data_ingestion_gcs_dag_project.py took 0.871 seconds
[2022-03-20 06:21:13,612] {processor.py:163} INFO - Started process (PID=587) to work on /opt/airflow/dags/data_ingestion_gcs_dag_project.py
[2022-03-20 06:21:13,616] {processor.py:642} INFO - Processing file /opt/airflow/dags/data_ingestion_gcs_dag_project.py for tasks to queue
[2022-03-20 06:21:13,617] {logging_mixin.py:109} INFO - [2022-03-20 06:21:13,617] {dagbag.py:500} INFO - Filling up the DagBag from /opt/airflow/dags/data_ingestion_gcs_dag_project.py
[2022-03-20 06:21:14,412] {processor.py:654} INFO - DAG(s) dict_keys(['data_ingestion_gcs_dag_project']) retrieved from /opt/airflow/dags/data_ingestion_gcs_dag_project.py
[2022-03-20 06:21:14,421] {logging_mixin.py:109} INFO - [2022-03-20 06:21:14,420] {dag.py:2396} INFO - Sync 1 DAGs
[2022-03-20 06:21:14,445] {processor.py:171} INFO - Processing /opt/airflow/dags/data_ingestion_gcs_dag_project.py took 0.836 seconds
[2022-03-20 06:21:44,528] {processor.py:163} INFO - Started process (PID=620) to work on /opt/airflow/dags/data_ingestion_gcs_dag_project.py
[2022-03-20 06:21:44,531] {processor.py:642} INFO - Processing file /opt/airflow/dags/data_ingestion_gcs_dag_project.py for tasks to queue
[2022-03-20 06:21:44,531] {logging_mixin.py:109} INFO - [2022-03-20 06:21:44,531] {dagbag.py:500} INFO - Filling up the DagBag from /opt/airflow/dags/data_ingestion_gcs_dag_project.py
[2022-03-20 06:21:45,318] {processor.py:654} INFO - DAG(s) dict_keys(['data_ingestion_gcs_dag_project']) retrieved from /opt/airflow/dags/data_ingestion_gcs_dag_project.py
[2022-03-20 06:21:45,328] {logging_mixin.py:109} INFO - [2022-03-20 06:21:45,328] {dag.py:2396} INFO - Sync 1 DAGs
[2022-03-20 06:21:45,351] {processor.py:171} INFO - Processing /opt/airflow/dags/data_ingestion_gcs_dag_project.py took 0.827 seconds
[2022-03-20 06:22:15,419] {processor.py:163} INFO - Started process (PID=645) to work on /opt/airflow/dags/data_ingestion_gcs_dag_project.py
[2022-03-20 06:22:15,421] {processor.py:642} INFO - Processing file /opt/airflow/dags/data_ingestion_gcs_dag_project.py for tasks to queue
[2022-03-20 06:22:15,422] {logging_mixin.py:109} INFO - [2022-03-20 06:22:15,422] {dagbag.py:500} INFO - Filling up the DagBag from /opt/airflow/dags/data_ingestion_gcs_dag_project.py
[2022-03-20 06:22:16,199] {processor.py:654} INFO - DAG(s) dict_keys(['data_ingestion_gcs_dag_project']) retrieved from /opt/airflow/dags/data_ingestion_gcs_dag_project.py
[2022-03-20 06:22:16,209] {logging_mixin.py:109} INFO - [2022-03-20 06:22:16,209] {dag.py:2396} INFO - Sync 1 DAGs
[2022-03-20 06:22:16,231] {processor.py:171} INFO - Processing /opt/airflow/dags/data_ingestion_gcs_dag_project.py took 0.817 seconds
[2022-03-20 06:22:46,299] {processor.py:163} INFO - Started process (PID=678) to work on /opt/airflow/dags/data_ingestion_gcs_dag_project.py
[2022-03-20 06:22:46,301] {processor.py:642} INFO - Processing file /opt/airflow/dags/data_ingestion_gcs_dag_project.py for tasks to queue
[2022-03-20 06:22:46,302] {logging_mixin.py:109} INFO - [2022-03-20 06:22:46,302] {dagbag.py:500} INFO - Filling up the DagBag from /opt/airflow/dags/data_ingestion_gcs_dag_project.py
[2022-03-20 06:22:47,090] {processor.py:654} INFO - DAG(s) dict_keys(['data_ingestion_gcs_dag_project']) retrieved from /opt/airflow/dags/data_ingestion_gcs_dag_project.py
[2022-03-20 06:22:47,100] {logging_mixin.py:109} INFO - [2022-03-20 06:22:47,100] {dag.py:2396} INFO - Sync 1 DAGs
[2022-03-20 06:22:47,125] {processor.py:171} INFO - Processing /opt/airflow/dags/data_ingestion_gcs_dag_project.py took 0.830 seconds
[2022-03-20 06:23:17,194] {processor.py:163} INFO - Started process (PID=711) to work on /opt/airflow/dags/data_ingestion_gcs_dag_project.py
[2022-03-20 06:23:17,196] {processor.py:642} INFO - Processing file /opt/airflow/dags/data_ingestion_gcs_dag_project.py for tasks to queue
[2022-03-20 06:23:17,197] {logging_mixin.py:109} INFO - [2022-03-20 06:23:17,196] {dagbag.py:500} INFO - Filling up the DagBag from /opt/airflow/dags/data_ingestion_gcs_dag_project.py
[2022-03-20 06:23:18,011] {processor.py:654} INFO - DAG(s) dict_keys(['data_ingestion_gcs_dag_project']) retrieved from /opt/airflow/dags/data_ingestion_gcs_dag_project.py
[2022-03-20 06:23:18,020] {logging_mixin.py:109} INFO - [2022-03-20 06:23:18,019] {dag.py:2396} INFO - Sync 1 DAGs
[2022-03-20 06:23:18,044] {processor.py:171} INFO - Processing /opt/airflow/dags/data_ingestion_gcs_dag_project.py took 0.854 seconds
[2022-03-20 06:23:48,182] {processor.py:163} INFO - Started process (PID=737) to work on /opt/airflow/dags/data_ingestion_gcs_dag_project.py
[2022-03-20 06:23:48,184] {processor.py:642} INFO - Processing file /opt/airflow/dags/data_ingestion_gcs_dag_project.py for tasks to queue
[2022-03-20 06:23:48,185] {logging_mixin.py:109} INFO - [2022-03-20 06:23:48,185] {dagbag.py:500} INFO - Filling up the DagBag from /opt/airflow/dags/data_ingestion_gcs_dag_project.py
[2022-03-20 06:23:48,958] {processor.py:654} INFO - DAG(s) dict_keys(['data_ingestion_gcs_dag_project']) retrieved from /opt/airflow/dags/data_ingestion_gcs_dag_project.py
[2022-03-20 06:23:48,966] {logging_mixin.py:109} INFO - [2022-03-20 06:23:48,966] {dag.py:2396} INFO - Sync 1 DAGs
[2022-03-20 06:23:48,989] {processor.py:171} INFO - Processing /opt/airflow/dags/data_ingestion_gcs_dag_project.py took 0.811 seconds
[2022-03-20 06:24:19,068] {processor.py:163} INFO - Started process (PID=771) to work on /opt/airflow/dags/data_ingestion_gcs_dag_project.py
[2022-03-20 06:24:19,070] {processor.py:642} INFO - Processing file /opt/airflow/dags/data_ingestion_gcs_dag_project.py for tasks to queue
[2022-03-20 06:24:19,071] {logging_mixin.py:109} INFO - [2022-03-20 06:24:19,071] {dagbag.py:500} INFO - Filling up the DagBag from /opt/airflow/dags/data_ingestion_gcs_dag_project.py
[2022-03-20 06:24:19,895] {processor.py:654} INFO - DAG(s) dict_keys(['data_ingestion_gcs_dag_project']) retrieved from /opt/airflow/dags/data_ingestion_gcs_dag_project.py
[2022-03-20 06:24:19,904] {logging_mixin.py:109} INFO - [2022-03-20 06:24:19,903] {dag.py:2396} INFO - Sync 1 DAGs
[2022-03-20 06:24:19,926] {processor.py:171} INFO - Processing /opt/airflow/dags/data_ingestion_gcs_dag_project.py took 0.861 seconds
