[2022-01-30 12:22:32,300] {taskinstance.py:1032} INFO - Dependencies all met for <TaskInstance: Local_Ingestion_Dag.wget scheduled__2021-02-02T06:00:00+00:00 [queued]>
[2022-01-30 12:22:32,317] {taskinstance.py:1032} INFO - Dependencies all met for <TaskInstance: Local_Ingestion_Dag.wget scheduled__2021-02-02T06:00:00+00:00 [queued]>
[2022-01-30 12:22:32,317] {taskinstance.py:1238} INFO - 
--------------------------------------------------------------------------------
[2022-01-30 12:22:32,317] {taskinstance.py:1239} INFO - Starting attempt 2 of 2
[2022-01-30 12:22:32,317] {taskinstance.py:1240} INFO - 
--------------------------------------------------------------------------------
[2022-01-30 12:22:32,338] {taskinstance.py:1259} INFO - Executing <Task(BashOperator): wget> on 2021-02-02 06:00:00+00:00
[2022-01-30 12:22:32,345] {standard_task_runner.py:52} INFO - Started process 1940 to run task
[2022-01-30 12:22:32,351] {standard_task_runner.py:76} INFO - Running: ['***', 'tasks', 'run', 'Local_Ingestion_Dag', 'wget', 'scheduled__2021-02-02T06:00:00+00:00', '--job-id', '57', '--raw', '--subdir', 'DAGS_FOLDER/data_ingestion_local.py', '--cfg-path', '/tmp/tmp3a846w0q', '--error-file', '/tmp/tmpmxnhhdmp']
[2022-01-30 12:22:32,351] {standard_task_runner.py:77} INFO - Job 57: Subtask wget
[2022-01-30 12:22:32,460] {logging_mixin.py:109} INFO - Running <TaskInstance: Local_Ingestion_Dag.wget scheduled__2021-02-02T06:00:00+00:00 [running]> on host d85d2c4ca4f8
[2022-01-30 12:22:32,513] {warnings.py:110} WARNING - /home/***/.local/lib/python3.7/site-packages/***/utils/context.py:152: AirflowContextDeprecationWarning: Accessing 'execution_date' from the template is deprecated and will be removed in a future version. Please use 'data_interval_start' or 'logical_date' instead.
  warnings.warn(_create_deprecation_warning(key, self._deprecation_replacements[key]))

[2022-01-30 12:22:32,542] {taskinstance.py:1426} INFO - Exporting the following env vars:
AIRFLOW_CTX_DAG_OWNER=***
AIRFLOW_CTX_DAG_ID=Local_Ingestion_Dag
AIRFLOW_CTX_TASK_ID=wget
AIRFLOW_CTX_EXECUTION_DATE=2021-02-02T06:00:00+00:00
AIRFLOW_CTX_DAG_RUN_ID=scheduled__2021-02-02T06:00:00+00:00
[2022-01-30 12:22:32,543] {subprocess.py:62} INFO - Tmp dir root location: 
 /tmp
[2022-01-30 12:22:32,543] {subprocess.py:74} INFO - Running command: ['bash', '-c', 'curl -sSL https://s3.amazonaws.com/nyc-tlc/trip+data//yellow_tripdata_2021-02.csv > /opt/***/output_2021-02.csv']
[2022-01-30 12:22:32,555] {subprocess.py:85} INFO - Output:
[2022-01-30 12:22:33,015] {subprocess.py:93} INFO - Command exited with return code 0
[2022-01-30 12:22:33,054] {taskinstance.py:1277} INFO - Marking task as SUCCESS. dag_id=Local_Ingestion_Dag, task_id=wget, execution_date=20210202T060000, start_date=20220130T122232, end_date=20220130T122233
[2022-01-30 12:22:33,094] {local_task_job.py:154} INFO - Task exited with return code 0
[2022-01-30 12:22:33,139] {local_task_job.py:264} INFO - 1 downstream tasks scheduled from follow-on schedule check
