[2022-01-31 19:58:06,557] {processor.py:163} INFO - Started process (PID=41) to work on /opt/airflow/dags/data_ingestion_local.py
[2022-01-31 19:58:06,560] {processor.py:642} INFO - Processing file /opt/airflow/dags/data_ingestion_local.py for tasks to queue
[2022-01-31 19:58:06,561] {logging_mixin.py:109} INFO - [2022-01-31 19:58:06,561] {dagbag.py:500} INFO - Filling up the DagBag from /opt/airflow/dags/data_ingestion_local.py
[2022-01-31 19:58:08,916] {processor.py:654} INFO - DAG(s) dict_keys(['Local_Ingestion_Dag']) retrieved from /opt/airflow/dags/data_ingestion_local.py
[2022-01-31 19:58:08,928] {logging_mixin.py:109} INFO - [2022-01-31 19:58:08,928] {dag.py:2396} INFO - Sync 1 DAGs
[2022-01-31 19:58:08,962] {logging_mixin.py:109} INFO - [2022-01-31 19:58:08,962] {dag.py:2935} INFO - Setting next_dagrun for Local_Ingestion_Dag to 2022-01-02T06:00:00+00:00
[2022-01-31 19:58:08,976] {processor.py:171} INFO - Processing /opt/airflow/dags/data_ingestion_local.py took 2.424 seconds
[2022-01-31 19:58:39,055] {processor.py:163} INFO - Started process (PID=76) to work on /opt/airflow/dags/data_ingestion_local.py
[2022-01-31 19:58:39,062] {processor.py:642} INFO - Processing file /opt/airflow/dags/data_ingestion_local.py for tasks to queue
[2022-01-31 19:58:39,063] {logging_mixin.py:109} INFO - [2022-01-31 19:58:39,063] {dagbag.py:500} INFO - Filling up the DagBag from /opt/airflow/dags/data_ingestion_local.py
[2022-01-31 19:58:39,678] {processor.py:654} INFO - DAG(s) dict_keys(['Local_Ingestion_Dag']) retrieved from /opt/airflow/dags/data_ingestion_local.py
[2022-01-31 19:58:39,689] {logging_mixin.py:109} INFO - [2022-01-31 19:58:39,689] {dag.py:2396} INFO - Sync 1 DAGs
[2022-01-31 19:58:39,704] {logging_mixin.py:109} INFO - [2022-01-31 19:58:39,704] {dag.py:2935} INFO - Setting next_dagrun for Local_Ingestion_Dag to 2022-01-02T06:00:00+00:00
[2022-01-31 19:58:39,714] {processor.py:171} INFO - Processing /opt/airflow/dags/data_ingestion_local.py took 0.664 seconds
[2022-01-31 19:59:09,789] {processor.py:163} INFO - Started process (PID=101) to work on /opt/airflow/dags/data_ingestion_local.py
[2022-01-31 19:59:09,790] {processor.py:642} INFO - Processing file /opt/airflow/dags/data_ingestion_local.py for tasks to queue
[2022-01-31 19:59:09,790] {logging_mixin.py:109} INFO - [2022-01-31 19:59:09,790] {dagbag.py:500} INFO - Filling up the DagBag from /opt/airflow/dags/data_ingestion_local.py
[2022-01-31 19:59:10,344] {processor.py:654} INFO - DAG(s) dict_keys(['Local_Ingestion_Dag']) retrieved from /opt/airflow/dags/data_ingestion_local.py
[2022-01-31 19:59:10,353] {logging_mixin.py:109} INFO - [2022-01-31 19:59:10,352] {dag.py:2396} INFO - Sync 1 DAGs
[2022-01-31 19:59:10,369] {logging_mixin.py:109} INFO - [2022-01-31 19:59:10,369] {dag.py:2935} INFO - Setting next_dagrun for Local_Ingestion_Dag to 2022-01-02T06:00:00+00:00
[2022-01-31 19:59:10,379] {processor.py:171} INFO - Processing /opt/airflow/dags/data_ingestion_local.py took 0.594 seconds
[2022-01-31 19:59:40,452] {processor.py:163} INFO - Started process (PID=137) to work on /opt/airflow/dags/data_ingestion_local.py
[2022-01-31 19:59:40,457] {processor.py:642} INFO - Processing file /opt/airflow/dags/data_ingestion_local.py for tasks to queue
[2022-01-31 19:59:40,458] {logging_mixin.py:109} INFO - [2022-01-31 19:59:40,458] {dagbag.py:500} INFO - Filling up the DagBag from /opt/airflow/dags/data_ingestion_local.py
[2022-01-31 19:59:41,315] {processor.py:654} INFO - DAG(s) dict_keys(['Local_Ingestion_Dag']) retrieved from /opt/airflow/dags/data_ingestion_local.py
[2022-01-31 19:59:41,325] {logging_mixin.py:109} INFO - [2022-01-31 19:59:41,324] {dag.py:2396} INFO - Sync 1 DAGs
[2022-01-31 19:59:41,342] {logging_mixin.py:109} INFO - [2022-01-31 19:59:41,342] {dag.py:2935} INFO - Setting next_dagrun for Local_Ingestion_Dag to 2022-01-02T06:00:00+00:00
[2022-01-31 19:59:41,353] {processor.py:171} INFO - Processing /opt/airflow/dags/data_ingestion_local.py took 0.907 seconds
[2022-01-31 20:00:11,431] {processor.py:163} INFO - Started process (PID=162) to work on /opt/airflow/dags/data_ingestion_local.py
[2022-01-31 20:00:11,432] {processor.py:642} INFO - Processing file /opt/airflow/dags/data_ingestion_local.py for tasks to queue
[2022-01-31 20:00:11,433] {logging_mixin.py:109} INFO - [2022-01-31 20:00:11,433] {dagbag.py:500} INFO - Filling up the DagBag from /opt/airflow/dags/data_ingestion_local.py
[2022-01-31 20:00:12,148] {processor.py:654} INFO - DAG(s) dict_keys(['Local_Ingestion_Dag']) retrieved from /opt/airflow/dags/data_ingestion_local.py
[2022-01-31 20:00:12,161] {logging_mixin.py:109} INFO - [2022-01-31 20:00:12,160] {dag.py:2396} INFO - Sync 1 DAGs
[2022-01-31 20:00:12,183] {logging_mixin.py:109} INFO - [2022-01-31 20:00:12,182] {dag.py:2935} INFO - Setting next_dagrun for Local_Ingestion_Dag to 2022-01-02T06:00:00+00:00
[2022-01-31 20:00:12,196] {processor.py:171} INFO - Processing /opt/airflow/dags/data_ingestion_local.py took 0.771 seconds
[2022-01-31 20:00:42,270] {processor.py:163} INFO - Started process (PID=186) to work on /opt/airflow/dags/data_ingestion_local.py
[2022-01-31 20:00:42,271] {processor.py:642} INFO - Processing file /opt/airflow/dags/data_ingestion_local.py for tasks to queue
[2022-01-31 20:00:42,272] {logging_mixin.py:109} INFO - [2022-01-31 20:00:42,272] {dagbag.py:500} INFO - Filling up the DagBag from /opt/airflow/dags/data_ingestion_local.py
[2022-01-31 20:00:43,038] {processor.py:654} INFO - DAG(s) dict_keys(['Local_Ingestion_Dag']) retrieved from /opt/airflow/dags/data_ingestion_local.py
[2022-01-31 20:00:43,050] {logging_mixin.py:109} INFO - [2022-01-31 20:00:43,049] {dag.py:2396} INFO - Sync 1 DAGs
[2022-01-31 20:00:43,074] {logging_mixin.py:109} INFO - [2022-01-31 20:00:43,074] {dag.py:2935} INFO - Setting next_dagrun for Local_Ingestion_Dag to 2022-01-02T06:00:00+00:00
[2022-01-31 20:00:43,160] {processor.py:171} INFO - Processing /opt/airflow/dags/data_ingestion_local.py took 0.895 seconds
[2022-01-31 20:01:13,236] {processor.py:163} INFO - Started process (PID=220) to work on /opt/airflow/dags/data_ingestion_local.py
[2022-01-31 20:01:13,238] {processor.py:642} INFO - Processing file /opt/airflow/dags/data_ingestion_local.py for tasks to queue
[2022-01-31 20:01:13,238] {logging_mixin.py:109} INFO - [2022-01-31 20:01:13,238] {dagbag.py:500} INFO - Filling up the DagBag from /opt/airflow/dags/data_ingestion_local.py
[2022-01-31 20:01:13,770] {processor.py:654} INFO - DAG(s) dict_keys(['Local_Ingestion_Dag']) retrieved from /opt/airflow/dags/data_ingestion_local.py
[2022-01-31 20:01:13,778] {logging_mixin.py:109} INFO - [2022-01-31 20:01:13,778] {dag.py:2396} INFO - Sync 1 DAGs
[2022-01-31 20:01:13,793] {logging_mixin.py:109} INFO - [2022-01-31 20:01:13,793] {dag.py:2935} INFO - Setting next_dagrun for Local_Ingestion_Dag to 2022-01-02T06:00:00+00:00
[2022-01-31 20:01:13,803] {processor.py:171} INFO - Processing /opt/airflow/dags/data_ingestion_local.py took 0.571 seconds
[2022-01-31 20:01:43,874] {processor.py:163} INFO - Started process (PID=246) to work on /opt/airflow/dags/data_ingestion_local.py
[2022-01-31 20:01:43,880] {processor.py:642} INFO - Processing file /opt/airflow/dags/data_ingestion_local.py for tasks to queue
[2022-01-31 20:01:43,881] {logging_mixin.py:109} INFO - [2022-01-31 20:01:43,881] {dagbag.py:500} INFO - Filling up the DagBag from /opt/airflow/dags/data_ingestion_local.py
[2022-01-31 20:01:44,416] {processor.py:654} INFO - DAG(s) dict_keys(['Local_Ingestion_Dag']) retrieved from /opt/airflow/dags/data_ingestion_local.py
[2022-01-31 20:01:44,425] {logging_mixin.py:109} INFO - [2022-01-31 20:01:44,424] {dag.py:2396} INFO - Sync 1 DAGs
[2022-01-31 20:01:44,444] {logging_mixin.py:109} INFO - [2022-01-31 20:01:44,443] {dag.py:2935} INFO - Setting next_dagrun for Local_Ingestion_Dag to 2022-01-02T06:00:00+00:00
[2022-01-31 20:01:44,454] {processor.py:171} INFO - Processing /opt/airflow/dags/data_ingestion_local.py took 0.584 seconds
[2022-01-31 20:02:14,520] {processor.py:163} INFO - Started process (PID=280) to work on /opt/airflow/dags/data_ingestion_local.py
[2022-01-31 20:02:14,522] {processor.py:642} INFO - Processing file /opt/airflow/dags/data_ingestion_local.py for tasks to queue
[2022-01-31 20:02:14,522] {logging_mixin.py:109} INFO - [2022-01-31 20:02:14,522] {dagbag.py:500} INFO - Filling up the DagBag from /opt/airflow/dags/data_ingestion_local.py
[2022-01-31 20:02:15,116] {processor.py:654} INFO - DAG(s) dict_keys(['Local_Ingestion_Dag']) retrieved from /opt/airflow/dags/data_ingestion_local.py
[2022-01-31 20:02:15,125] {logging_mixin.py:109} INFO - [2022-01-31 20:02:15,125] {dag.py:2396} INFO - Sync 1 DAGs
[2022-01-31 20:02:15,142] {logging_mixin.py:109} INFO - [2022-01-31 20:02:15,142] {dag.py:2935} INFO - Setting next_dagrun for Local_Ingestion_Dag to 2022-01-02T06:00:00+00:00
[2022-01-31 20:02:15,151] {processor.py:171} INFO - Processing /opt/airflow/dags/data_ingestion_local.py took 0.635 seconds
[2022-01-31 20:02:45,227] {processor.py:163} INFO - Started process (PID=304) to work on /opt/airflow/dags/data_ingestion_local.py
[2022-01-31 20:02:45,233] {processor.py:642} INFO - Processing file /opt/airflow/dags/data_ingestion_local.py for tasks to queue
[2022-01-31 20:02:45,234] {logging_mixin.py:109} INFO - [2022-01-31 20:02:45,233] {dagbag.py:500} INFO - Filling up the DagBag from /opt/airflow/dags/data_ingestion_local.py
[2022-01-31 20:02:45,845] {processor.py:654} INFO - DAG(s) dict_keys(['Local_Ingestion_Dag']) retrieved from /opt/airflow/dags/data_ingestion_local.py
[2022-01-31 20:02:45,854] {logging_mixin.py:109} INFO - [2022-01-31 20:02:45,853] {dag.py:2396} INFO - Sync 1 DAGs
[2022-01-31 20:02:45,870] {logging_mixin.py:109} INFO - [2022-01-31 20:02:45,870] {dag.py:2935} INFO - Setting next_dagrun for Local_Ingestion_Dag to 2022-01-02T06:00:00+00:00
[2022-01-31 20:02:45,878] {processor.py:171} INFO - Processing /opt/airflow/dags/data_ingestion_local.py took 0.657 seconds
[2022-01-31 20:03:15,953] {processor.py:163} INFO - Started process (PID=337) to work on /opt/airflow/dags/data_ingestion_local.py
[2022-01-31 20:03:15,954] {processor.py:642} INFO - Processing file /opt/airflow/dags/data_ingestion_local.py for tasks to queue
[2022-01-31 20:03:15,955] {logging_mixin.py:109} INFO - [2022-01-31 20:03:15,955] {dagbag.py:500} INFO - Filling up the DagBag from /opt/airflow/dags/data_ingestion_local.py
[2022-01-31 20:03:16,713] {processor.py:654} INFO - DAG(s) dict_keys(['Local_Ingestion_Dag']) retrieved from /opt/airflow/dags/data_ingestion_local.py
[2022-01-31 20:03:16,724] {logging_mixin.py:109} INFO - [2022-01-31 20:03:16,723] {dag.py:2396} INFO - Sync 1 DAGs
[2022-01-31 20:03:16,748] {logging_mixin.py:109} INFO - [2022-01-31 20:03:16,748] {dag.py:2935} INFO - Setting next_dagrun for Local_Ingestion_Dag to 2022-01-02T06:00:00+00:00
[2022-01-31 20:03:16,760] {processor.py:171} INFO - Processing /opt/airflow/dags/data_ingestion_local.py took 0.813 seconds
[2022-01-31 20:03:46,825] {processor.py:163} INFO - Started process (PID=363) to work on /opt/airflow/dags/data_ingestion_local.py
[2022-01-31 20:03:46,828] {processor.py:642} INFO - Processing file /opt/airflow/dags/data_ingestion_local.py for tasks to queue
[2022-01-31 20:03:46,829] {logging_mixin.py:109} INFO - [2022-01-31 20:03:46,829] {dagbag.py:500} INFO - Filling up the DagBag from /opt/airflow/dags/data_ingestion_local.py
[2022-01-31 20:03:47,454] {processor.py:654} INFO - DAG(s) dict_keys(['Local_Ingestion_Dag']) retrieved from /opt/airflow/dags/data_ingestion_local.py
[2022-01-31 20:03:47,467] {logging_mixin.py:109} INFO - [2022-01-31 20:03:47,467] {dag.py:2396} INFO - Sync 1 DAGs
[2022-01-31 20:03:47,490] {logging_mixin.py:109} INFO - [2022-01-31 20:03:47,489] {dag.py:2935} INFO - Setting next_dagrun for Local_Ingestion_Dag to 2022-01-02T06:00:00+00:00
[2022-01-31 20:03:47,500] {processor.py:171} INFO - Processing /opt/airflow/dags/data_ingestion_local.py took 0.680 seconds
[2022-01-31 20:04:17,584] {processor.py:163} INFO - Started process (PID=388) to work on /opt/airflow/dags/data_ingestion_local.py
[2022-01-31 20:04:17,586] {processor.py:642} INFO - Processing file /opt/airflow/dags/data_ingestion_local.py for tasks to queue
[2022-01-31 20:04:17,587] {logging_mixin.py:109} INFO - [2022-01-31 20:04:17,587] {dagbag.py:500} INFO - Filling up the DagBag from /opt/airflow/dags/data_ingestion_local.py
[2022-01-31 20:04:18,279] {processor.py:654} INFO - DAG(s) dict_keys(['Local_Ingestion_Dag']) retrieved from /opt/airflow/dags/data_ingestion_local.py
[2022-01-31 20:04:18,291] {logging_mixin.py:109} INFO - [2022-01-31 20:04:18,291] {dag.py:2396} INFO - Sync 1 DAGs
[2022-01-31 20:04:18,315] {logging_mixin.py:109} INFO - [2022-01-31 20:04:18,314] {dag.py:2935} INFO - Setting next_dagrun for Local_Ingestion_Dag to 2022-01-02T06:00:00+00:00
[2022-01-31 20:04:18,326] {processor.py:171} INFO - Processing /opt/airflow/dags/data_ingestion_local.py took 0.747 seconds
[2022-01-31 20:04:48,399] {processor.py:163} INFO - Started process (PID=423) to work on /opt/airflow/dags/data_ingestion_local.py
[2022-01-31 20:04:48,404] {processor.py:642} INFO - Processing file /opt/airflow/dags/data_ingestion_local.py for tasks to queue
[2022-01-31 20:04:48,405] {logging_mixin.py:109} INFO - [2022-01-31 20:04:48,404] {dagbag.py:500} INFO - Filling up the DagBag from /opt/airflow/dags/data_ingestion_local.py
[2022-01-31 20:04:49,038] {processor.py:654} INFO - DAG(s) dict_keys(['Local_Ingestion_Dag']) retrieved from /opt/airflow/dags/data_ingestion_local.py
[2022-01-31 20:04:49,047] {logging_mixin.py:109} INFO - [2022-01-31 20:04:49,046] {dag.py:2396} INFO - Sync 1 DAGs
[2022-01-31 20:04:49,062] {logging_mixin.py:109} INFO - [2022-01-31 20:04:49,062] {dag.py:2935} INFO - Setting next_dagrun for Local_Ingestion_Dag to 2022-01-02T06:00:00+00:00
[2022-01-31 20:04:49,073] {processor.py:171} INFO - Processing /opt/airflow/dags/data_ingestion_local.py took 0.678 seconds
[2022-01-31 20:05:19,155] {processor.py:163} INFO - Started process (PID=449) to work on /opt/airflow/dags/data_ingestion_local.py
[2022-01-31 20:05:19,156] {processor.py:642} INFO - Processing file /opt/airflow/dags/data_ingestion_local.py for tasks to queue
[2022-01-31 20:05:19,157] {logging_mixin.py:109} INFO - [2022-01-31 20:05:19,157] {dagbag.py:500} INFO - Filling up the DagBag from /opt/airflow/dags/data_ingestion_local.py
[2022-01-31 20:05:19,750] {processor.py:654} INFO - DAG(s) dict_keys(['Local_Ingestion_Dag']) retrieved from /opt/airflow/dags/data_ingestion_local.py
[2022-01-31 20:05:19,759] {logging_mixin.py:109} INFO - [2022-01-31 20:05:19,758] {dag.py:2396} INFO - Sync 1 DAGs
[2022-01-31 20:05:19,775] {logging_mixin.py:109} INFO - [2022-01-31 20:05:19,775] {dag.py:2935} INFO - Setting next_dagrun for Local_Ingestion_Dag to 2022-01-02T06:00:00+00:00
[2022-01-31 20:05:19,784] {processor.py:171} INFO - Processing /opt/airflow/dags/data_ingestion_local.py took 0.634 seconds
[2022-01-31 20:05:49,890] {processor.py:163} INFO - Started process (PID=482) to work on /opt/airflow/dags/data_ingestion_local.py
[2022-01-31 20:05:49,895] {processor.py:642} INFO - Processing file /opt/airflow/dags/data_ingestion_local.py for tasks to queue
[2022-01-31 20:05:49,896] {logging_mixin.py:109} INFO - [2022-01-31 20:05:49,896] {dagbag.py:500} INFO - Filling up the DagBag from /opt/airflow/dags/data_ingestion_local.py
[2022-01-31 20:05:50,726] {processor.py:654} INFO - DAG(s) dict_keys(['Local_Ingestion_Dag']) retrieved from /opt/airflow/dags/data_ingestion_local.py
[2022-01-31 20:05:50,737] {logging_mixin.py:109} INFO - [2022-01-31 20:05:50,736] {dag.py:2396} INFO - Sync 1 DAGs
[2022-01-31 20:05:50,761] {logging_mixin.py:109} INFO - [2022-01-31 20:05:50,761] {dag.py:2935} INFO - Setting next_dagrun for Local_Ingestion_Dag to 2022-01-02T06:00:00+00:00
[2022-01-31 20:05:50,770] {processor.py:171} INFO - Processing /opt/airflow/dags/data_ingestion_local.py took 0.898 seconds
[2022-01-31 20:06:20,846] {processor.py:163} INFO - Started process (PID=508) to work on /opt/airflow/dags/data_ingestion_local.py
[2022-01-31 20:06:20,847] {processor.py:642} INFO - Processing file /opt/airflow/dags/data_ingestion_local.py for tasks to queue
[2022-01-31 20:06:20,848] {logging_mixin.py:109} INFO - [2022-01-31 20:06:20,848] {dagbag.py:500} INFO - Filling up the DagBag from /opt/airflow/dags/data_ingestion_local.py
[2022-01-31 20:06:21,489] {processor.py:654} INFO - DAG(s) dict_keys(['Local_Ingestion_Dag']) retrieved from /opt/airflow/dags/data_ingestion_local.py
[2022-01-31 20:06:21,498] {logging_mixin.py:109} INFO - [2022-01-31 20:06:21,497] {dag.py:2396} INFO - Sync 1 DAGs
[2022-01-31 20:06:21,517] {logging_mixin.py:109} INFO - [2022-01-31 20:06:21,517] {dag.py:2935} INFO - Setting next_dagrun for Local_Ingestion_Dag to 2022-01-02T06:00:00+00:00
[2022-01-31 20:06:21,529] {processor.py:171} INFO - Processing /opt/airflow/dags/data_ingestion_local.py took 0.688 seconds
[2022-01-31 20:06:51,610] {processor.py:163} INFO - Started process (PID=533) to work on /opt/airflow/dags/data_ingestion_local.py
[2022-01-31 20:06:51,611] {processor.py:642} INFO - Processing file /opt/airflow/dags/data_ingestion_local.py for tasks to queue
[2022-01-31 20:06:51,612] {logging_mixin.py:109} INFO - [2022-01-31 20:06:51,612] {dagbag.py:500} INFO - Filling up the DagBag from /opt/airflow/dags/data_ingestion_local.py
[2022-01-31 20:06:52,294] {processor.py:654} INFO - DAG(s) dict_keys(['Local_Ingestion_Dag']) retrieved from /opt/airflow/dags/data_ingestion_local.py
[2022-01-31 20:06:52,306] {logging_mixin.py:109} INFO - [2022-01-31 20:06:52,305] {dag.py:2396} INFO - Sync 1 DAGs
[2022-01-31 20:06:52,329] {logging_mixin.py:109} INFO - [2022-01-31 20:06:52,329] {dag.py:2935} INFO - Setting next_dagrun for Local_Ingestion_Dag to 2022-01-02T06:00:00+00:00
[2022-01-31 20:06:52,340] {processor.py:171} INFO - Processing /opt/airflow/dags/data_ingestion_local.py took 0.734 seconds
[2022-01-31 20:07:22,451] {processor.py:163} INFO - Started process (PID=566) to work on /opt/airflow/dags/data_ingestion_local.py
[2022-01-31 20:07:22,452] {processor.py:642} INFO - Processing file /opt/airflow/dags/data_ingestion_local.py for tasks to queue
[2022-01-31 20:07:22,453] {logging_mixin.py:109} INFO - [2022-01-31 20:07:22,453] {dagbag.py:500} INFO - Filling up the DagBag from /opt/airflow/dags/data_ingestion_local.py
[2022-01-31 20:07:23,050] {processor.py:654} INFO - DAG(s) dict_keys(['Local_Ingestion_Dag']) retrieved from /opt/airflow/dags/data_ingestion_local.py
[2022-01-31 20:07:23,062] {logging_mixin.py:109} INFO - [2022-01-31 20:07:23,061] {dag.py:2396} INFO - Sync 1 DAGs
[2022-01-31 20:07:23,084] {logging_mixin.py:109} INFO - [2022-01-31 20:07:23,084] {dag.py:2935} INFO - Setting next_dagrun for Local_Ingestion_Dag to 2022-01-02T06:00:00+00:00
[2022-01-31 20:07:23,094] {processor.py:171} INFO - Processing /opt/airflow/dags/data_ingestion_local.py took 0.647 seconds
[2022-01-31 20:07:53,170] {processor.py:163} INFO - Started process (PID=593) to work on /opt/airflow/dags/data_ingestion_local.py
[2022-01-31 20:07:53,172] {processor.py:642} INFO - Processing file /opt/airflow/dags/data_ingestion_local.py for tasks to queue
[2022-01-31 20:07:53,173] {logging_mixin.py:109} INFO - [2022-01-31 20:07:53,173] {dagbag.py:500} INFO - Filling up the DagBag from /opt/airflow/dags/data_ingestion_local.py
[2022-01-31 20:07:53,744] {processor.py:654} INFO - DAG(s) dict_keys(['Local_Ingestion_Dag']) retrieved from /opt/airflow/dags/data_ingestion_local.py
[2022-01-31 20:07:53,760] {logging_mixin.py:109} INFO - [2022-01-31 20:07:53,759] {dag.py:2396} INFO - Sync 1 DAGs
[2022-01-31 20:07:53,782] {logging_mixin.py:109} INFO - [2022-01-31 20:07:53,781] {dag.py:2935} INFO - Setting next_dagrun for Local_Ingestion_Dag to 2022-01-02T06:00:00+00:00
[2022-01-31 20:07:53,793] {processor.py:171} INFO - Processing /opt/airflow/dags/data_ingestion_local.py took 0.628 seconds
[2022-01-31 20:08:23,923] {processor.py:163} INFO - Started process (PID=617) to work on /opt/airflow/dags/data_ingestion_local.py
[2022-01-31 20:08:23,924] {processor.py:642} INFO - Processing file /opt/airflow/dags/data_ingestion_local.py for tasks to queue
[2022-01-31 20:08:23,933] {logging_mixin.py:109} INFO - [2022-01-31 20:08:23,933] {dagbag.py:500} INFO - Filling up the DagBag from /opt/airflow/dags/data_ingestion_local.py
[2022-01-31 20:08:24,803] {processor.py:654} INFO - DAG(s) dict_keys(['Local_Ingestion_Dag']) retrieved from /opt/airflow/dags/data_ingestion_local.py
[2022-01-31 20:08:24,830] {logging_mixin.py:109} INFO - [2022-01-31 20:08:24,829] {dag.py:2396} INFO - Sync 1 DAGs
[2022-01-31 20:08:24,866] {logging_mixin.py:109} INFO - [2022-01-31 20:08:24,866] {dag.py:2935} INFO - Setting next_dagrun for Local_Ingestion_Dag to 2022-01-02T06:00:00+00:00
[2022-01-31 20:08:24,886] {processor.py:171} INFO - Processing /opt/airflow/dags/data_ingestion_local.py took 0.969 seconds
[2022-01-31 20:08:55,046] {processor.py:163} INFO - Started process (PID=649) to work on /opt/airflow/dags/data_ingestion_local.py
[2022-01-31 20:08:55,051] {processor.py:642} INFO - Processing file /opt/airflow/dags/data_ingestion_local.py for tasks to queue
[2022-01-31 20:08:55,053] {logging_mixin.py:109} INFO - [2022-01-31 20:08:55,052] {dagbag.py:500} INFO - Filling up the DagBag from /opt/airflow/dags/data_ingestion_local.py
[2022-01-31 20:08:55,698] {processor.py:654} INFO - DAG(s) dict_keys(['Local_Ingestion_Dag']) retrieved from /opt/airflow/dags/data_ingestion_local.py
[2022-01-31 20:08:55,711] {logging_mixin.py:109} INFO - [2022-01-31 20:08:55,710] {dag.py:2396} INFO - Sync 1 DAGs
[2022-01-31 20:08:55,735] {logging_mixin.py:109} INFO - [2022-01-31 20:08:55,735] {dag.py:2935} INFO - Setting next_dagrun for Local_Ingestion_Dag to 2022-01-02T06:00:00+00:00
[2022-01-31 20:08:55,746] {processor.py:171} INFO - Processing /opt/airflow/dags/data_ingestion_local.py took 0.705 seconds
[2022-01-31 20:09:25,828] {processor.py:163} INFO - Started process (PID=676) to work on /opt/airflow/dags/data_ingestion_local.py
[2022-01-31 20:09:25,833] {processor.py:642} INFO - Processing file /opt/airflow/dags/data_ingestion_local.py for tasks to queue
[2022-01-31 20:09:25,834] {logging_mixin.py:109} INFO - [2022-01-31 20:09:25,834] {dagbag.py:500} INFO - Filling up the DagBag from /opt/airflow/dags/data_ingestion_local.py
[2022-01-31 20:09:26,459] {processor.py:654} INFO - DAG(s) dict_keys(['Local_Ingestion_Dag']) retrieved from /opt/airflow/dags/data_ingestion_local.py
[2022-01-31 20:09:26,471] {logging_mixin.py:109} INFO - [2022-01-31 20:09:26,470] {dag.py:2396} INFO - Sync 1 DAGs
[2022-01-31 20:09:26,494] {logging_mixin.py:109} INFO - [2022-01-31 20:09:26,494] {dag.py:2935} INFO - Setting next_dagrun for Local_Ingestion_Dag to 2022-01-02T06:00:00+00:00
[2022-01-31 20:09:26,504] {processor.py:171} INFO - Processing /opt/airflow/dags/data_ingestion_local.py took 0.682 seconds
[2022-01-31 20:09:56,583] {processor.py:163} INFO - Started process (PID=710) to work on /opt/airflow/dags/data_ingestion_local.py
[2022-01-31 20:09:56,588] {processor.py:642} INFO - Processing file /opt/airflow/dags/data_ingestion_local.py for tasks to queue
[2022-01-31 20:09:56,589] {logging_mixin.py:109} INFO - [2022-01-31 20:09:56,589] {dagbag.py:500} INFO - Filling up the DagBag from /opt/airflow/dags/data_ingestion_local.py
[2022-01-31 20:09:57,166] {processor.py:654} INFO - DAG(s) dict_keys(['Local_Ingestion_Dag']) retrieved from /opt/airflow/dags/data_ingestion_local.py
[2022-01-31 20:09:57,175] {logging_mixin.py:109} INFO - [2022-01-31 20:09:57,174] {dag.py:2396} INFO - Sync 1 DAGs
[2022-01-31 20:09:57,192] {logging_mixin.py:109} INFO - [2022-01-31 20:09:57,191] {dag.py:2935} INFO - Setting next_dagrun for Local_Ingestion_Dag to 2022-01-02T06:00:00+00:00
[2022-01-31 20:09:57,201] {processor.py:171} INFO - Processing /opt/airflow/dags/data_ingestion_local.py took 0.624 seconds
[2022-01-31 20:10:27,307] {processor.py:163} INFO - Started process (PID=735) to work on /opt/airflow/dags/data_ingestion_local.py
[2022-01-31 20:10:27,314] {processor.py:642} INFO - Processing file /opt/airflow/dags/data_ingestion_local.py for tasks to queue
[2022-01-31 20:10:27,315] {logging_mixin.py:109} INFO - [2022-01-31 20:10:27,315] {dagbag.py:500} INFO - Filling up the DagBag from /opt/airflow/dags/data_ingestion_local.py
[2022-01-31 20:10:27,887] {processor.py:654} INFO - DAG(s) dict_keys(['Local_Ingestion_Dag']) retrieved from /opt/airflow/dags/data_ingestion_local.py
[2022-01-31 20:10:27,897] {logging_mixin.py:109} INFO - [2022-01-31 20:10:27,897] {dag.py:2396} INFO - Sync 1 DAGs
[2022-01-31 20:10:27,915] {logging_mixin.py:109} INFO - [2022-01-31 20:10:27,914] {dag.py:2935} INFO - Setting next_dagrun for Local_Ingestion_Dag to 2022-01-02T06:00:00+00:00
[2022-01-31 20:10:27,924] {processor.py:171} INFO - Processing /opt/airflow/dags/data_ingestion_local.py took 0.621 seconds
[2022-01-31 20:10:58,003] {processor.py:163} INFO - Started process (PID=760) to work on /opt/airflow/dags/data_ingestion_local.py
[2022-01-31 20:10:58,005] {processor.py:642} INFO - Processing file /opt/airflow/dags/data_ingestion_local.py for tasks to queue
[2022-01-31 20:10:58,006] {logging_mixin.py:109} INFO - [2022-01-31 20:10:58,006] {dagbag.py:500} INFO - Filling up the DagBag from /opt/airflow/dags/data_ingestion_local.py
[2022-01-31 20:10:58,586] {processor.py:654} INFO - DAG(s) dict_keys(['Local_Ingestion_Dag']) retrieved from /opt/airflow/dags/data_ingestion_local.py
[2022-01-31 20:10:58,597] {logging_mixin.py:109} INFO - [2022-01-31 20:10:58,596] {dag.py:2396} INFO - Sync 1 DAGs
[2022-01-31 20:10:58,621] {logging_mixin.py:109} INFO - [2022-01-31 20:10:58,620] {dag.py:2935} INFO - Setting next_dagrun for Local_Ingestion_Dag to 2022-01-02T06:00:00+00:00
[2022-01-31 20:10:58,631] {processor.py:171} INFO - Processing /opt/airflow/dags/data_ingestion_local.py took 0.635 seconds
[2022-01-31 20:11:28,707] {processor.py:163} INFO - Started process (PID=795) to work on /opt/airflow/dags/data_ingestion_local.py
[2022-01-31 20:11:28,711] {processor.py:642} INFO - Processing file /opt/airflow/dags/data_ingestion_local.py for tasks to queue
[2022-01-31 20:11:28,712] {logging_mixin.py:109} INFO - [2022-01-31 20:11:28,712] {dagbag.py:500} INFO - Filling up the DagBag from /opt/airflow/dags/data_ingestion_local.py
[2022-01-31 20:11:29,267] {processor.py:654} INFO - DAG(s) dict_keys(['Local_Ingestion_Dag']) retrieved from /opt/airflow/dags/data_ingestion_local.py
[2022-01-31 20:11:29,277] {logging_mixin.py:109} INFO - [2022-01-31 20:11:29,276] {dag.py:2396} INFO - Sync 1 DAGs
[2022-01-31 20:11:29,295] {logging_mixin.py:109} INFO - [2022-01-31 20:11:29,295] {dag.py:2935} INFO - Setting next_dagrun for Local_Ingestion_Dag to 2022-01-02T06:00:00+00:00
[2022-01-31 20:11:29,305] {processor.py:171} INFO - Processing /opt/airflow/dags/data_ingestion_local.py took 0.603 seconds
[2022-01-31 20:11:59,378] {processor.py:163} INFO - Started process (PID=820) to work on /opt/airflow/dags/data_ingestion_local.py
[2022-01-31 20:11:59,383] {processor.py:642} INFO - Processing file /opt/airflow/dags/data_ingestion_local.py for tasks to queue
[2022-01-31 20:11:59,384] {logging_mixin.py:109} INFO - [2022-01-31 20:11:59,383] {dagbag.py:500} INFO - Filling up the DagBag from /opt/airflow/dags/data_ingestion_local.py
[2022-01-31 20:12:00,050] {processor.py:654} INFO - DAG(s) dict_keys(['Local_Ingestion_Dag']) retrieved from /opt/airflow/dags/data_ingestion_local.py
[2022-01-31 20:12:00,058] {logging_mixin.py:109} INFO - [2022-01-31 20:12:00,058] {dag.py:2396} INFO - Sync 1 DAGs
[2022-01-31 20:12:00,075] {logging_mixin.py:109} INFO - [2022-01-31 20:12:00,075] {dag.py:2935} INFO - Setting next_dagrun for Local_Ingestion_Dag to 2022-01-02T06:00:00+00:00
[2022-01-31 20:12:00,084] {processor.py:171} INFO - Processing /opt/airflow/dags/data_ingestion_local.py took 0.711 seconds
[2022-01-31 20:12:30,166] {processor.py:163} INFO - Started process (PID=857) to work on /opt/airflow/dags/data_ingestion_local.py
[2022-01-31 20:12:30,169] {processor.py:642} INFO - Processing file /opt/airflow/dags/data_ingestion_local.py for tasks to queue
[2022-01-31 20:12:30,170] {logging_mixin.py:109} INFO - [2022-01-31 20:12:30,170] {dagbag.py:500} INFO - Filling up the DagBag from /opt/airflow/dags/data_ingestion_local.py
[2022-01-31 20:12:30,723] {processor.py:654} INFO - DAG(s) dict_keys(['Local_Ingestion_Dag']) retrieved from /opt/airflow/dags/data_ingestion_local.py
[2022-01-31 20:12:30,732] {logging_mixin.py:109} INFO - [2022-01-31 20:12:30,731] {dag.py:2396} INFO - Sync 1 DAGs
[2022-01-31 20:12:30,748] {logging_mixin.py:109} INFO - [2022-01-31 20:12:30,748] {dag.py:2935} INFO - Setting next_dagrun for Local_Ingestion_Dag to 2022-01-02T06:00:00+00:00
[2022-01-31 20:12:30,757] {processor.py:171} INFO - Processing /opt/airflow/dags/data_ingestion_local.py took 0.598 seconds
[2022-01-31 20:13:00,832] {processor.py:163} INFO - Started process (PID=880) to work on /opt/airflow/dags/data_ingestion_local.py
[2022-01-31 20:13:00,835] {processor.py:642} INFO - Processing file /opt/airflow/dags/data_ingestion_local.py for tasks to queue
[2022-01-31 20:13:00,837] {logging_mixin.py:109} INFO - [2022-01-31 20:13:00,836] {dagbag.py:500} INFO - Filling up the DagBag from /opt/airflow/dags/data_ingestion_local.py
[2022-01-31 20:13:01,437] {processor.py:654} INFO - DAG(s) dict_keys(['Local_Ingestion_Dag']) retrieved from /opt/airflow/dags/data_ingestion_local.py
[2022-01-31 20:13:01,446] {logging_mixin.py:109} INFO - [2022-01-31 20:13:01,445] {dag.py:2396} INFO - Sync 1 DAGs
[2022-01-31 20:13:01,462] {logging_mixin.py:109} INFO - [2022-01-31 20:13:01,462] {dag.py:2935} INFO - Setting next_dagrun for Local_Ingestion_Dag to 2022-01-02T06:00:00+00:00
[2022-01-31 20:13:01,471] {processor.py:171} INFO - Processing /opt/airflow/dags/data_ingestion_local.py took 0.644 seconds
[2022-01-31 20:13:31,541] {processor.py:163} INFO - Started process (PID=915) to work on /opt/airflow/dags/data_ingestion_local.py
[2022-01-31 20:13:31,543] {processor.py:642} INFO - Processing file /opt/airflow/dags/data_ingestion_local.py for tasks to queue
[2022-01-31 20:13:31,544] {logging_mixin.py:109} INFO - [2022-01-31 20:13:31,544] {dagbag.py:500} INFO - Filling up the DagBag from /opt/airflow/dags/data_ingestion_local.py
[2022-01-31 20:13:32,075] {processor.py:654} INFO - DAG(s) dict_keys(['Local_Ingestion_Dag']) retrieved from /opt/airflow/dags/data_ingestion_local.py
[2022-01-31 20:13:32,084] {logging_mixin.py:109} INFO - [2022-01-31 20:13:32,083] {dag.py:2396} INFO - Sync 1 DAGs
[2022-01-31 20:13:32,101] {logging_mixin.py:109} INFO - [2022-01-31 20:13:32,101] {dag.py:2935} INFO - Setting next_dagrun for Local_Ingestion_Dag to 2022-01-02T06:00:00+00:00
[2022-01-31 20:13:32,112] {processor.py:171} INFO - Processing /opt/airflow/dags/data_ingestion_local.py took 0.575 seconds
[2022-01-31 20:14:02,185] {processor.py:163} INFO - Started process (PID=938) to work on /opt/airflow/dags/data_ingestion_local.py
[2022-01-31 20:14:02,189] {processor.py:642} INFO - Processing file /opt/airflow/dags/data_ingestion_local.py for tasks to queue
[2022-01-31 20:14:02,189] {logging_mixin.py:109} INFO - [2022-01-31 20:14:02,189] {dagbag.py:500} INFO - Filling up the DagBag from /opt/airflow/dags/data_ingestion_local.py
[2022-01-31 20:14:02,777] {processor.py:654} INFO - DAG(s) dict_keys(['Local_Ingestion_Dag']) retrieved from /opt/airflow/dags/data_ingestion_local.py
[2022-01-31 20:14:02,790] {logging_mixin.py:109} INFO - [2022-01-31 20:14:02,789] {dag.py:2396} INFO - Sync 1 DAGs
[2022-01-31 20:14:02,813] {logging_mixin.py:109} INFO - [2022-01-31 20:14:02,813] {dag.py:2935} INFO - Setting next_dagrun for Local_Ingestion_Dag to 2022-01-02T06:00:00+00:00
[2022-01-31 20:14:02,826] {processor.py:171} INFO - Processing /opt/airflow/dags/data_ingestion_local.py took 0.646 seconds
[2022-01-31 20:14:32,900] {processor.py:163} INFO - Started process (PID=973) to work on /opt/airflow/dags/data_ingestion_local.py
[2022-01-31 20:14:32,902] {processor.py:642} INFO - Processing file /opt/airflow/dags/data_ingestion_local.py for tasks to queue
[2022-01-31 20:14:32,903] {logging_mixin.py:109} INFO - [2022-01-31 20:14:32,903] {dagbag.py:500} INFO - Filling up the DagBag from /opt/airflow/dags/data_ingestion_local.py
[2022-01-31 20:14:33,497] {processor.py:654} INFO - DAG(s) dict_keys(['Local_Ingestion_Dag']) retrieved from /opt/airflow/dags/data_ingestion_local.py
[2022-01-31 20:14:33,509] {logging_mixin.py:109} INFO - [2022-01-31 20:14:33,509] {dag.py:2396} INFO - Sync 1 DAGs
[2022-01-31 20:14:33,528] {logging_mixin.py:109} INFO - [2022-01-31 20:14:33,528] {dag.py:2935} INFO - Setting next_dagrun for Local_Ingestion_Dag to 2022-01-02T06:00:00+00:00
[2022-01-31 20:14:33,538] {processor.py:171} INFO - Processing /opt/airflow/dags/data_ingestion_local.py took 0.643 seconds
[2022-01-31 20:15:03,616] {processor.py:163} INFO - Started process (PID=998) to work on /opt/airflow/dags/data_ingestion_local.py
[2022-01-31 20:15:03,618] {processor.py:642} INFO - Processing file /opt/airflow/dags/data_ingestion_local.py for tasks to queue
[2022-01-31 20:15:03,619] {logging_mixin.py:109} INFO - [2022-01-31 20:15:03,618] {dagbag.py:500} INFO - Filling up the DagBag from /opt/airflow/dags/data_ingestion_local.py
[2022-01-31 20:15:04,196] {processor.py:654} INFO - DAG(s) dict_keys(['Local_Ingestion_Dag']) retrieved from /opt/airflow/dags/data_ingestion_local.py
[2022-01-31 20:15:04,204] {logging_mixin.py:109} INFO - [2022-01-31 20:15:04,203] {dag.py:2396} INFO - Sync 1 DAGs
[2022-01-31 20:15:04,220] {logging_mixin.py:109} INFO - [2022-01-31 20:15:04,219] {dag.py:2935} INFO - Setting next_dagrun for Local_Ingestion_Dag to 2022-01-02T06:00:00+00:00
[2022-01-31 20:15:04,228] {processor.py:171} INFO - Processing /opt/airflow/dags/data_ingestion_local.py took 0.616 seconds
[2022-01-31 20:15:34,303] {processor.py:163} INFO - Started process (PID=1036) to work on /opt/airflow/dags/data_ingestion_local.py
[2022-01-31 20:15:34,305] {processor.py:642} INFO - Processing file /opt/airflow/dags/data_ingestion_local.py for tasks to queue
[2022-01-31 20:15:34,306] {logging_mixin.py:109} INFO - [2022-01-31 20:15:34,305] {dagbag.py:500} INFO - Filling up the DagBag from /opt/airflow/dags/data_ingestion_local.py
[2022-01-31 20:15:34,863] {processor.py:654} INFO - DAG(s) dict_keys(['Local_Ingestion_Dag']) retrieved from /opt/airflow/dags/data_ingestion_local.py
[2022-01-31 20:15:34,873] {logging_mixin.py:109} INFO - [2022-01-31 20:15:34,873] {dag.py:2396} INFO - Sync 1 DAGs
[2022-01-31 20:15:34,891] {logging_mixin.py:109} INFO - [2022-01-31 20:15:34,891] {dag.py:2935} INFO - Setting next_dagrun for Local_Ingestion_Dag to 2022-01-02T06:00:00+00:00
[2022-01-31 20:15:34,901] {processor.py:171} INFO - Processing /opt/airflow/dags/data_ingestion_local.py took 0.604 seconds
[2022-01-31 20:16:04,977] {processor.py:163} INFO - Started process (PID=1060) to work on /opt/airflow/dags/data_ingestion_local.py
[2022-01-31 20:16:04,981] {processor.py:642} INFO - Processing file /opt/airflow/dags/data_ingestion_local.py for tasks to queue
[2022-01-31 20:16:04,981] {logging_mixin.py:109} INFO - [2022-01-31 20:16:04,981] {dagbag.py:500} INFO - Filling up the DagBag from /opt/airflow/dags/data_ingestion_local.py
[2022-01-31 20:16:05,564] {processor.py:654} INFO - DAG(s) dict_keys(['Local_Ingestion_Dag']) retrieved from /opt/airflow/dags/data_ingestion_local.py
[2022-01-31 20:16:05,574] {logging_mixin.py:109} INFO - [2022-01-31 20:16:05,573] {dag.py:2396} INFO - Sync 1 DAGs
[2022-01-31 20:16:05,592] {logging_mixin.py:109} INFO - [2022-01-31 20:16:05,592] {dag.py:2935} INFO - Setting next_dagrun for Local_Ingestion_Dag to 2022-01-02T06:00:00+00:00
[2022-01-31 20:16:05,603] {processor.py:171} INFO - Processing /opt/airflow/dags/data_ingestion_local.py took 0.631 seconds
[2022-01-31 20:16:35,680] {processor.py:163} INFO - Started process (PID=1095) to work on /opt/airflow/dags/data_ingestion_local.py
[2022-01-31 20:16:35,681] {processor.py:642} INFO - Processing file /opt/airflow/dags/data_ingestion_local.py for tasks to queue
[2022-01-31 20:16:35,682] {logging_mixin.py:109} INFO - [2022-01-31 20:16:35,682] {dagbag.py:500} INFO - Filling up the DagBag from /opt/airflow/dags/data_ingestion_local.py
[2022-01-31 20:16:36,257] {processor.py:654} INFO - DAG(s) dict_keys(['Local_Ingestion_Dag']) retrieved from /opt/airflow/dags/data_ingestion_local.py
[2022-01-31 20:16:36,267] {logging_mixin.py:109} INFO - [2022-01-31 20:16:36,266] {dag.py:2396} INFO - Sync 1 DAGs
[2022-01-31 20:16:36,285] {logging_mixin.py:109} INFO - [2022-01-31 20:16:36,285] {dag.py:2935} INFO - Setting next_dagrun for Local_Ingestion_Dag to 2022-01-02T06:00:00+00:00
[2022-01-31 20:16:36,295] {processor.py:171} INFO - Processing /opt/airflow/dags/data_ingestion_local.py took 0.619 seconds
[2022-01-31 20:17:06,371] {processor.py:163} INFO - Started process (PID=1119) to work on /opt/airflow/dags/data_ingestion_local.py
[2022-01-31 20:17:06,372] {processor.py:642} INFO - Processing file /opt/airflow/dags/data_ingestion_local.py for tasks to queue
[2022-01-31 20:17:06,373] {logging_mixin.py:109} INFO - [2022-01-31 20:17:06,373] {dagbag.py:500} INFO - Filling up the DagBag from /opt/airflow/dags/data_ingestion_local.py
[2022-01-31 20:17:06,910] {processor.py:654} INFO - DAG(s) dict_keys(['Local_Ingestion_Dag']) retrieved from /opt/airflow/dags/data_ingestion_local.py
[2022-01-31 20:17:06,919] {logging_mixin.py:109} INFO - [2022-01-31 20:17:06,918] {dag.py:2396} INFO - Sync 1 DAGs
[2022-01-31 20:17:06,937] {logging_mixin.py:109} INFO - [2022-01-31 20:17:06,937] {dag.py:2935} INFO - Setting next_dagrun for Local_Ingestion_Dag to 2022-01-02T06:00:00+00:00
[2022-01-31 20:17:06,947] {processor.py:171} INFO - Processing /opt/airflow/dags/data_ingestion_local.py took 0.581 seconds
[2022-01-31 20:17:37,031] {processor.py:163} INFO - Started process (PID=1154) to work on /opt/airflow/dags/data_ingestion_local.py
[2022-01-31 20:17:37,033] {processor.py:642} INFO - Processing file /opt/airflow/dags/data_ingestion_local.py for tasks to queue
[2022-01-31 20:17:37,034] {logging_mixin.py:109} INFO - [2022-01-31 20:17:37,034] {dagbag.py:500} INFO - Filling up the DagBag from /opt/airflow/dags/data_ingestion_local.py
[2022-01-31 20:17:37,777] {processor.py:654} INFO - DAG(s) dict_keys(['Local_Ingestion_Dag']) retrieved from /opt/airflow/dags/data_ingestion_local.py
[2022-01-31 20:17:37,786] {logging_mixin.py:109} INFO - [2022-01-31 20:17:37,785] {dag.py:2396} INFO - Sync 1 DAGs
[2022-01-31 20:17:37,803] {logging_mixin.py:109} INFO - [2022-01-31 20:17:37,803] {dag.py:2935} INFO - Setting next_dagrun for Local_Ingestion_Dag to 2022-01-02T06:00:00+00:00
[2022-01-31 20:17:37,813] {processor.py:171} INFO - Processing /opt/airflow/dags/data_ingestion_local.py took 0.788 seconds
[2022-01-31 20:18:07,959] {processor.py:163} INFO - Started process (PID=1179) to work on /opt/airflow/dags/data_ingestion_local.py
[2022-01-31 20:18:07,961] {processor.py:642} INFO - Processing file /opt/airflow/dags/data_ingestion_local.py for tasks to queue
[2022-01-31 20:18:07,962] {logging_mixin.py:109} INFO - [2022-01-31 20:18:07,962] {dagbag.py:500} INFO - Filling up the DagBag from /opt/airflow/dags/data_ingestion_local.py
[2022-01-31 20:18:08,528] {processor.py:654} INFO - DAG(s) dict_keys(['Local_Ingestion_Dag']) retrieved from /opt/airflow/dags/data_ingestion_local.py
[2022-01-31 20:18:08,538] {logging_mixin.py:109} INFO - [2022-01-31 20:18:08,538] {dag.py:2396} INFO - Sync 1 DAGs
[2022-01-31 20:18:08,557] {logging_mixin.py:109} INFO - [2022-01-31 20:18:08,557] {dag.py:2935} INFO - Setting next_dagrun for Local_Ingestion_Dag to 2022-01-02T06:00:00+00:00
[2022-01-31 20:18:08,567] {processor.py:171} INFO - Processing /opt/airflow/dags/data_ingestion_local.py took 0.612 seconds
[2022-01-31 20:18:38,641] {processor.py:163} INFO - Started process (PID=1213) to work on /opt/airflow/dags/data_ingestion_local.py
[2022-01-31 20:18:38,643] {processor.py:642} INFO - Processing file /opt/airflow/dags/data_ingestion_local.py for tasks to queue
[2022-01-31 20:18:38,644] {logging_mixin.py:109} INFO - [2022-01-31 20:18:38,644] {dagbag.py:500} INFO - Filling up the DagBag from /opt/airflow/dags/data_ingestion_local.py
[2022-01-31 20:18:39,246] {processor.py:654} INFO - DAG(s) dict_keys(['Local_Ingestion_Dag']) retrieved from /opt/airflow/dags/data_ingestion_local.py
[2022-01-31 20:18:39,256] {logging_mixin.py:109} INFO - [2022-01-31 20:18:39,255] {dag.py:2396} INFO - Sync 1 DAGs
[2022-01-31 20:18:39,273] {logging_mixin.py:109} INFO - [2022-01-31 20:18:39,273] {dag.py:2935} INFO - Setting next_dagrun for Local_Ingestion_Dag to 2022-01-02T06:00:00+00:00
[2022-01-31 20:18:39,282] {processor.py:171} INFO - Processing /opt/airflow/dags/data_ingestion_local.py took 0.646 seconds
[2022-01-31 20:19:09,356] {processor.py:163} INFO - Started process (PID=1242) to work on /opt/airflow/dags/data_ingestion_local.py
[2022-01-31 20:19:09,362] {processor.py:642} INFO - Processing file /opt/airflow/dags/data_ingestion_local.py for tasks to queue
[2022-01-31 20:19:09,362] {logging_mixin.py:109} INFO - [2022-01-31 20:19:09,362] {dagbag.py:500} INFO - Filling up the DagBag from /opt/airflow/dags/data_ingestion_local.py
[2022-01-31 20:19:09,944] {processor.py:654} INFO - DAG(s) dict_keys(['Local_Ingestion_Dag']) retrieved from /opt/airflow/dags/data_ingestion_local.py
[2022-01-31 20:19:09,954] {logging_mixin.py:109} INFO - [2022-01-31 20:19:09,953] {dag.py:2396} INFO - Sync 1 DAGs
[2022-01-31 20:19:09,972] {logging_mixin.py:109} INFO - [2022-01-31 20:19:09,972] {dag.py:2935} INFO - Setting next_dagrun for Local_Ingestion_Dag to 2022-01-02T06:00:00+00:00
[2022-01-31 20:19:09,981] {processor.py:171} INFO - Processing /opt/airflow/dags/data_ingestion_local.py took 0.630 seconds
[2022-01-31 20:19:40,057] {processor.py:163} INFO - Started process (PID=1267) to work on /opt/airflow/dags/data_ingestion_local.py
[2022-01-31 20:19:40,062] {processor.py:642} INFO - Processing file /opt/airflow/dags/data_ingestion_local.py for tasks to queue
[2022-01-31 20:19:40,063] {logging_mixin.py:109} INFO - [2022-01-31 20:19:40,062] {dagbag.py:500} INFO - Filling up the DagBag from /opt/airflow/dags/data_ingestion_local.py
[2022-01-31 20:19:40,694] {processor.py:654} INFO - DAG(s) dict_keys(['Local_Ingestion_Dag']) retrieved from /opt/airflow/dags/data_ingestion_local.py
[2022-01-31 20:19:40,703] {logging_mixin.py:109} INFO - [2022-01-31 20:19:40,703] {dag.py:2396} INFO - Sync 1 DAGs
[2022-01-31 20:19:40,720] {logging_mixin.py:109} INFO - [2022-01-31 20:19:40,720] {dag.py:2935} INFO - Setting next_dagrun for Local_Ingestion_Dag to 2022-01-02T06:00:00+00:00
[2022-01-31 20:19:40,730] {processor.py:171} INFO - Processing /opt/airflow/dags/data_ingestion_local.py took 0.678 seconds
[2022-01-31 20:20:10,808] {processor.py:163} INFO - Started process (PID=1302) to work on /opt/airflow/dags/data_ingestion_local.py
[2022-01-31 20:20:10,809] {processor.py:642} INFO - Processing file /opt/airflow/dags/data_ingestion_local.py for tasks to queue
[2022-01-31 20:20:10,810] {logging_mixin.py:109} INFO - [2022-01-31 20:20:10,810] {dagbag.py:500} INFO - Filling up the DagBag from /opt/airflow/dags/data_ingestion_local.py
[2022-01-31 20:20:11,451] {processor.py:654} INFO - DAG(s) dict_keys(['Local_Ingestion_Dag']) retrieved from /opt/airflow/dags/data_ingestion_local.py
[2022-01-31 20:20:11,462] {logging_mixin.py:109} INFO - [2022-01-31 20:20:11,462] {dag.py:2396} INFO - Sync 1 DAGs
[2022-01-31 20:20:11,487] {logging_mixin.py:109} INFO - [2022-01-31 20:20:11,487] {dag.py:2935} INFO - Setting next_dagrun for Local_Ingestion_Dag to 2022-01-02T06:00:00+00:00
[2022-01-31 20:20:11,498] {processor.py:171} INFO - Processing /opt/airflow/dags/data_ingestion_local.py took 0.695 seconds
[2022-01-31 20:20:41,606] {processor.py:163} INFO - Started process (PID=1326) to work on /opt/airflow/dags/data_ingestion_local.py
[2022-01-31 20:20:41,609] {processor.py:642} INFO - Processing file /opt/airflow/dags/data_ingestion_local.py for tasks to queue
[2022-01-31 20:20:41,610] {logging_mixin.py:109} INFO - [2022-01-31 20:20:41,610] {dagbag.py:500} INFO - Filling up the DagBag from /opt/airflow/dags/data_ingestion_local.py
[2022-01-31 20:20:42,259] {processor.py:654} INFO - DAG(s) dict_keys(['Local_Ingestion_Dag']) retrieved from /opt/airflow/dags/data_ingestion_local.py
[2022-01-31 20:20:42,267] {logging_mixin.py:109} INFO - [2022-01-31 20:20:42,266] {dag.py:2396} INFO - Sync 1 DAGs
[2022-01-31 20:20:42,285] {logging_mixin.py:109} INFO - [2022-01-31 20:20:42,285] {dag.py:2935} INFO - Setting next_dagrun for Local_Ingestion_Dag to 2022-01-02T06:00:00+00:00
[2022-01-31 20:20:42,296] {processor.py:171} INFO - Processing /opt/airflow/dags/data_ingestion_local.py took 0.693 seconds
