[2022-01-31 20:53:26,033] {processor.py:163} INFO - Started process (PID=40) to work on /opt/airflow/dags/data_ingestion_gcs_dag.py
[2022-01-31 20:53:26,038] {processor.py:642} INFO - Processing file /opt/airflow/dags/data_ingestion_gcs_dag.py for tasks to queue
[2022-01-31 20:53:26,040] {logging_mixin.py:109} INFO - [2022-01-31 20:53:26,039] {dagbag.py:500} INFO - Filling up the DagBag from /opt/airflow/dags/data_ingestion_gcs_dag.py
[2022-01-31 20:53:29,433] {processor.py:654} INFO - DAG(s) dict_keys(['data_ingestion_gcs_dag_hw2_yellow_taxi']) retrieved from /opt/airflow/dags/data_ingestion_gcs_dag.py
[2022-01-31 20:53:37,761] {logging_mixin.py:109} INFO - [2022-01-31 20:53:37,761] {manager.py:496} INFO - Created Permission View: can edit on DAG:data_ingestion_gcs_dag_hw2_yellow_taxi
[2022-01-31 20:53:37,773] {logging_mixin.py:109} INFO - [2022-01-31 20:53:37,773] {manager.py:496} INFO - Created Permission View: can read on DAG:data_ingestion_gcs_dag_hw2_yellow_taxi
[2022-01-31 20:53:37,773] {logging_mixin.py:109} INFO - [2022-01-31 20:53:37,773] {dag.py:2396} INFO - Sync 1 DAGs
[2022-01-31 20:53:37,784] {logging_mixin.py:109} INFO - [2022-01-31 20:53:37,784] {dag.py:2415} INFO - Creating ORM DAG for data_ingestion_gcs_dag_hw2_yellow_taxi
[2022-01-31 20:53:37,798] {logging_mixin.py:109} INFO - [2022-01-31 20:53:37,797] {dag.py:2935} INFO - Setting next_dagrun for data_ingestion_gcs_dag_hw2_yellow_taxi to 2019-01-01T00:00:00+00:00
[2022-01-31 20:53:37,822] {processor.py:171} INFO - Processing /opt/airflow/dags/data_ingestion_gcs_dag.py took 11.822 seconds
[2022-01-31 20:54:07,919] {processor.py:163} INFO - Started process (PID=73) to work on /opt/airflow/dags/data_ingestion_gcs_dag.py
[2022-01-31 20:54:07,923] {processor.py:642} INFO - Processing file /opt/airflow/dags/data_ingestion_gcs_dag.py for tasks to queue
[2022-01-31 20:54:07,924] {logging_mixin.py:109} INFO - [2022-01-31 20:54:07,924] {dagbag.py:500} INFO - Filling up the DagBag from /opt/airflow/dags/data_ingestion_gcs_dag.py
[2022-01-31 20:54:08,752] {processor.py:654} INFO - DAG(s) dict_keys(['data_ingestion_gcs_dag_hw2_yellow_taxi']) retrieved from /opt/airflow/dags/data_ingestion_gcs_dag.py
[2022-01-31 20:54:08,762] {logging_mixin.py:109} INFO - [2022-01-31 20:54:08,761] {dag.py:2396} INFO - Sync 1 DAGs
[2022-01-31 20:54:08,779] {logging_mixin.py:109} INFO - [2022-01-31 20:54:08,779] {dag.py:2935} INFO - Setting next_dagrun for data_ingestion_gcs_dag_hw2_yellow_taxi to 2019-01-01T00:00:00+00:00
[2022-01-31 20:54:08,789] {processor.py:171} INFO - Processing /opt/airflow/dags/data_ingestion_gcs_dag.py took 0.875 seconds
[2022-01-31 20:54:38,863] {processor.py:163} INFO - Started process (PID=109) to work on /opt/airflow/dags/data_ingestion_gcs_dag.py
[2022-01-31 20:54:38,864] {processor.py:642} INFO - Processing file /opt/airflow/dags/data_ingestion_gcs_dag.py for tasks to queue
[2022-01-31 20:54:38,865] {logging_mixin.py:109} INFO - [2022-01-31 20:54:38,865] {dagbag.py:500} INFO - Filling up the DagBag from /opt/airflow/dags/data_ingestion_gcs_dag.py
[2022-01-31 20:54:39,665] {processor.py:654} INFO - DAG(s) dict_keys(['data_ingestion_gcs_dag_hw2_yellow_taxi']) retrieved from /opt/airflow/dags/data_ingestion_gcs_dag.py
[2022-01-31 20:54:39,675] {logging_mixin.py:109} INFO - [2022-01-31 20:54:39,675] {dag.py:2396} INFO - Sync 1 DAGs
[2022-01-31 20:54:39,696] {logging_mixin.py:109} INFO - [2022-01-31 20:54:39,696] {dag.py:2935} INFO - Setting next_dagrun for data_ingestion_gcs_dag_hw2_yellow_taxi to 2019-01-01T00:00:00+00:00
[2022-01-31 20:54:39,707] {processor.py:171} INFO - Processing /opt/airflow/dags/data_ingestion_gcs_dag.py took 0.848 seconds
[2022-01-31 20:55:09,778] {processor.py:163} INFO - Started process (PID=133) to work on /opt/airflow/dags/data_ingestion_gcs_dag.py
[2022-01-31 20:55:09,782] {processor.py:642} INFO - Processing file /opt/airflow/dags/data_ingestion_gcs_dag.py for tasks to queue
[2022-01-31 20:55:09,783] {logging_mixin.py:109} INFO - [2022-01-31 20:55:09,783] {dagbag.py:500} INFO - Filling up the DagBag from /opt/airflow/dags/data_ingestion_gcs_dag.py
[2022-01-31 20:55:10,595] {processor.py:654} INFO - DAG(s) dict_keys(['data_ingestion_gcs_dag_hw2_yellow_taxi']) retrieved from /opt/airflow/dags/data_ingestion_gcs_dag.py
[2022-01-31 20:55:10,604] {logging_mixin.py:109} INFO - [2022-01-31 20:55:10,604] {dag.py:2396} INFO - Sync 1 DAGs
[2022-01-31 20:55:10,622] {logging_mixin.py:109} INFO - [2022-01-31 20:55:10,621] {dag.py:2935} INFO - Setting next_dagrun for data_ingestion_gcs_dag_hw2_yellow_taxi to 2019-01-01T00:00:00+00:00
[2022-01-31 20:55:10,631] {processor.py:171} INFO - Processing /opt/airflow/dags/data_ingestion_gcs_dag.py took 0.858 seconds
[2022-01-31 20:55:40,705] {processor.py:163} INFO - Started process (PID=167) to work on /opt/airflow/dags/data_ingestion_gcs_dag.py
[2022-01-31 20:55:40,711] {processor.py:642} INFO - Processing file /opt/airflow/dags/data_ingestion_gcs_dag.py for tasks to queue
[2022-01-31 20:55:40,711] {logging_mixin.py:109} INFO - [2022-01-31 20:55:40,711] {dagbag.py:500} INFO - Filling up the DagBag from /opt/airflow/dags/data_ingestion_gcs_dag.py
[2022-01-31 20:55:41,523] {processor.py:654} INFO - DAG(s) dict_keys(['data_ingestion_gcs_dag_hw2_yellow_taxi']) retrieved from /opt/airflow/dags/data_ingestion_gcs_dag.py
[2022-01-31 20:55:41,535] {logging_mixin.py:109} INFO - [2022-01-31 20:55:41,535] {dag.py:2396} INFO - Sync 1 DAGs
[2022-01-31 20:55:41,551] {logging_mixin.py:109} INFO - [2022-01-31 20:55:41,551] {dag.py:2935} INFO - Setting next_dagrun for data_ingestion_gcs_dag_hw2_yellow_taxi to 2019-01-01T00:00:00+00:00
[2022-01-31 20:55:41,561] {processor.py:171} INFO - Processing /opt/airflow/dags/data_ingestion_gcs_dag.py took 0.861 seconds
[2022-01-31 20:56:11,608] {processor.py:163} INFO - Started process (PID=191) to work on /opt/airflow/dags/data_ingestion_gcs_dag.py
[2022-01-31 20:56:11,610] {processor.py:642} INFO - Processing file /opt/airflow/dags/data_ingestion_gcs_dag.py for tasks to queue
[2022-01-31 20:56:11,610] {logging_mixin.py:109} INFO - [2022-01-31 20:56:11,610] {dagbag.py:500} INFO - Filling up the DagBag from /opt/airflow/dags/data_ingestion_gcs_dag.py
[2022-01-31 20:56:12,475] {processor.py:654} INFO - DAG(s) dict_keys(['data_ingestion_gcs_dag_hw2_yellow_taxi']) retrieved from /opt/airflow/dags/data_ingestion_gcs_dag.py
[2022-01-31 20:56:12,490] {logging_mixin.py:109} INFO - [2022-01-31 20:56:12,490] {dag.py:2396} INFO - Sync 1 DAGs
[2022-01-31 20:56:12,514] {logging_mixin.py:109} INFO - [2022-01-31 20:56:12,513] {dag.py:2935} INFO - Setting next_dagrun for data_ingestion_gcs_dag_hw2_yellow_taxi to 2019-01-01T00:00:00+00:00
[2022-01-31 20:56:12,526] {processor.py:171} INFO - Processing /opt/airflow/dags/data_ingestion_gcs_dag.py took 0.923 seconds
[2022-01-31 20:56:42,627] {processor.py:163} INFO - Started process (PID=227) to work on /opt/airflow/dags/data_ingestion_gcs_dag.py
[2022-01-31 20:56:42,630] {processor.py:642} INFO - Processing file /opt/airflow/dags/data_ingestion_gcs_dag.py for tasks to queue
[2022-01-31 20:56:42,631] {logging_mixin.py:109} INFO - [2022-01-31 20:56:42,631] {dagbag.py:500} INFO - Filling up the DagBag from /opt/airflow/dags/data_ingestion_gcs_dag.py
[2022-01-31 20:56:43,475] {processor.py:654} INFO - DAG(s) dict_keys(['data_ingestion_gcs_dag_hw2_yellow_taxi']) retrieved from /opt/airflow/dags/data_ingestion_gcs_dag.py
[2022-01-31 20:56:43,488] {logging_mixin.py:109} INFO - [2022-01-31 20:56:43,487] {dag.py:2396} INFO - Sync 1 DAGs
[2022-01-31 20:56:43,504] {logging_mixin.py:109} INFO - [2022-01-31 20:56:43,504] {dag.py:2935} INFO - Setting next_dagrun for data_ingestion_gcs_dag_hw2_yellow_taxi to 2019-01-01T00:00:00+00:00
[2022-01-31 20:56:43,514] {processor.py:171} INFO - Processing /opt/airflow/dags/data_ingestion_gcs_dag.py took 0.892 seconds
