[2022-02-01 20:32:10,555] {processor.py:163} INFO - Started process (PID=3635) to work on /opt/airflow/dags/data_ingestion_gcs_dag_zones.py
[2022-02-01 20:32:10,556] {processor.py:642} INFO - Processing file /opt/airflow/dags/data_ingestion_gcs_dag_zones.py for tasks to queue
[2022-02-01 20:32:10,557] {logging_mixin.py:109} INFO - [2022-02-01 20:32:10,557] {dagbag.py:500} INFO - Filling up the DagBag from /opt/airflow/dags/data_ingestion_gcs_dag_zones.py
[2022-02-01 20:32:11,350] {processor.py:654} INFO - DAG(s) dict_keys(['data_ingestion_gcs_dag_hw2_fhv']) retrieved from /opt/airflow/dags/data_ingestion_gcs_dag_zones.py
[2022-02-01 20:32:11,552] {logging_mixin.py:109} INFO - [2022-02-01 20:32:11,552] {dag.py:2396} INFO - Sync 1 DAGs
[2022-02-01 20:32:11,567] {logging_mixin.py:109} INFO - [2022-02-01 20:32:11,567] {dag.py:2935} INFO - Setting next_dagrun for data_ingestion_gcs_dag_hw2_fhv to 2019-01-01T00:00:00+00:00
[2022-02-01 20:32:11,581] {processor.py:171} INFO - Processing /opt/airflow/dags/data_ingestion_gcs_dag_zones.py took 1.031 seconds
[2022-02-01 20:32:41,691] {processor.py:163} INFO - Started process (PID=3671) to work on /opt/airflow/dags/data_ingestion_gcs_dag_zones.py
[2022-02-01 20:32:41,693] {processor.py:642} INFO - Processing file /opt/airflow/dags/data_ingestion_gcs_dag_zones.py for tasks to queue
[2022-02-01 20:32:41,694] {logging_mixin.py:109} INFO - [2022-02-01 20:32:41,693] {dagbag.py:500} INFO - Filling up the DagBag from /opt/airflow/dags/data_ingestion_gcs_dag_zones.py
[2022-02-01 20:32:42,483] {processor.py:654} INFO - DAG(s) dict_keys(['data_ingestion_gcs_dag_hw2_fhv']) retrieved from /opt/airflow/dags/data_ingestion_gcs_dag_zones.py
[2022-02-01 20:32:42,496] {logging_mixin.py:109} INFO - [2022-02-01 20:32:42,496] {dag.py:2396} INFO - Sync 1 DAGs
[2022-02-01 20:32:42,514] {logging_mixin.py:109} INFO - [2022-02-01 20:32:42,514] {dag.py:2935} INFO - Setting next_dagrun for data_ingestion_gcs_dag_hw2_fhv to 2019-01-01T00:00:00+00:00
[2022-02-01 20:32:42,524] {processor.py:171} INFO - Processing /opt/airflow/dags/data_ingestion_gcs_dag_zones.py took 0.839 seconds
[2022-02-01 20:33:12,676] {processor.py:163} INFO - Started process (PID=3713) to work on /opt/airflow/dags/data_ingestion_gcs_dag_zones.py
[2022-02-01 20:33:12,680] {processor.py:642} INFO - Processing file /opt/airflow/dags/data_ingestion_gcs_dag_zones.py for tasks to queue
[2022-02-01 20:33:12,681] {logging_mixin.py:109} INFO - [2022-02-01 20:33:12,681] {dagbag.py:500} INFO - Filling up the DagBag from /opt/airflow/dags/data_ingestion_gcs_dag_zones.py
[2022-02-01 20:33:13,448] {processor.py:654} INFO - DAG(s) dict_keys(['data_ingestion_gcs_dag_hw2_fhv']) retrieved from /opt/airflow/dags/data_ingestion_gcs_dag_zones.py
[2022-02-01 20:33:13,453] {logging_mixin.py:109} INFO - [2022-02-01 20:33:13,452] {dag.py:2396} INFO - Sync 1 DAGs
[2022-02-01 20:33:13,469] {logging_mixin.py:109} INFO - [2022-02-01 20:33:13,469] {dag.py:2935} INFO - Setting next_dagrun for data_ingestion_gcs_dag_hw2_fhv to 2019-01-01T00:00:00+00:00
[2022-02-01 20:33:13,479] {processor.py:171} INFO - Processing /opt/airflow/dags/data_ingestion_gcs_dag_zones.py took 0.808 seconds
[2022-02-01 20:33:43,578] {processor.py:163} INFO - Started process (PID=3748) to work on /opt/airflow/dags/data_ingestion_gcs_dag_zones.py
[2022-02-01 20:33:43,582] {processor.py:642} INFO - Processing file /opt/airflow/dags/data_ingestion_gcs_dag_zones.py for tasks to queue
[2022-02-01 20:33:43,583] {logging_mixin.py:109} INFO - [2022-02-01 20:33:43,583] {dagbag.py:500} INFO - Filling up the DagBag from /opt/airflow/dags/data_ingestion_gcs_dag_zones.py
[2022-02-01 20:33:44,633] {processor.py:654} INFO - DAG(s) dict_keys(['data_ingestion_gcs_dag_hw2_fhv']) retrieved from /opt/airflow/dags/data_ingestion_gcs_dag_zones.py
[2022-02-01 20:33:44,824] {logging_mixin.py:109} INFO - [2022-02-01 20:33:44,824] {dag.py:2396} INFO - Sync 1 DAGs
[2022-02-01 20:33:44,838] {logging_mixin.py:109} INFO - [2022-02-01 20:33:44,838] {dag.py:2935} INFO - Setting next_dagrun for data_ingestion_gcs_dag_hw2_fhv to 2019-01-01T00:00:00+00:00
[2022-02-01 20:33:44,850] {processor.py:171} INFO - Processing /opt/airflow/dags/data_ingestion_gcs_dag_zones.py took 1.280 seconds
[2022-02-01 20:34:14,940] {processor.py:163} INFO - Started process (PID=3790) to work on /opt/airflow/dags/data_ingestion_gcs_dag_zones.py
[2022-02-01 20:34:14,942] {processor.py:642} INFO - Processing file /opt/airflow/dags/data_ingestion_gcs_dag_zones.py for tasks to queue
[2022-02-01 20:34:14,943] {logging_mixin.py:109} INFO - [2022-02-01 20:34:14,942] {dagbag.py:500} INFO - Filling up the DagBag from /opt/airflow/dags/data_ingestion_gcs_dag_zones.py
[2022-02-01 20:34:15,716] {processor.py:654} INFO - DAG(s) dict_keys(['data_ingestion_gcs_dag_hw2_fhv']) retrieved from /opt/airflow/dags/data_ingestion_gcs_dag_zones.py
[2022-02-01 20:34:15,726] {logging_mixin.py:109} INFO - [2022-02-01 20:34:15,726] {dag.py:2396} INFO - Sync 1 DAGs
[2022-02-01 20:34:15,742] {logging_mixin.py:109} INFO - [2022-02-01 20:34:15,742] {dag.py:2935} INFO - Setting next_dagrun for data_ingestion_gcs_dag_hw2_fhv to 2019-01-01T00:00:00+00:00
[2022-02-01 20:34:15,753] {processor.py:171} INFO - Processing /opt/airflow/dags/data_ingestion_gcs_dag_zones.py took 0.817 seconds
[2022-02-01 20:34:20,449] {processor.py:163} INFO - Started process (PID=3795) to work on /opt/airflow/dags/data_ingestion_gcs_dag_zones.py
[2022-02-01 20:34:20,451] {processor.py:642} INFO - Processing file /opt/airflow/dags/data_ingestion_gcs_dag_zones.py for tasks to queue
[2022-02-01 20:34:20,452] {logging_mixin.py:109} INFO - [2022-02-01 20:34:20,452] {dagbag.py:500} INFO - Filling up the DagBag from /opt/airflow/dags/data_ingestion_gcs_dag_zones.py
[2022-02-01 20:34:21,369] {processor.py:690} INFO - Deactivated 1 DAGs which are no longer present in /opt/airflow/dags/data_ingestion_gcs_dag_zones.py
[2022-02-01 20:34:21,369] {processor.py:654} INFO - DAG(s) dict_keys(['data_ingestion_gcs_dag_hw2_zones']) retrieved from /opt/airflow/dags/data_ingestion_gcs_dag_zones.py
[2022-02-01 20:34:22,908] {logging_mixin.py:109} INFO - [2022-02-01 20:34:22,908] {manager.py:496} INFO - Created Permission View: can read on DAG:data_ingestion_gcs_dag_hw2_zones
[2022-02-01 20:34:22,921] {logging_mixin.py:109} INFO - [2022-02-01 20:34:22,921] {manager.py:496} INFO - Created Permission View: can edit on DAG:data_ingestion_gcs_dag_hw2_zones
[2022-02-01 20:34:22,922] {logging_mixin.py:109} INFO - [2022-02-01 20:34:22,921] {dag.py:2396} INFO - Sync 1 DAGs
[2022-02-01 20:34:22,933] {logging_mixin.py:109} INFO - [2022-02-01 20:34:22,932] {dag.py:2415} INFO - Creating ORM DAG for data_ingestion_gcs_dag_hw2_zones
[2022-02-01 20:34:22,944] {logging_mixin.py:109} INFO - [2022-02-01 20:34:22,944] {dag.py:2935} INFO - Setting next_dagrun for data_ingestion_gcs_dag_hw2_zones to 2022-01-31T00:00:00+00:00
[2022-02-01 20:34:22,963] {processor.py:171} INFO - Processing /opt/airflow/dags/data_ingestion_gcs_dag_zones.py took 2.519 seconds
[2022-02-01 20:34:53,737] {processor.py:163} INFO - Started process (PID=3840) to work on /opt/airflow/dags/data_ingestion_gcs_dag_zones.py
[2022-02-01 20:34:53,739] {processor.py:642} INFO - Processing file /opt/airflow/dags/data_ingestion_gcs_dag_zones.py for tasks to queue
[2022-02-01 20:34:53,740] {logging_mixin.py:109} INFO - [2022-02-01 20:34:53,739] {dagbag.py:500} INFO - Filling up the DagBag from /opt/airflow/dags/data_ingestion_gcs_dag_zones.py
[2022-02-01 20:34:54,512] {processor.py:654} INFO - DAG(s) dict_keys(['data_ingestion_gcs_dag_hw2_zones']) retrieved from /opt/airflow/dags/data_ingestion_gcs_dag_zones.py
[2022-02-01 20:34:54,523] {logging_mixin.py:109} INFO - [2022-02-01 20:34:54,523] {dag.py:2396} INFO - Sync 1 DAGs
[2022-02-01 20:34:54,538] {logging_mixin.py:109} INFO - [2022-02-01 20:34:54,538] {dag.py:2935} INFO - Setting next_dagrun for data_ingestion_gcs_dag_hw2_zones to 2022-01-31T00:00:00+00:00
[2022-02-01 20:34:54,548] {processor.py:171} INFO - Processing /opt/airflow/dags/data_ingestion_gcs_dag_zones.py took 0.816 seconds
[2022-02-01 20:35:24,659] {processor.py:163} INFO - Started process (PID=3876) to work on /opt/airflow/dags/data_ingestion_gcs_dag_zones.py
[2022-02-01 20:35:24,660] {processor.py:642} INFO - Processing file /opt/airflow/dags/data_ingestion_gcs_dag_zones.py for tasks to queue
[2022-02-01 20:35:24,661] {logging_mixin.py:109} INFO - [2022-02-01 20:35:24,661] {dagbag.py:500} INFO - Filling up the DagBag from /opt/airflow/dags/data_ingestion_gcs_dag_zones.py
[2022-02-01 20:35:25,510] {processor.py:654} INFO - DAG(s) dict_keys(['data_ingestion_gcs_dag_hw2_zones']) retrieved from /opt/airflow/dags/data_ingestion_gcs_dag_zones.py
[2022-02-01 20:35:25,520] {logging_mixin.py:109} INFO - [2022-02-01 20:35:25,520] {dag.py:2396} INFO - Sync 1 DAGs
[2022-02-01 20:35:25,535] {logging_mixin.py:109} INFO - [2022-02-01 20:35:25,535] {dag.py:2935} INFO - Setting next_dagrun for data_ingestion_gcs_dag_hw2_zones to 2022-01-31T00:00:00+00:00
[2022-02-01 20:35:25,545] {processor.py:171} INFO - Processing /opt/airflow/dags/data_ingestion_gcs_dag_zones.py took 0.890 seconds
[2022-02-01 20:35:46,439] {processor.py:163} INFO - Started process (PID=3909) to work on /opt/airflow/dags/data_ingestion_gcs_dag_zones.py
[2022-02-01 20:35:46,441] {processor.py:642} INFO - Processing file /opt/airflow/dags/data_ingestion_gcs_dag_zones.py for tasks to queue
[2022-02-01 20:35:46,442] {logging_mixin.py:109} INFO - [2022-02-01 20:35:46,442] {dagbag.py:500} INFO - Filling up the DagBag from /opt/airflow/dags/data_ingestion_gcs_dag_zones.py
[2022-02-01 20:35:47,188] {processor.py:654} INFO - DAG(s) dict_keys(['data_ingestion_gcs_dag_hw2_zones']) retrieved from /opt/airflow/dags/data_ingestion_gcs_dag_zones.py
[2022-02-01 20:35:47,380] {logging_mixin.py:109} INFO - [2022-02-01 20:35:47,380] {dag.py:2396} INFO - Sync 1 DAGs
[2022-02-01 20:35:47,394] {logging_mixin.py:109} INFO - [2022-02-01 20:35:47,394] {dag.py:2935} INFO - Setting next_dagrun for data_ingestion_gcs_dag_hw2_zones to 2022-01-31T00:00:00+00:00
[2022-02-01 20:35:47,408] {processor.py:171} INFO - Processing /opt/airflow/dags/data_ingestion_gcs_dag_zones.py took 0.974 seconds
[2022-02-01 20:36:17,556] {processor.py:163} INFO - Started process (PID=3953) to work on /opt/airflow/dags/data_ingestion_gcs_dag_zones.py
[2022-02-01 20:36:17,557] {processor.py:642} INFO - Processing file /opt/airflow/dags/data_ingestion_gcs_dag_zones.py for tasks to queue
[2022-02-01 20:36:17,558] {logging_mixin.py:109} INFO - [2022-02-01 20:36:17,558] {dagbag.py:500} INFO - Filling up the DagBag from /opt/airflow/dags/data_ingestion_gcs_dag_zones.py
[2022-02-01 20:36:18,320] {processor.py:654} INFO - DAG(s) dict_keys(['data_ingestion_gcs_dag_hw2_zones']) retrieved from /opt/airflow/dags/data_ingestion_gcs_dag_zones.py
[2022-02-01 20:36:18,330] {logging_mixin.py:109} INFO - [2022-02-01 20:36:18,330] {dag.py:2396} INFO - Sync 1 DAGs
[2022-02-01 20:36:18,347] {logging_mixin.py:109} INFO - [2022-02-01 20:36:18,347] {dag.py:2935} INFO - Setting next_dagrun for data_ingestion_gcs_dag_hw2_zones to 2022-01-31T00:00:00+00:00
[2022-02-01 20:36:18,356] {processor.py:171} INFO - Processing /opt/airflow/dags/data_ingestion_gcs_dag_zones.py took 0.805 seconds
[2022-02-01 20:36:42,619] {processor.py:163} INFO - Started process (PID=3987) to work on /opt/airflow/dags/data_ingestion_gcs_dag_zones.py
[2022-02-01 20:36:42,625] {processor.py:642} INFO - Processing file /opt/airflow/dags/data_ingestion_gcs_dag_zones.py for tasks to queue
[2022-02-01 20:36:42,626] {logging_mixin.py:109} INFO - [2022-02-01 20:36:42,626] {dagbag.py:500} INFO - Filling up the DagBag from /opt/airflow/dags/data_ingestion_gcs_dag_zones.py
[2022-02-01 20:36:43,408] {processor.py:654} INFO - DAG(s) dict_keys(['data_ingestion_gcs_dag_hw2_zones']) retrieved from /opt/airflow/dags/data_ingestion_gcs_dag_zones.py
[2022-02-01 20:36:43,418] {logging_mixin.py:109} INFO - [2022-02-01 20:36:43,418] {dag.py:2396} INFO - Sync 1 DAGs
[2022-02-01 20:36:43,435] {logging_mixin.py:109} INFO - [2022-02-01 20:36:43,435] {dag.py:2935} INFO - Setting next_dagrun for data_ingestion_gcs_dag_hw2_zones to 2022-01-31T00:00:00+00:00
[2022-02-01 20:36:43,447] {processor.py:171} INFO - Processing /opt/airflow/dags/data_ingestion_gcs_dag_zones.py took 0.833 seconds
[2022-02-01 20:37:14,281] {processor.py:163} INFO - Started process (PID=4021) to work on /opt/airflow/dags/data_ingestion_gcs_dag_zones.py
[2022-02-01 20:37:14,282] {processor.py:642} INFO - Processing file /opt/airflow/dags/data_ingestion_gcs_dag_zones.py for tasks to queue
[2022-02-01 20:37:14,283] {logging_mixin.py:109} INFO - [2022-02-01 20:37:14,283] {dagbag.py:500} INFO - Filling up the DagBag from /opt/airflow/dags/data_ingestion_gcs_dag_zones.py
[2022-02-01 20:37:15,328] {processor.py:654} INFO - DAG(s) dict_keys(['data_ingestion_gcs_dag_hw2_zones']) retrieved from /opt/airflow/dags/data_ingestion_gcs_dag_zones.py
[2022-02-01 20:37:15,342] {logging_mixin.py:109} INFO - [2022-02-01 20:37:15,342] {dag.py:2396} INFO - Sync 1 DAGs
[2022-02-01 20:37:15,366] {logging_mixin.py:109} INFO - [2022-02-01 20:37:15,366] {dag.py:2935} INFO - Setting next_dagrun for data_ingestion_gcs_dag_hw2_zones to 2022-01-31T00:00:00+00:00
[2022-02-01 20:37:15,379] {processor.py:171} INFO - Processing /opt/airflow/dags/data_ingestion_gcs_dag_zones.py took 1.103 seconds
[2022-02-01 20:37:45,528] {processor.py:163} INFO - Started process (PID=4067) to work on /opt/airflow/dags/data_ingestion_gcs_dag_zones.py
[2022-02-01 20:37:45,530] {processor.py:642} INFO - Processing file /opt/airflow/dags/data_ingestion_gcs_dag_zones.py for tasks to queue
[2022-02-01 20:37:45,531] {logging_mixin.py:109} INFO - [2022-02-01 20:37:45,531] {dagbag.py:500} INFO - Filling up the DagBag from /opt/airflow/dags/data_ingestion_gcs_dag_zones.py
[2022-02-01 20:37:46,381] {processor.py:654} INFO - DAG(s) dict_keys(['data_ingestion_gcs_dag_hw2_zones']) retrieved from /opt/airflow/dags/data_ingestion_gcs_dag_zones.py
[2022-02-01 20:37:46,391] {logging_mixin.py:109} INFO - [2022-02-01 20:37:46,391] {dag.py:2396} INFO - Sync 1 DAGs
[2022-02-01 20:37:46,409] {logging_mixin.py:109} INFO - [2022-02-01 20:37:46,409] {dag.py:2935} INFO - Setting next_dagrun for data_ingestion_gcs_dag_hw2_zones to 2022-01-31T00:00:00+00:00
[2022-02-01 20:37:46,420] {processor.py:171} INFO - Processing /opt/airflow/dags/data_ingestion_gcs_dag_zones.py took 0.896 seconds
[2022-02-01 20:38:16,454] {processor.py:163} INFO - Started process (PID=4102) to work on /opt/airflow/dags/data_ingestion_gcs_dag_zones.py
[2022-02-01 20:38:16,457] {processor.py:642} INFO - Processing file /opt/airflow/dags/data_ingestion_gcs_dag_zones.py for tasks to queue
[2022-02-01 20:38:16,458] {logging_mixin.py:109} INFO - [2022-02-01 20:38:16,457] {dagbag.py:500} INFO - Filling up the DagBag from /opt/airflow/dags/data_ingestion_gcs_dag_zones.py
[2022-02-01 20:38:17,318] {processor.py:654} INFO - DAG(s) dict_keys(['data_ingestion_gcs_dag_hw2_zones']) retrieved from /opt/airflow/dags/data_ingestion_gcs_dag_zones.py
[2022-02-01 20:38:17,333] {logging_mixin.py:109} INFO - [2022-02-01 20:38:17,332] {dag.py:2396} INFO - Sync 1 DAGs
[2022-02-01 20:38:17,358] {logging_mixin.py:109} INFO - [2022-02-01 20:38:17,357] {dag.py:2935} INFO - Setting next_dagrun for data_ingestion_gcs_dag_hw2_zones to 2022-01-31T00:00:00+00:00
[2022-02-01 20:38:17,369] {processor.py:171} INFO - Processing /opt/airflow/dags/data_ingestion_gcs_dag_zones.py took 0.921 seconds
[2022-02-01 20:38:47,598] {processor.py:163} INFO - Started process (PID=4145) to work on /opt/airflow/dags/data_ingestion_gcs_dag_zones.py
[2022-02-01 20:38:47,601] {processor.py:642} INFO - Processing file /opt/airflow/dags/data_ingestion_gcs_dag_zones.py for tasks to queue
[2022-02-01 20:38:47,602] {logging_mixin.py:109} INFO - [2022-02-01 20:38:47,602] {dagbag.py:500} INFO - Filling up the DagBag from /opt/airflow/dags/data_ingestion_gcs_dag_zones.py
[2022-02-01 20:38:48,367] {processor.py:654} INFO - DAG(s) dict_keys(['data_ingestion_gcs_dag_hw2_zones']) retrieved from /opt/airflow/dags/data_ingestion_gcs_dag_zones.py
[2022-02-01 20:38:48,381] {logging_mixin.py:109} INFO - [2022-02-01 20:38:48,380] {dag.py:2396} INFO - Sync 1 DAGs
[2022-02-01 20:38:48,405] {logging_mixin.py:109} INFO - [2022-02-01 20:38:48,405] {dag.py:2935} INFO - Setting next_dagrun for data_ingestion_gcs_dag_hw2_zones to 2022-01-31T00:00:00+00:00
[2022-02-01 20:38:48,417] {processor.py:171} INFO - Processing /opt/airflow/dags/data_ingestion_gcs_dag_zones.py took 0.824 seconds
[2022-02-01 20:39:19,344] {processor.py:163} INFO - Started process (PID=4179) to work on /opt/airflow/dags/data_ingestion_gcs_dag_zones.py
[2022-02-01 20:39:19,346] {processor.py:642} INFO - Processing file /opt/airflow/dags/data_ingestion_gcs_dag_zones.py for tasks to queue
[2022-02-01 20:39:19,347] {logging_mixin.py:109} INFO - [2022-02-01 20:39:19,346] {dagbag.py:500} INFO - Filling up the DagBag from /opt/airflow/dags/data_ingestion_gcs_dag_zones.py
[2022-02-01 20:39:20,123] {processor.py:654} INFO - DAG(s) dict_keys(['data_ingestion_gcs_dag_hw2_zones']) retrieved from /opt/airflow/dags/data_ingestion_gcs_dag_zones.py
[2022-02-01 20:39:20,139] {logging_mixin.py:109} INFO - [2022-02-01 20:39:20,139] {dag.py:2396} INFO - Sync 1 DAGs
[2022-02-01 20:39:20,161] {logging_mixin.py:109} INFO - [2022-02-01 20:39:20,161] {dag.py:2935} INFO - Setting next_dagrun for data_ingestion_gcs_dag_hw2_zones to 2022-01-31T00:00:00+00:00
[2022-02-01 20:39:20,172] {processor.py:171} INFO - Processing /opt/airflow/dags/data_ingestion_gcs_dag_zones.py took 0.833 seconds
[2022-02-01 20:39:50,444] {processor.py:163} INFO - Started process (PID=4223) to work on /opt/airflow/dags/data_ingestion_gcs_dag_zones.py
[2022-02-01 20:39:50,448] {processor.py:642} INFO - Processing file /opt/airflow/dags/data_ingestion_gcs_dag_zones.py for tasks to queue
[2022-02-01 20:39:50,449] {logging_mixin.py:109} INFO - [2022-02-01 20:39:50,449] {dagbag.py:500} INFO - Filling up the DagBag from /opt/airflow/dags/data_ingestion_gcs_dag_zones.py
[2022-02-01 20:39:51,219] {processor.py:654} INFO - DAG(s) dict_keys(['data_ingestion_gcs_dag_hw2_zones']) retrieved from /opt/airflow/dags/data_ingestion_gcs_dag_zones.py
[2022-02-01 20:39:51,231] {logging_mixin.py:109} INFO - [2022-02-01 20:39:51,231] {dag.py:2396} INFO - Sync 1 DAGs
[2022-02-01 20:39:51,253] {logging_mixin.py:109} INFO - [2022-02-01 20:39:51,253] {dag.py:2935} INFO - Setting next_dagrun for data_ingestion_gcs_dag_hw2_zones to 2022-01-31T00:00:00+00:00
[2022-02-01 20:39:51,263] {processor.py:171} INFO - Processing /opt/airflow/dags/data_ingestion_gcs_dag_zones.py took 0.823 seconds
[2022-02-01 20:40:21,375] {processor.py:163} INFO - Started process (PID=4257) to work on /opt/airflow/dags/data_ingestion_gcs_dag_zones.py
[2022-02-01 20:40:21,378] {processor.py:642} INFO - Processing file /opt/airflow/dags/data_ingestion_gcs_dag_zones.py for tasks to queue
[2022-02-01 20:40:21,379] {logging_mixin.py:109} INFO - [2022-02-01 20:40:21,378] {dagbag.py:500} INFO - Filling up the DagBag from /opt/airflow/dags/data_ingestion_gcs_dag_zones.py
[2022-02-01 20:40:22,156] {processor.py:654} INFO - DAG(s) dict_keys(['data_ingestion_gcs_dag_hw2_zones']) retrieved from /opt/airflow/dags/data_ingestion_gcs_dag_zones.py
[2022-02-01 20:40:22,166] {logging_mixin.py:109} INFO - [2022-02-01 20:40:22,166] {dag.py:2396} INFO - Sync 1 DAGs
[2022-02-01 20:40:22,182] {logging_mixin.py:109} INFO - [2022-02-01 20:40:22,181] {dag.py:2935} INFO - Setting next_dagrun for data_ingestion_gcs_dag_hw2_zones to 2022-01-31T00:00:00+00:00
[2022-02-01 20:40:22,192] {processor.py:171} INFO - Processing /opt/airflow/dags/data_ingestion_gcs_dag_zones.py took 0.821 seconds
[2022-02-01 20:40:52,499] {processor.py:163} INFO - Started process (PID=4302) to work on /opt/airflow/dags/data_ingestion_gcs_dag_zones.py
[2022-02-01 20:40:52,502] {processor.py:642} INFO - Processing file /opt/airflow/dags/data_ingestion_gcs_dag_zones.py for tasks to queue
[2022-02-01 20:40:52,503] {logging_mixin.py:109} INFO - [2022-02-01 20:40:52,502] {dagbag.py:500} INFO - Filling up the DagBag from /opt/airflow/dags/data_ingestion_gcs_dag_zones.py
[2022-02-01 20:40:53,347] {processor.py:654} INFO - DAG(s) dict_keys(['data_ingestion_gcs_dag_hw2_zones']) retrieved from /opt/airflow/dags/data_ingestion_gcs_dag_zones.py
[2022-02-01 20:40:53,357] {logging_mixin.py:109} INFO - [2022-02-01 20:40:53,356] {dag.py:2396} INFO - Sync 1 DAGs
[2022-02-01 20:40:53,393] {logging_mixin.py:109} INFO - [2022-02-01 20:40:53,393] {dag.py:2935} INFO - Setting next_dagrun for data_ingestion_gcs_dag_hw2_zones to 2022-01-31T00:00:00+00:00
[2022-02-01 20:40:53,411] {processor.py:171} INFO - Processing /opt/airflow/dags/data_ingestion_gcs_dag_zones.py took 0.916 seconds
[2022-02-01 20:41:23,518] {processor.py:163} INFO - Started process (PID=4336) to work on /opt/airflow/dags/data_ingestion_gcs_dag_zones.py
[2022-02-01 20:41:23,520] {processor.py:642} INFO - Processing file /opt/airflow/dags/data_ingestion_gcs_dag_zones.py for tasks to queue
[2022-02-01 20:41:23,521] {logging_mixin.py:109} INFO - [2022-02-01 20:41:23,521] {dagbag.py:500} INFO - Filling up the DagBag from /opt/airflow/dags/data_ingestion_gcs_dag_zones.py
[2022-02-01 20:41:24,273] {processor.py:654} INFO - DAG(s) dict_keys(['data_ingestion_gcs_dag_hw2_zones']) retrieved from /opt/airflow/dags/data_ingestion_gcs_dag_zones.py
[2022-02-01 20:41:24,283] {logging_mixin.py:109} INFO - [2022-02-01 20:41:24,283] {dag.py:2396} INFO - Sync 1 DAGs
[2022-02-01 20:41:24,299] {logging_mixin.py:109} INFO - [2022-02-01 20:41:24,299] {dag.py:2935} INFO - Setting next_dagrun for data_ingestion_gcs_dag_hw2_zones to 2022-01-31T00:00:00+00:00
[2022-02-01 20:41:24,308] {processor.py:171} INFO - Processing /opt/airflow/dags/data_ingestion_gcs_dag_zones.py took 0.795 seconds
[2022-02-01 20:41:54,404] {processor.py:163} INFO - Started process (PID=4381) to work on /opt/airflow/dags/data_ingestion_gcs_dag_zones.py
[2022-02-01 20:41:54,407] {processor.py:642} INFO - Processing file /opt/airflow/dags/data_ingestion_gcs_dag_zones.py for tasks to queue
[2022-02-01 20:41:54,408] {logging_mixin.py:109} INFO - [2022-02-01 20:41:54,407] {dagbag.py:500} INFO - Filling up the DagBag from /opt/airflow/dags/data_ingestion_gcs_dag_zones.py
[2022-02-01 20:41:55,397] {processor.py:654} INFO - DAG(s) dict_keys(['data_ingestion_gcs_dag_hw2_zones']) retrieved from /opt/airflow/dags/data_ingestion_gcs_dag_zones.py
[2022-02-01 20:41:55,412] {logging_mixin.py:109} INFO - [2022-02-01 20:41:55,411] {dag.py:2396} INFO - Sync 1 DAGs
[2022-02-01 20:41:55,446] {processor.py:171} INFO - Processing /opt/airflow/dags/data_ingestion_gcs_dag_zones.py took 1.047 seconds
[2022-02-01 20:42:25,570] {processor.py:163} INFO - Started process (PID=4417) to work on /opt/airflow/dags/data_ingestion_gcs_dag_zones.py
[2022-02-01 20:42:25,572] {processor.py:642} INFO - Processing file /opt/airflow/dags/data_ingestion_gcs_dag_zones.py for tasks to queue
[2022-02-01 20:42:25,573] {logging_mixin.py:109} INFO - [2022-02-01 20:42:25,572] {dagbag.py:500} INFO - Filling up the DagBag from /opt/airflow/dags/data_ingestion_gcs_dag_zones.py
[2022-02-01 20:42:26,367] {processor.py:654} INFO - DAG(s) dict_keys(['data_ingestion_gcs_dag_hw2_zones']) retrieved from /opt/airflow/dags/data_ingestion_gcs_dag_zones.py
[2022-02-01 20:42:26,377] {logging_mixin.py:109} INFO - [2022-02-01 20:42:26,376] {dag.py:2396} INFO - Sync 1 DAGs
[2022-02-01 20:42:26,392] {logging_mixin.py:109} INFO - [2022-02-01 20:42:26,391] {dag.py:2935} INFO - Setting next_dagrun for data_ingestion_gcs_dag_hw2_zones to None
[2022-02-01 20:42:26,402] {processor.py:171} INFO - Processing /opt/airflow/dags/data_ingestion_gcs_dag_zones.py took 0.836 seconds
[2022-02-01 20:42:56,432] {processor.py:163} INFO - Started process (PID=4460) to work on /opt/airflow/dags/data_ingestion_gcs_dag_zones.py
[2022-02-01 20:42:56,437] {processor.py:642} INFO - Processing file /opt/airflow/dags/data_ingestion_gcs_dag_zones.py for tasks to queue
[2022-02-01 20:42:56,438] {logging_mixin.py:109} INFO - [2022-02-01 20:42:56,438] {dagbag.py:500} INFO - Filling up the DagBag from /opt/airflow/dags/data_ingestion_gcs_dag_zones.py
[2022-02-01 20:42:57,185] {processor.py:654} INFO - DAG(s) dict_keys(['data_ingestion_gcs_dag_hw2_zones']) retrieved from /opt/airflow/dags/data_ingestion_gcs_dag_zones.py
[2022-02-01 20:42:57,196] {logging_mixin.py:109} INFO - [2022-02-01 20:42:57,196] {dag.py:2396} INFO - Sync 1 DAGs
[2022-02-01 20:42:57,211] {logging_mixin.py:109} INFO - [2022-02-01 20:42:57,211] {dag.py:2935} INFO - Setting next_dagrun for data_ingestion_gcs_dag_hw2_zones to None
[2022-02-01 20:42:57,220] {processor.py:171} INFO - Processing /opt/airflow/dags/data_ingestion_gcs_dag_zones.py took 0.794 seconds
[2022-02-01 20:43:27,259] {processor.py:163} INFO - Started process (PID=4499) to work on /opt/airflow/dags/data_ingestion_gcs_dag_zones.py
[2022-02-01 20:43:27,262] {processor.py:642} INFO - Processing file /opt/airflow/dags/data_ingestion_gcs_dag_zones.py for tasks to queue
[2022-02-01 20:43:27,263] {logging_mixin.py:109} INFO - [2022-02-01 20:43:27,263] {dagbag.py:500} INFO - Filling up the DagBag from /opt/airflow/dags/data_ingestion_gcs_dag_zones.py
[2022-02-01 20:43:28,042] {processor.py:654} INFO - DAG(s) dict_keys(['data_ingestion_gcs_dag_hw2_zones']) retrieved from /opt/airflow/dags/data_ingestion_gcs_dag_zones.py
[2022-02-01 20:43:28,051] {logging_mixin.py:109} INFO - [2022-02-01 20:43:28,051] {dag.py:2396} INFO - Sync 1 DAGs
[2022-02-01 20:43:28,067] {logging_mixin.py:109} INFO - [2022-02-01 20:43:28,067] {dag.py:2935} INFO - Setting next_dagrun for data_ingestion_gcs_dag_hw2_zones to None
[2022-02-01 20:43:28,076] {processor.py:171} INFO - Processing /opt/airflow/dags/data_ingestion_gcs_dag_zones.py took 0.822 seconds
[2022-02-01 20:43:58,572] {processor.py:163} INFO - Started process (PID=4533) to work on /opt/airflow/dags/data_ingestion_gcs_dag_zones.py
[2022-02-01 20:43:58,574] {processor.py:642} INFO - Processing file /opt/airflow/dags/data_ingestion_gcs_dag_zones.py for tasks to queue
[2022-02-01 20:43:58,575] {logging_mixin.py:109} INFO - [2022-02-01 20:43:58,575] {dagbag.py:500} INFO - Filling up the DagBag from /opt/airflow/dags/data_ingestion_gcs_dag_zones.py
[2022-02-01 20:43:59,905] {processor.py:654} INFO - DAG(s) dict_keys(['data_ingestion_gcs_dag_hw2_zones']) retrieved from /opt/airflow/dags/data_ingestion_gcs_dag_zones.py
[2022-02-01 20:43:59,920] {logging_mixin.py:109} INFO - [2022-02-01 20:43:59,920] {dag.py:2396} INFO - Sync 1 DAGs
[2022-02-01 20:43:59,942] {logging_mixin.py:109} INFO - [2022-02-01 20:43:59,942] {dag.py:2935} INFO - Setting next_dagrun for data_ingestion_gcs_dag_hw2_zones to None
[2022-02-01 20:43:59,954] {processor.py:171} INFO - Processing /opt/airflow/dags/data_ingestion_gcs_dag_zones.py took 1.387 seconds
[2022-02-01 20:44:30,173] {processor.py:163} INFO - Started process (PID=4578) to work on /opt/airflow/dags/data_ingestion_gcs_dag_zones.py
[2022-02-01 20:44:30,178] {processor.py:642} INFO - Processing file /opt/airflow/dags/data_ingestion_gcs_dag_zones.py for tasks to queue
[2022-02-01 20:44:30,179] {logging_mixin.py:109} INFO - [2022-02-01 20:44:30,179] {dagbag.py:500} INFO - Filling up the DagBag from /opt/airflow/dags/data_ingestion_gcs_dag_zones.py
[2022-02-01 20:44:31,155] {processor.py:654} INFO - DAG(s) dict_keys(['data_ingestion_gcs_dag_hw2_zones']) retrieved from /opt/airflow/dags/data_ingestion_gcs_dag_zones.py
[2022-02-01 20:44:31,172] {logging_mixin.py:109} INFO - [2022-02-01 20:44:31,171] {dag.py:2396} INFO - Sync 1 DAGs
[2022-02-01 20:44:31,189] {logging_mixin.py:109} INFO - [2022-02-01 20:44:31,189] {dag.py:2935} INFO - Setting next_dagrun for data_ingestion_gcs_dag_hw2_zones to None
[2022-02-01 20:44:31,201] {processor.py:171} INFO - Processing /opt/airflow/dags/data_ingestion_gcs_dag_zones.py took 1.033 seconds
[2022-02-01 20:45:02,122] {processor.py:163} INFO - Started process (PID=4613) to work on /opt/airflow/dags/data_ingestion_gcs_dag_zones.py
[2022-02-01 20:45:02,123] {processor.py:642} INFO - Processing file /opt/airflow/dags/data_ingestion_gcs_dag_zones.py for tasks to queue
[2022-02-01 20:45:02,124] {logging_mixin.py:109} INFO - [2022-02-01 20:45:02,124] {dagbag.py:500} INFO - Filling up the DagBag from /opt/airflow/dags/data_ingestion_gcs_dag_zones.py
[2022-02-01 20:45:02,946] {processor.py:654} INFO - DAG(s) dict_keys(['data_ingestion_gcs_dag_hw2_zones']) retrieved from /opt/airflow/dags/data_ingestion_gcs_dag_zones.py
[2022-02-01 20:45:02,956] {logging_mixin.py:109} INFO - [2022-02-01 20:45:02,955] {dag.py:2396} INFO - Sync 1 DAGs
[2022-02-01 20:45:02,971] {logging_mixin.py:109} INFO - [2022-02-01 20:45:02,971] {dag.py:2935} INFO - Setting next_dagrun for data_ingestion_gcs_dag_hw2_zones to None
[2022-02-01 20:45:02,981] {processor.py:171} INFO - Processing /opt/airflow/dags/data_ingestion_gcs_dag_zones.py took 0.863 seconds
[2022-02-01 20:45:33,148] {processor.py:163} INFO - Started process (PID=4661) to work on /opt/airflow/dags/data_ingestion_gcs_dag_zones.py
[2022-02-01 20:45:33,150] {processor.py:642} INFO - Processing file /opt/airflow/dags/data_ingestion_gcs_dag_zones.py for tasks to queue
[2022-02-01 20:45:33,151] {logging_mixin.py:109} INFO - [2022-02-01 20:45:33,151] {dagbag.py:500} INFO - Filling up the DagBag from /opt/airflow/dags/data_ingestion_gcs_dag_zones.py
[2022-02-01 20:45:34,352] {processor.py:654} INFO - DAG(s) dict_keys(['data_ingestion_gcs_dag_hw2_zones']) retrieved from /opt/airflow/dags/data_ingestion_gcs_dag_zones.py
[2022-02-01 20:45:34,369] {logging_mixin.py:109} INFO - [2022-02-01 20:45:34,369] {dag.py:2396} INFO - Sync 1 DAGs
[2022-02-01 20:45:34,392] {logging_mixin.py:109} INFO - [2022-02-01 20:45:34,392] {dag.py:2935} INFO - Setting next_dagrun for data_ingestion_gcs_dag_hw2_zones to None
[2022-02-01 20:45:34,404] {processor.py:171} INFO - Processing /opt/airflow/dags/data_ingestion_gcs_dag_zones.py took 1.262 seconds
[2022-02-01 20:46:04,562] {processor.py:163} INFO - Started process (PID=4696) to work on /opt/airflow/dags/data_ingestion_gcs_dag_zones.py
[2022-02-01 20:46:04,574] {processor.py:642} INFO - Processing file /opt/airflow/dags/data_ingestion_gcs_dag_zones.py for tasks to queue
[2022-02-01 20:46:04,575] {logging_mixin.py:109} INFO - [2022-02-01 20:46:04,575] {dagbag.py:500} INFO - Filling up the DagBag from /opt/airflow/dags/data_ingestion_gcs_dag_zones.py
[2022-02-01 20:46:05,694] {processor.py:654} INFO - DAG(s) dict_keys(['data_ingestion_gcs_dag_hw2_zones']) retrieved from /opt/airflow/dags/data_ingestion_gcs_dag_zones.py
[2022-02-01 20:46:05,713] {logging_mixin.py:109} INFO - [2022-02-01 20:46:05,713] {dag.py:2396} INFO - Sync 1 DAGs
[2022-02-01 20:46:05,736] {logging_mixin.py:109} INFO - [2022-02-01 20:46:05,736] {dag.py:2935} INFO - Setting next_dagrun for data_ingestion_gcs_dag_hw2_zones to None
[2022-02-01 20:46:05,749] {processor.py:171} INFO - Processing /opt/airflow/dags/data_ingestion_gcs_dag_zones.py took 1.195 seconds
[2022-02-01 20:46:36,132] {processor.py:163} INFO - Started process (PID=4744) to work on /opt/airflow/dags/data_ingestion_gcs_dag_zones.py
[2022-02-01 20:46:36,138] {processor.py:642} INFO - Processing file /opt/airflow/dags/data_ingestion_gcs_dag_zones.py for tasks to queue
[2022-02-01 20:46:36,139] {logging_mixin.py:109} INFO - [2022-02-01 20:46:36,139] {dagbag.py:500} INFO - Filling up the DagBag from /opt/airflow/dags/data_ingestion_gcs_dag_zones.py
[2022-02-01 20:46:37,323] {processor.py:654} INFO - DAG(s) dict_keys(['data_ingestion_gcs_dag_hw2_zones']) retrieved from /opt/airflow/dags/data_ingestion_gcs_dag_zones.py
[2022-02-01 20:46:37,337] {logging_mixin.py:109} INFO - [2022-02-01 20:46:37,336] {dag.py:2396} INFO - Sync 1 DAGs
[2022-02-01 20:46:37,360] {logging_mixin.py:109} INFO - [2022-02-01 20:46:37,360] {dag.py:2935} INFO - Setting next_dagrun for data_ingestion_gcs_dag_hw2_zones to None
[2022-02-01 20:46:37,382] {processor.py:171} INFO - Processing /opt/airflow/dags/data_ingestion_gcs_dag_zones.py took 1.260 seconds
[2022-02-01 20:47:07,608] {processor.py:163} INFO - Started process (PID=4787) to work on /opt/airflow/dags/data_ingestion_gcs_dag_zones.py
[2022-02-01 20:47:07,615] {processor.py:642} INFO - Processing file /opt/airflow/dags/data_ingestion_gcs_dag_zones.py for tasks to queue
[2022-02-01 20:47:07,615] {logging_mixin.py:109} INFO - [2022-02-01 20:47:07,615] {dagbag.py:500} INFO - Filling up the DagBag from /opt/airflow/dags/data_ingestion_gcs_dag_zones.py
[2022-02-01 20:47:08,405] {processor.py:654} INFO - DAG(s) dict_keys(['data_ingestion_gcs_dag_hw2_zones']) retrieved from /opt/airflow/dags/data_ingestion_gcs_dag_zones.py
[2022-02-01 20:47:08,414] {logging_mixin.py:109} INFO - [2022-02-01 20:47:08,414] {dag.py:2396} INFO - Sync 1 DAGs
[2022-02-01 20:47:08,429] {logging_mixin.py:109} INFO - [2022-02-01 20:47:08,429] {dag.py:2935} INFO - Setting next_dagrun for data_ingestion_gcs_dag_hw2_zones to None
[2022-02-01 20:47:08,438] {processor.py:171} INFO - Processing /opt/airflow/dags/data_ingestion_gcs_dag_zones.py took 0.835 seconds
[2022-02-01 20:47:38,594] {processor.py:163} INFO - Started process (PID=4825) to work on /opt/airflow/dags/data_ingestion_gcs_dag_zones.py
[2022-02-01 20:47:38,595] {processor.py:642} INFO - Processing file /opt/airflow/dags/data_ingestion_gcs_dag_zones.py for tasks to queue
[2022-02-01 20:47:38,596] {logging_mixin.py:109} INFO - [2022-02-01 20:47:38,596] {dagbag.py:500} INFO - Filling up the DagBag from /opt/airflow/dags/data_ingestion_gcs_dag_zones.py
[2022-02-01 20:47:39,692] {processor.py:654} INFO - DAG(s) dict_keys(['data_ingestion_gcs_dag_hw2_zones']) retrieved from /opt/airflow/dags/data_ingestion_gcs_dag_zones.py
[2022-02-01 20:47:39,709] {logging_mixin.py:109} INFO - [2022-02-01 20:47:39,709] {dag.py:2396} INFO - Sync 1 DAGs
[2022-02-01 20:47:39,732] {logging_mixin.py:109} INFO - [2022-02-01 20:47:39,732] {dag.py:2935} INFO - Setting next_dagrun for data_ingestion_gcs_dag_hw2_zones to None
[2022-02-01 20:47:39,749] {processor.py:171} INFO - Processing /opt/airflow/dags/data_ingestion_gcs_dag_zones.py took 1.161 seconds
[2022-02-01 20:48:09,821] {processor.py:163} INFO - Started process (PID=4875) to work on /opt/airflow/dags/data_ingestion_gcs_dag_zones.py
[2022-02-01 20:48:09,824] {processor.py:642} INFO - Processing file /opt/airflow/dags/data_ingestion_gcs_dag_zones.py for tasks to queue
[2022-02-01 20:48:09,825] {logging_mixin.py:109} INFO - [2022-02-01 20:48:09,825] {dagbag.py:500} INFO - Filling up the DagBag from /opt/airflow/dags/data_ingestion_gcs_dag_zones.py
[2022-02-01 20:48:10,829] {processor.py:654} INFO - DAG(s) dict_keys(['data_ingestion_gcs_dag_hw2_zones']) retrieved from /opt/airflow/dags/data_ingestion_gcs_dag_zones.py
[2022-02-01 20:48:10,842] {logging_mixin.py:109} INFO - [2022-02-01 20:48:10,842] {dag.py:2396} INFO - Sync 1 DAGs
[2022-02-01 20:48:10,866] {logging_mixin.py:109} INFO - [2022-02-01 20:48:10,866] {dag.py:2935} INFO - Setting next_dagrun for data_ingestion_gcs_dag_hw2_zones to None
[2022-02-01 20:48:10,879] {processor.py:171} INFO - Processing /opt/airflow/dags/data_ingestion_gcs_dag_zones.py took 1.063 seconds
[2022-02-01 20:48:41,067] {processor.py:163} INFO - Started process (PID=4908) to work on /opt/airflow/dags/data_ingestion_gcs_dag_zones.py
[2022-02-01 20:48:41,085] {processor.py:642} INFO - Processing file /opt/airflow/dags/data_ingestion_gcs_dag_zones.py for tasks to queue
[2022-02-01 20:48:41,086] {logging_mixin.py:109} INFO - [2022-02-01 20:48:41,086] {dagbag.py:500} INFO - Filling up the DagBag from /opt/airflow/dags/data_ingestion_gcs_dag_zones.py
[2022-02-01 20:48:42,364] {processor.py:654} INFO - DAG(s) dict_keys(['data_ingestion_gcs_dag_hw2_zones']) retrieved from /opt/airflow/dags/data_ingestion_gcs_dag_zones.py
[2022-02-01 20:48:42,374] {logging_mixin.py:109} INFO - [2022-02-01 20:48:42,374] {dag.py:2396} INFO - Sync 1 DAGs
[2022-02-01 20:48:42,390] {logging_mixin.py:109} INFO - [2022-02-01 20:48:42,390] {dag.py:2935} INFO - Setting next_dagrun for data_ingestion_gcs_dag_hw2_zones to None
[2022-02-01 20:48:42,400] {processor.py:171} INFO - Processing /opt/airflow/dags/data_ingestion_gcs_dag_zones.py took 1.339 seconds
[2022-02-01 20:49:12,566] {processor.py:163} INFO - Started process (PID=4964) to work on /opt/airflow/dags/data_ingestion_gcs_dag_zones.py
[2022-02-01 20:49:12,577] {processor.py:642} INFO - Processing file /opt/airflow/dags/data_ingestion_gcs_dag_zones.py for tasks to queue
[2022-02-01 20:49:12,578] {logging_mixin.py:109} INFO - [2022-02-01 20:49:12,578] {dagbag.py:500} INFO - Filling up the DagBag from /opt/airflow/dags/data_ingestion_gcs_dag_zones.py
[2022-02-01 20:49:13,746] {processor.py:654} INFO - DAG(s) dict_keys(['data_ingestion_gcs_dag_hw2_zones']) retrieved from /opt/airflow/dags/data_ingestion_gcs_dag_zones.py
[2022-02-01 20:49:13,757] {logging_mixin.py:109} INFO - [2022-02-01 20:49:13,756] {dag.py:2396} INFO - Sync 1 DAGs
[2022-02-01 20:49:13,779] {logging_mixin.py:109} INFO - [2022-02-01 20:49:13,779] {dag.py:2935} INFO - Setting next_dagrun for data_ingestion_gcs_dag_hw2_zones to None
[2022-02-01 20:49:13,791] {processor.py:171} INFO - Processing /opt/airflow/dags/data_ingestion_gcs_dag_zones.py took 1.243 seconds
[2022-02-01 20:49:44,545] {processor.py:163} INFO - Started process (PID=5010) to work on /opt/airflow/dags/data_ingestion_gcs_dag_zones.py
[2022-02-01 20:49:44,550] {processor.py:642} INFO - Processing file /opt/airflow/dags/data_ingestion_gcs_dag_zones.py for tasks to queue
[2022-02-01 20:49:44,551] {logging_mixin.py:109} INFO - [2022-02-01 20:49:44,550] {dagbag.py:500} INFO - Filling up the DagBag from /opt/airflow/dags/data_ingestion_gcs_dag_zones.py
[2022-02-01 20:49:45,677] {processor.py:654} INFO - DAG(s) dict_keys(['data_ingestion_gcs_dag_hw2_zones']) retrieved from /opt/airflow/dags/data_ingestion_gcs_dag_zones.py
[2022-02-01 20:49:45,687] {logging_mixin.py:109} INFO - [2022-02-01 20:49:45,686] {dag.py:2396} INFO - Sync 1 DAGs
[2022-02-01 20:49:45,708] {logging_mixin.py:109} INFO - [2022-02-01 20:49:45,708] {dag.py:2935} INFO - Setting next_dagrun for data_ingestion_gcs_dag_hw2_zones to None
[2022-02-01 20:49:45,717] {processor.py:171} INFO - Processing /opt/airflow/dags/data_ingestion_gcs_dag_zones.py took 1.178 seconds
[2022-02-01 20:50:16,628] {processor.py:163} INFO - Started process (PID=5068) to work on /opt/airflow/dags/data_ingestion_gcs_dag_zones.py
[2022-02-01 20:50:16,630] {processor.py:642} INFO - Processing file /opt/airflow/dags/data_ingestion_gcs_dag_zones.py for tasks to queue
[2022-02-01 20:50:16,632] {logging_mixin.py:109} INFO - [2022-02-01 20:50:16,631] {dagbag.py:500} INFO - Filling up the DagBag from /opt/airflow/dags/data_ingestion_gcs_dag_zones.py
[2022-02-01 20:50:18,196] {processor.py:654} INFO - DAG(s) dict_keys(['data_ingestion_gcs_dag_hw2_zones']) retrieved from /opt/airflow/dags/data_ingestion_gcs_dag_zones.py
[2022-02-01 20:50:18,209] {logging_mixin.py:109} INFO - [2022-02-01 20:50:18,209] {dag.py:2396} INFO - Sync 1 DAGs
[2022-02-01 20:50:18,245] {logging_mixin.py:109} INFO - [2022-02-01 20:50:18,245] {dag.py:2935} INFO - Setting next_dagrun for data_ingestion_gcs_dag_hw2_zones to None
[2022-02-01 20:50:18,278] {processor.py:171} INFO - Processing /opt/airflow/dags/data_ingestion_gcs_dag_zones.py took 1.656 seconds
[2022-02-01 20:50:48,459] {processor.py:163} INFO - Started process (PID=5118) to work on /opt/airflow/dags/data_ingestion_gcs_dag_zones.py
[2022-02-01 20:50:48,468] {processor.py:642} INFO - Processing file /opt/airflow/dags/data_ingestion_gcs_dag_zones.py for tasks to queue
[2022-02-01 20:50:48,470] {logging_mixin.py:109} INFO - [2022-02-01 20:50:48,469] {dagbag.py:500} INFO - Filling up the DagBag from /opt/airflow/dags/data_ingestion_gcs_dag_zones.py
[2022-02-01 20:50:50,004] {processor.py:654} INFO - DAG(s) dict_keys(['data_ingestion_gcs_dag_hw2_zones']) retrieved from /opt/airflow/dags/data_ingestion_gcs_dag_zones.py
[2022-02-01 20:50:50,019] {logging_mixin.py:109} INFO - [2022-02-01 20:50:50,018] {dag.py:2396} INFO - Sync 1 DAGs
[2022-02-01 20:50:50,043] {logging_mixin.py:109} INFO - [2022-02-01 20:50:50,043] {dag.py:2935} INFO - Setting next_dagrun for data_ingestion_gcs_dag_hw2_zones to None
[2022-02-01 20:50:50,061] {processor.py:171} INFO - Processing /opt/airflow/dags/data_ingestion_gcs_dag_zones.py took 1.607 seconds
[2022-02-01 20:51:20,536] {processor.py:163} INFO - Started process (PID=5159) to work on /opt/airflow/dags/data_ingestion_gcs_dag_zones.py
[2022-02-01 20:51:20,538] {processor.py:642} INFO - Processing file /opt/airflow/dags/data_ingestion_gcs_dag_zones.py for tasks to queue
[2022-02-01 20:51:20,540] {logging_mixin.py:109} INFO - [2022-02-01 20:51:20,539] {dagbag.py:500} INFO - Filling up the DagBag from /opt/airflow/dags/data_ingestion_gcs_dag_zones.py
[2022-02-01 20:51:21,680] {processor.py:654} INFO - DAG(s) dict_keys(['data_ingestion_gcs_dag_hw2_zones']) retrieved from /opt/airflow/dags/data_ingestion_gcs_dag_zones.py
[2022-02-01 20:51:21,690] {logging_mixin.py:109} INFO - [2022-02-01 20:51:21,689] {dag.py:2396} INFO - Sync 1 DAGs
[2022-02-01 20:51:21,705] {logging_mixin.py:109} INFO - [2022-02-01 20:51:21,705] {dag.py:2935} INFO - Setting next_dagrun for data_ingestion_gcs_dag_hw2_zones to None
[2022-02-01 20:51:21,717] {processor.py:171} INFO - Processing /opt/airflow/dags/data_ingestion_gcs_dag_zones.py took 1.187 seconds
[2022-02-01 20:51:51,809] {processor.py:163} INFO - Started process (PID=5215) to work on /opt/airflow/dags/data_ingestion_gcs_dag_zones.py
[2022-02-01 20:51:51,811] {processor.py:642} INFO - Processing file /opt/airflow/dags/data_ingestion_gcs_dag_zones.py for tasks to queue
[2022-02-01 20:51:51,812] {logging_mixin.py:109} INFO - [2022-02-01 20:51:51,812] {dagbag.py:500} INFO - Filling up the DagBag from /opt/airflow/dags/data_ingestion_gcs_dag_zones.py
[2022-02-01 20:51:52,793] {processor.py:654} INFO - DAG(s) dict_keys(['data_ingestion_gcs_dag_hw2_zones']) retrieved from /opt/airflow/dags/data_ingestion_gcs_dag_zones.py
[2022-02-01 20:51:52,835] {logging_mixin.py:109} INFO - [2022-02-01 20:51:52,835] {dag.py:2396} INFO - Sync 1 DAGs
[2022-02-01 20:51:52,864] {logging_mixin.py:109} INFO - [2022-02-01 20:51:52,864] {dag.py:2935} INFO - Setting next_dagrun for data_ingestion_gcs_dag_hw2_zones to None
[2022-02-01 20:51:53,077] {processor.py:171} INFO - Processing /opt/airflow/dags/data_ingestion_gcs_dag_zones.py took 1.273 seconds
[2022-02-01 20:52:23,262] {processor.py:163} INFO - Started process (PID=5259) to work on /opt/airflow/dags/data_ingestion_gcs_dag_zones.py
[2022-02-01 20:52:23,264] {processor.py:642} INFO - Processing file /opt/airflow/dags/data_ingestion_gcs_dag_zones.py for tasks to queue
[2022-02-01 20:52:23,265] {logging_mixin.py:109} INFO - [2022-02-01 20:52:23,265] {dagbag.py:500} INFO - Filling up the DagBag from /opt/airflow/dags/data_ingestion_gcs_dag_zones.py
[2022-02-01 20:52:24,762] {processor.py:654} INFO - DAG(s) dict_keys(['data_ingestion_gcs_dag_hw2_zones']) retrieved from /opt/airflow/dags/data_ingestion_gcs_dag_zones.py
[2022-02-01 20:52:24,781] {logging_mixin.py:109} INFO - [2022-02-01 20:52:24,780] {dag.py:2396} INFO - Sync 1 DAGs
[2022-02-01 20:52:24,812] {logging_mixin.py:109} INFO - [2022-02-01 20:52:24,812] {dag.py:2935} INFO - Setting next_dagrun for data_ingestion_gcs_dag_hw2_zones to None
[2022-02-01 20:52:24,825] {processor.py:171} INFO - Processing /opt/airflow/dags/data_ingestion_gcs_dag_zones.py took 1.568 seconds
[2022-02-01 20:52:54,996] {processor.py:163} INFO - Started process (PID=5306) to work on /opt/airflow/dags/data_ingestion_gcs_dag_zones.py
[2022-02-01 20:52:54,998] {processor.py:642} INFO - Processing file /opt/airflow/dags/data_ingestion_gcs_dag_zones.py for tasks to queue
[2022-02-01 20:52:55,000] {logging_mixin.py:109} INFO - [2022-02-01 20:52:54,999] {dagbag.py:500} INFO - Filling up the DagBag from /opt/airflow/dags/data_ingestion_gcs_dag_zones.py
[2022-02-01 20:52:56,507] {processor.py:654} INFO - DAG(s) dict_keys(['data_ingestion_gcs_dag_hw2_zones']) retrieved from /opt/airflow/dags/data_ingestion_gcs_dag_zones.py
[2022-02-01 20:52:56,517] {logging_mixin.py:109} INFO - [2022-02-01 20:52:56,517] {dag.py:2396} INFO - Sync 1 DAGs
[2022-02-01 20:52:56,535] {logging_mixin.py:109} INFO - [2022-02-01 20:52:56,535] {dag.py:2935} INFO - Setting next_dagrun for data_ingestion_gcs_dag_hw2_zones to None
[2022-02-01 20:52:56,545] {processor.py:171} INFO - Processing /opt/airflow/dags/data_ingestion_gcs_dag_zones.py took 1.563 seconds
[2022-02-01 20:53:26,648] {processor.py:163} INFO - Started process (PID=5360) to work on /opt/airflow/dags/data_ingestion_gcs_dag_zones.py
[2022-02-01 20:53:26,654] {processor.py:642} INFO - Processing file /opt/airflow/dags/data_ingestion_gcs_dag_zones.py for tasks to queue
[2022-02-01 20:53:26,655] {logging_mixin.py:109} INFO - [2022-02-01 20:53:26,655] {dagbag.py:500} INFO - Filling up the DagBag from /opt/airflow/dags/data_ingestion_gcs_dag_zones.py
[2022-02-01 20:53:27,973] {processor.py:654} INFO - DAG(s) dict_keys(['data_ingestion_gcs_dag_hw2_zones']) retrieved from /opt/airflow/dags/data_ingestion_gcs_dag_zones.py
[2022-02-01 20:53:27,993] {logging_mixin.py:109} INFO - [2022-02-01 20:53:27,993] {dag.py:2396} INFO - Sync 1 DAGs
[2022-02-01 20:53:28,028] {logging_mixin.py:109} INFO - [2022-02-01 20:53:28,028] {dag.py:2935} INFO - Setting next_dagrun for data_ingestion_gcs_dag_hw2_zones to None
[2022-02-01 20:53:28,048] {processor.py:171} INFO - Processing /opt/airflow/dags/data_ingestion_gcs_dag_zones.py took 1.418 seconds
[2022-02-01 20:53:58,123] {processor.py:163} INFO - Started process (PID=5402) to work on /opt/airflow/dags/data_ingestion_gcs_dag_zones.py
[2022-02-01 20:53:58,125] {processor.py:642} INFO - Processing file /opt/airflow/dags/data_ingestion_gcs_dag_zones.py for tasks to queue
[2022-02-01 20:53:58,126] {logging_mixin.py:109} INFO - [2022-02-01 20:53:58,126] {dagbag.py:500} INFO - Filling up the DagBag from /opt/airflow/dags/data_ingestion_gcs_dag_zones.py
[2022-02-01 20:53:59,307] {processor.py:654} INFO - DAG(s) dict_keys(['data_ingestion_gcs_dag_hw2_zones']) retrieved from /opt/airflow/dags/data_ingestion_gcs_dag_zones.py
[2022-02-01 20:53:59,320] {logging_mixin.py:109} INFO - [2022-02-01 20:53:59,320] {dag.py:2396} INFO - Sync 1 DAGs
[2022-02-01 20:53:59,344] {logging_mixin.py:109} INFO - [2022-02-01 20:53:59,344] {dag.py:2935} INFO - Setting next_dagrun for data_ingestion_gcs_dag_hw2_zones to None
[2022-02-01 20:53:59,356] {processor.py:171} INFO - Processing /opt/airflow/dags/data_ingestion_gcs_dag_zones.py took 1.238 seconds
[2022-02-01 20:54:29,521] {processor.py:163} INFO - Started process (PID=5460) to work on /opt/airflow/dags/data_ingestion_gcs_dag_zones.py
[2022-02-01 20:54:29,523] {processor.py:642} INFO - Processing file /opt/airflow/dags/data_ingestion_gcs_dag_zones.py for tasks to queue
[2022-02-01 20:54:29,524] {logging_mixin.py:109} INFO - [2022-02-01 20:54:29,524] {dagbag.py:500} INFO - Filling up the DagBag from /opt/airflow/dags/data_ingestion_gcs_dag_zones.py
[2022-02-01 20:54:31,143] {processor.py:654} INFO - DAG(s) dict_keys(['data_ingestion_gcs_dag_hw2_zones']) retrieved from /opt/airflow/dags/data_ingestion_gcs_dag_zones.py
[2022-02-01 20:54:31,157] {logging_mixin.py:109} INFO - [2022-02-01 20:54:31,156] {dag.py:2396} INFO - Sync 1 DAGs
[2022-02-01 20:54:31,181] {logging_mixin.py:109} INFO - [2022-02-01 20:54:31,181] {dag.py:2935} INFO - Setting next_dagrun for data_ingestion_gcs_dag_hw2_zones to None
[2022-02-01 20:54:31,200] {processor.py:171} INFO - Processing /opt/airflow/dags/data_ingestion_gcs_dag_zones.py took 1.687 seconds
[2022-02-01 20:55:01,422] {processor.py:163} INFO - Started process (PID=5514) to work on /opt/airflow/dags/data_ingestion_gcs_dag_zones.py
[2022-02-01 20:55:01,425] {processor.py:642} INFO - Processing file /opt/airflow/dags/data_ingestion_gcs_dag_zones.py for tasks to queue
[2022-02-01 20:55:01,426] {logging_mixin.py:109} INFO - [2022-02-01 20:55:01,426] {dagbag.py:500} INFO - Filling up the DagBag from /opt/airflow/dags/data_ingestion_gcs_dag_zones.py
[2022-02-01 20:55:02,382] {processor.py:654} INFO - DAG(s) dict_keys(['data_ingestion_gcs_dag_hw2_zones']) retrieved from /opt/airflow/dags/data_ingestion_gcs_dag_zones.py
[2022-02-01 20:55:02,394] {logging_mixin.py:109} INFO - [2022-02-01 20:55:02,393] {dag.py:2396} INFO - Sync 1 DAGs
[2022-02-01 20:55:02,409] {logging_mixin.py:109} INFO - [2022-02-01 20:55:02,409] {dag.py:2935} INFO - Setting next_dagrun for data_ingestion_gcs_dag_hw2_zones to None
[2022-02-01 20:55:02,418] {processor.py:171} INFO - Processing /opt/airflow/dags/data_ingestion_gcs_dag_zones.py took 1.003 seconds
[2022-02-01 20:55:32,542] {processor.py:163} INFO - Started process (PID=5570) to work on /opt/airflow/dags/data_ingestion_gcs_dag_zones.py
[2022-02-01 20:55:32,544] {processor.py:642} INFO - Processing file /opt/airflow/dags/data_ingestion_gcs_dag_zones.py for tasks to queue
[2022-02-01 20:55:32,545] {logging_mixin.py:109} INFO - [2022-02-01 20:55:32,545] {dagbag.py:500} INFO - Filling up the DagBag from /opt/airflow/dags/data_ingestion_gcs_dag_zones.py
[2022-02-01 20:55:33,631] {processor.py:654} INFO - DAG(s) dict_keys(['data_ingestion_gcs_dag_hw2_zones']) retrieved from /opt/airflow/dags/data_ingestion_gcs_dag_zones.py
[2022-02-01 20:55:33,644] {logging_mixin.py:109} INFO - [2022-02-01 20:55:33,644] {dag.py:2396} INFO - Sync 1 DAGs
[2022-02-01 20:55:33,661] {logging_mixin.py:109} INFO - [2022-02-01 20:55:33,660] {dag.py:2935} INFO - Setting next_dagrun for data_ingestion_gcs_dag_hw2_zones to None
[2022-02-01 20:55:33,670] {processor.py:171} INFO - Processing /opt/airflow/dags/data_ingestion_gcs_dag_zones.py took 1.133 seconds
[2022-02-01 20:56:03,804] {processor.py:163} INFO - Started process (PID=5617) to work on /opt/airflow/dags/data_ingestion_gcs_dag_zones.py
[2022-02-01 20:56:03,807] {processor.py:642} INFO - Processing file /opt/airflow/dags/data_ingestion_gcs_dag_zones.py for tasks to queue
[2022-02-01 20:56:03,808] {logging_mixin.py:109} INFO - [2022-02-01 20:56:03,808] {dagbag.py:500} INFO - Filling up the DagBag from /opt/airflow/dags/data_ingestion_gcs_dag_zones.py
[2022-02-01 20:56:04,947] {processor.py:654} INFO - DAG(s) dict_keys(['data_ingestion_gcs_dag_hw2_zones']) retrieved from /opt/airflow/dags/data_ingestion_gcs_dag_zones.py
[2022-02-01 20:56:04,956] {logging_mixin.py:109} INFO - [2022-02-01 20:56:04,955] {dag.py:2396} INFO - Sync 1 DAGs
[2022-02-01 20:56:04,970] {logging_mixin.py:109} INFO - [2022-02-01 20:56:04,970] {dag.py:2935} INFO - Setting next_dagrun for data_ingestion_gcs_dag_hw2_zones to None
[2022-02-01 20:56:04,984] {processor.py:171} INFO - Processing /opt/airflow/dags/data_ingestion_gcs_dag_zones.py took 1.186 seconds
[2022-02-01 20:56:35,267] {processor.py:163} INFO - Started process (PID=5658) to work on /opt/airflow/dags/data_ingestion_gcs_dag_zones.py
[2022-02-01 20:56:35,269] {processor.py:642} INFO - Processing file /opt/airflow/dags/data_ingestion_gcs_dag_zones.py for tasks to queue
[2022-02-01 20:56:35,270] {logging_mixin.py:109} INFO - [2022-02-01 20:56:35,270] {dagbag.py:500} INFO - Filling up the DagBag from /opt/airflow/dags/data_ingestion_gcs_dag_zones.py
[2022-02-01 20:56:36,217] {processor.py:654} INFO - DAG(s) dict_keys(['data_ingestion_gcs_dag_hw2_zones']) retrieved from /opt/airflow/dags/data_ingestion_gcs_dag_zones.py
[2022-02-01 20:56:36,227] {logging_mixin.py:109} INFO - [2022-02-01 20:56:36,226] {dag.py:2396} INFO - Sync 1 DAGs
[2022-02-01 20:56:36,242] {logging_mixin.py:109} INFO - [2022-02-01 20:56:36,242] {dag.py:2935} INFO - Setting next_dagrun for data_ingestion_gcs_dag_hw2_zones to None
[2022-02-01 20:56:36,251] {processor.py:171} INFO - Processing /opt/airflow/dags/data_ingestion_gcs_dag_zones.py took 0.994 seconds
[2022-02-01 20:57:06,412] {processor.py:163} INFO - Started process (PID=5726) to work on /opt/airflow/dags/data_ingestion_gcs_dag_zones.py
[2022-02-01 20:57:06,414] {processor.py:642} INFO - Processing file /opt/airflow/dags/data_ingestion_gcs_dag_zones.py for tasks to queue
[2022-02-01 20:57:06,415] {logging_mixin.py:109} INFO - [2022-02-01 20:57:06,415] {dagbag.py:500} INFO - Filling up the DagBag from /opt/airflow/dags/data_ingestion_gcs_dag_zones.py
[2022-02-01 20:57:07,843] {processor.py:654} INFO - DAG(s) dict_keys(['data_ingestion_gcs_dag_hw2_zones']) retrieved from /opt/airflow/dags/data_ingestion_gcs_dag_zones.py
[2022-02-01 20:57:07,858] {logging_mixin.py:109} INFO - [2022-02-01 20:57:07,857] {dag.py:2396} INFO - Sync 1 DAGs
[2022-02-01 20:57:07,881] {logging_mixin.py:109} INFO - [2022-02-01 20:57:07,881] {dag.py:2935} INFO - Setting next_dagrun for data_ingestion_gcs_dag_hw2_zones to None
[2022-02-01 20:57:07,908] {processor.py:171} INFO - Processing /opt/airflow/dags/data_ingestion_gcs_dag_zones.py took 1.507 seconds
[2022-02-01 20:57:37,977] {processor.py:163} INFO - Started process (PID=5769) to work on /opt/airflow/dags/data_ingestion_gcs_dag_zones.py
[2022-02-01 20:57:37,979] {processor.py:642} INFO - Processing file /opt/airflow/dags/data_ingestion_gcs_dag_zones.py for tasks to queue
[2022-02-01 20:57:37,985] {logging_mixin.py:109} INFO - [2022-02-01 20:57:37,985] {dagbag.py:500} INFO - Filling up the DagBag from /opt/airflow/dags/data_ingestion_gcs_dag_zones.py
[2022-02-01 20:57:39,444] {processor.py:654} INFO - DAG(s) dict_keys(['data_ingestion_gcs_dag_hw2_zones']) retrieved from /opt/airflow/dags/data_ingestion_gcs_dag_zones.py
[2022-02-01 20:57:39,461] {logging_mixin.py:109} INFO - [2022-02-01 20:57:39,461] {dag.py:2396} INFO - Sync 1 DAGs
[2022-02-01 20:57:39,484] {logging_mixin.py:109} INFO - [2022-02-01 20:57:39,484] {dag.py:2935} INFO - Setting next_dagrun for data_ingestion_gcs_dag_hw2_zones to None
[2022-02-01 20:57:39,509] {processor.py:171} INFO - Processing /opt/airflow/dags/data_ingestion_gcs_dag_zones.py took 1.542 seconds
[2022-02-01 20:58:09,980] {processor.py:163} INFO - Started process (PID=5804) to work on /opt/airflow/dags/data_ingestion_gcs_dag_zones.py
[2022-02-01 20:58:09,985] {processor.py:642} INFO - Processing file /opt/airflow/dags/data_ingestion_gcs_dag_zones.py for tasks to queue
[2022-02-01 20:58:09,988] {logging_mixin.py:109} INFO - [2022-02-01 20:58:09,988] {dagbag.py:500} INFO - Filling up the DagBag from /opt/airflow/dags/data_ingestion_gcs_dag_zones.py
[2022-02-01 20:58:11,503] {processor.py:654} INFO - DAG(s) dict_keys(['data_ingestion_gcs_dag_hw2_zones']) retrieved from /opt/airflow/dags/data_ingestion_gcs_dag_zones.py
[2022-02-01 20:58:11,522] {logging_mixin.py:109} INFO - [2022-02-01 20:58:11,521] {dag.py:2396} INFO - Sync 1 DAGs
[2022-02-01 20:58:11,566] {logging_mixin.py:109} INFO - [2022-02-01 20:58:11,566] {dag.py:2935} INFO - Setting next_dagrun for data_ingestion_gcs_dag_hw2_zones to None
[2022-02-01 20:58:11,586] {processor.py:171} INFO - Processing /opt/airflow/dags/data_ingestion_gcs_dag_zones.py took 1.627 seconds
[2022-02-01 20:58:41,733] {processor.py:163} INFO - Started process (PID=5864) to work on /opt/airflow/dags/data_ingestion_gcs_dag_zones.py
[2022-02-01 20:58:41,736] {processor.py:642} INFO - Processing file /opt/airflow/dags/data_ingestion_gcs_dag_zones.py for tasks to queue
[2022-02-01 20:58:41,737] {logging_mixin.py:109} INFO - [2022-02-01 20:58:41,737] {dagbag.py:500} INFO - Filling up the DagBag from /opt/airflow/dags/data_ingestion_gcs_dag_zones.py
[2022-02-01 20:58:42,928] {processor.py:654} INFO - DAG(s) dict_keys(['data_ingestion_gcs_dag_hw2_zones']) retrieved from /opt/airflow/dags/data_ingestion_gcs_dag_zones.py
[2022-02-01 20:58:42,938] {logging_mixin.py:109} INFO - [2022-02-01 20:58:42,938] {dag.py:2396} INFO - Sync 1 DAGs
[2022-02-01 20:58:42,954] {logging_mixin.py:109} INFO - [2022-02-01 20:58:42,954] {dag.py:2935} INFO - Setting next_dagrun for data_ingestion_gcs_dag_hw2_zones to None
[2022-02-01 20:58:42,967] {processor.py:171} INFO - Processing /opt/airflow/dags/data_ingestion_gcs_dag_zones.py took 1.239 seconds
[2022-02-01 20:59:13,122] {processor.py:163} INFO - Started process (PID=5910) to work on /opt/airflow/dags/data_ingestion_gcs_dag_zones.py
[2022-02-01 20:59:13,126] {processor.py:642} INFO - Processing file /opt/airflow/dags/data_ingestion_gcs_dag_zones.py for tasks to queue
[2022-02-01 20:59:13,128] {logging_mixin.py:109} INFO - [2022-02-01 20:59:13,127] {dagbag.py:500} INFO - Filling up the DagBag from /opt/airflow/dags/data_ingestion_gcs_dag_zones.py
[2022-02-01 20:59:14,322] {processor.py:654} INFO - DAG(s) dict_keys(['data_ingestion_gcs_dag_hw2_zones']) retrieved from /opt/airflow/dags/data_ingestion_gcs_dag_zones.py
[2022-02-01 20:59:14,336] {logging_mixin.py:109} INFO - [2022-02-01 20:59:14,335] {dag.py:2396} INFO - Sync 1 DAGs
[2022-02-01 20:59:14,363] {logging_mixin.py:109} INFO - [2022-02-01 20:59:14,363] {dag.py:2935} INFO - Setting next_dagrun for data_ingestion_gcs_dag_hw2_zones to None
[2022-02-01 20:59:14,376] {processor.py:171} INFO - Processing /opt/airflow/dags/data_ingestion_gcs_dag_zones.py took 1.260 seconds
[2022-02-01 20:59:44,527] {processor.py:163} INFO - Started process (PID=5956) to work on /opt/airflow/dags/data_ingestion_gcs_dag_zones.py
[2022-02-01 20:59:44,529] {processor.py:642} INFO - Processing file /opt/airflow/dags/data_ingestion_gcs_dag_zones.py for tasks to queue
[2022-02-01 20:59:44,530] {logging_mixin.py:109} INFO - [2022-02-01 20:59:44,530] {dagbag.py:500} INFO - Filling up the DagBag from /opt/airflow/dags/data_ingestion_gcs_dag_zones.py
[2022-02-01 20:59:45,454] {processor.py:654} INFO - DAG(s) dict_keys(['data_ingestion_gcs_dag_hw2_zones']) retrieved from /opt/airflow/dags/data_ingestion_gcs_dag_zones.py
[2022-02-01 20:59:45,464] {logging_mixin.py:109} INFO - [2022-02-01 20:59:45,464] {dag.py:2396} INFO - Sync 1 DAGs
[2022-02-01 20:59:45,479] {logging_mixin.py:109} INFO - [2022-02-01 20:59:45,479] {dag.py:2935} INFO - Setting next_dagrun for data_ingestion_gcs_dag_hw2_zones to None
[2022-02-01 20:59:45,489] {processor.py:171} INFO - Processing /opt/airflow/dags/data_ingestion_gcs_dag_zones.py took 0.968 seconds
[2022-02-01 21:00:15,628] {processor.py:163} INFO - Started process (PID=5992) to work on /opt/airflow/dags/data_ingestion_gcs_dag_zones.py
[2022-02-01 21:00:15,630] {processor.py:642} INFO - Processing file /opt/airflow/dags/data_ingestion_gcs_dag_zones.py for tasks to queue
[2022-02-01 21:00:15,631] {logging_mixin.py:109} INFO - [2022-02-01 21:00:15,631] {dagbag.py:500} INFO - Filling up the DagBag from /opt/airflow/dags/data_ingestion_gcs_dag_zones.py
[2022-02-01 21:00:16,508] {processor.py:654} INFO - DAG(s) dict_keys(['data_ingestion_gcs_dag_hw2_zones']) retrieved from /opt/airflow/dags/data_ingestion_gcs_dag_zones.py
[2022-02-01 21:00:16,522] {logging_mixin.py:109} INFO - [2022-02-01 21:00:16,521] {dag.py:2396} INFO - Sync 1 DAGs
[2022-02-01 21:00:16,544] {logging_mixin.py:109} INFO - [2022-02-01 21:00:16,544] {dag.py:2935} INFO - Setting next_dagrun for data_ingestion_gcs_dag_hw2_zones to None
[2022-02-01 21:00:16,556] {processor.py:171} INFO - Processing /opt/airflow/dags/data_ingestion_gcs_dag_zones.py took 0.933 seconds
[2022-02-01 21:00:46,628] {processor.py:163} INFO - Started process (PID=6037) to work on /opt/airflow/dags/data_ingestion_gcs_dag_zones.py
[2022-02-01 21:00:46,631] {processor.py:642} INFO - Processing file /opt/airflow/dags/data_ingestion_gcs_dag_zones.py for tasks to queue
[2022-02-01 21:00:46,632] {logging_mixin.py:109} INFO - [2022-02-01 21:00:46,632] {dagbag.py:500} INFO - Filling up the DagBag from /opt/airflow/dags/data_ingestion_gcs_dag_zones.py
[2022-02-01 21:00:48,100] {processor.py:654} INFO - DAG(s) dict_keys(['data_ingestion_gcs_dag_hw2_zones']) retrieved from /opt/airflow/dags/data_ingestion_gcs_dag_zones.py
[2022-02-01 21:00:48,114] {logging_mixin.py:109} INFO - [2022-02-01 21:00:48,113] {dag.py:2396} INFO - Sync 1 DAGs
[2022-02-01 21:00:48,137] {logging_mixin.py:109} INFO - [2022-02-01 21:00:48,137] {dag.py:2935} INFO - Setting next_dagrun for data_ingestion_gcs_dag_hw2_zones to None
[2022-02-01 21:00:48,149] {processor.py:171} INFO - Processing /opt/airflow/dags/data_ingestion_gcs_dag_zones.py took 1.527 seconds
[2022-02-01 21:01:18,235] {processor.py:163} INFO - Started process (PID=6072) to work on /opt/airflow/dags/data_ingestion_gcs_dag_zones.py
[2022-02-01 21:01:18,239] {processor.py:642} INFO - Processing file /opt/airflow/dags/data_ingestion_gcs_dag_zones.py for tasks to queue
[2022-02-01 21:01:18,240] {logging_mixin.py:109} INFO - [2022-02-01 21:01:18,239] {dagbag.py:500} INFO - Filling up the DagBag from /opt/airflow/dags/data_ingestion_gcs_dag_zones.py
[2022-02-01 21:01:19,094] {processor.py:654} INFO - DAG(s) dict_keys(['data_ingestion_gcs_dag_hw2_zones']) retrieved from /opt/airflow/dags/data_ingestion_gcs_dag_zones.py
[2022-02-01 21:01:19,104] {logging_mixin.py:109} INFO - [2022-02-01 21:01:19,104] {dag.py:2396} INFO - Sync 1 DAGs
[2022-02-01 21:01:19,120] {logging_mixin.py:109} INFO - [2022-02-01 21:01:19,120] {dag.py:2935} INFO - Setting next_dagrun for data_ingestion_gcs_dag_hw2_zones to None
[2022-02-01 21:01:19,130] {processor.py:171} INFO - Processing /opt/airflow/dags/data_ingestion_gcs_dag_zones.py took 0.899 seconds
[2022-02-01 21:01:49,220] {processor.py:163} INFO - Started process (PID=6115) to work on /opt/airflow/dags/data_ingestion_gcs_dag_zones.py
[2022-02-01 21:01:49,222] {processor.py:642} INFO - Processing file /opt/airflow/dags/data_ingestion_gcs_dag_zones.py for tasks to queue
[2022-02-01 21:01:49,223] {logging_mixin.py:109} INFO - [2022-02-01 21:01:49,222] {dagbag.py:500} INFO - Filling up the DagBag from /opt/airflow/dags/data_ingestion_gcs_dag_zones.py
[2022-02-01 21:01:50,209] {processor.py:654} INFO - DAG(s) dict_keys(['data_ingestion_gcs_dag_hw2_zones']) retrieved from /opt/airflow/dags/data_ingestion_gcs_dag_zones.py
[2022-02-01 21:01:50,223] {logging_mixin.py:109} INFO - [2022-02-01 21:01:50,223] {dag.py:2396} INFO - Sync 1 DAGs
[2022-02-01 21:01:50,248] {logging_mixin.py:109} INFO - [2022-02-01 21:01:50,248] {dag.py:2935} INFO - Setting next_dagrun for data_ingestion_gcs_dag_hw2_zones to None
[2022-02-01 21:01:50,260] {processor.py:171} INFO - Processing /opt/airflow/dags/data_ingestion_gcs_dag_zones.py took 1.045 seconds
[2022-02-01 21:02:20,424] {processor.py:163} INFO - Started process (PID=6151) to work on /opt/airflow/dags/data_ingestion_gcs_dag_zones.py
[2022-02-01 21:02:20,427] {processor.py:642} INFO - Processing file /opt/airflow/dags/data_ingestion_gcs_dag_zones.py for tasks to queue
[2022-02-01 21:02:20,428] {logging_mixin.py:109} INFO - [2022-02-01 21:02:20,428] {dagbag.py:500} INFO - Filling up the DagBag from /opt/airflow/dags/data_ingestion_gcs_dag_zones.py
[2022-02-01 21:02:21,303] {processor.py:654} INFO - DAG(s) dict_keys(['data_ingestion_gcs_dag_hw2_zones']) retrieved from /opt/airflow/dags/data_ingestion_gcs_dag_zones.py
[2022-02-01 21:02:21,313] {logging_mixin.py:109} INFO - [2022-02-01 21:02:21,312] {dag.py:2396} INFO - Sync 1 DAGs
[2022-02-01 21:02:21,328] {logging_mixin.py:109} INFO - [2022-02-01 21:02:21,328] {dag.py:2935} INFO - Setting next_dagrun for data_ingestion_gcs_dag_hw2_zones to None
[2022-02-01 21:02:21,338] {processor.py:171} INFO - Processing /opt/airflow/dags/data_ingestion_gcs_dag_zones.py took 0.920 seconds
[2022-02-01 21:02:51,496] {processor.py:163} INFO - Started process (PID=6196) to work on /opt/airflow/dags/data_ingestion_gcs_dag_zones.py
[2022-02-01 21:02:51,498] {processor.py:642} INFO - Processing file /opt/airflow/dags/data_ingestion_gcs_dag_zones.py for tasks to queue
[2022-02-01 21:02:51,499] {logging_mixin.py:109} INFO - [2022-02-01 21:02:51,498] {dagbag.py:500} INFO - Filling up the DagBag from /opt/airflow/dags/data_ingestion_gcs_dag_zones.py
[2022-02-01 21:02:52,385] {processor.py:654} INFO - DAG(s) dict_keys(['data_ingestion_gcs_dag_hw2_zones']) retrieved from /opt/airflow/dags/data_ingestion_gcs_dag_zones.py
[2022-02-01 21:02:52,394] {logging_mixin.py:109} INFO - [2022-02-01 21:02:52,394] {dag.py:2396} INFO - Sync 1 DAGs
[2022-02-01 21:02:52,409] {logging_mixin.py:109} INFO - [2022-02-01 21:02:52,409] {dag.py:2935} INFO - Setting next_dagrun for data_ingestion_gcs_dag_hw2_zones to None
[2022-02-01 21:02:52,418] {processor.py:171} INFO - Processing /opt/airflow/dags/data_ingestion_gcs_dag_zones.py took 0.927 seconds
[2022-02-01 21:03:22,780] {processor.py:163} INFO - Started process (PID=6231) to work on /opt/airflow/dags/data_ingestion_gcs_dag_zones.py
[2022-02-01 21:03:22,783] {processor.py:642} INFO - Processing file /opt/airflow/dags/data_ingestion_gcs_dag_zones.py for tasks to queue
[2022-02-01 21:03:22,783] {logging_mixin.py:109} INFO - [2022-02-01 21:03:22,783] {dagbag.py:500} INFO - Filling up the DagBag from /opt/airflow/dags/data_ingestion_gcs_dag_zones.py
[2022-02-01 21:03:23,662] {processor.py:654} INFO - DAG(s) dict_keys(['data_ingestion_gcs_dag_hw2_zones']) retrieved from /opt/airflow/dags/data_ingestion_gcs_dag_zones.py
[2022-02-01 21:03:23,671] {logging_mixin.py:109} INFO - [2022-02-01 21:03:23,671] {dag.py:2396} INFO - Sync 1 DAGs
[2022-02-01 21:03:23,686] {logging_mixin.py:109} INFO - [2022-02-01 21:03:23,686] {dag.py:2935} INFO - Setting next_dagrun for data_ingestion_gcs_dag_hw2_zones to None
[2022-02-01 21:03:23,695] {processor.py:171} INFO - Processing /opt/airflow/dags/data_ingestion_gcs_dag_zones.py took 0.920 seconds
[2022-02-01 21:03:54,012] {processor.py:163} INFO - Started process (PID=6275) to work on /opt/airflow/dags/data_ingestion_gcs_dag_zones.py
[2022-02-01 21:03:54,014] {processor.py:642} INFO - Processing file /opt/airflow/dags/data_ingestion_gcs_dag_zones.py for tasks to queue
[2022-02-01 21:03:54,016] {logging_mixin.py:109} INFO - [2022-02-01 21:03:54,015] {dagbag.py:500} INFO - Filling up the DagBag from /opt/airflow/dags/data_ingestion_gcs_dag_zones.py
[2022-02-01 21:03:55,054] {processor.py:654} INFO - DAG(s) dict_keys(['data_ingestion_gcs_dag_hw2_zones']) retrieved from /opt/airflow/dags/data_ingestion_gcs_dag_zones.py
[2022-02-01 21:03:55,067] {logging_mixin.py:109} INFO - [2022-02-01 21:03:55,067] {dag.py:2396} INFO - Sync 1 DAGs
[2022-02-01 21:03:55,084] {logging_mixin.py:109} INFO - [2022-02-01 21:03:55,084] {dag.py:2935} INFO - Setting next_dagrun for data_ingestion_gcs_dag_hw2_zones to None
[2022-02-01 21:03:55,094] {processor.py:171} INFO - Processing /opt/airflow/dags/data_ingestion_gcs_dag_zones.py took 1.089 seconds
[2022-02-01 21:04:25,195] {processor.py:163} INFO - Started process (PID=6314) to work on /opt/airflow/dags/data_ingestion_gcs_dag_zones.py
[2022-02-01 21:04:25,196] {processor.py:642} INFO - Processing file /opt/airflow/dags/data_ingestion_gcs_dag_zones.py for tasks to queue
[2022-02-01 21:04:25,197] {logging_mixin.py:109} INFO - [2022-02-01 21:04:25,197] {dagbag.py:500} INFO - Filling up the DagBag from /opt/airflow/dags/data_ingestion_gcs_dag_zones.py
[2022-02-01 21:04:26,075] {processor.py:654} INFO - DAG(s) dict_keys(['data_ingestion_gcs_dag_hw2_zones']) retrieved from /opt/airflow/dags/data_ingestion_gcs_dag_zones.py
[2022-02-01 21:04:26,089] {logging_mixin.py:109} INFO - [2022-02-01 21:04:26,088] {dag.py:2396} INFO - Sync 1 DAGs
[2022-02-01 21:04:26,110] {logging_mixin.py:109} INFO - [2022-02-01 21:04:26,110] {dag.py:2935} INFO - Setting next_dagrun for data_ingestion_gcs_dag_hw2_zones to None
[2022-02-01 21:04:26,122] {processor.py:171} INFO - Processing /opt/airflow/dags/data_ingestion_gcs_dag_zones.py took 0.932 seconds
[2022-02-01 21:04:56,270] {processor.py:163} INFO - Started process (PID=6359) to work on /opt/airflow/dags/data_ingestion_gcs_dag_zones.py
[2022-02-01 21:04:56,276] {processor.py:642} INFO - Processing file /opt/airflow/dags/data_ingestion_gcs_dag_zones.py for tasks to queue
[2022-02-01 21:04:56,277] {logging_mixin.py:109} INFO - [2022-02-01 21:04:56,277] {dagbag.py:500} INFO - Filling up the DagBag from /opt/airflow/dags/data_ingestion_gcs_dag_zones.py
[2022-02-01 21:04:57,548] {processor.py:654} INFO - DAG(s) dict_keys(['data_ingestion_gcs_dag_hw2_zones']) retrieved from /opt/airflow/dags/data_ingestion_gcs_dag_zones.py
[2022-02-01 21:04:57,559] {logging_mixin.py:109} INFO - [2022-02-01 21:04:57,559] {dag.py:2396} INFO - Sync 1 DAGs
[2022-02-01 21:04:57,574] {logging_mixin.py:109} INFO - [2022-02-01 21:04:57,574] {dag.py:2935} INFO - Setting next_dagrun for data_ingestion_gcs_dag_hw2_zones to None
[2022-02-01 21:04:57,584] {processor.py:171} INFO - Processing /opt/airflow/dags/data_ingestion_gcs_dag_zones.py took 1.319 seconds
[2022-02-01 21:05:27,679] {processor.py:163} INFO - Started process (PID=6396) to work on /opt/airflow/dags/data_ingestion_gcs_dag_zones.py
[2022-02-01 21:05:27,682] {processor.py:642} INFO - Processing file /opt/airflow/dags/data_ingestion_gcs_dag_zones.py for tasks to queue
[2022-02-01 21:05:27,683] {logging_mixin.py:109} INFO - [2022-02-01 21:05:27,682] {dagbag.py:500} INFO - Filling up the DagBag from /opt/airflow/dags/data_ingestion_gcs_dag_zones.py
[2022-02-01 21:05:28,507] {processor.py:654} INFO - DAG(s) dict_keys(['data_ingestion_gcs_dag_hw2_zones']) retrieved from /opt/airflow/dags/data_ingestion_gcs_dag_zones.py
[2022-02-01 21:05:28,517] {logging_mixin.py:109} INFO - [2022-02-01 21:05:28,517] {dag.py:2396} INFO - Sync 1 DAGs
[2022-02-01 21:05:28,533] {logging_mixin.py:109} INFO - [2022-02-01 21:05:28,533] {dag.py:2935} INFO - Setting next_dagrun for data_ingestion_gcs_dag_hw2_zones to None
[2022-02-01 21:05:28,542] {processor.py:171} INFO - Processing /opt/airflow/dags/data_ingestion_gcs_dag_zones.py took 0.869 seconds
[2022-02-01 21:05:58,582] {processor.py:163} INFO - Started process (PID=6441) to work on /opt/airflow/dags/data_ingestion_gcs_dag_zones.py
[2022-02-01 21:05:58,585] {processor.py:642} INFO - Processing file /opt/airflow/dags/data_ingestion_gcs_dag_zones.py for tasks to queue
[2022-02-01 21:05:58,585] {logging_mixin.py:109} INFO - [2022-02-01 21:05:58,585] {dagbag.py:500} INFO - Filling up the DagBag from /opt/airflow/dags/data_ingestion_gcs_dag_zones.py
[2022-02-01 21:05:59,466] {processor.py:654} INFO - DAG(s) dict_keys(['data_ingestion_gcs_dag_hw2_zones']) retrieved from /opt/airflow/dags/data_ingestion_gcs_dag_zones.py
[2022-02-01 21:05:59,480] {logging_mixin.py:109} INFO - [2022-02-01 21:05:59,479] {dag.py:2396} INFO - Sync 1 DAGs
[2022-02-01 21:05:59,508] {logging_mixin.py:109} INFO - [2022-02-01 21:05:59,508] {dag.py:2935} INFO - Setting next_dagrun for data_ingestion_gcs_dag_hw2_zones to None
[2022-02-01 21:05:59,534] {processor.py:171} INFO - Processing /opt/airflow/dags/data_ingestion_gcs_dag_zones.py took 0.957 seconds
[2022-02-01 21:06:29,577] {processor.py:163} INFO - Started process (PID=6476) to work on /opt/airflow/dags/data_ingestion_gcs_dag_zones.py
[2022-02-01 21:06:29,578] {processor.py:642} INFO - Processing file /opt/airflow/dags/data_ingestion_gcs_dag_zones.py for tasks to queue
[2022-02-01 21:06:29,579] {logging_mixin.py:109} INFO - [2022-02-01 21:06:29,579] {dagbag.py:500} INFO - Filling up the DagBag from /opt/airflow/dags/data_ingestion_gcs_dag_zones.py
[2022-02-01 21:06:30,593] {processor.py:654} INFO - DAG(s) dict_keys(['data_ingestion_gcs_dag_hw2_zones']) retrieved from /opt/airflow/dags/data_ingestion_gcs_dag_zones.py
[2022-02-01 21:06:30,605] {logging_mixin.py:109} INFO - [2022-02-01 21:06:30,605] {dag.py:2396} INFO - Sync 1 DAGs
[2022-02-01 21:06:30,622] {logging_mixin.py:109} INFO - [2022-02-01 21:06:30,622] {dag.py:2935} INFO - Setting next_dagrun for data_ingestion_gcs_dag_hw2_zones to None
[2022-02-01 21:06:30,632] {processor.py:171} INFO - Processing /opt/airflow/dags/data_ingestion_gcs_dag_zones.py took 1.060 seconds
[2022-02-01 21:07:00,803] {processor.py:163} INFO - Started process (PID=6519) to work on /opt/airflow/dags/data_ingestion_gcs_dag_zones.py
[2022-02-01 21:07:00,808] {processor.py:642} INFO - Processing file /opt/airflow/dags/data_ingestion_gcs_dag_zones.py for tasks to queue
[2022-02-01 21:07:00,811] {logging_mixin.py:109} INFO - [2022-02-01 21:07:00,810] {dagbag.py:500} INFO - Filling up the DagBag from /opt/airflow/dags/data_ingestion_gcs_dag_zones.py
[2022-02-01 21:07:03,018] {processor.py:654} INFO - DAG(s) dict_keys(['data_ingestion_gcs_dag_hw2_zones']) retrieved from /opt/airflow/dags/data_ingestion_gcs_dag_zones.py
[2022-02-01 21:07:03,034] {logging_mixin.py:109} INFO - [2022-02-01 21:07:03,034] {dag.py:2396} INFO - Sync 1 DAGs
[2022-02-01 21:07:03,063] {logging_mixin.py:109} INFO - [2022-02-01 21:07:03,063] {dag.py:2935} INFO - Setting next_dagrun for data_ingestion_gcs_dag_hw2_zones to None
[2022-02-01 21:07:03,079] {processor.py:171} INFO - Processing /opt/airflow/dags/data_ingestion_gcs_dag_zones.py took 2.293 seconds
