[2022-02-01 20:22:10,308] {processor.py:163} INFO - Started process (PID=2958) to work on /opt/airflow/dags/data_ingestion_gcs_dag_fhv.py
[2022-02-01 20:22:10,310] {processor.py:642} INFO - Processing file /opt/airflow/dags/data_ingestion_gcs_dag_fhv.py for tasks to queue
[2022-02-01 20:22:10,310] {logging_mixin.py:109} INFO - [2022-02-01 20:22:10,310] {dagbag.py:500} INFO - Filling up the DagBag from /opt/airflow/dags/data_ingestion_gcs_dag_fhv.py
[2022-02-01 20:22:11,137] {processor.py:654} INFO - DAG(s) dict_keys(['data_ingestion_gcs_dag_hw2_yellow_taxi']) retrieved from /opt/airflow/dags/data_ingestion_gcs_dag_fhv.py
[2022-02-01 20:22:11,549] {logging_mixin.py:109} INFO - [2022-02-01 20:22:11,548] {dag.py:2396} INFO - Sync 1 DAGs
[2022-02-01 20:22:11,593] {processor.py:171} INFO - Processing /opt/airflow/dags/data_ingestion_gcs_dag_fhv.py took 1.289 seconds
[2022-02-01 20:22:41,706] {processor.py:163} INFO - Started process (PID=2988) to work on /opt/airflow/dags/data_ingestion_gcs_dag_fhv.py
[2022-02-01 20:22:41,708] {processor.py:642} INFO - Processing file /opt/airflow/dags/data_ingestion_gcs_dag_fhv.py for tasks to queue
[2022-02-01 20:22:41,709] {logging_mixin.py:109} INFO - [2022-02-01 20:22:41,709] {dagbag.py:500} INFO - Filling up the DagBag from /opt/airflow/dags/data_ingestion_gcs_dag_fhv.py
[2022-02-01 20:22:42,529] {processor.py:654} INFO - DAG(s) dict_keys(['data_ingestion_gcs_dag_hw2_yellow_taxi']) retrieved from /opt/airflow/dags/data_ingestion_gcs_dag_fhv.py
[2022-02-01 20:22:42,541] {logging_mixin.py:109} INFO - [2022-02-01 20:22:42,541] {dag.py:2396} INFO - Sync 1 DAGs
[2022-02-01 20:22:42,566] {processor.py:171} INFO - Processing /opt/airflow/dags/data_ingestion_gcs_dag_fhv.py took 0.865 seconds
[2022-02-01 20:23:13,293] {processor.py:163} INFO - Started process (PID=3027) to work on /opt/airflow/dags/data_ingestion_gcs_dag_fhv.py
[2022-02-01 20:23:13,295] {processor.py:642} INFO - Processing file /opt/airflow/dags/data_ingestion_gcs_dag_fhv.py for tasks to queue
[2022-02-01 20:23:13,296] {logging_mixin.py:109} INFO - [2022-02-01 20:23:13,296] {dagbag.py:500} INFO - Filling up the DagBag from /opt/airflow/dags/data_ingestion_gcs_dag_fhv.py
[2022-02-01 20:23:14,106] {processor.py:654} INFO - DAG(s) dict_keys(['data_ingestion_gcs_dag_hw2_yellow_taxi']) retrieved from /opt/airflow/dags/data_ingestion_gcs_dag_fhv.py
[2022-02-01 20:23:14,110] {logging_mixin.py:109} INFO - [2022-02-01 20:23:14,110] {dag.py:2396} INFO - Sync 1 DAGs
[2022-02-01 20:23:14,139] {processor.py:171} INFO - Processing /opt/airflow/dags/data_ingestion_gcs_dag_fhv.py took 0.851 seconds
[2022-02-01 20:23:44,273] {processor.py:163} INFO - Started process (PID=3055) to work on /opt/airflow/dags/data_ingestion_gcs_dag_fhv.py
[2022-02-01 20:23:44,274] {processor.py:642} INFO - Processing file /opt/airflow/dags/data_ingestion_gcs_dag_fhv.py for tasks to queue
[2022-02-01 20:23:44,275] {logging_mixin.py:109} INFO - [2022-02-01 20:23:44,275] {dagbag.py:500} INFO - Filling up the DagBag from /opt/airflow/dags/data_ingestion_gcs_dag_fhv.py
[2022-02-01 20:23:45,102] {processor.py:654} INFO - DAG(s) dict_keys(['data_ingestion_gcs_dag_hw2_yellow_taxi']) retrieved from /opt/airflow/dags/data_ingestion_gcs_dag_fhv.py
[2022-02-01 20:23:45,333] {logging_mixin.py:109} INFO - [2022-02-01 20:23:45,332] {dag.py:2396} INFO - Sync 1 DAGs
[2022-02-01 20:23:45,372] {processor.py:171} INFO - Processing /opt/airflow/dags/data_ingestion_gcs_dag_fhv.py took 1.105 seconds
[2022-02-01 20:24:15,478] {processor.py:163} INFO - Started process (PID=3093) to work on /opt/airflow/dags/data_ingestion_gcs_dag_fhv.py
[2022-02-01 20:24:15,480] {processor.py:642} INFO - Processing file /opt/airflow/dags/data_ingestion_gcs_dag_fhv.py for tasks to queue
[2022-02-01 20:24:15,481] {logging_mixin.py:109} INFO - [2022-02-01 20:24:15,481] {dagbag.py:500} INFO - Filling up the DagBag from /opt/airflow/dags/data_ingestion_gcs_dag_fhv.py
[2022-02-01 20:24:16,326] {processor.py:654} INFO - DAG(s) dict_keys(['data_ingestion_gcs_dag_hw2_yellow_taxi']) retrieved from /opt/airflow/dags/data_ingestion_gcs_dag_fhv.py
[2022-02-01 20:24:16,336] {logging_mixin.py:109} INFO - [2022-02-01 20:24:16,336] {dag.py:2396} INFO - Sync 1 DAGs
[2022-02-01 20:24:16,360] {processor.py:171} INFO - Processing /opt/airflow/dags/data_ingestion_gcs_dag_fhv.py took 0.886 seconds
[2022-02-01 20:24:47,341] {processor.py:163} INFO - Started process (PID=3121) to work on /opt/airflow/dags/data_ingestion_gcs_dag_fhv.py
[2022-02-01 20:24:47,343] {processor.py:642} INFO - Processing file /opt/airflow/dags/data_ingestion_gcs_dag_fhv.py for tasks to queue
[2022-02-01 20:24:47,344] {logging_mixin.py:109} INFO - [2022-02-01 20:24:47,344] {dagbag.py:500} INFO - Filling up the DagBag from /opt/airflow/dags/data_ingestion_gcs_dag_fhv.py
[2022-02-01 20:24:48,221] {processor.py:654} INFO - DAG(s) dict_keys(['data_ingestion_gcs_dag_hw2_yellow_taxi']) retrieved from /opt/airflow/dags/data_ingestion_gcs_dag_fhv.py
[2022-02-01 20:24:48,226] {logging_mixin.py:109} INFO - [2022-02-01 20:24:48,225] {dag.py:2396} INFO - Sync 1 DAGs
[2022-02-01 20:24:48,259] {processor.py:171} INFO - Processing /opt/airflow/dags/data_ingestion_gcs_dag_fhv.py took 0.923 seconds
[2022-02-01 20:25:18,351] {processor.py:163} INFO - Started process (PID=3160) to work on /opt/airflow/dags/data_ingestion_gcs_dag_fhv.py
[2022-02-01 20:25:18,353] {processor.py:642} INFO - Processing file /opt/airflow/dags/data_ingestion_gcs_dag_fhv.py for tasks to queue
[2022-02-01 20:25:18,354] {logging_mixin.py:109} INFO - [2022-02-01 20:25:18,354] {dagbag.py:500} INFO - Filling up the DagBag from /opt/airflow/dags/data_ingestion_gcs_dag_fhv.py
[2022-02-01 20:25:19,145] {processor.py:654} INFO - DAG(s) dict_keys(['data_ingestion_gcs_dag_hw2_yellow_taxi']) retrieved from /opt/airflow/dags/data_ingestion_gcs_dag_fhv.py
[2022-02-01 20:25:19,345] {logging_mixin.py:109} INFO - [2022-02-01 20:25:19,345] {dag.py:2396} INFO - Sync 1 DAGs
[2022-02-01 20:25:19,380] {processor.py:171} INFO - Processing /opt/airflow/dags/data_ingestion_gcs_dag_fhv.py took 1.035 seconds
[2022-02-01 20:25:49,459] {processor.py:163} INFO - Started process (PID=3191) to work on /opt/airflow/dags/data_ingestion_gcs_dag_fhv.py
[2022-02-01 20:25:49,461] {processor.py:642} INFO - Processing file /opt/airflow/dags/data_ingestion_gcs_dag_fhv.py for tasks to queue
[2022-02-01 20:25:49,462] {logging_mixin.py:109} INFO - [2022-02-01 20:25:49,461] {dagbag.py:500} INFO - Filling up the DagBag from /opt/airflow/dags/data_ingestion_gcs_dag_fhv.py
[2022-02-01 20:25:50,231] {processor.py:654} INFO - DAG(s) dict_keys(['data_ingestion_gcs_dag_hw2_yellow_taxi']) retrieved from /opt/airflow/dags/data_ingestion_gcs_dag_fhv.py
[2022-02-01 20:25:50,241] {logging_mixin.py:109} INFO - [2022-02-01 20:25:50,241] {dag.py:2396} INFO - Sync 1 DAGs
[2022-02-01 20:25:50,264] {processor.py:171} INFO - Processing /opt/airflow/dags/data_ingestion_gcs_dag_fhv.py took 0.810 seconds
[2022-02-01 20:26:04,508] {processor.py:163} INFO - Started process (PID=3209) to work on /opt/airflow/dags/data_ingestion_gcs_dag_fhv.py
[2022-02-01 20:26:04,511] {processor.py:642} INFO - Processing file /opt/airflow/dags/data_ingestion_gcs_dag_fhv.py for tasks to queue
[2022-02-01 20:26:04,512] {logging_mixin.py:109} INFO - [2022-02-01 20:26:04,512] {dagbag.py:500} INFO - Filling up the DagBag from /opt/airflow/dags/data_ingestion_gcs_dag_fhv.py
[2022-02-01 20:26:05,387] {processor.py:654} INFO - DAG(s) dict_keys(['data_ingestion_gcs_dag_hw2_fhv']) retrieved from /opt/airflow/dags/data_ingestion_gcs_dag_fhv.py
[2022-02-01 20:26:10,046] {logging_mixin.py:109} INFO - [2022-02-01 20:26:10,046] {manager.py:496} INFO - Created Permission View: can read on DAG:data_ingestion_gcs_dag_hw2_fhv
[2022-02-01 20:26:10,056] {logging_mixin.py:109} INFO - [2022-02-01 20:26:10,056] {manager.py:496} INFO - Created Permission View: can edit on DAG:data_ingestion_gcs_dag_hw2_fhv
[2022-02-01 20:26:10,056] {logging_mixin.py:109} INFO - [2022-02-01 20:26:10,056] {dag.py:2396} INFO - Sync 1 DAGs
[2022-02-01 20:26:10,063] {logging_mixin.py:109} INFO - [2022-02-01 20:26:10,063] {dag.py:2415} INFO - Creating ORM DAG for data_ingestion_gcs_dag_hw2_fhv
[2022-02-01 20:26:10,073] {logging_mixin.py:109} INFO - [2022-02-01 20:26:10,073] {dag.py:2935} INFO - Setting next_dagrun for data_ingestion_gcs_dag_hw2_fhv to 2019-01-01T00:00:00+00:00
[2022-02-01 20:26:10,089] {processor.py:171} INFO - Processing /opt/airflow/dags/data_ingestion_gcs_dag_fhv.py took 5.586 seconds
[2022-02-01 20:26:40,186] {processor.py:163} INFO - Started process (PID=3250) to work on /opt/airflow/dags/data_ingestion_gcs_dag_fhv.py
[2022-02-01 20:26:40,189] {processor.py:642} INFO - Processing file /opt/airflow/dags/data_ingestion_gcs_dag_fhv.py for tasks to queue
[2022-02-01 20:26:40,190] {logging_mixin.py:109} INFO - [2022-02-01 20:26:40,189] {dagbag.py:500} INFO - Filling up the DagBag from /opt/airflow/dags/data_ingestion_gcs_dag_fhv.py
[2022-02-01 20:26:41,004] {processor.py:654} INFO - DAG(s) dict_keys(['data_ingestion_gcs_dag_hw2_fhv']) retrieved from /opt/airflow/dags/data_ingestion_gcs_dag_fhv.py
[2022-02-01 20:26:41,015] {logging_mixin.py:109} INFO - [2022-02-01 20:26:41,014] {dag.py:2396} INFO - Sync 1 DAGs
[2022-02-01 20:26:41,032] {logging_mixin.py:109} INFO - [2022-02-01 20:26:41,032] {dag.py:2935} INFO - Setting next_dagrun for data_ingestion_gcs_dag_hw2_fhv to 2019-01-01T00:00:00+00:00
[2022-02-01 20:26:41,042] {processor.py:171} INFO - Processing /opt/airflow/dags/data_ingestion_gcs_dag_fhv.py took 0.861 seconds
[2022-02-01 20:27:11,139] {processor.py:163} INFO - Started process (PID=3288) to work on /opt/airflow/dags/data_ingestion_gcs_dag_fhv.py
[2022-02-01 20:27:11,145] {processor.py:642} INFO - Processing file /opt/airflow/dags/data_ingestion_gcs_dag_fhv.py for tasks to queue
[2022-02-01 20:27:11,146] {logging_mixin.py:109} INFO - [2022-02-01 20:27:11,146] {dagbag.py:500} INFO - Filling up the DagBag from /opt/airflow/dags/data_ingestion_gcs_dag_fhv.py
[2022-02-01 20:27:11,926] {processor.py:654} INFO - DAG(s) dict_keys(['data_ingestion_gcs_dag_hw2_fhv']) retrieved from /opt/airflow/dags/data_ingestion_gcs_dag_fhv.py
[2022-02-01 20:27:11,936] {logging_mixin.py:109} INFO - [2022-02-01 20:27:11,936] {dag.py:2396} INFO - Sync 1 DAGs
[2022-02-01 20:27:11,952] {logging_mixin.py:109} INFO - [2022-02-01 20:27:11,952] {dag.py:2935} INFO - Setting next_dagrun for data_ingestion_gcs_dag_hw2_fhv to 2019-01-01T00:00:00+00:00
[2022-02-01 20:27:11,964] {processor.py:171} INFO - Processing /opt/airflow/dags/data_ingestion_gcs_dag_fhv.py took 0.829 seconds
[2022-02-01 20:27:17,000] {processor.py:163} INFO - Started process (PID=3293) to work on /opt/airflow/dags/data_ingestion_gcs_dag_fhv.py
[2022-02-01 20:27:17,001] {processor.py:642} INFO - Processing file /opt/airflow/dags/data_ingestion_gcs_dag_fhv.py for tasks to queue
[2022-02-01 20:27:17,002] {logging_mixin.py:109} INFO - [2022-02-01 20:27:17,002] {dagbag.py:500} INFO - Filling up the DagBag from /opt/airflow/dags/data_ingestion_gcs_dag_fhv.py
[2022-02-01 20:27:17,780] {processor.py:654} INFO - DAG(s) dict_keys(['data_ingestion_gcs_dag_hw2_fhv']) retrieved from /opt/airflow/dags/data_ingestion_gcs_dag_fhv.py
[2022-02-01 20:27:17,794] {logging_mixin.py:109} INFO - [2022-02-01 20:27:17,793] {dag.py:2396} INFO - Sync 1 DAGs
[2022-02-01 20:27:17,814] {logging_mixin.py:109} INFO - [2022-02-01 20:27:17,814] {dag.py:2935} INFO - Setting next_dagrun for data_ingestion_gcs_dag_hw2_fhv to 2019-01-01T00:00:00+00:00
[2022-02-01 20:27:17,825] {processor.py:171} INFO - Processing /opt/airflow/dags/data_ingestion_gcs_dag_fhv.py took 0.830 seconds
[2022-02-01 20:27:47,934] {processor.py:163} INFO - Started process (PID=3333) to work on /opt/airflow/dags/data_ingestion_gcs_dag_fhv.py
[2022-02-01 20:27:47,937] {processor.py:642} INFO - Processing file /opt/airflow/dags/data_ingestion_gcs_dag_fhv.py for tasks to queue
[2022-02-01 20:27:47,938] {logging_mixin.py:109} INFO - [2022-02-01 20:27:47,938] {dagbag.py:500} INFO - Filling up the DagBag from /opt/airflow/dags/data_ingestion_gcs_dag_fhv.py
[2022-02-01 20:27:48,868] {processor.py:654} INFO - DAG(s) dict_keys(['data_ingestion_gcs_dag_hw2_fhv']) retrieved from /opt/airflow/dags/data_ingestion_gcs_dag_fhv.py
[2022-02-01 20:27:48,878] {logging_mixin.py:109} INFO - [2022-02-01 20:27:48,877] {dag.py:2396} INFO - Sync 1 DAGs
[2022-02-01 20:27:48,894] {logging_mixin.py:109} INFO - [2022-02-01 20:27:48,893] {dag.py:2935} INFO - Setting next_dagrun for data_ingestion_gcs_dag_hw2_fhv to 2019-01-01T00:00:00+00:00
[2022-02-01 20:27:48,903] {processor.py:171} INFO - Processing /opt/airflow/dags/data_ingestion_gcs_dag_fhv.py took 0.974 seconds
[2022-02-01 20:28:19,262] {processor.py:163} INFO - Started process (PID=3366) to work on /opt/airflow/dags/data_ingestion_gcs_dag_fhv.py
[2022-02-01 20:28:19,264] {processor.py:642} INFO - Processing file /opt/airflow/dags/data_ingestion_gcs_dag_fhv.py for tasks to queue
[2022-02-01 20:28:19,265] {logging_mixin.py:109} INFO - [2022-02-01 20:28:19,265] {dagbag.py:500} INFO - Filling up the DagBag from /opt/airflow/dags/data_ingestion_gcs_dag_fhv.py
[2022-02-01 20:28:20,144] {processor.py:654} INFO - DAG(s) dict_keys(['data_ingestion_gcs_dag_hw2_fhv']) retrieved from /opt/airflow/dags/data_ingestion_gcs_dag_fhv.py
[2022-02-01 20:28:20,154] {logging_mixin.py:109} INFO - [2022-02-01 20:28:20,154] {dag.py:2396} INFO - Sync 1 DAGs
[2022-02-01 20:28:20,171] {logging_mixin.py:109} INFO - [2022-02-01 20:28:20,171] {dag.py:2935} INFO - Setting next_dagrun for data_ingestion_gcs_dag_hw2_fhv to 2019-01-01T00:00:00+00:00
[2022-02-01 20:28:20,180] {processor.py:171} INFO - Processing /opt/airflow/dags/data_ingestion_gcs_dag_fhv.py took 0.923 seconds
[2022-02-01 20:28:50,906] {processor.py:163} INFO - Started process (PID=3405) to work on /opt/airflow/dags/data_ingestion_gcs_dag_fhv.py
[2022-02-01 20:28:50,910] {processor.py:642} INFO - Processing file /opt/airflow/dags/data_ingestion_gcs_dag_fhv.py for tasks to queue
[2022-02-01 20:28:50,911] {logging_mixin.py:109} INFO - [2022-02-01 20:28:50,911] {dagbag.py:500} INFO - Filling up the DagBag from /opt/airflow/dags/data_ingestion_gcs_dag_fhv.py
[2022-02-01 20:28:51,705] {processor.py:654} INFO - DAG(s) dict_keys(['data_ingestion_gcs_dag_hw2_fhv']) retrieved from /opt/airflow/dags/data_ingestion_gcs_dag_fhv.py
[2022-02-01 20:28:51,715] {logging_mixin.py:109} INFO - [2022-02-01 20:28:51,714] {dag.py:2396} INFO - Sync 1 DAGs
[2022-02-01 20:28:51,731] {logging_mixin.py:109} INFO - [2022-02-01 20:28:51,730] {dag.py:2935} INFO - Setting next_dagrun for data_ingestion_gcs_dag_hw2_fhv to 2019-01-01T00:00:00+00:00
[2022-02-01 20:28:51,742] {processor.py:171} INFO - Processing /opt/airflow/dags/data_ingestion_gcs_dag_fhv.py took 0.840 seconds
[2022-02-01 20:29:21,869] {processor.py:163} INFO - Started process (PID=3435) to work on /opt/airflow/dags/data_ingestion_gcs_dag_fhv.py
[2022-02-01 20:29:21,872] {processor.py:642} INFO - Processing file /opt/airflow/dags/data_ingestion_gcs_dag_fhv.py for tasks to queue
[2022-02-01 20:29:21,873] {logging_mixin.py:109} INFO - [2022-02-01 20:29:21,873] {dagbag.py:500} INFO - Filling up the DagBag from /opt/airflow/dags/data_ingestion_gcs_dag_fhv.py
[2022-02-01 20:29:22,668] {processor.py:654} INFO - DAG(s) dict_keys(['data_ingestion_gcs_dag_hw2_fhv']) retrieved from /opt/airflow/dags/data_ingestion_gcs_dag_fhv.py
[2022-02-01 20:29:22,678] {logging_mixin.py:109} INFO - [2022-02-01 20:29:22,677] {dag.py:2396} INFO - Sync 1 DAGs
[2022-02-01 20:29:22,693] {logging_mixin.py:109} INFO - [2022-02-01 20:29:22,693] {dag.py:2935} INFO - Setting next_dagrun for data_ingestion_gcs_dag_hw2_fhv to 2019-01-01T00:00:00+00:00
[2022-02-01 20:29:22,702] {processor.py:171} INFO - Processing /opt/airflow/dags/data_ingestion_gcs_dag_fhv.py took 0.839 seconds
[2022-02-01 20:29:52,790] {processor.py:163} INFO - Started process (PID=3475) to work on /opt/airflow/dags/data_ingestion_gcs_dag_fhv.py
[2022-02-01 20:29:52,792] {processor.py:642} INFO - Processing file /opt/airflow/dags/data_ingestion_gcs_dag_fhv.py for tasks to queue
[2022-02-01 20:29:52,792] {logging_mixin.py:109} INFO - [2022-02-01 20:29:52,792] {dagbag.py:500} INFO - Filling up the DagBag from /opt/airflow/dags/data_ingestion_gcs_dag_fhv.py
[2022-02-01 20:29:53,532] {processor.py:654} INFO - DAG(s) dict_keys(['data_ingestion_gcs_dag_hw2_fhv']) retrieved from /opt/airflow/dags/data_ingestion_gcs_dag_fhv.py
[2022-02-01 20:29:53,542] {logging_mixin.py:109} INFO - [2022-02-01 20:29:53,541] {dag.py:2396} INFO - Sync 1 DAGs
[2022-02-01 20:29:53,557] {logging_mixin.py:109} INFO - [2022-02-01 20:29:53,557] {dag.py:2935} INFO - Setting next_dagrun for data_ingestion_gcs_dag_hw2_fhv to 2019-01-01T00:00:00+00:00
[2022-02-01 20:29:53,566] {processor.py:171} INFO - Processing /opt/airflow/dags/data_ingestion_gcs_dag_fhv.py took 0.780 seconds
[2022-02-01 20:30:23,670] {processor.py:163} INFO - Started process (PID=3506) to work on /opt/airflow/dags/data_ingestion_gcs_dag_fhv.py
[2022-02-01 20:30:23,673] {processor.py:642} INFO - Processing file /opt/airflow/dags/data_ingestion_gcs_dag_fhv.py for tasks to queue
[2022-02-01 20:30:23,673] {logging_mixin.py:109} INFO - [2022-02-01 20:30:23,673] {dagbag.py:500} INFO - Filling up the DagBag from /opt/airflow/dags/data_ingestion_gcs_dag_fhv.py
[2022-02-01 20:30:24,552] {processor.py:654} INFO - DAG(s) dict_keys(['data_ingestion_gcs_dag_hw2_fhv']) retrieved from /opt/airflow/dags/data_ingestion_gcs_dag_fhv.py
[2022-02-01 20:30:24,561] {logging_mixin.py:109} INFO - [2022-02-01 20:30:24,561] {dag.py:2396} INFO - Sync 1 DAGs
[2022-02-01 20:30:24,577] {logging_mixin.py:109} INFO - [2022-02-01 20:30:24,577] {dag.py:2935} INFO - Setting next_dagrun for data_ingestion_gcs_dag_hw2_fhv to 2019-01-01T00:00:00+00:00
[2022-02-01 20:30:24,586] {processor.py:171} INFO - Processing /opt/airflow/dags/data_ingestion_gcs_dag_fhv.py took 0.921 seconds
[2022-02-01 20:30:54,701] {processor.py:163} INFO - Started process (PID=3544) to work on /opt/airflow/dags/data_ingestion_gcs_dag_fhv.py
[2022-02-01 20:30:54,703] {processor.py:642} INFO - Processing file /opt/airflow/dags/data_ingestion_gcs_dag_fhv.py for tasks to queue
[2022-02-01 20:30:54,705] {logging_mixin.py:109} INFO - [2022-02-01 20:30:54,704] {dagbag.py:500} INFO - Filling up the DagBag from /opt/airflow/dags/data_ingestion_gcs_dag_fhv.py
[2022-02-01 20:30:55,542] {processor.py:654} INFO - DAG(s) dict_keys(['data_ingestion_gcs_dag_hw2_fhv']) retrieved from /opt/airflow/dags/data_ingestion_gcs_dag_fhv.py
[2022-02-01 20:30:55,556] {logging_mixin.py:109} INFO - [2022-02-01 20:30:55,556] {dag.py:2396} INFO - Sync 1 DAGs
[2022-02-01 20:30:55,572] {logging_mixin.py:109} INFO - [2022-02-01 20:30:55,572] {dag.py:2935} INFO - Setting next_dagrun for data_ingestion_gcs_dag_hw2_fhv to 2019-01-01T00:00:00+00:00
[2022-02-01 20:30:55,582] {processor.py:171} INFO - Processing /opt/airflow/dags/data_ingestion_gcs_dag_fhv.py took 0.887 seconds
[2022-02-01 20:31:25,703] {processor.py:163} INFO - Started process (PID=3575) to work on /opt/airflow/dags/data_ingestion_gcs_dag_fhv.py
[2022-02-01 20:31:25,706] {processor.py:642} INFO - Processing file /opt/airflow/dags/data_ingestion_gcs_dag_fhv.py for tasks to queue
[2022-02-01 20:31:25,707] {logging_mixin.py:109} INFO - [2022-02-01 20:31:25,706] {dagbag.py:500} INFO - Filling up the DagBag from /opt/airflow/dags/data_ingestion_gcs_dag_fhv.py
[2022-02-01 20:31:26,526] {processor.py:654} INFO - DAG(s) dict_keys(['data_ingestion_gcs_dag_hw2_fhv']) retrieved from /opt/airflow/dags/data_ingestion_gcs_dag_fhv.py
[2022-02-01 20:31:26,535] {logging_mixin.py:109} INFO - [2022-02-01 20:31:26,535] {dag.py:2396} INFO - Sync 1 DAGs
[2022-02-01 20:31:26,551] {logging_mixin.py:109} INFO - [2022-02-01 20:31:26,550] {dag.py:2935} INFO - Setting next_dagrun for data_ingestion_gcs_dag_hw2_fhv to 2019-01-01T00:00:00+00:00
[2022-02-01 20:31:26,560] {processor.py:171} INFO - Processing /opt/airflow/dags/data_ingestion_gcs_dag_fhv.py took 0.862 seconds
[2022-02-01 20:31:56,679] {processor.py:163} INFO - Started process (PID=3615) to work on /opt/airflow/dags/data_ingestion_gcs_dag_fhv.py
[2022-02-01 20:31:56,680] {processor.py:642} INFO - Processing file /opt/airflow/dags/data_ingestion_gcs_dag_fhv.py for tasks to queue
[2022-02-01 20:31:56,681] {logging_mixin.py:109} INFO - [2022-02-01 20:31:56,681] {dagbag.py:500} INFO - Filling up the DagBag from /opt/airflow/dags/data_ingestion_gcs_dag_fhv.py
[2022-02-01 20:31:57,491] {processor.py:654} INFO - DAG(s) dict_keys(['data_ingestion_gcs_dag_hw2_fhv']) retrieved from /opt/airflow/dags/data_ingestion_gcs_dag_fhv.py
[2022-02-01 20:31:57,500] {logging_mixin.py:109} INFO - [2022-02-01 20:31:57,500] {dag.py:2396} INFO - Sync 1 DAGs
[2022-02-01 20:31:57,516] {logging_mixin.py:109} INFO - [2022-02-01 20:31:57,516] {dag.py:2935} INFO - Setting next_dagrun for data_ingestion_gcs_dag_hw2_fhv to 2019-01-01T00:00:00+00:00
[2022-02-01 20:31:57,526] {processor.py:171} INFO - Processing /opt/airflow/dags/data_ingestion_gcs_dag_fhv.py took 0.851 seconds
[2022-02-01 20:32:27,623] {processor.py:163} INFO - Started process (PID=3650) to work on /opt/airflow/dags/data_ingestion_gcs_dag_fhv.py
[2022-02-01 20:32:27,625] {processor.py:642} INFO - Processing file /opt/airflow/dags/data_ingestion_gcs_dag_fhv.py for tasks to queue
[2022-02-01 20:32:27,626] {logging_mixin.py:109} INFO - [2022-02-01 20:32:27,626] {dagbag.py:500} INFO - Filling up the DagBag from /opt/airflow/dags/data_ingestion_gcs_dag_fhv.py
[2022-02-01 20:32:28,443] {processor.py:654} INFO - DAG(s) dict_keys(['data_ingestion_gcs_dag_hw2_fhv']) retrieved from /opt/airflow/dags/data_ingestion_gcs_dag_fhv.py
[2022-02-01 20:32:28,446] {logging_mixin.py:109} INFO - [2022-02-01 20:32:28,446] {dag.py:2396} INFO - Sync 1 DAGs
[2022-02-01 20:32:28,465] {logging_mixin.py:109} INFO - [2022-02-01 20:32:28,464] {dag.py:2935} INFO - Setting next_dagrun for data_ingestion_gcs_dag_hw2_fhv to 2019-01-01T00:00:00+00:00
[2022-02-01 20:32:28,477] {processor.py:171} INFO - Processing /opt/airflow/dags/data_ingestion_gcs_dag_fhv.py took 0.858 seconds
[2022-02-01 20:32:58,576] {processor.py:163} INFO - Started process (PID=3694) to work on /opt/airflow/dags/data_ingestion_gcs_dag_fhv.py
[2022-02-01 20:32:58,578] {processor.py:642} INFO - Processing file /opt/airflow/dags/data_ingestion_gcs_dag_fhv.py for tasks to queue
[2022-02-01 20:32:58,578] {logging_mixin.py:109} INFO - [2022-02-01 20:32:58,578] {dagbag.py:500} INFO - Filling up the DagBag from /opt/airflow/dags/data_ingestion_gcs_dag_fhv.py
[2022-02-01 20:32:59,370] {processor.py:654} INFO - DAG(s) dict_keys(['data_ingestion_gcs_dag_hw2_fhv']) retrieved from /opt/airflow/dags/data_ingestion_gcs_dag_fhv.py
[2022-02-01 20:32:59,594] {logging_mixin.py:109} INFO - [2022-02-01 20:32:59,593] {dag.py:2396} INFO - Sync 1 DAGs
[2022-02-01 20:32:59,614] {logging_mixin.py:109} INFO - [2022-02-01 20:32:59,613] {dag.py:2935} INFO - Setting next_dagrun for data_ingestion_gcs_dag_hw2_fhv to 2019-01-01T00:00:00+00:00
[2022-02-01 20:32:59,628] {processor.py:171} INFO - Processing /opt/airflow/dags/data_ingestion_gcs_dag_fhv.py took 1.056 seconds
[2022-02-01 20:33:30,513] {processor.py:163} INFO - Started process (PID=3728) to work on /opt/airflow/dags/data_ingestion_gcs_dag_fhv.py
[2022-02-01 20:33:30,516] {processor.py:642} INFO - Processing file /opt/airflow/dags/data_ingestion_gcs_dag_fhv.py for tasks to queue
[2022-02-01 20:33:30,517] {logging_mixin.py:109} INFO - [2022-02-01 20:33:30,517] {dagbag.py:500} INFO - Filling up the DagBag from /opt/airflow/dags/data_ingestion_gcs_dag_fhv.py
[2022-02-01 20:33:31,477] {processor.py:654} INFO - DAG(s) dict_keys(['data_ingestion_gcs_dag_hw2_fhv']) retrieved from /opt/airflow/dags/data_ingestion_gcs_dag_fhv.py
[2022-02-01 20:33:31,487] {logging_mixin.py:109} INFO - [2022-02-01 20:33:31,486] {dag.py:2396} INFO - Sync 1 DAGs
[2022-02-01 20:33:31,502] {logging_mixin.py:109} INFO - [2022-02-01 20:33:31,502] {dag.py:2935} INFO - Setting next_dagrun for data_ingestion_gcs_dag_hw2_fhv to 2019-01-01T00:00:00+00:00
[2022-02-01 20:33:31,511] {processor.py:171} INFO - Processing /opt/airflow/dags/data_ingestion_gcs_dag_fhv.py took 1.003 seconds
[2022-02-01 20:34:01,649] {processor.py:163} INFO - Started process (PID=3771) to work on /opt/airflow/dags/data_ingestion_gcs_dag_fhv.py
[2022-02-01 20:34:01,651] {processor.py:642} INFO - Processing file /opt/airflow/dags/data_ingestion_gcs_dag_fhv.py for tasks to queue
[2022-02-01 20:34:01,652] {logging_mixin.py:109} INFO - [2022-02-01 20:34:01,652] {dagbag.py:500} INFO - Filling up the DagBag from /opt/airflow/dags/data_ingestion_gcs_dag_fhv.py
[2022-02-01 20:34:02,417] {processor.py:654} INFO - DAG(s) dict_keys(['data_ingestion_gcs_dag_hw2_fhv']) retrieved from /opt/airflow/dags/data_ingestion_gcs_dag_fhv.py
[2022-02-01 20:34:02,421] {logging_mixin.py:109} INFO - [2022-02-01 20:34:02,421] {dag.py:2396} INFO - Sync 1 DAGs
[2022-02-01 20:34:02,437] {logging_mixin.py:109} INFO - [2022-02-01 20:34:02,437] {dag.py:2935} INFO - Setting next_dagrun for data_ingestion_gcs_dag_hw2_fhv to 2019-01-01T00:00:00+00:00
[2022-02-01 20:34:02,448] {processor.py:171} INFO - Processing /opt/airflow/dags/data_ingestion_gcs_dag_fhv.py took 0.805 seconds
[2022-02-01 20:34:32,824] {processor.py:163} INFO - Started process (PID=3810) to work on /opt/airflow/dags/data_ingestion_gcs_dag_fhv.py
[2022-02-01 20:34:32,825] {processor.py:642} INFO - Processing file /opt/airflow/dags/data_ingestion_gcs_dag_fhv.py for tasks to queue
[2022-02-01 20:34:32,826] {logging_mixin.py:109} INFO - [2022-02-01 20:34:32,826] {dagbag.py:500} INFO - Filling up the DagBag from /opt/airflow/dags/data_ingestion_gcs_dag_fhv.py
[2022-02-01 20:34:33,634] {processor.py:654} INFO - DAG(s) dict_keys(['data_ingestion_gcs_dag_hw2_fhv']) retrieved from /opt/airflow/dags/data_ingestion_gcs_dag_fhv.py
[2022-02-01 20:34:33,842] {logging_mixin.py:109} INFO - [2022-02-01 20:34:33,841] {dag.py:2396} INFO - Sync 1 DAGs
[2022-02-01 20:34:33,867] {logging_mixin.py:109} INFO - [2022-02-01 20:34:33,866] {dag.py:2935} INFO - Setting next_dagrun for data_ingestion_gcs_dag_hw2_fhv to 2019-01-01T00:00:00+00:00
[2022-02-01 20:34:33,884] {processor.py:171} INFO - Processing /opt/airflow/dags/data_ingestion_gcs_dag_fhv.py took 1.065 seconds
[2022-02-01 20:35:03,991] {processor.py:163} INFO - Started process (PID=3855) to work on /opt/airflow/dags/data_ingestion_gcs_dag_fhv.py
[2022-02-01 20:35:03,994] {processor.py:642} INFO - Processing file /opt/airflow/dags/data_ingestion_gcs_dag_fhv.py for tasks to queue
[2022-02-01 20:35:03,994] {logging_mixin.py:109} INFO - [2022-02-01 20:35:03,994] {dagbag.py:500} INFO - Filling up the DagBag from /opt/airflow/dags/data_ingestion_gcs_dag_fhv.py
[2022-02-01 20:35:04,777] {processor.py:654} INFO - DAG(s) dict_keys(['data_ingestion_gcs_dag_hw2_fhv']) retrieved from /opt/airflow/dags/data_ingestion_gcs_dag_fhv.py
[2022-02-01 20:35:04,786] {logging_mixin.py:109} INFO - [2022-02-01 20:35:04,786] {dag.py:2396} INFO - Sync 1 DAGs
[2022-02-01 20:35:04,801] {logging_mixin.py:109} INFO - [2022-02-01 20:35:04,801] {dag.py:2935} INFO - Setting next_dagrun for data_ingestion_gcs_dag_hw2_fhv to 2019-01-01T00:00:00+00:00
[2022-02-01 20:35:04,813] {processor.py:171} INFO - Processing /opt/airflow/dags/data_ingestion_gcs_dag_fhv.py took 0.826 seconds
[2022-02-01 20:35:35,597] {processor.py:163} INFO - Started process (PID=3890) to work on /opt/airflow/dags/data_ingestion_gcs_dag_fhv.py
[2022-02-01 20:35:35,598] {processor.py:642} INFO - Processing file /opt/airflow/dags/data_ingestion_gcs_dag_fhv.py for tasks to queue
[2022-02-01 20:35:35,599] {logging_mixin.py:109} INFO - [2022-02-01 20:35:35,599] {dagbag.py:500} INFO - Filling up the DagBag from /opt/airflow/dags/data_ingestion_gcs_dag_fhv.py
[2022-02-01 20:35:36,356] {processor.py:654} INFO - DAG(s) dict_keys(['data_ingestion_gcs_dag_hw2_fhv']) retrieved from /opt/airflow/dags/data_ingestion_gcs_dag_fhv.py
[2022-02-01 20:35:36,366] {logging_mixin.py:109} INFO - [2022-02-01 20:35:36,366] {dag.py:2396} INFO - Sync 1 DAGs
[2022-02-01 20:35:36,384] {logging_mixin.py:109} INFO - [2022-02-01 20:35:36,383] {dag.py:2935} INFO - Setting next_dagrun for data_ingestion_gcs_dag_hw2_fhv to 2019-01-01T00:00:00+00:00
[2022-02-01 20:35:36,395] {processor.py:171} INFO - Processing /opt/airflow/dags/data_ingestion_gcs_dag_fhv.py took 0.803 seconds
[2022-02-01 20:36:06,494] {processor.py:163} INFO - Started process (PID=3934) to work on /opt/airflow/dags/data_ingestion_gcs_dag_fhv.py
[2022-02-01 20:36:06,499] {processor.py:642} INFO - Processing file /opt/airflow/dags/data_ingestion_gcs_dag_fhv.py for tasks to queue
[2022-02-01 20:36:06,499] {logging_mixin.py:109} INFO - [2022-02-01 20:36:06,499] {dagbag.py:500} INFO - Filling up the DagBag from /opt/airflow/dags/data_ingestion_gcs_dag_fhv.py
[2022-02-01 20:36:07,332] {processor.py:654} INFO - DAG(s) dict_keys(['data_ingestion_gcs_dag_hw2_fhv']) retrieved from /opt/airflow/dags/data_ingestion_gcs_dag_fhv.py
[2022-02-01 20:36:07,341] {logging_mixin.py:109} INFO - [2022-02-01 20:36:07,341] {dag.py:2396} INFO - Sync 1 DAGs
[2022-02-01 20:36:07,358] {logging_mixin.py:109} INFO - [2022-02-01 20:36:07,358] {dag.py:2935} INFO - Setting next_dagrun for data_ingestion_gcs_dag_hw2_fhv to 2019-01-01T00:00:00+00:00
[2022-02-01 20:36:07,367] {processor.py:171} INFO - Processing /opt/airflow/dags/data_ingestion_gcs_dag_fhv.py took 0.878 seconds
[2022-02-01 20:36:37,458] {processor.py:163} INFO - Started process (PID=3967) to work on /opt/airflow/dags/data_ingestion_gcs_dag_fhv.py
[2022-02-01 20:36:37,459] {processor.py:642} INFO - Processing file /opt/airflow/dags/data_ingestion_gcs_dag_fhv.py for tasks to queue
[2022-02-01 20:36:37,460] {logging_mixin.py:109} INFO - [2022-02-01 20:36:37,460] {dagbag.py:500} INFO - Filling up the DagBag from /opt/airflow/dags/data_ingestion_gcs_dag_fhv.py
[2022-02-01 20:36:38,255] {processor.py:654} INFO - DAG(s) dict_keys(['data_ingestion_gcs_dag_hw2_fhv']) retrieved from /opt/airflow/dags/data_ingestion_gcs_dag_fhv.py
[2022-02-01 20:36:38,269] {logging_mixin.py:109} INFO - [2022-02-01 20:36:38,268] {dag.py:2396} INFO - Sync 1 DAGs
[2022-02-01 20:36:38,286] {logging_mixin.py:109} INFO - [2022-02-01 20:36:38,286] {dag.py:2935} INFO - Setting next_dagrun for data_ingestion_gcs_dag_hw2_fhv to 2019-01-01T00:00:00+00:00
[2022-02-01 20:36:38,295] {processor.py:171} INFO - Processing /opt/airflow/dags/data_ingestion_gcs_dag_fhv.py took 0.841 seconds
[2022-02-01 20:36:41,327] {processor.py:163} INFO - Started process (PID=3982) to work on /opt/airflow/dags/data_ingestion_gcs_dag_fhv.py
[2022-02-01 20:36:41,330] {processor.py:642} INFO - Processing file /opt/airflow/dags/data_ingestion_gcs_dag_fhv.py for tasks to queue
[2022-02-01 20:36:41,331] {logging_mixin.py:109} INFO - [2022-02-01 20:36:41,331] {dagbag.py:500} INFO - Filling up the DagBag from /opt/airflow/dags/data_ingestion_gcs_dag_fhv.py
[2022-02-01 20:36:42,124] {processor.py:654} INFO - DAG(s) dict_keys(['data_ingestion_gcs_dag_hw2_fhv']) retrieved from /opt/airflow/dags/data_ingestion_gcs_dag_fhv.py
[2022-02-01 20:36:42,134] {logging_mixin.py:109} INFO - [2022-02-01 20:36:42,133] {dag.py:2396} INFO - Sync 1 DAGs
[2022-02-01 20:36:42,153] {logging_mixin.py:109} INFO - [2022-02-01 20:36:42,153] {dag.py:2935} INFO - Setting next_dagrun for data_ingestion_gcs_dag_hw2_fhv to 2019-01-01T00:00:00+00:00
[2022-02-01 20:36:42,165] {processor.py:171} INFO - Processing /opt/airflow/dags/data_ingestion_gcs_dag_fhv.py took 0.843 seconds
[2022-02-01 20:37:12,273] {processor.py:163} INFO - Started process (PID=4016) to work on /opt/airflow/dags/data_ingestion_gcs_dag_fhv.py
[2022-02-01 20:37:12,274] {processor.py:642} INFO - Processing file /opt/airflow/dags/data_ingestion_gcs_dag_fhv.py for tasks to queue
[2022-02-01 20:37:12,275] {logging_mixin.py:109} INFO - [2022-02-01 20:37:12,275] {dagbag.py:500} INFO - Filling up the DagBag from /opt/airflow/dags/data_ingestion_gcs_dag_fhv.py
[2022-02-01 20:37:13,317] {processor.py:654} INFO - DAG(s) dict_keys(['data_ingestion_gcs_dag_hw2_fhv']) retrieved from /opt/airflow/dags/data_ingestion_gcs_dag_fhv.py
[2022-02-01 20:37:13,331] {logging_mixin.py:109} INFO - [2022-02-01 20:37:13,330] {dag.py:2396} INFO - Sync 1 DAGs
[2022-02-01 20:37:13,355] {logging_mixin.py:109} INFO - [2022-02-01 20:37:13,355] {dag.py:2935} INFO - Setting next_dagrun for data_ingestion_gcs_dag_hw2_fhv to 2019-01-01T00:00:00+00:00
[2022-02-01 20:37:13,368] {processor.py:171} INFO - Processing /opt/airflow/dags/data_ingestion_gcs_dag_fhv.py took 1.100 seconds
[2022-02-01 20:37:43,520] {processor.py:163} INFO - Started process (PID=4062) to work on /opt/airflow/dags/data_ingestion_gcs_dag_fhv.py
[2022-02-01 20:37:43,522] {processor.py:642} INFO - Processing file /opt/airflow/dags/data_ingestion_gcs_dag_fhv.py for tasks to queue
[2022-02-01 20:37:43,523] {logging_mixin.py:109} INFO - [2022-02-01 20:37:43,523] {dagbag.py:500} INFO - Filling up the DagBag from /opt/airflow/dags/data_ingestion_gcs_dag_fhv.py
[2022-02-01 20:37:44,546] {processor.py:654} INFO - DAG(s) dict_keys(['data_ingestion_gcs_dag_hw2_fhv']) retrieved from /opt/airflow/dags/data_ingestion_gcs_dag_fhv.py
[2022-02-01 20:37:44,560] {logging_mixin.py:109} INFO - [2022-02-01 20:37:44,559] {dag.py:2396} INFO - Sync 1 DAGs
[2022-02-01 20:37:44,586] {logging_mixin.py:109} INFO - [2022-02-01 20:37:44,585] {dag.py:2935} INFO - Setting next_dagrun for data_ingestion_gcs_dag_hw2_fhv to 2019-01-01T00:00:00+00:00
[2022-02-01 20:37:44,600] {processor.py:171} INFO - Processing /opt/airflow/dags/data_ingestion_gcs_dag_fhv.py took 1.085 seconds
[2022-02-01 20:38:15,519] {processor.py:163} INFO - Started process (PID=4097) to work on /opt/airflow/dags/data_ingestion_gcs_dag_fhv.py
[2022-02-01 20:38:15,521] {processor.py:642} INFO - Processing file /opt/airflow/dags/data_ingestion_gcs_dag_fhv.py for tasks to queue
[2022-02-01 20:38:15,522] {logging_mixin.py:109} INFO - [2022-02-01 20:38:15,522] {dagbag.py:500} INFO - Filling up the DagBag from /opt/airflow/dags/data_ingestion_gcs_dag_fhv.py
[2022-02-01 20:38:16,370] {processor.py:654} INFO - DAG(s) dict_keys(['data_ingestion_gcs_dag_hw2_fhv']) retrieved from /opt/airflow/dags/data_ingestion_gcs_dag_fhv.py
[2022-02-01 20:38:16,385] {logging_mixin.py:109} INFO - [2022-02-01 20:38:16,384] {dag.py:2396} INFO - Sync 1 DAGs
[2022-02-01 20:38:16,413] {logging_mixin.py:109} INFO - [2022-02-01 20:38:16,413] {dag.py:2935} INFO - Setting next_dagrun for data_ingestion_gcs_dag_hw2_fhv to 2019-01-01T00:00:00+00:00
[2022-02-01 20:38:16,425] {processor.py:171} INFO - Processing /opt/airflow/dags/data_ingestion_gcs_dag_fhv.py took 0.910 seconds
[2022-02-01 20:38:46,505] {processor.py:163} INFO - Started process (PID=4140) to work on /opt/airflow/dags/data_ingestion_gcs_dag_fhv.py
[2022-02-01 20:38:46,507] {processor.py:642} INFO - Processing file /opt/airflow/dags/data_ingestion_gcs_dag_fhv.py for tasks to queue
[2022-02-01 20:38:46,508] {logging_mixin.py:109} INFO - [2022-02-01 20:38:46,508] {dagbag.py:500} INFO - Filling up the DagBag from /opt/airflow/dags/data_ingestion_gcs_dag_fhv.py
[2022-02-01 20:38:47,301] {processor.py:654} INFO - DAG(s) dict_keys(['data_ingestion_gcs_dag_hw2_fhv']) retrieved from /opt/airflow/dags/data_ingestion_gcs_dag_fhv.py
[2022-02-01 20:38:47,313] {logging_mixin.py:109} INFO - [2022-02-01 20:38:47,312] {dag.py:2396} INFO - Sync 1 DAGs
[2022-02-01 20:38:47,330] {logging_mixin.py:109} INFO - [2022-02-01 20:38:47,330] {dag.py:2935} INFO - Setting next_dagrun for data_ingestion_gcs_dag_hw2_fhv to 2019-01-01T00:00:00+00:00
[2022-02-01 20:38:47,341] {processor.py:171} INFO - Processing /opt/airflow/dags/data_ingestion_gcs_dag_fhv.py took 0.840 seconds
[2022-02-01 20:39:17,496] {processor.py:163} INFO - Started process (PID=4174) to work on /opt/airflow/dags/data_ingestion_gcs_dag_fhv.py
[2022-02-01 20:39:17,498] {processor.py:642} INFO - Processing file /opt/airflow/dags/data_ingestion_gcs_dag_fhv.py for tasks to queue
[2022-02-01 20:39:17,499] {logging_mixin.py:109} INFO - [2022-02-01 20:39:17,499] {dagbag.py:500} INFO - Filling up the DagBag from /opt/airflow/dags/data_ingestion_gcs_dag_fhv.py
[2022-02-01 20:39:18,285] {processor.py:654} INFO - DAG(s) dict_keys(['data_ingestion_gcs_dag_hw2_fhv']) retrieved from /opt/airflow/dags/data_ingestion_gcs_dag_fhv.py
[2022-02-01 20:39:18,296] {logging_mixin.py:109} INFO - [2022-02-01 20:39:18,296] {dag.py:2396} INFO - Sync 1 DAGs
[2022-02-01 20:39:18,312] {logging_mixin.py:109} INFO - [2022-02-01 20:39:18,312] {dag.py:2935} INFO - Setting next_dagrun for data_ingestion_gcs_dag_hw2_fhv to 2019-01-01T00:00:00+00:00
[2022-02-01 20:39:18,322] {processor.py:171} INFO - Processing /opt/airflow/dags/data_ingestion_gcs_dag_fhv.py took 0.830 seconds
[2022-02-01 20:39:48,473] {processor.py:163} INFO - Started process (PID=4218) to work on /opt/airflow/dags/data_ingestion_gcs_dag_fhv.py
[2022-02-01 20:39:48,477] {processor.py:642} INFO - Processing file /opt/airflow/dags/data_ingestion_gcs_dag_fhv.py for tasks to queue
[2022-02-01 20:39:48,478] {logging_mixin.py:109} INFO - [2022-02-01 20:39:48,478] {dagbag.py:500} INFO - Filling up the DagBag from /opt/airflow/dags/data_ingestion_gcs_dag_fhv.py
[2022-02-01 20:39:49,377] {processor.py:654} INFO - DAG(s) dict_keys(['data_ingestion_gcs_dag_hw2_fhv']) retrieved from /opt/airflow/dags/data_ingestion_gcs_dag_fhv.py
[2022-02-01 20:39:49,389] {logging_mixin.py:109} INFO - [2022-02-01 20:39:49,388] {dag.py:2396} INFO - Sync 1 DAGs
[2022-02-01 20:39:49,405] {logging_mixin.py:109} INFO - [2022-02-01 20:39:49,405] {dag.py:2935} INFO - Setting next_dagrun for data_ingestion_gcs_dag_hw2_fhv to 2019-01-01T00:00:00+00:00
[2022-02-01 20:39:49,416] {processor.py:171} INFO - Processing /opt/airflow/dags/data_ingestion_gcs_dag_fhv.py took 0.949 seconds
[2022-02-01 20:40:19,546] {processor.py:163} INFO - Started process (PID=4252) to work on /opt/airflow/dags/data_ingestion_gcs_dag_fhv.py
[2022-02-01 20:40:19,549] {processor.py:642} INFO - Processing file /opt/airflow/dags/data_ingestion_gcs_dag_fhv.py for tasks to queue
[2022-02-01 20:40:19,550] {logging_mixin.py:109} INFO - [2022-02-01 20:40:19,550] {dagbag.py:500} INFO - Filling up the DagBag from /opt/airflow/dags/data_ingestion_gcs_dag_fhv.py
[2022-02-01 20:40:20,334] {processor.py:654} INFO - DAG(s) dict_keys(['data_ingestion_gcs_dag_hw2_fhv']) retrieved from /opt/airflow/dags/data_ingestion_gcs_dag_fhv.py
[2022-02-01 20:40:20,344] {logging_mixin.py:109} INFO - [2022-02-01 20:40:20,343] {dag.py:2396} INFO - Sync 1 DAGs
[2022-02-01 20:40:20,360] {logging_mixin.py:109} INFO - [2022-02-01 20:40:20,360] {dag.py:2935} INFO - Setting next_dagrun for data_ingestion_gcs_dag_hw2_fhv to 2019-01-01T00:00:00+00:00
[2022-02-01 20:40:20,371] {processor.py:171} INFO - Processing /opt/airflow/dags/data_ingestion_gcs_dag_fhv.py took 0.829 seconds
[2022-02-01 20:40:50,497] {processor.py:163} INFO - Started process (PID=4297) to work on /opt/airflow/dags/data_ingestion_gcs_dag_fhv.py
[2022-02-01 20:40:50,500] {processor.py:642} INFO - Processing file /opt/airflow/dags/data_ingestion_gcs_dag_fhv.py for tasks to queue
[2022-02-01 20:40:50,501] {logging_mixin.py:109} INFO - [2022-02-01 20:40:50,501] {dagbag.py:500} INFO - Filling up the DagBag from /opt/airflow/dags/data_ingestion_gcs_dag_fhv.py
[2022-02-01 20:40:51,457] {processor.py:654} INFO - DAG(s) dict_keys(['data_ingestion_gcs_dag_hw2_fhv']) retrieved from /opt/airflow/dags/data_ingestion_gcs_dag_fhv.py
[2022-02-01 20:40:51,469] {logging_mixin.py:109} INFO - [2022-02-01 20:40:51,468] {dag.py:2396} INFO - Sync 1 DAGs
[2022-02-01 20:40:51,491] {logging_mixin.py:109} INFO - [2022-02-01 20:40:51,491] {dag.py:2935} INFO - Setting next_dagrun for data_ingestion_gcs_dag_hw2_fhv to 2019-01-01T00:00:00+00:00
[2022-02-01 20:40:51,501] {processor.py:171} INFO - Processing /opt/airflow/dags/data_ingestion_gcs_dag_fhv.py took 1.010 seconds
[2022-02-01 20:41:21,633] {processor.py:163} INFO - Started process (PID=4331) to work on /opt/airflow/dags/data_ingestion_gcs_dag_fhv.py
[2022-02-01 20:41:21,635] {processor.py:642} INFO - Processing file /opt/airflow/dags/data_ingestion_gcs_dag_fhv.py for tasks to queue
[2022-02-01 20:41:21,636] {logging_mixin.py:109} INFO - [2022-02-01 20:41:21,635] {dagbag.py:500} INFO - Filling up the DagBag from /opt/airflow/dags/data_ingestion_gcs_dag_fhv.py
[2022-02-01 20:41:22,448] {processor.py:654} INFO - DAG(s) dict_keys(['data_ingestion_gcs_dag_hw2_fhv']) retrieved from /opt/airflow/dags/data_ingestion_gcs_dag_fhv.py
[2022-02-01 20:41:22,459] {logging_mixin.py:109} INFO - [2022-02-01 20:41:22,459] {dag.py:2396} INFO - Sync 1 DAGs
[2022-02-01 20:41:22,476] {logging_mixin.py:109} INFO - [2022-02-01 20:41:22,476] {dag.py:2935} INFO - Setting next_dagrun for data_ingestion_gcs_dag_hw2_fhv to 2019-01-01T00:00:00+00:00
[2022-02-01 20:41:22,486] {processor.py:171} INFO - Processing /opt/airflow/dags/data_ingestion_gcs_dag_fhv.py took 0.858 seconds
[2022-02-01 20:41:53,444] {processor.py:163} INFO - Started process (PID=4376) to work on /opt/airflow/dags/data_ingestion_gcs_dag_fhv.py
[2022-02-01 20:41:53,447] {processor.py:642} INFO - Processing file /opt/airflow/dags/data_ingestion_gcs_dag_fhv.py for tasks to queue
[2022-02-01 20:41:53,448] {logging_mixin.py:109} INFO - [2022-02-01 20:41:53,448] {dagbag.py:500} INFO - Filling up the DagBag from /opt/airflow/dags/data_ingestion_gcs_dag_fhv.py
[2022-02-01 20:41:54,330] {processor.py:654} INFO - DAG(s) dict_keys(['data_ingestion_gcs_dag_hw2_fhv']) retrieved from /opt/airflow/dags/data_ingestion_gcs_dag_fhv.py
[2022-02-01 20:41:54,343] {logging_mixin.py:109} INFO - [2022-02-01 20:41:54,342] {dag.py:2396} INFO - Sync 1 DAGs
[2022-02-01 20:41:54,361] {logging_mixin.py:109} INFO - [2022-02-01 20:41:54,361] {dag.py:2935} INFO - Setting next_dagrun for data_ingestion_gcs_dag_hw2_fhv to 2019-01-01T00:00:00+00:00
[2022-02-01 20:41:54,372] {processor.py:171} INFO - Processing /opt/airflow/dags/data_ingestion_gcs_dag_fhv.py took 0.934 seconds
[2022-02-01 20:42:24,439] {processor.py:163} INFO - Started process (PID=4412) to work on /opt/airflow/dags/data_ingestion_gcs_dag_fhv.py
[2022-02-01 20:42:24,442] {processor.py:642} INFO - Processing file /opt/airflow/dags/data_ingestion_gcs_dag_fhv.py for tasks to queue
[2022-02-01 20:42:24,443] {logging_mixin.py:109} INFO - [2022-02-01 20:42:24,443] {dagbag.py:500} INFO - Filling up the DagBag from /opt/airflow/dags/data_ingestion_gcs_dag_fhv.py
[2022-02-01 20:42:25,254] {processor.py:654} INFO - DAG(s) dict_keys(['data_ingestion_gcs_dag_hw2_fhv']) retrieved from /opt/airflow/dags/data_ingestion_gcs_dag_fhv.py
[2022-02-01 20:42:25,263] {logging_mixin.py:109} INFO - [2022-02-01 20:42:25,263] {dag.py:2396} INFO - Sync 1 DAGs
[2022-02-01 20:42:25,280] {logging_mixin.py:109} INFO - [2022-02-01 20:42:25,280] {dag.py:2935} INFO - Setting next_dagrun for data_ingestion_gcs_dag_hw2_fhv to 2019-01-01T00:00:00+00:00
[2022-02-01 20:42:25,291] {processor.py:171} INFO - Processing /opt/airflow/dags/data_ingestion_gcs_dag_fhv.py took 0.856 seconds
[2022-02-01 20:42:55,426] {processor.py:163} INFO - Started process (PID=4445) to work on /opt/airflow/dags/data_ingestion_gcs_dag_fhv.py
[2022-02-01 20:42:55,429] {processor.py:642} INFO - Processing file /opt/airflow/dags/data_ingestion_gcs_dag_fhv.py for tasks to queue
[2022-02-01 20:42:55,430] {logging_mixin.py:109} INFO - [2022-02-01 20:42:55,430] {dagbag.py:500} INFO - Filling up the DagBag from /opt/airflow/dags/data_ingestion_gcs_dag_fhv.py
[2022-02-01 20:42:56,359] {processor.py:654} INFO - DAG(s) dict_keys(['data_ingestion_gcs_dag_hw2_fhv']) retrieved from /opt/airflow/dags/data_ingestion_gcs_dag_fhv.py
[2022-02-01 20:42:56,374] {logging_mixin.py:109} INFO - [2022-02-01 20:42:56,373] {dag.py:2396} INFO - Sync 1 DAGs
[2022-02-01 20:42:56,398] {logging_mixin.py:109} INFO - [2022-02-01 20:42:56,398] {dag.py:2935} INFO - Setting next_dagrun for data_ingestion_gcs_dag_hw2_fhv to 2019-01-01T00:00:00+00:00
[2022-02-01 20:42:56,409] {processor.py:171} INFO - Processing /opt/airflow/dags/data_ingestion_gcs_dag_fhv.py took 0.988 seconds
[2022-02-01 20:43:26,445] {processor.py:163} INFO - Started process (PID=4494) to work on /opt/airflow/dags/data_ingestion_gcs_dag_fhv.py
[2022-02-01 20:43:26,448] {processor.py:642} INFO - Processing file /opt/airflow/dags/data_ingestion_gcs_dag_fhv.py for tasks to queue
[2022-02-01 20:43:26,449] {logging_mixin.py:109} INFO - [2022-02-01 20:43:26,449] {dagbag.py:500} INFO - Filling up the DagBag from /opt/airflow/dags/data_ingestion_gcs_dag_fhv.py
[2022-02-01 20:43:27,198] {processor.py:654} INFO - DAG(s) dict_keys(['data_ingestion_gcs_dag_hw2_fhv']) retrieved from /opt/airflow/dags/data_ingestion_gcs_dag_fhv.py
[2022-02-01 20:43:27,208] {logging_mixin.py:109} INFO - [2022-02-01 20:43:27,207] {dag.py:2396} INFO - Sync 1 DAGs
[2022-02-01 20:43:27,224] {logging_mixin.py:109} INFO - [2022-02-01 20:43:27,224] {dag.py:2935} INFO - Setting next_dagrun for data_ingestion_gcs_dag_hw2_fhv to 2019-01-01T00:00:00+00:00
[2022-02-01 20:43:27,234] {processor.py:171} INFO - Processing /opt/airflow/dags/data_ingestion_gcs_dag_fhv.py took 0.793 seconds
[2022-02-01 20:43:57,562] {processor.py:163} INFO - Started process (PID=4528) to work on /opt/airflow/dags/data_ingestion_gcs_dag_fhv.py
[2022-02-01 20:43:57,563] {processor.py:642} INFO - Processing file /opt/airflow/dags/data_ingestion_gcs_dag_fhv.py for tasks to queue
[2022-02-01 20:43:57,565] {logging_mixin.py:109} INFO - [2022-02-01 20:43:57,564] {dagbag.py:500} INFO - Filling up the DagBag from /opt/airflow/dags/data_ingestion_gcs_dag_fhv.py
[2022-02-01 20:43:58,616] {processor.py:654} INFO - DAG(s) dict_keys(['data_ingestion_gcs_dag_hw2_fhv']) retrieved from /opt/airflow/dags/data_ingestion_gcs_dag_fhv.py
[2022-02-01 20:43:58,633] {logging_mixin.py:109} INFO - [2022-02-01 20:43:58,632] {dag.py:2396} INFO - Sync 1 DAGs
[2022-02-01 20:43:58,657] {logging_mixin.py:109} INFO - [2022-02-01 20:43:58,657] {dag.py:2935} INFO - Setting next_dagrun for data_ingestion_gcs_dag_hw2_fhv to 2019-01-01T00:00:00+00:00
[2022-02-01 20:43:58,669] {processor.py:171} INFO - Processing /opt/airflow/dags/data_ingestion_gcs_dag_fhv.py took 1.114 seconds
[2022-02-01 20:44:28,831] {processor.py:163} INFO - Started process (PID=4573) to work on /opt/airflow/dags/data_ingestion_gcs_dag_fhv.py
[2022-02-01 20:44:28,838] {processor.py:642} INFO - Processing file /opt/airflow/dags/data_ingestion_gcs_dag_fhv.py for tasks to queue
[2022-02-01 20:44:28,845] {logging_mixin.py:109} INFO - [2022-02-01 20:44:28,845] {dagbag.py:500} INFO - Filling up the DagBag from /opt/airflow/dags/data_ingestion_gcs_dag_fhv.py
[2022-02-01 20:44:30,088] {processor.py:654} INFO - DAG(s) dict_keys(['data_ingestion_gcs_dag_hw2_fhv']) retrieved from /opt/airflow/dags/data_ingestion_gcs_dag_fhv.py
[2022-02-01 20:44:30,101] {logging_mixin.py:109} INFO - [2022-02-01 20:44:30,101] {dag.py:2396} INFO - Sync 1 DAGs
[2022-02-01 20:44:30,125] {logging_mixin.py:109} INFO - [2022-02-01 20:44:30,125] {dag.py:2935} INFO - Setting next_dagrun for data_ingestion_gcs_dag_hw2_fhv to 2019-01-01T00:00:00+00:00
[2022-02-01 20:44:30,137] {processor.py:171} INFO - Processing /opt/airflow/dags/data_ingestion_gcs_dag_fhv.py took 1.312 seconds
[2022-02-01 20:45:00,283] {processor.py:163} INFO - Started process (PID=4608) to work on /opt/airflow/dags/data_ingestion_gcs_dag_fhv.py
[2022-02-01 20:45:00,284] {processor.py:642} INFO - Processing file /opt/airflow/dags/data_ingestion_gcs_dag_fhv.py for tasks to queue
[2022-02-01 20:45:00,285] {logging_mixin.py:109} INFO - [2022-02-01 20:45:00,285] {dagbag.py:500} INFO - Filling up the DagBag from /opt/airflow/dags/data_ingestion_gcs_dag_fhv.py
[2022-02-01 20:45:01,054] {processor.py:654} INFO - DAG(s) dict_keys(['data_ingestion_gcs_dag_hw2_fhv']) retrieved from /opt/airflow/dags/data_ingestion_gcs_dag_fhv.py
[2022-02-01 20:45:01,064] {logging_mixin.py:109} INFO - [2022-02-01 20:45:01,064] {dag.py:2396} INFO - Sync 1 DAGs
[2022-02-01 20:45:01,081] {logging_mixin.py:109} INFO - [2022-02-01 20:45:01,081] {dag.py:2935} INFO - Setting next_dagrun for data_ingestion_gcs_dag_hw2_fhv to 2019-01-01T00:00:00+00:00
[2022-02-01 20:45:01,094] {processor.py:171} INFO - Processing /opt/airflow/dags/data_ingestion_gcs_dag_fhv.py took 0.816 seconds
[2022-02-01 20:45:31,137] {processor.py:163} INFO - Started process (PID=4656) to work on /opt/airflow/dags/data_ingestion_gcs_dag_fhv.py
[2022-02-01 20:45:31,144] {processor.py:642} INFO - Processing file /opt/airflow/dags/data_ingestion_gcs_dag_fhv.py for tasks to queue
[2022-02-01 20:45:31,145] {logging_mixin.py:109} INFO - [2022-02-01 20:45:31,145] {dagbag.py:500} INFO - Filling up the DagBag from /opt/airflow/dags/data_ingestion_gcs_dag_fhv.py
[2022-02-01 20:45:32,420] {processor.py:654} INFO - DAG(s) dict_keys(['data_ingestion_gcs_dag_hw2_fhv']) retrieved from /opt/airflow/dags/data_ingestion_gcs_dag_fhv.py
[2022-02-01 20:45:32,441] {logging_mixin.py:109} INFO - [2022-02-01 20:45:32,441] {dag.py:2396} INFO - Sync 1 DAGs
[2022-02-01 20:45:32,492] {processor.py:171} INFO - Processing /opt/airflow/dags/data_ingestion_gcs_dag_fhv.py took 1.361 seconds
[2022-02-01 20:46:02,543] {processor.py:163} INFO - Started process (PID=4691) to work on /opt/airflow/dags/data_ingestion_gcs_dag_fhv.py
[2022-02-01 20:46:02,550] {processor.py:642} INFO - Processing file /opt/airflow/dags/data_ingestion_gcs_dag_fhv.py for tasks to queue
[2022-02-01 20:46:02,553] {logging_mixin.py:109} INFO - [2022-02-01 20:46:02,553] {dagbag.py:500} INFO - Filling up the DagBag from /opt/airflow/dags/data_ingestion_gcs_dag_fhv.py
[2022-02-01 20:46:03,594] {processor.py:654} INFO - DAG(s) dict_keys(['data_ingestion_gcs_dag_hw2_fhv']) retrieved from /opt/airflow/dags/data_ingestion_gcs_dag_fhv.py
[2022-02-01 20:46:03,607] {logging_mixin.py:109} INFO - [2022-02-01 20:46:03,607] {dag.py:2396} INFO - Sync 1 DAGs
[2022-02-01 20:46:03,641] {processor.py:171} INFO - Processing /opt/airflow/dags/data_ingestion_gcs_dag_fhv.py took 1.104 seconds
[2022-02-01 20:46:33,904] {processor.py:163} INFO - Started process (PID=4728) to work on /opt/airflow/dags/data_ingestion_gcs_dag_fhv.py
[2022-02-01 20:46:33,915] {processor.py:642} INFO - Processing file /opt/airflow/dags/data_ingestion_gcs_dag_fhv.py for tasks to queue
[2022-02-01 20:46:33,916] {logging_mixin.py:109} INFO - [2022-02-01 20:46:33,916] {dagbag.py:500} INFO - Filling up the DagBag from /opt/airflow/dags/data_ingestion_gcs_dag_fhv.py
[2022-02-01 20:46:35,185] {processor.py:654} INFO - DAG(s) dict_keys(['data_ingestion_gcs_dag_hw2_fhv']) retrieved from /opt/airflow/dags/data_ingestion_gcs_dag_fhv.py
[2022-02-01 20:46:35,210] {logging_mixin.py:109} INFO - [2022-02-01 20:46:35,209] {dag.py:2396} INFO - Sync 1 DAGs
[2022-02-01 20:46:35,282] {logging_mixin.py:109} INFO - [2022-02-01 20:46:35,282] {dag.py:2935} INFO - Setting next_dagrun for data_ingestion_gcs_dag_hw2_fhv to 2019-02-01T00:00:00+00:00
[2022-02-01 20:46:35,329] {processor.py:171} INFO - Processing /opt/airflow/dags/data_ingestion_gcs_dag_fhv.py took 1.431 seconds
[2022-02-01 20:47:05,533] {processor.py:163} INFO - Started process (PID=4782) to work on /opt/airflow/dags/data_ingestion_gcs_dag_fhv.py
[2022-02-01 20:47:05,534] {processor.py:642} INFO - Processing file /opt/airflow/dags/data_ingestion_gcs_dag_fhv.py for tasks to queue
[2022-02-01 20:47:05,535] {logging_mixin.py:109} INFO - [2022-02-01 20:47:05,535] {dagbag.py:500} INFO - Filling up the DagBag from /opt/airflow/dags/data_ingestion_gcs_dag_fhv.py
[2022-02-01 20:47:06,311] {processor.py:654} INFO - DAG(s) dict_keys(['data_ingestion_gcs_dag_hw2_fhv']) retrieved from /opt/airflow/dags/data_ingestion_gcs_dag_fhv.py
[2022-02-01 20:47:06,321] {logging_mixin.py:109} INFO - [2022-02-01 20:47:06,321] {dag.py:2396} INFO - Sync 1 DAGs
[2022-02-01 20:47:06,338] {logging_mixin.py:109} INFO - [2022-02-01 20:47:06,338] {dag.py:2935} INFO - Setting next_dagrun for data_ingestion_gcs_dag_hw2_fhv to 2019-03-01T00:00:00+00:00
[2022-02-01 20:47:06,349] {processor.py:171} INFO - Processing /opt/airflow/dags/data_ingestion_gcs_dag_fhv.py took 0.822 seconds
[2022-02-01 20:47:36,426] {processor.py:163} INFO - Started process (PID=4820) to work on /opt/airflow/dags/data_ingestion_gcs_dag_fhv.py
[2022-02-01 20:47:36,430] {processor.py:642} INFO - Processing file /opt/airflow/dags/data_ingestion_gcs_dag_fhv.py for tasks to queue
[2022-02-01 20:47:36,431] {logging_mixin.py:109} INFO - [2022-02-01 20:47:36,430] {dagbag.py:500} INFO - Filling up the DagBag from /opt/airflow/dags/data_ingestion_gcs_dag_fhv.py
[2022-02-01 20:47:37,520] {processor.py:654} INFO - DAG(s) dict_keys(['data_ingestion_gcs_dag_hw2_fhv']) retrieved from /opt/airflow/dags/data_ingestion_gcs_dag_fhv.py
[2022-02-01 20:47:37,533] {logging_mixin.py:109} INFO - [2022-02-01 20:47:37,533] {dag.py:2396} INFO - Sync 1 DAGs
[2022-02-01 20:47:37,557] {logging_mixin.py:109} INFO - [2022-02-01 20:47:37,557] {dag.py:2935} INFO - Setting next_dagrun for data_ingestion_gcs_dag_hw2_fhv to 2019-04-01T00:00:00+00:00
[2022-02-01 20:47:37,577] {processor.py:171} INFO - Processing /opt/airflow/dags/data_ingestion_gcs_dag_fhv.py took 1.157 seconds
[2022-02-01 20:48:07,870] {processor.py:163} INFO - Started process (PID=4870) to work on /opt/airflow/dags/data_ingestion_gcs_dag_fhv.py
[2022-02-01 20:48:07,871] {processor.py:642} INFO - Processing file /opt/airflow/dags/data_ingestion_gcs_dag_fhv.py for tasks to queue
[2022-02-01 20:48:07,872] {logging_mixin.py:109} INFO - [2022-02-01 20:48:07,872] {dagbag.py:500} INFO - Filling up the DagBag from /opt/airflow/dags/data_ingestion_gcs_dag_fhv.py
[2022-02-01 20:48:08,744] {processor.py:654} INFO - DAG(s) dict_keys(['data_ingestion_gcs_dag_hw2_fhv']) retrieved from /opt/airflow/dags/data_ingestion_gcs_dag_fhv.py
[2022-02-01 20:48:08,754] {logging_mixin.py:109} INFO - [2022-02-01 20:48:08,754] {dag.py:2396} INFO - Sync 1 DAGs
[2022-02-01 20:48:08,770] {logging_mixin.py:109} INFO - [2022-02-01 20:48:08,770] {dag.py:2935} INFO - Setting next_dagrun for data_ingestion_gcs_dag_hw2_fhv to 2019-05-01T00:00:00+00:00
[2022-02-01 20:48:08,783] {processor.py:171} INFO - Processing /opt/airflow/dags/data_ingestion_gcs_dag_fhv.py took 0.918 seconds
[2022-02-01 20:48:38,827] {processor.py:163} INFO - Started process (PID=4903) to work on /opt/airflow/dags/data_ingestion_gcs_dag_fhv.py
[2022-02-01 20:48:38,829] {processor.py:642} INFO - Processing file /opt/airflow/dags/data_ingestion_gcs_dag_fhv.py for tasks to queue
[2022-02-01 20:48:38,830] {logging_mixin.py:109} INFO - [2022-02-01 20:48:38,830] {dagbag.py:500} INFO - Filling up the DagBag from /opt/airflow/dags/data_ingestion_gcs_dag_fhv.py
[2022-02-01 20:48:40,109] {processor.py:654} INFO - DAG(s) dict_keys(['data_ingestion_gcs_dag_hw2_fhv']) retrieved from /opt/airflow/dags/data_ingestion_gcs_dag_fhv.py
[2022-02-01 20:48:40,122] {logging_mixin.py:109} INFO - [2022-02-01 20:48:40,122] {dag.py:2396} INFO - Sync 1 DAGs
[2022-02-01 20:48:40,146] {logging_mixin.py:109} INFO - [2022-02-01 20:48:40,146] {dag.py:2935} INFO - Setting next_dagrun for data_ingestion_gcs_dag_hw2_fhv to 2019-06-01T00:00:00+00:00
[2022-02-01 20:48:40,164] {processor.py:171} INFO - Processing /opt/airflow/dags/data_ingestion_gcs_dag_fhv.py took 1.343 seconds
[2022-02-01 20:49:10,321] {processor.py:163} INFO - Started process (PID=4956) to work on /opt/airflow/dags/data_ingestion_gcs_dag_fhv.py
[2022-02-01 20:49:10,325] {processor.py:642} INFO - Processing file /opt/airflow/dags/data_ingestion_gcs_dag_fhv.py for tasks to queue
[2022-02-01 20:49:10,326] {logging_mixin.py:109} INFO - [2022-02-01 20:49:10,326] {dagbag.py:500} INFO - Filling up the DagBag from /opt/airflow/dags/data_ingestion_gcs_dag_fhv.py
[2022-02-01 20:49:11,460] {processor.py:654} INFO - DAG(s) dict_keys(['data_ingestion_gcs_dag_hw2_fhv']) retrieved from /opt/airflow/dags/data_ingestion_gcs_dag_fhv.py
[2022-02-01 20:49:11,471] {logging_mixin.py:109} INFO - [2022-02-01 20:49:11,471] {dag.py:2396} INFO - Sync 1 DAGs
[2022-02-01 20:49:11,489] {logging_mixin.py:109} INFO - [2022-02-01 20:49:11,489] {dag.py:2935} INFO - Setting next_dagrun for data_ingestion_gcs_dag_hw2_fhv to 2019-07-01T00:00:00+00:00
[2022-02-01 20:49:11,504] {processor.py:171} INFO - Processing /opt/airflow/dags/data_ingestion_gcs_dag_fhv.py took 1.191 seconds
[2022-02-01 20:49:41,880] {processor.py:163} INFO - Started process (PID=5001) to work on /opt/airflow/dags/data_ingestion_gcs_dag_fhv.py
[2022-02-01 20:49:41,882] {processor.py:642} INFO - Processing file /opt/airflow/dags/data_ingestion_gcs_dag_fhv.py for tasks to queue
[2022-02-01 20:49:41,884] {logging_mixin.py:109} INFO - [2022-02-01 20:49:41,883] {dagbag.py:500} INFO - Filling up the DagBag from /opt/airflow/dags/data_ingestion_gcs_dag_fhv.py
[2022-02-01 20:49:42,688] {processor.py:654} INFO - DAG(s) dict_keys(['data_ingestion_gcs_dag_hw2_fhv']) retrieved from /opt/airflow/dags/data_ingestion_gcs_dag_fhv.py
[2022-02-01 20:49:42,698] {logging_mixin.py:109} INFO - [2022-02-01 20:49:42,697] {dag.py:2396} INFO - Sync 1 DAGs
[2022-02-01 20:49:42,714] {logging_mixin.py:109} INFO - [2022-02-01 20:49:42,713] {dag.py:2935} INFO - Setting next_dagrun for data_ingestion_gcs_dag_hw2_fhv to 2019-08-01T00:00:00+00:00
[2022-02-01 20:49:42,727] {processor.py:171} INFO - Processing /opt/airflow/dags/data_ingestion_gcs_dag_fhv.py took 0.854 seconds
[2022-02-01 20:50:13,671] {processor.py:163} INFO - Started process (PID=5048) to work on /opt/airflow/dags/data_ingestion_gcs_dag_fhv.py
[2022-02-01 20:50:13,676] {processor.py:642} INFO - Processing file /opt/airflow/dags/data_ingestion_gcs_dag_fhv.py for tasks to queue
[2022-02-01 20:50:13,677] {logging_mixin.py:109} INFO - [2022-02-01 20:50:13,676] {dagbag.py:500} INFO - Filling up the DagBag from /opt/airflow/dags/data_ingestion_gcs_dag_fhv.py
[2022-02-01 20:50:14,524] {processor.py:654} INFO - DAG(s) dict_keys(['data_ingestion_gcs_dag_hw2_fhv']) retrieved from /opt/airflow/dags/data_ingestion_gcs_dag_fhv.py
[2022-02-01 20:50:14,537] {logging_mixin.py:109} INFO - [2022-02-01 20:50:14,537] {dag.py:2396} INFO - Sync 1 DAGs
[2022-02-01 20:50:14,561] {logging_mixin.py:109} INFO - [2022-02-01 20:50:14,561] {dag.py:2935} INFO - Setting next_dagrun for data_ingestion_gcs_dag_hw2_fhv to 2019-09-01T00:00:00+00:00
[2022-02-01 20:50:14,574] {processor.py:171} INFO - Processing /opt/airflow/dags/data_ingestion_gcs_dag_fhv.py took 0.909 seconds
[2022-02-01 20:50:44,819] {processor.py:163} INFO - Started process (PID=5113) to work on /opt/airflow/dags/data_ingestion_gcs_dag_fhv.py
[2022-02-01 20:50:44,820] {processor.py:642} INFO - Processing file /opt/airflow/dags/data_ingestion_gcs_dag_fhv.py for tasks to queue
[2022-02-01 20:50:44,821] {logging_mixin.py:109} INFO - [2022-02-01 20:50:44,821] {dagbag.py:500} INFO - Filling up the DagBag from /opt/airflow/dags/data_ingestion_gcs_dag_fhv.py
[2022-02-01 20:50:46,310] {processor.py:654} INFO - DAG(s) dict_keys(['data_ingestion_gcs_dag_hw2_fhv']) retrieved from /opt/airflow/dags/data_ingestion_gcs_dag_fhv.py
[2022-02-01 20:50:46,333] {logging_mixin.py:109} INFO - [2022-02-01 20:50:46,333] {dag.py:2396} INFO - Sync 1 DAGs
[2022-02-01 20:50:46,396] {processor.py:171} INFO - Processing /opt/airflow/dags/data_ingestion_gcs_dag_fhv.py took 1.583 seconds
[2022-02-01 20:51:16,527] {processor.py:163} INFO - Started process (PID=5154) to work on /opt/airflow/dags/data_ingestion_gcs_dag_fhv.py
[2022-02-01 20:51:16,529] {processor.py:642} INFO - Processing file /opt/airflow/dags/data_ingestion_gcs_dag_fhv.py for tasks to queue
[2022-02-01 20:51:16,530] {logging_mixin.py:109} INFO - [2022-02-01 20:51:16,530] {dagbag.py:500} INFO - Filling up the DagBag from /opt/airflow/dags/data_ingestion_gcs_dag_fhv.py
[2022-02-01 20:51:17,947] {processor.py:654} INFO - DAG(s) dict_keys(['data_ingestion_gcs_dag_hw2_fhv']) retrieved from /opt/airflow/dags/data_ingestion_gcs_dag_fhv.py
[2022-02-01 20:51:17,959] {logging_mixin.py:109} INFO - [2022-02-01 20:51:17,959] {dag.py:2396} INFO - Sync 1 DAGs
[2022-02-01 20:51:17,987] {logging_mixin.py:109} INFO - [2022-02-01 20:51:17,987] {dag.py:2935} INFO - Setting next_dagrun for data_ingestion_gcs_dag_hw2_fhv to 2019-12-01T00:00:00+00:00
[2022-02-01 20:51:18,001] {processor.py:171} INFO - Processing /opt/airflow/dags/data_ingestion_gcs_dag_fhv.py took 1.480 seconds
[2022-02-01 20:51:48,792] {processor.py:163} INFO - Started process (PID=5210) to work on /opt/airflow/dags/data_ingestion_gcs_dag_fhv.py
[2022-02-01 20:51:48,796] {processor.py:642} INFO - Processing file /opt/airflow/dags/data_ingestion_gcs_dag_fhv.py for tasks to queue
[2022-02-01 20:51:48,797] {logging_mixin.py:109} INFO - [2022-02-01 20:51:48,797] {dagbag.py:500} INFO - Filling up the DagBag from /opt/airflow/dags/data_ingestion_gcs_dag_fhv.py
[2022-02-01 20:51:49,803] {processor.py:654} INFO - DAG(s) dict_keys(['data_ingestion_gcs_dag_hw2_fhv']) retrieved from /opt/airflow/dags/data_ingestion_gcs_dag_fhv.py
[2022-02-01 20:51:49,812] {logging_mixin.py:109} INFO - [2022-02-01 20:51:49,812] {dag.py:2396} INFO - Sync 1 DAGs
[2022-02-01 20:51:49,829] {logging_mixin.py:109} INFO - [2022-02-01 20:51:49,829] {dag.py:2935} INFO - Setting next_dagrun for data_ingestion_gcs_dag_hw2_fhv to 2020-02-01T00:00:00+00:00
[2022-02-01 20:51:49,840] {processor.py:171} INFO - Processing /opt/airflow/dags/data_ingestion_gcs_dag_fhv.py took 1.052 seconds
[2022-02-01 20:52:20,214] {processor.py:163} INFO - Started process (PID=5254) to work on /opt/airflow/dags/data_ingestion_gcs_dag_fhv.py
[2022-02-01 20:52:20,218] {processor.py:642} INFO - Processing file /opt/airflow/dags/data_ingestion_gcs_dag_fhv.py for tasks to queue
[2022-02-01 20:52:20,219] {logging_mixin.py:109} INFO - [2022-02-01 20:52:20,219] {dagbag.py:500} INFO - Filling up the DagBag from /opt/airflow/dags/data_ingestion_gcs_dag_fhv.py
[2022-02-01 20:52:21,025] {processor.py:654} INFO - DAG(s) dict_keys(['data_ingestion_gcs_dag_hw2_fhv']) retrieved from /opt/airflow/dags/data_ingestion_gcs_dag_fhv.py
[2022-02-01 20:52:21,035] {logging_mixin.py:109} INFO - [2022-02-01 20:52:21,034] {dag.py:2396} INFO - Sync 1 DAGs
[2022-02-01 20:52:21,053] {logging_mixin.py:109} INFO - [2022-02-01 20:52:21,052] {dag.py:2935} INFO - Setting next_dagrun for data_ingestion_gcs_dag_hw2_fhv to 2020-03-01T00:00:00+00:00
[2022-02-01 20:52:21,063] {processor.py:171} INFO - Processing /opt/airflow/dags/data_ingestion_gcs_dag_fhv.py took 0.854 seconds
[2022-02-01 20:52:51,940] {processor.py:163} INFO - Started process (PID=5288) to work on /opt/airflow/dags/data_ingestion_gcs_dag_fhv.py
[2022-02-01 20:52:51,944] {processor.py:642} INFO - Processing file /opt/airflow/dags/data_ingestion_gcs_dag_fhv.py for tasks to queue
[2022-02-01 20:52:51,946] {logging_mixin.py:109} INFO - [2022-02-01 20:52:51,945] {dagbag.py:500} INFO - Filling up the DagBag from /opt/airflow/dags/data_ingestion_gcs_dag_fhv.py
[2022-02-01 20:52:53,030] {processor.py:654} INFO - DAG(s) dict_keys(['data_ingestion_gcs_dag_hw2_fhv']) retrieved from /opt/airflow/dags/data_ingestion_gcs_dag_fhv.py
[2022-02-01 20:52:53,043] {logging_mixin.py:109} INFO - [2022-02-01 20:52:53,043] {dag.py:2396} INFO - Sync 1 DAGs
[2022-02-01 20:52:53,070] {logging_mixin.py:109} INFO - [2022-02-01 20:52:53,070] {dag.py:2935} INFO - Setting next_dagrun for data_ingestion_gcs_dag_hw2_fhv to 2020-04-01T00:00:00+00:00
[2022-02-01 20:52:53,092] {processor.py:171} INFO - Processing /opt/airflow/dags/data_ingestion_gcs_dag_fhv.py took 1.158 seconds
[2022-02-01 20:53:23,517] {processor.py:163} INFO - Started process (PID=5349) to work on /opt/airflow/dags/data_ingestion_gcs_dag_fhv.py
[2022-02-01 20:53:23,519] {processor.py:642} INFO - Processing file /opt/airflow/dags/data_ingestion_gcs_dag_fhv.py for tasks to queue
[2022-02-01 20:53:23,520] {logging_mixin.py:109} INFO - [2022-02-01 20:53:23,520] {dagbag.py:500} INFO - Filling up the DagBag from /opt/airflow/dags/data_ingestion_gcs_dag_fhv.py
[2022-02-01 20:53:24,410] {processor.py:654} INFO - DAG(s) dict_keys(['data_ingestion_gcs_dag_hw2_fhv']) retrieved from /opt/airflow/dags/data_ingestion_gcs_dag_fhv.py
[2022-02-01 20:53:24,424] {logging_mixin.py:109} INFO - [2022-02-01 20:53:24,423] {dag.py:2396} INFO - Sync 1 DAGs
[2022-02-01 20:53:24,444] {logging_mixin.py:109} INFO - [2022-02-01 20:53:24,444] {dag.py:2935} INFO - Setting next_dagrun for data_ingestion_gcs_dag_hw2_fhv to 2020-05-01T00:00:00+00:00
[2022-02-01 20:53:24,457] {processor.py:171} INFO - Processing /opt/airflow/dags/data_ingestion_gcs_dag_fhv.py took 0.945 seconds
[2022-02-01 20:53:55,195] {processor.py:163} INFO - Started process (PID=5397) to work on /opt/airflow/dags/data_ingestion_gcs_dag_fhv.py
[2022-02-01 20:53:55,201] {processor.py:642} INFO - Processing file /opt/airflow/dags/data_ingestion_gcs_dag_fhv.py for tasks to queue
[2022-02-01 20:53:55,202] {logging_mixin.py:109} INFO - [2022-02-01 20:53:55,202] {dagbag.py:500} INFO - Filling up the DagBag from /opt/airflow/dags/data_ingestion_gcs_dag_fhv.py
[2022-02-01 20:53:56,048] {processor.py:654} INFO - DAG(s) dict_keys(['data_ingestion_gcs_dag_hw2_fhv']) retrieved from /opt/airflow/dags/data_ingestion_gcs_dag_fhv.py
[2022-02-01 20:53:56,058] {logging_mixin.py:109} INFO - [2022-02-01 20:53:56,058] {dag.py:2396} INFO - Sync 1 DAGs
[2022-02-01 20:53:56,076] {logging_mixin.py:109} INFO - [2022-02-01 20:53:56,076] {dag.py:2935} INFO - Setting next_dagrun for data_ingestion_gcs_dag_hw2_fhv to 2020-06-01T00:00:00+00:00
[2022-02-01 20:53:56,086] {processor.py:171} INFO - Processing /opt/airflow/dags/data_ingestion_gcs_dag_fhv.py took 0.895 seconds
[2022-02-01 20:54:26,509] {processor.py:163} INFO - Started process (PID=5455) to work on /opt/airflow/dags/data_ingestion_gcs_dag_fhv.py
[2022-02-01 20:54:26,511] {processor.py:642} INFO - Processing file /opt/airflow/dags/data_ingestion_gcs_dag_fhv.py for tasks to queue
[2022-02-01 20:54:26,512] {logging_mixin.py:109} INFO - [2022-02-01 20:54:26,512] {dagbag.py:500} INFO - Filling up the DagBag from /opt/airflow/dags/data_ingestion_gcs_dag_fhv.py
[2022-02-01 20:54:27,768] {processor.py:654} INFO - DAG(s) dict_keys(['data_ingestion_gcs_dag_hw2_fhv']) retrieved from /opt/airflow/dags/data_ingestion_gcs_dag_fhv.py
[2022-02-01 20:54:27,793] {logging_mixin.py:109} INFO - [2022-02-01 20:54:27,793] {dag.py:2396} INFO - Sync 1 DAGs
[2022-02-01 20:54:27,826] {logging_mixin.py:109} INFO - [2022-02-01 20:54:27,825] {dag.py:2935} INFO - Setting next_dagrun for data_ingestion_gcs_dag_hw2_fhv to 2020-07-01T00:00:00+00:00
[2022-02-01 20:54:27,852] {processor.py:171} INFO - Processing /opt/airflow/dags/data_ingestion_gcs_dag_fhv.py took 1.348 seconds
[2022-02-01 20:54:58,415] {processor.py:163} INFO - Started process (PID=5509) to work on /opt/airflow/dags/data_ingestion_gcs_dag_fhv.py
[2022-02-01 20:54:58,416] {processor.py:642} INFO - Processing file /opt/airflow/dags/data_ingestion_gcs_dag_fhv.py for tasks to queue
[2022-02-01 20:54:58,418] {logging_mixin.py:109} INFO - [2022-02-01 20:54:58,417] {dagbag.py:500} INFO - Filling up the DagBag from /opt/airflow/dags/data_ingestion_gcs_dag_fhv.py
[2022-02-01 20:54:59,427] {processor.py:654} INFO - DAG(s) dict_keys(['data_ingestion_gcs_dag_hw2_fhv']) retrieved from /opt/airflow/dags/data_ingestion_gcs_dag_fhv.py
[2022-02-01 20:54:59,442] {logging_mixin.py:109} INFO - [2022-02-01 20:54:59,442] {dag.py:2396} INFO - Sync 1 DAGs
[2022-02-01 20:54:59,467] {logging_mixin.py:109} INFO - [2022-02-01 20:54:59,467] {dag.py:2935} INFO - Setting next_dagrun for data_ingestion_gcs_dag_hw2_fhv to 2020-08-01T00:00:00+00:00
[2022-02-01 20:54:59,480] {processor.py:171} INFO - Processing /opt/airflow/dags/data_ingestion_gcs_dag_fhv.py took 1.073 seconds
[2022-02-01 20:55:29,529] {processor.py:163} INFO - Started process (PID=5555) to work on /opt/airflow/dags/data_ingestion_gcs_dag_fhv.py
[2022-02-01 20:55:29,530] {processor.py:642} INFO - Processing file /opt/airflow/dags/data_ingestion_gcs_dag_fhv.py for tasks to queue
[2022-02-01 20:55:29,531] {logging_mixin.py:109} INFO - [2022-02-01 20:55:29,531] {dagbag.py:500} INFO - Filling up the DagBag from /opt/airflow/dags/data_ingestion_gcs_dag_fhv.py
[2022-02-01 20:55:30,305] {processor.py:654} INFO - DAG(s) dict_keys(['data_ingestion_gcs_dag_hw2_fhv']) retrieved from /opt/airflow/dags/data_ingestion_gcs_dag_fhv.py
[2022-02-01 20:55:30,316] {logging_mixin.py:109} INFO - [2022-02-01 20:55:30,316] {dag.py:2396} INFO - Sync 1 DAGs
[2022-02-01 20:55:30,332] {logging_mixin.py:109} INFO - [2022-02-01 20:55:30,332] {dag.py:2935} INFO - Setting next_dagrun for data_ingestion_gcs_dag_hw2_fhv to 2020-09-01T00:00:00+00:00
[2022-02-01 20:55:30,343] {processor.py:171} INFO - Processing /opt/airflow/dags/data_ingestion_gcs_dag_fhv.py took 0.818 seconds
[2022-02-01 20:56:00,789] {processor.py:163} INFO - Started process (PID=5612) to work on /opt/airflow/dags/data_ingestion_gcs_dag_fhv.py
[2022-02-01 20:56:00,791] {processor.py:642} INFO - Processing file /opt/airflow/dags/data_ingestion_gcs_dag_fhv.py for tasks to queue
[2022-02-01 20:56:00,792] {logging_mixin.py:109} INFO - [2022-02-01 20:56:00,792] {dagbag.py:500} INFO - Filling up the DagBag from /opt/airflow/dags/data_ingestion_gcs_dag_fhv.py
[2022-02-01 20:56:01,756] {processor.py:654} INFO - DAG(s) dict_keys(['data_ingestion_gcs_dag_hw2_fhv']) retrieved from /opt/airflow/dags/data_ingestion_gcs_dag_fhv.py
[2022-02-01 20:56:01,767] {logging_mixin.py:109} INFO - [2022-02-01 20:56:01,767] {dag.py:2396} INFO - Sync 1 DAGs
[2022-02-01 20:56:01,784] {logging_mixin.py:109} INFO - [2022-02-01 20:56:01,784] {dag.py:2935} INFO - Setting next_dagrun for data_ingestion_gcs_dag_hw2_fhv to 2020-10-01T00:00:00+00:00
[2022-02-01 20:56:01,794] {processor.py:171} INFO - Processing /opt/airflow/dags/data_ingestion_gcs_dag_fhv.py took 1.009 seconds
[2022-02-01 20:56:32,260] {processor.py:163} INFO - Started process (PID=5653) to work on /opt/airflow/dags/data_ingestion_gcs_dag_fhv.py
[2022-02-01 20:56:32,263] {processor.py:642} INFO - Processing file /opt/airflow/dags/data_ingestion_gcs_dag_fhv.py for tasks to queue
[2022-02-01 20:56:32,265] {logging_mixin.py:109} INFO - [2022-02-01 20:56:32,265] {dagbag.py:500} INFO - Filling up the DagBag from /opt/airflow/dags/data_ingestion_gcs_dag_fhv.py
[2022-02-01 20:56:33,362] {processor.py:654} INFO - DAG(s) dict_keys(['data_ingestion_gcs_dag_hw2_fhv']) retrieved from /opt/airflow/dags/data_ingestion_gcs_dag_fhv.py
[2022-02-01 20:56:33,373] {logging_mixin.py:109} INFO - [2022-02-01 20:56:33,372] {dag.py:2396} INFO - Sync 1 DAGs
[2022-02-01 20:56:33,397] {logging_mixin.py:109} INFO - [2022-02-01 20:56:33,397] {dag.py:2935} INFO - Setting next_dagrun for data_ingestion_gcs_dag_hw2_fhv to 2020-11-01T00:00:00+00:00
[2022-02-01 20:56:33,409] {processor.py:171} INFO - Processing /opt/airflow/dags/data_ingestion_gcs_dag_fhv.py took 1.162 seconds
[2022-02-01 20:57:04,390] {processor.py:163} INFO - Started process (PID=5708) to work on /opt/airflow/dags/data_ingestion_gcs_dag_fhv.py
[2022-02-01 20:57:04,393] {processor.py:642} INFO - Processing file /opt/airflow/dags/data_ingestion_gcs_dag_fhv.py for tasks to queue
[2022-02-01 20:57:04,394] {logging_mixin.py:109} INFO - [2022-02-01 20:57:04,394] {dagbag.py:500} INFO - Filling up the DagBag from /opt/airflow/dags/data_ingestion_gcs_dag_fhv.py
[2022-02-01 20:57:05,470] {processor.py:654} INFO - DAG(s) dict_keys(['data_ingestion_gcs_dag_hw2_fhv']) retrieved from /opt/airflow/dags/data_ingestion_gcs_dag_fhv.py
[2022-02-01 20:57:05,485] {logging_mixin.py:109} INFO - [2022-02-01 20:57:05,484] {dag.py:2396} INFO - Sync 1 DAGs
[2022-02-01 20:57:05,522] {processor.py:171} INFO - Processing /opt/airflow/dags/data_ingestion_gcs_dag_fhv.py took 1.137 seconds
[2022-02-01 20:57:36,073] {processor.py:163} INFO - Started process (PID=5764) to work on /opt/airflow/dags/data_ingestion_gcs_dag_fhv.py
[2022-02-01 20:57:36,074] {processor.py:642} INFO - Processing file /opt/airflow/dags/data_ingestion_gcs_dag_fhv.py for tasks to queue
[2022-02-01 20:57:36,075] {logging_mixin.py:109} INFO - [2022-02-01 20:57:36,075] {dagbag.py:500} INFO - Filling up the DagBag from /opt/airflow/dags/data_ingestion_gcs_dag_fhv.py
[2022-02-01 20:57:36,879] {processor.py:654} INFO - DAG(s) dict_keys(['data_ingestion_gcs_dag_hw2_fhv']) retrieved from /opt/airflow/dags/data_ingestion_gcs_dag_fhv.py
[2022-02-01 20:57:36,890] {logging_mixin.py:109} INFO - [2022-02-01 20:57:36,890] {dag.py:2396} INFO - Sync 1 DAGs
[2022-02-01 20:57:36,909] {logging_mixin.py:109} INFO - [2022-02-01 20:57:36,909] {dag.py:2935} INFO - Setting next_dagrun for data_ingestion_gcs_dag_hw2_fhv to 2021-02-01T00:00:00+00:00
[2022-02-01 20:57:36,920] {processor.py:171} INFO - Processing /opt/airflow/dags/data_ingestion_gcs_dag_fhv.py took 0.852 seconds
[2022-02-01 20:58:07,639] {processor.py:163} INFO - Started process (PID=5799) to work on /opt/airflow/dags/data_ingestion_gcs_dag_fhv.py
[2022-02-01 20:58:07,642] {processor.py:642} INFO - Processing file /opt/airflow/dags/data_ingestion_gcs_dag_fhv.py for tasks to queue
[2022-02-01 20:58:07,643] {logging_mixin.py:109} INFO - [2022-02-01 20:58:07,642] {dagbag.py:500} INFO - Filling up the DagBag from /opt/airflow/dags/data_ingestion_gcs_dag_fhv.py
[2022-02-01 20:58:08,457] {processor.py:654} INFO - DAG(s) dict_keys(['data_ingestion_gcs_dag_hw2_fhv']) retrieved from /opt/airflow/dags/data_ingestion_gcs_dag_fhv.py
[2022-02-01 20:58:08,467] {logging_mixin.py:109} INFO - [2022-02-01 20:58:08,467] {dag.py:2396} INFO - Sync 1 DAGs
[2022-02-01 20:58:08,487] {logging_mixin.py:109} INFO - [2022-02-01 20:58:08,487] {dag.py:2935} INFO - Setting next_dagrun for data_ingestion_gcs_dag_hw2_fhv to 2021-04-01T00:00:00+00:00
[2022-02-01 20:58:08,499] {processor.py:171} INFO - Processing /opt/airflow/dags/data_ingestion_gcs_dag_fhv.py took 0.865 seconds
[2022-02-01 20:58:38,715] {processor.py:163} INFO - Started process (PID=5859) to work on /opt/airflow/dags/data_ingestion_gcs_dag_fhv.py
[2022-02-01 20:58:38,717] {processor.py:642} INFO - Processing file /opt/airflow/dags/data_ingestion_gcs_dag_fhv.py for tasks to queue
[2022-02-01 20:58:38,718] {logging_mixin.py:109} INFO - [2022-02-01 20:58:38,718] {dagbag.py:500} INFO - Filling up the DagBag from /opt/airflow/dags/data_ingestion_gcs_dag_fhv.py
[2022-02-01 20:58:39,637] {processor.py:654} INFO - DAG(s) dict_keys(['data_ingestion_gcs_dag_hw2_fhv']) retrieved from /opt/airflow/dags/data_ingestion_gcs_dag_fhv.py
[2022-02-01 20:58:39,647] {logging_mixin.py:109} INFO - [2022-02-01 20:58:39,647] {dag.py:2396} INFO - Sync 1 DAGs
[2022-02-01 20:58:39,664] {logging_mixin.py:109} INFO - [2022-02-01 20:58:39,664] {dag.py:2935} INFO - Setting next_dagrun for data_ingestion_gcs_dag_hw2_fhv to 2021-06-01T00:00:00+00:00
[2022-02-01 20:58:39,675] {processor.py:171} INFO - Processing /opt/airflow/dags/data_ingestion_gcs_dag_fhv.py took 0.965 seconds
[2022-02-01 20:59:10,097] {processor.py:163} INFO - Started process (PID=5905) to work on /opt/airflow/dags/data_ingestion_gcs_dag_fhv.py
[2022-02-01 20:59:10,099] {processor.py:642} INFO - Processing file /opt/airflow/dags/data_ingestion_gcs_dag_fhv.py for tasks to queue
[2022-02-01 20:59:10,099] {logging_mixin.py:109} INFO - [2022-02-01 20:59:10,099] {dagbag.py:500} INFO - Filling up the DagBag from /opt/airflow/dags/data_ingestion_gcs_dag_fhv.py
[2022-02-01 20:59:10,883] {processor.py:654} INFO - DAG(s) dict_keys(['data_ingestion_gcs_dag_hw2_fhv']) retrieved from /opt/airflow/dags/data_ingestion_gcs_dag_fhv.py
[2022-02-01 20:59:10,893] {logging_mixin.py:109} INFO - [2022-02-01 20:59:10,892] {dag.py:2396} INFO - Sync 1 DAGs
[2022-02-01 20:59:10,910] {logging_mixin.py:109} INFO - [2022-02-01 20:59:10,909] {dag.py:2935} INFO - Setting next_dagrun for data_ingestion_gcs_dag_hw2_fhv to 2021-08-01T00:00:00+00:00
[2022-02-01 20:59:10,919] {processor.py:171} INFO - Processing /opt/airflow/dags/data_ingestion_gcs_dag_fhv.py took 0.827 seconds
[2022-02-01 20:59:41,509] {processor.py:163} INFO - Started process (PID=5951) to work on /opt/airflow/dags/data_ingestion_gcs_dag_fhv.py
[2022-02-01 20:59:41,511] {processor.py:642} INFO - Processing file /opt/airflow/dags/data_ingestion_gcs_dag_fhv.py for tasks to queue
[2022-02-01 20:59:41,512] {logging_mixin.py:109} INFO - [2022-02-01 20:59:41,512] {dagbag.py:500} INFO - Filling up the DagBag from /opt/airflow/dags/data_ingestion_gcs_dag_fhv.py
[2022-02-01 20:59:42,554] {processor.py:654} INFO - DAG(s) dict_keys(['data_ingestion_gcs_dag_hw2_fhv']) retrieved from /opt/airflow/dags/data_ingestion_gcs_dag_fhv.py
[2022-02-01 20:59:42,568] {logging_mixin.py:109} INFO - [2022-02-01 20:59:42,567] {dag.py:2396} INFO - Sync 1 DAGs
[2022-02-01 20:59:42,601] {processor.py:171} INFO - Processing /opt/airflow/dags/data_ingestion_gcs_dag_fhv.py took 1.098 seconds
[2022-02-01 21:00:13,616] {processor.py:163} INFO - Started process (PID=5987) to work on /opt/airflow/dags/data_ingestion_gcs_dag_fhv.py
[2022-02-01 21:00:13,618] {processor.py:642} INFO - Processing file /opt/airflow/dags/data_ingestion_gcs_dag_fhv.py for tasks to queue
[2022-02-01 21:00:13,618] {logging_mixin.py:109} INFO - [2022-02-01 21:00:13,618] {dagbag.py:500} INFO - Filling up the DagBag from /opt/airflow/dags/data_ingestion_gcs_dag_fhv.py
[2022-02-01 21:00:14,445] {processor.py:654} INFO - DAG(s) dict_keys(['data_ingestion_gcs_dag_hw2_fhv']) retrieved from /opt/airflow/dags/data_ingestion_gcs_dag_fhv.py
[2022-02-01 21:00:14,456] {logging_mixin.py:109} INFO - [2022-02-01 21:00:14,455] {dag.py:2396} INFO - Sync 1 DAGs
[2022-02-01 21:00:14,482] {processor.py:171} INFO - Processing /opt/airflow/dags/data_ingestion_gcs_dag_fhv.py took 0.870 seconds
[2022-02-01 21:00:44,690] {processor.py:163} INFO - Started process (PID=6032) to work on /opt/airflow/dags/data_ingestion_gcs_dag_fhv.py
[2022-02-01 21:00:44,693] {processor.py:642} INFO - Processing file /opt/airflow/dags/data_ingestion_gcs_dag_fhv.py for tasks to queue
[2022-02-01 21:00:44,694] {logging_mixin.py:109} INFO - [2022-02-01 21:00:44,694] {dagbag.py:500} INFO - Filling up the DagBag from /opt/airflow/dags/data_ingestion_gcs_dag_fhv.py
[2022-02-01 21:00:45,560] {processor.py:654} INFO - DAG(s) dict_keys(['data_ingestion_gcs_dag_hw2_fhv']) retrieved from /opt/airflow/dags/data_ingestion_gcs_dag_fhv.py
[2022-02-01 21:00:45,570] {logging_mixin.py:109} INFO - [2022-02-01 21:00:45,570] {dag.py:2396} INFO - Sync 1 DAGs
[2022-02-01 21:00:45,595] {processor.py:171} INFO - Processing /opt/airflow/dags/data_ingestion_gcs_dag_fhv.py took 0.909 seconds
[2022-02-01 21:01:16,095] {processor.py:163} INFO - Started process (PID=6067) to work on /opt/airflow/dags/data_ingestion_gcs_dag_fhv.py
[2022-02-01 21:01:16,097] {processor.py:642} INFO - Processing file /opt/airflow/dags/data_ingestion_gcs_dag_fhv.py for tasks to queue
[2022-02-01 21:01:16,098] {logging_mixin.py:109} INFO - [2022-02-01 21:01:16,098] {dagbag.py:500} INFO - Filling up the DagBag from /opt/airflow/dags/data_ingestion_gcs_dag_fhv.py
[2022-02-01 21:01:16,890] {processor.py:654} INFO - DAG(s) dict_keys(['data_ingestion_gcs_dag_hw2_fhv']) retrieved from /opt/airflow/dags/data_ingestion_gcs_dag_fhv.py
[2022-02-01 21:01:16,900] {logging_mixin.py:109} INFO - [2022-02-01 21:01:16,900] {dag.py:2396} INFO - Sync 1 DAGs
[2022-02-01 21:01:16,926] {processor.py:171} INFO - Processing /opt/airflow/dags/data_ingestion_gcs_dag_fhv.py took 0.836 seconds
[2022-02-01 21:01:47,210] {processor.py:163} INFO - Started process (PID=6110) to work on /opt/airflow/dags/data_ingestion_gcs_dag_fhv.py
[2022-02-01 21:01:47,212] {processor.py:642} INFO - Processing file /opt/airflow/dags/data_ingestion_gcs_dag_fhv.py for tasks to queue
[2022-02-01 21:01:47,213] {logging_mixin.py:109} INFO - [2022-02-01 21:01:47,213] {dagbag.py:500} INFO - Filling up the DagBag from /opt/airflow/dags/data_ingestion_gcs_dag_fhv.py
[2022-02-01 21:01:47,991] {processor.py:654} INFO - DAG(s) dict_keys(['data_ingestion_gcs_dag_hw2_fhv']) retrieved from /opt/airflow/dags/data_ingestion_gcs_dag_fhv.py
[2022-02-01 21:01:48,001] {logging_mixin.py:109} INFO - [2022-02-01 21:01:48,001] {dag.py:2396} INFO - Sync 1 DAGs
[2022-02-01 21:01:48,029] {processor.py:171} INFO - Processing /opt/airflow/dags/data_ingestion_gcs_dag_fhv.py took 0.824 seconds
[2022-02-01 21:02:18,411] {processor.py:163} INFO - Started process (PID=6146) to work on /opt/airflow/dags/data_ingestion_gcs_dag_fhv.py
[2022-02-01 21:02:18,413] {processor.py:642} INFO - Processing file /opt/airflow/dags/data_ingestion_gcs_dag_fhv.py for tasks to queue
[2022-02-01 21:02:18,413] {logging_mixin.py:109} INFO - [2022-02-01 21:02:18,413] {dagbag.py:500} INFO - Filling up the DagBag from /opt/airflow/dags/data_ingestion_gcs_dag_fhv.py
[2022-02-01 21:02:19,193] {processor.py:654} INFO - DAG(s) dict_keys(['data_ingestion_gcs_dag_hw2_fhv']) retrieved from /opt/airflow/dags/data_ingestion_gcs_dag_fhv.py
[2022-02-01 21:02:19,202] {logging_mixin.py:109} INFO - [2022-02-01 21:02:19,202] {dag.py:2396} INFO - Sync 1 DAGs
[2022-02-01 21:02:19,225] {processor.py:171} INFO - Processing /opt/airflow/dags/data_ingestion_gcs_dag_fhv.py took 0.819 seconds
[2022-02-01 21:02:49,439] {processor.py:163} INFO - Started process (PID=6191) to work on /opt/airflow/dags/data_ingestion_gcs_dag_fhv.py
[2022-02-01 21:02:49,441] {processor.py:642} INFO - Processing file /opt/airflow/dags/data_ingestion_gcs_dag_fhv.py for tasks to queue
[2022-02-01 21:02:49,441] {logging_mixin.py:109} INFO - [2022-02-01 21:02:49,441] {dagbag.py:500} INFO - Filling up the DagBag from /opt/airflow/dags/data_ingestion_gcs_dag_fhv.py
[2022-02-01 21:02:50,265] {processor.py:654} INFO - DAG(s) dict_keys(['data_ingestion_gcs_dag_hw2_fhv']) retrieved from /opt/airflow/dags/data_ingestion_gcs_dag_fhv.py
[2022-02-01 21:02:50,275] {logging_mixin.py:109} INFO - [2022-02-01 21:02:50,274] {dag.py:2396} INFO - Sync 1 DAGs
[2022-02-01 21:02:50,300] {processor.py:171} INFO - Processing /opt/airflow/dags/data_ingestion_gcs_dag_fhv.py took 0.866 seconds
[2022-02-01 21:03:20,498] {processor.py:163} INFO - Started process (PID=6226) to work on /opt/airflow/dags/data_ingestion_gcs_dag_fhv.py
[2022-02-01 21:03:20,499] {processor.py:642} INFO - Processing file /opt/airflow/dags/data_ingestion_gcs_dag_fhv.py for tasks to queue
[2022-02-01 21:03:20,500] {logging_mixin.py:109} INFO - [2022-02-01 21:03:20,500] {dagbag.py:500} INFO - Filling up the DagBag from /opt/airflow/dags/data_ingestion_gcs_dag_fhv.py
[2022-02-01 21:03:21,286] {processor.py:654} INFO - DAG(s) dict_keys(['data_ingestion_gcs_dag_hw2_fhv']) retrieved from /opt/airflow/dags/data_ingestion_gcs_dag_fhv.py
[2022-02-01 21:03:21,296] {logging_mixin.py:109} INFO - [2022-02-01 21:03:21,295] {dag.py:2396} INFO - Sync 1 DAGs
[2022-02-01 21:03:21,321] {processor.py:171} INFO - Processing /opt/airflow/dags/data_ingestion_gcs_dag_fhv.py took 0.828 seconds
[2022-02-01 21:03:51,781] {processor.py:163} INFO - Started process (PID=6270) to work on /opt/airflow/dags/data_ingestion_gcs_dag_fhv.py
[2022-02-01 21:03:51,784] {processor.py:642} INFO - Processing file /opt/airflow/dags/data_ingestion_gcs_dag_fhv.py for tasks to queue
[2022-02-01 21:03:51,785] {logging_mixin.py:109} INFO - [2022-02-01 21:03:51,785] {dagbag.py:500} INFO - Filling up the DagBag from /opt/airflow/dags/data_ingestion_gcs_dag_fhv.py
[2022-02-01 21:03:52,597] {processor.py:654} INFO - DAG(s) dict_keys(['data_ingestion_gcs_dag_hw2_fhv']) retrieved from /opt/airflow/dags/data_ingestion_gcs_dag_fhv.py
[2022-02-01 21:03:52,613] {logging_mixin.py:109} INFO - [2022-02-01 21:03:52,612] {dag.py:2396} INFO - Sync 1 DAGs
[2022-02-01 21:03:52,651] {processor.py:171} INFO - Processing /opt/airflow/dags/data_ingestion_gcs_dag_fhv.py took 0.876 seconds
[2022-02-01 21:04:23,186] {processor.py:163} INFO - Started process (PID=6309) to work on /opt/airflow/dags/data_ingestion_gcs_dag_fhv.py
[2022-02-01 21:04:23,190] {processor.py:642} INFO - Processing file /opt/airflow/dags/data_ingestion_gcs_dag_fhv.py for tasks to queue
[2022-02-01 21:04:23,191] {logging_mixin.py:109} INFO - [2022-02-01 21:04:23,191] {dagbag.py:500} INFO - Filling up the DagBag from /opt/airflow/dags/data_ingestion_gcs_dag_fhv.py
[2022-02-01 21:04:23,971] {processor.py:654} INFO - DAG(s) dict_keys(['data_ingestion_gcs_dag_hw2_fhv']) retrieved from /opt/airflow/dags/data_ingestion_gcs_dag_fhv.py
[2022-02-01 21:04:23,981] {logging_mixin.py:109} INFO - [2022-02-01 21:04:23,981] {dag.py:2396} INFO - Sync 1 DAGs
[2022-02-01 21:04:24,008] {processor.py:171} INFO - Processing /opt/airflow/dags/data_ingestion_gcs_dag_fhv.py took 0.828 seconds
[2022-02-01 21:04:54,252] {processor.py:163} INFO - Started process (PID=6354) to work on /opt/airflow/dags/data_ingestion_gcs_dag_fhv.py
[2022-02-01 21:04:54,253] {processor.py:642} INFO - Processing file /opt/airflow/dags/data_ingestion_gcs_dag_fhv.py for tasks to queue
[2022-02-01 21:04:54,254] {logging_mixin.py:109} INFO - [2022-02-01 21:04:54,254] {dagbag.py:500} INFO - Filling up the DagBag from /opt/airflow/dags/data_ingestion_gcs_dag_fhv.py
[2022-02-01 21:04:55,335] {processor.py:654} INFO - DAG(s) dict_keys(['data_ingestion_gcs_dag_hw2_fhv']) retrieved from /opt/airflow/dags/data_ingestion_gcs_dag_fhv.py
[2022-02-01 21:04:55,349] {logging_mixin.py:109} INFO - [2022-02-01 21:04:55,349] {dag.py:2396} INFO - Sync 1 DAGs
[2022-02-01 21:04:55,385] {processor.py:171} INFO - Processing /opt/airflow/dags/data_ingestion_gcs_dag_fhv.py took 1.137 seconds
[2022-02-01 21:05:25,664] {processor.py:163} INFO - Started process (PID=6391) to work on /opt/airflow/dags/data_ingestion_gcs_dag_fhv.py
[2022-02-01 21:05:25,666] {processor.py:642} INFO - Processing file /opt/airflow/dags/data_ingestion_gcs_dag_fhv.py for tasks to queue
[2022-02-01 21:05:25,667] {logging_mixin.py:109} INFO - [2022-02-01 21:05:25,667] {dagbag.py:500} INFO - Filling up the DagBag from /opt/airflow/dags/data_ingestion_gcs_dag_fhv.py
[2022-02-01 21:05:26,444] {processor.py:654} INFO - DAG(s) dict_keys(['data_ingestion_gcs_dag_hw2_fhv']) retrieved from /opt/airflow/dags/data_ingestion_gcs_dag_fhv.py
[2022-02-01 21:05:26,455] {logging_mixin.py:109} INFO - [2022-02-01 21:05:26,455] {dag.py:2396} INFO - Sync 1 DAGs
[2022-02-01 21:05:26,481] {processor.py:171} INFO - Processing /opt/airflow/dags/data_ingestion_gcs_dag_fhv.py took 0.821 seconds
[2022-02-01 21:05:56,671] {processor.py:163} INFO - Started process (PID=6436) to work on /opt/airflow/dags/data_ingestion_gcs_dag_fhv.py
[2022-02-01 21:05:56,672] {processor.py:642} INFO - Processing file /opt/airflow/dags/data_ingestion_gcs_dag_fhv.py for tasks to queue
[2022-02-01 21:05:56,673] {logging_mixin.py:109} INFO - [2022-02-01 21:05:56,672] {dagbag.py:500} INFO - Filling up the DagBag from /opt/airflow/dags/data_ingestion_gcs_dag_fhv.py
[2022-02-01 21:05:57,510] {processor.py:654} INFO - DAG(s) dict_keys(['data_ingestion_gcs_dag_hw2_fhv']) retrieved from /opt/airflow/dags/data_ingestion_gcs_dag_fhv.py
[2022-02-01 21:05:57,523] {logging_mixin.py:109} INFO - [2022-02-01 21:05:57,523] {dag.py:2396} INFO - Sync 1 DAGs
[2022-02-01 21:05:57,553] {processor.py:171} INFO - Processing /opt/airflow/dags/data_ingestion_gcs_dag_fhv.py took 0.887 seconds
[2022-02-01 21:06:27,678] {processor.py:163} INFO - Started process (PID=6471) to work on /opt/airflow/dags/data_ingestion_gcs_dag_fhv.py
[2022-02-01 21:06:27,680] {processor.py:642} INFO - Processing file /opt/airflow/dags/data_ingestion_gcs_dag_fhv.py for tasks to queue
[2022-02-01 21:06:27,681] {logging_mixin.py:109} INFO - [2022-02-01 21:06:27,681] {dagbag.py:500} INFO - Filling up the DagBag from /opt/airflow/dags/data_ingestion_gcs_dag_fhv.py
[2022-02-01 21:06:28,510] {processor.py:654} INFO - DAG(s) dict_keys(['data_ingestion_gcs_dag_hw2_fhv']) retrieved from /opt/airflow/dags/data_ingestion_gcs_dag_fhv.py
[2022-02-01 21:06:28,521] {logging_mixin.py:109} INFO - [2022-02-01 21:06:28,520] {dag.py:2396} INFO - Sync 1 DAGs
[2022-02-01 21:06:28,546] {processor.py:171} INFO - Processing /opt/airflow/dags/data_ingestion_gcs_dag_fhv.py took 0.873 seconds
[2022-02-01 21:06:58,782] {processor.py:163} INFO - Started process (PID=6514) to work on /opt/airflow/dags/data_ingestion_gcs_dag_fhv.py
[2022-02-01 21:06:58,788] {processor.py:642} INFO - Processing file /opt/airflow/dags/data_ingestion_gcs_dag_fhv.py for tasks to queue
[2022-02-01 21:06:58,793] {logging_mixin.py:109} INFO - [2022-02-01 21:06:58,792] {dagbag.py:500} INFO - Filling up the DagBag from /opt/airflow/dags/data_ingestion_gcs_dag_fhv.py
[2022-02-01 21:07:01,408] {processor.py:654} INFO - DAG(s) dict_keys(['data_ingestion_gcs_dag_hw2_fhv']) retrieved from /opt/airflow/dags/data_ingestion_gcs_dag_fhv.py
[2022-02-01 21:07:01,438] {logging_mixin.py:109} INFO - [2022-02-01 21:07:01,437] {dag.py:2396} INFO - Sync 1 DAGs
[2022-02-01 21:07:01,487] {processor.py:171} INFO - Processing /opt/airflow/dags/data_ingestion_gcs_dag_fhv.py took 2.734 seconds
