[2022-03-17 19:47:57,096] {taskinstance.py:1032} INFO - Dependencies all met for <TaskInstance: data_ingestion_gcs_dag_project.download_dataset_task scheduled__2020-01-01T00:00:00+00:00 [queued]>
[2022-03-17 19:47:57,107] {taskinstance.py:1032} INFO - Dependencies all met for <TaskInstance: data_ingestion_gcs_dag_project.download_dataset_task scheduled__2020-01-01T00:00:00+00:00 [queued]>
[2022-03-17 19:47:57,107] {taskinstance.py:1238} INFO - 
--------------------------------------------------------------------------------
[2022-03-17 19:47:57,107] {taskinstance.py:1239} INFO - Starting attempt 1 of 2
[2022-03-17 19:47:57,107] {taskinstance.py:1240} INFO - 
--------------------------------------------------------------------------------
[2022-03-17 19:47:57,118] {taskinstance.py:1259} INFO - Executing <Task(BashOperator): download_dataset_task> on 2020-01-01 00:00:00+00:00
[2022-03-17 19:47:57,124] {standard_task_runner.py:52} INFO - Started process 643 to run task
[2022-03-17 19:47:57,128] {standard_task_runner.py:76} INFO - Running: ['***', 'tasks', 'run', 'data_ingestion_gcs_dag_project', 'download_dataset_task', 'scheduled__2020-01-01T00:00:00+00:00', '--job-id', '24', '--raw', '--subdir', 'DAGS_FOLDER/data_ingestion_gcs_dag_project.py', '--cfg-path', '/tmp/tmpwxd3kbwq', '--error-file', '/tmp/tmppp315jty']
[2022-03-17 19:47:57,129] {standard_task_runner.py:77} INFO - Job 24: Subtask download_dataset_task
[2022-03-17 19:47:57,191] {logging_mixin.py:109} INFO - Running <TaskInstance: data_ingestion_gcs_dag_project.download_dataset_task scheduled__2020-01-01T00:00:00+00:00 [running]> on host 06aea6ade097
[2022-03-17 19:47:57,232] {warnings.py:110} WARNING - /home/***/.local/lib/python3.7/site-packages/***/utils/context.py:152: AirflowContextDeprecationWarning: Accessing 'execution_date' from the template is deprecated and will be removed in a future version. Please use 'data_interval_start' or 'logical_date' instead.
  warnings.warn(_create_deprecation_warning(key, self._deprecation_replacements[key]))

[2022-03-17 19:47:57,252] {taskinstance.py:1426} INFO - Exporting the following env vars:
AIRFLOW_CTX_DAG_OWNER=***
AIRFLOW_CTX_DAG_ID=data_ingestion_gcs_dag_project
AIRFLOW_CTX_TASK_ID=download_dataset_task
AIRFLOW_CTX_EXECUTION_DATE=2020-01-01T00:00:00+00:00
AIRFLOW_CTX_DAG_RUN_ID=scheduled__2020-01-01T00:00:00+00:00
[2022-03-17 19:47:57,253] {subprocess.py:62} INFO - Tmp dir root location: 
 /tmp
[2022-03-17 19:47:57,254] {subprocess.py:74} INFO - Running command: ['bash', '-c', 'curl -sSLf https://data.dft.gov.uk/road-accidents-safety-data/dft-road-casualty-statistics-accident-2020.csv > /opt/***/dft-road-casualty-statistics-accident-2020.csv']
[2022-03-17 19:47:57,267] {subprocess.py:85} INFO - Output:
[2022-03-17 19:47:57,596] {subprocess.py:93} INFO - Command exited with return code 0
[2022-03-17 19:47:57,647] {taskinstance.py:1277} INFO - Marking task as SUCCESS. dag_id=data_ingestion_gcs_dag_project, task_id=download_dataset_task, execution_date=20200101T000000, start_date=20220317T194757, end_date=20220317T194757
[2022-03-17 19:47:57,702] {local_task_job.py:154} INFO - Task exited with return code 0
[2022-03-17 19:47:57,741] {local_task_job.py:264} INFO - 1 downstream tasks scheduled from follow-on schedule check
[2022-03-20 06:18:41,471] {taskinstance.py:1032} INFO - Dependencies all met for <TaskInstance: data_ingestion_gcs_dag_project.download_dataset_task scheduled__2020-01-01T00:00:00+00:00 [queued]>
[2022-03-20 06:18:41,482] {taskinstance.py:1032} INFO - Dependencies all met for <TaskInstance: data_ingestion_gcs_dag_project.download_dataset_task scheduled__2020-01-01T00:00:00+00:00 [queued]>
[2022-03-20 06:18:41,482] {taskinstance.py:1238} INFO - 
--------------------------------------------------------------------------------
[2022-03-20 06:18:41,482] {taskinstance.py:1239} INFO - Starting attempt 1 of 2
[2022-03-20 06:18:41,482] {taskinstance.py:1240} INFO - 
--------------------------------------------------------------------------------
[2022-03-20 06:18:41,496] {taskinstance.py:1259} INFO - Executing <Task(BashOperator): download_dataset_task> on 2020-01-01 00:00:00+00:00
[2022-03-20 06:18:41,501] {standard_task_runner.py:52} INFO - Started process 405 to run task
[2022-03-20 06:18:41,505] {standard_task_runner.py:76} INFO - Running: ['***', 'tasks', 'run', 'data_ingestion_gcs_dag_project', 'download_dataset_task', 'scheduled__2020-01-01T00:00:00+00:00', '--job-id', '44', '--raw', '--subdir', 'DAGS_FOLDER/data_ingestion_gcs_dag_project.py', '--cfg-path', '/tmp/tmpjv63g0qm', '--error-file', '/tmp/tmp7bofhrta']
[2022-03-20 06:18:41,507] {standard_task_runner.py:77} INFO - Job 44: Subtask download_dataset_task
[2022-03-20 06:18:41,572] {logging_mixin.py:109} INFO - Running <TaskInstance: data_ingestion_gcs_dag_project.download_dataset_task scheduled__2020-01-01T00:00:00+00:00 [running]> on host 974079c1cd0d
[2022-03-20 06:18:41,614] {warnings.py:110} WARNING - /home/***/.local/lib/python3.7/site-packages/***/utils/context.py:152: AirflowContextDeprecationWarning: Accessing 'execution_date' from the template is deprecated and will be removed in a future version. Please use 'data_interval_start' or 'logical_date' instead.
  warnings.warn(_create_deprecation_warning(key, self._deprecation_replacements[key]))

[2022-03-20 06:18:41,636] {taskinstance.py:1426} INFO - Exporting the following env vars:
AIRFLOW_CTX_DAG_OWNER=***
AIRFLOW_CTX_DAG_ID=data_ingestion_gcs_dag_project
AIRFLOW_CTX_TASK_ID=download_dataset_task
AIRFLOW_CTX_EXECUTION_DATE=2020-01-01T00:00:00+00:00
AIRFLOW_CTX_DAG_RUN_ID=scheduled__2020-01-01T00:00:00+00:00
[2022-03-20 06:18:41,637] {subprocess.py:62} INFO - Tmp dir root location: 
 /tmp
[2022-03-20 06:18:41,638] {subprocess.py:74} INFO - Running command: ['bash', '-c', 'curl -sSLf https://data.dft.gov.uk/road-accidents-safety-data/dft-road-casualty-statistics-accident-2020.csv > /opt/***/dft-road-casualty-statistics-accident-2020.csv']
[2022-03-20 06:18:41,652] {subprocess.py:85} INFO - Output:
[2022-03-20 06:18:41,988] {subprocess.py:93} INFO - Command exited with return code 0
[2022-03-20 06:18:42,016] {taskinstance.py:1277} INFO - Marking task as SUCCESS. dag_id=data_ingestion_gcs_dag_project, task_id=download_dataset_task, execution_date=20200101T000000, start_date=20220320T061841, end_date=20220320T061842
[2022-03-20 06:18:42,040] {local_task_job.py:154} INFO - Task exited with return code 0
[2022-03-20 06:18:42,079] {local_task_job.py:264} INFO - 1 downstream tasks scheduled from follow-on schedule check
