[2022-01-30 11:43:28,469] {taskinstance.py:1032} INFO - Dependencies all met for <TaskInstance: Local_Ingestion_Dag.wget scheduled__2021-10-02T06:00:00+00:00 [queued]>
[2022-01-30 11:43:28,491] {taskinstance.py:1032} INFO - Dependencies all met for <TaskInstance: Local_Ingestion_Dag.wget scheduled__2021-10-02T06:00:00+00:00 [queued]>
[2022-01-30 11:43:28,491] {taskinstance.py:1238} INFO - 
--------------------------------------------------------------------------------
[2022-01-30 11:43:28,491] {taskinstance.py:1239} INFO - Starting attempt 1 of 1
[2022-01-30 11:43:28,491] {taskinstance.py:1240} INFO - 
--------------------------------------------------------------------------------
[2022-01-30 11:43:28,521] {taskinstance.py:1259} INFO - Executing <Task(BashOperator): wget> on 2021-10-02 06:00:00+00:00
[2022-01-30 11:43:28,532] {standard_task_runner.py:52} INFO - Started process 174 to run task
[2022-01-30 11:43:28,539] {standard_task_runner.py:76} INFO - Running: ['***', 'tasks', 'run', 'Local_Ingestion_Dag', 'wget', 'scheduled__2021-10-02T06:00:00+00:00', '--job-id', '47', '--raw', '--subdir', 'DAGS_FOLDER/data_ingestion_local.py', '--cfg-path', '/tmp/tmp1kk9rqzt', '--error-file', '/tmp/tmpnd3elh89']
[2022-01-30 11:43:28,541] {standard_task_runner.py:77} INFO - Job 47: Subtask wget
[2022-01-30 11:43:28,708] {logging_mixin.py:109} INFO - Running <TaskInstance: Local_Ingestion_Dag.wget scheduled__2021-10-02T06:00:00+00:00 [running]> on host d85d2c4ca4f8
[2022-01-30 11:43:28,825] {taskinstance.py:1426} INFO - Exporting the following env vars:
AIRFLOW_CTX_DAG_OWNER=***
AIRFLOW_CTX_DAG_ID=Local_Ingestion_Dag
AIRFLOW_CTX_TASK_ID=wget
AIRFLOW_CTX_EXECUTION_DATE=2021-10-02T06:00:00+00:00
AIRFLOW_CTX_DAG_RUN_ID=scheduled__2021-10-02T06:00:00+00:00
[2022-01-30 11:43:28,827] {subprocess.py:62} INFO - Tmp dir root location: 
 /tmp
[2022-01-30 11:43:28,828] {subprocess.py:74} INFO - Running command: ['bash', '-c', 'echo "hello world"']
[2022-01-30 11:43:28,861] {subprocess.py:85} INFO - Output:
[2022-01-30 11:43:28,879] {subprocess.py:89} INFO - hello world
[2022-01-30 11:43:28,885] {subprocess.py:93} INFO - Command exited with return code 0
[2022-01-30 11:43:28,966] {taskinstance.py:1277} INFO - Marking task as SUCCESS. dag_id=Local_Ingestion_Dag, task_id=wget, execution_date=20211002T060000, start_date=20220130T114328, end_date=20220130T114328
[2022-01-30 11:43:29,072] {local_task_job.py:154} INFO - Task exited with return code 0
[2022-01-30 11:43:29,211] {local_task_job.py:264} INFO - 1 downstream tasks scheduled from follow-on schedule check
