[2022-03-17 19:48:03,514] {taskinstance.py:1032} INFO - Dependencies all met for <TaskInstance: data_ingestion_gcs_dag_project.remove_files_task scheduled__2020-01-01T00:00:00+00:00 [queued]>
[2022-03-17 19:48:03,525] {taskinstance.py:1032} INFO - Dependencies all met for <TaskInstance: data_ingestion_gcs_dag_project.remove_files_task scheduled__2020-01-01T00:00:00+00:00 [queued]>
[2022-03-17 19:48:03,525] {taskinstance.py:1238} INFO - 
--------------------------------------------------------------------------------
[2022-03-17 19:48:03,526] {taskinstance.py:1239} INFO - Starting attempt 1 of 2
[2022-03-17 19:48:03,526] {taskinstance.py:1240} INFO - 
--------------------------------------------------------------------------------
[2022-03-17 19:48:03,537] {taskinstance.py:1259} INFO - Executing <Task(BashOperator): remove_files_task> on 2020-01-01 00:00:00+00:00
[2022-03-17 19:48:03,543] {standard_task_runner.py:52} INFO - Started process 660 to run task
[2022-03-17 19:48:03,549] {standard_task_runner.py:76} INFO - Running: ['***', 'tasks', 'run', 'data_ingestion_gcs_dag_project', 'remove_files_task', 'scheduled__2020-01-01T00:00:00+00:00', '--job-id', '27', '--raw', '--subdir', 'DAGS_FOLDER/data_ingestion_gcs_dag_project.py', '--cfg-path', '/tmp/tmp8oxx2y6m', '--error-file', '/tmp/tmpwwerifro']
[2022-03-17 19:48:03,550] {standard_task_runner.py:77} INFO - Job 27: Subtask remove_files_task
[2022-03-17 19:48:03,616] {logging_mixin.py:109} INFO - Running <TaskInstance: data_ingestion_gcs_dag_project.remove_files_task scheduled__2020-01-01T00:00:00+00:00 [running]> on host 06aea6ade097
[2022-03-17 19:48:03,659] {warnings.py:110} WARNING - /home/***/.local/lib/python3.7/site-packages/***/utils/context.py:152: AirflowContextDeprecationWarning: Accessing 'execution_date' from the template is deprecated and will be removed in a future version. Please use 'data_interval_start' or 'logical_date' instead.
  warnings.warn(_create_deprecation_warning(key, self._deprecation_replacements[key]))

[2022-03-17 19:48:03,682] {taskinstance.py:1426} INFO - Exporting the following env vars:
AIRFLOW_CTX_DAG_OWNER=***
AIRFLOW_CTX_DAG_ID=data_ingestion_gcs_dag_project
AIRFLOW_CTX_TASK_ID=remove_files_task
AIRFLOW_CTX_EXECUTION_DATE=2020-01-01T00:00:00+00:00
AIRFLOW_CTX_DAG_RUN_ID=scheduled__2020-01-01T00:00:00+00:00
[2022-03-17 19:48:03,683] {subprocess.py:62} INFO - Tmp dir root location: 
 /tmp
[2022-03-17 19:48:03,684] {subprocess.py:74} INFO - Running command: ['bash', '-c', 'rm /opt/***/dft-road-casualty-statistics-accident-2020.csv /opt/***/dft-road-casualty-statistics-accident-2020.parquet']
[2022-03-17 19:48:03,697] {subprocess.py:85} INFO - Output:
[2022-03-17 19:48:03,705] {subprocess.py:93} INFO - Command exited with return code 0
[2022-03-17 19:48:03,736] {taskinstance.py:1277} INFO - Marking task as SUCCESS. dag_id=data_ingestion_gcs_dag_project, task_id=remove_files_task, execution_date=20200101T000000, start_date=20220317T194803, end_date=20220317T194803
[2022-03-17 19:48:03,803] {local_task_job.py:154} INFO - Task exited with return code 0
[2022-03-17 19:48:03,854] {local_task_job.py:264} INFO - 0 downstream tasks scheduled from follow-on schedule check
[2022-03-20 06:18:46,865] {taskinstance.py:1032} INFO - Dependencies all met for <TaskInstance: data_ingestion_gcs_dag_project.remove_files_task scheduled__2020-01-01T00:00:00+00:00 [queued]>
[2022-03-20 06:18:46,882] {taskinstance.py:1032} INFO - Dependencies all met for <TaskInstance: data_ingestion_gcs_dag_project.remove_files_task scheduled__2020-01-01T00:00:00+00:00 [queued]>
[2022-03-20 06:18:46,883] {taskinstance.py:1238} INFO - 
--------------------------------------------------------------------------------
[2022-03-20 06:18:46,883] {taskinstance.py:1239} INFO - Starting attempt 1 of 2
[2022-03-20 06:18:46,883] {taskinstance.py:1240} INFO - 
--------------------------------------------------------------------------------
[2022-03-20 06:18:46,899] {taskinstance.py:1259} INFO - Executing <Task(BashOperator): remove_files_task> on 2020-01-01 00:00:00+00:00
[2022-03-20 06:18:46,907] {standard_task_runner.py:52} INFO - Started process 422 to run task
[2022-03-20 06:18:46,912] {standard_task_runner.py:76} INFO - Running: ['***', 'tasks', 'run', 'data_ingestion_gcs_dag_project', 'remove_files_task', 'scheduled__2020-01-01T00:00:00+00:00', '--job-id', '46', '--raw', '--subdir', 'DAGS_FOLDER/data_ingestion_gcs_dag_project.py', '--cfg-path', '/tmp/tmph_2z63ij', '--error-file', '/tmp/tmpqugu5uid']
[2022-03-20 06:18:46,913] {standard_task_runner.py:77} INFO - Job 46: Subtask remove_files_task
[2022-03-20 06:18:46,979] {logging_mixin.py:109} INFO - Running <TaskInstance: data_ingestion_gcs_dag_project.remove_files_task scheduled__2020-01-01T00:00:00+00:00 [running]> on host 974079c1cd0d
[2022-03-20 06:18:47,019] {warnings.py:110} WARNING - /home/***/.local/lib/python3.7/site-packages/***/utils/context.py:152: AirflowContextDeprecationWarning: Accessing 'execution_date' from the template is deprecated and will be removed in a future version. Please use 'data_interval_start' or 'logical_date' instead.
  warnings.warn(_create_deprecation_warning(key, self._deprecation_replacements[key]))

[2022-03-20 06:18:47,040] {taskinstance.py:1426} INFO - Exporting the following env vars:
AIRFLOW_CTX_DAG_OWNER=***
AIRFLOW_CTX_DAG_ID=data_ingestion_gcs_dag_project
AIRFLOW_CTX_TASK_ID=remove_files_task
AIRFLOW_CTX_EXECUTION_DATE=2020-01-01T00:00:00+00:00
AIRFLOW_CTX_DAG_RUN_ID=scheduled__2020-01-01T00:00:00+00:00
[2022-03-20 06:18:47,041] {subprocess.py:62} INFO - Tmp dir root location: 
 /tmp
[2022-03-20 06:18:47,042] {subprocess.py:74} INFO - Running command: ['bash', '-c', 'rm /opt/***/dft-road-casualty-statistics-accident-2020.csv']
[2022-03-20 06:18:47,055] {subprocess.py:85} INFO - Output:
[2022-03-20 06:18:47,062] {subprocess.py:93} INFO - Command exited with return code 0
[2022-03-20 06:18:47,089] {taskinstance.py:1277} INFO - Marking task as SUCCESS. dag_id=data_ingestion_gcs_dag_project, task_id=remove_files_task, execution_date=20200101T000000, start_date=20220320T061846, end_date=20220320T061847
[2022-03-20 06:18:47,126] {local_task_job.py:154} INFO - Task exited with return code 0
[2022-03-20 06:18:47,158] {local_task_job.py:264} INFO - 0 downstream tasks scheduled from follow-on schedule check
