[2022-01-30 11:43:20,418] {taskinstance.py:1032} INFO - Dependencies all met for <TaskInstance: Local_Ingestion_Dag.wget manual__2022-01-30T11:43:19.296499+00:00 [queued]>
[2022-01-30 11:43:20,438] {taskinstance.py:1032} INFO - Dependencies all met for <TaskInstance: Local_Ingestion_Dag.wget manual__2022-01-30T11:43:19.296499+00:00 [queued]>
[2022-01-30 11:43:20,439] {taskinstance.py:1238} INFO - 
--------------------------------------------------------------------------------
[2022-01-30 11:43:20,439] {taskinstance.py:1239} INFO - Starting attempt 1 of 1
[2022-01-30 11:43:20,439] {taskinstance.py:1240} INFO - 
--------------------------------------------------------------------------------
[2022-01-30 11:43:20,457] {taskinstance.py:1259} INFO - Executing <Task(BashOperator): wget> on 2022-01-30 11:43:19.296499+00:00
[2022-01-30 11:43:20,466] {standard_task_runner.py:52} INFO - Started process 122 to run task
[2022-01-30 11:43:20,477] {standard_task_runner.py:76} INFO - Running: ['***', 'tasks', 'run', 'Local_Ingestion_Dag', 'wget', 'manual__2022-01-30T11:43:19.296499+00:00', '--job-id', '30', '--raw', '--subdir', 'DAGS_FOLDER/data_ingestion_local.py', '--cfg-path', '/tmp/tmp1epmfxh7', '--error-file', '/tmp/tmp9zy1blhd']
[2022-01-30 11:43:20,481] {standard_task_runner.py:77} INFO - Job 30: Subtask wget
[2022-01-30 11:43:20,619] {logging_mixin.py:109} INFO - Running <TaskInstance: Local_Ingestion_Dag.wget manual__2022-01-30T11:43:19.296499+00:00 [running]> on host d85d2c4ca4f8
[2022-01-30 11:43:20,757] {taskinstance.py:1426} INFO - Exporting the following env vars:
AIRFLOW_CTX_DAG_OWNER=***
AIRFLOW_CTX_DAG_ID=Local_Ingestion_Dag
AIRFLOW_CTX_TASK_ID=wget
AIRFLOW_CTX_EXECUTION_DATE=2022-01-30T11:43:19.296499+00:00
AIRFLOW_CTX_DAG_RUN_ID=manual__2022-01-30T11:43:19.296499+00:00
[2022-01-30 11:43:20,759] {subprocess.py:62} INFO - Tmp dir root location: 
 /tmp
[2022-01-30 11:43:20,760] {subprocess.py:74} INFO - Running command: ['bash', '-c', 'echo "hello world"']
[2022-01-30 11:43:20,779] {subprocess.py:85} INFO - Output:
[2022-01-30 11:43:20,783] {subprocess.py:89} INFO - hello world
[2022-01-30 11:43:20,784] {subprocess.py:93} INFO - Command exited with return code 0
[2022-01-30 11:43:20,840] {taskinstance.py:1277} INFO - Marking task as SUCCESS. dag_id=Local_Ingestion_Dag, task_id=wget, execution_date=20220130T114319, start_date=20220130T114320, end_date=20220130T114320
[2022-01-30 11:43:20,901] {local_task_job.py:154} INFO - Task exited with return code 0
[2022-01-30 11:43:20,981] {local_task_job.py:264} INFO - 1 downstream tasks scheduled from follow-on schedule check
