[2022-03-17 19:46:59,612] {taskinstance.py:1032} INFO - Dependencies all met for <TaskInstance: data_ingestion_gcs_dag_project.local_to_gcs_task scheduled__2018-01-01T00:00:00+00:00 [queued]>
[2022-03-17 19:46:59,621] {taskinstance.py:1032} INFO - Dependencies all met for <TaskInstance: data_ingestion_gcs_dag_project.local_to_gcs_task scheduled__2018-01-01T00:00:00+00:00 [queued]>
[2022-03-17 19:46:59,621] {taskinstance.py:1238} INFO - 
--------------------------------------------------------------------------------
[2022-03-17 19:46:59,621] {taskinstance.py:1239} INFO - Starting attempt 1 of 2
[2022-03-17 19:46:59,622] {taskinstance.py:1240} INFO - 
--------------------------------------------------------------------------------
[2022-03-17 19:46:59,633] {taskinstance.py:1259} INFO - Executing <Task(PythonOperator): local_to_gcs_task> on 2018-01-01 00:00:00+00:00
[2022-03-17 19:46:59,640] {standard_task_runner.py:52} INFO - Started process 564 to run task
[2022-03-17 19:46:59,644] {standard_task_runner.py:76} INFO - Running: ['***', 'tasks', 'run', 'data_ingestion_gcs_dag_project', 'local_to_gcs_task', 'scheduled__2018-01-01T00:00:00+00:00', '--job-id', '18', '--raw', '--subdir', 'DAGS_FOLDER/data_ingestion_gcs_dag_project.py', '--cfg-path', '/tmp/tmpkk9ifcgt', '--error-file', '/tmp/tmp724bermi']
[2022-03-17 19:46:59,645] {standard_task_runner.py:77} INFO - Job 18: Subtask local_to_gcs_task
[2022-03-17 19:46:59,708] {logging_mixin.py:109} INFO - Running <TaskInstance: data_ingestion_gcs_dag_project.local_to_gcs_task scheduled__2018-01-01T00:00:00+00:00 [running]> on host 06aea6ade097
[2022-03-17 19:46:59,748] {warnings.py:110} WARNING - /home/***/.local/lib/python3.7/site-packages/***/utils/context.py:152: AirflowContextDeprecationWarning: Accessing 'execution_date' from the template is deprecated and will be removed in a future version. Please use 'data_interval_start' or 'logical_date' instead.
  warnings.warn(_create_deprecation_warning(key, self._deprecation_replacements[key]))

[2022-03-17 19:46:59,769] {taskinstance.py:1426} INFO - Exporting the following env vars:
AIRFLOW_CTX_DAG_OWNER=***
AIRFLOW_CTX_DAG_ID=data_ingestion_gcs_dag_project
AIRFLOW_CTX_TASK_ID=local_to_gcs_task
AIRFLOW_CTX_EXECUTION_DATE=2018-01-01T00:00:00+00:00
AIRFLOW_CTX_DAG_RUN_ID=scheduled__2018-01-01T00:00:00+00:00
[2022-03-17 19:47:00,731] {python.py:175} INFO - Done. Returned value was: None
[2022-03-17 19:47:00,743] {taskinstance.py:1277} INFO - Marking task as SUCCESS. dag_id=data_ingestion_gcs_dag_project, task_id=local_to_gcs_task, execution_date=20180101T000000, start_date=20220317T194659, end_date=20220317T194700
[2022-03-17 19:47:00,781] {local_task_job.py:154} INFO - Task exited with return code 0
[2022-03-17 19:47:00,817] {local_task_job.py:264} INFO - 1 downstream tasks scheduled from follow-on schedule check
[2022-03-20 06:17:40,134] {taskinstance.py:1032} INFO - Dependencies all met for <TaskInstance: data_ingestion_gcs_dag_project.local_to_gcs_task scheduled__2018-01-01T00:00:00+00:00 [queued]>
[2022-03-20 06:17:40,153] {taskinstance.py:1032} INFO - Dependencies all met for <TaskInstance: data_ingestion_gcs_dag_project.local_to_gcs_task scheduled__2018-01-01T00:00:00+00:00 [queued]>
[2022-03-20 06:17:40,154] {taskinstance.py:1238} INFO - 
--------------------------------------------------------------------------------
[2022-03-20 06:17:40,154] {taskinstance.py:1239} INFO - Starting attempt 1 of 2
[2022-03-20 06:17:40,154] {taskinstance.py:1240} INFO - 
--------------------------------------------------------------------------------
[2022-03-20 06:17:40,172] {taskinstance.py:1259} INFO - Executing <Task(PythonOperator): local_to_gcs_task> on 2018-01-01 00:00:00+00:00
[2022-03-20 06:17:40,180] {standard_task_runner.py:52} INFO - Started process 338 to run task
[2022-03-20 06:17:40,186] {standard_task_runner.py:76} INFO - Running: ['***', 'tasks', 'run', 'data_ingestion_gcs_dag_project', 'local_to_gcs_task', 'scheduled__2018-01-01T00:00:00+00:00', '--job-id', '39', '--raw', '--subdir', 'DAGS_FOLDER/data_ingestion_gcs_dag_project.py', '--cfg-path', '/tmp/tmpe5ydk9nz', '--error-file', '/tmp/tmpewu752_v']
[2022-03-20 06:17:40,187] {standard_task_runner.py:77} INFO - Job 39: Subtask local_to_gcs_task
[2022-03-20 06:17:40,279] {logging_mixin.py:109} INFO - Running <TaskInstance: data_ingestion_gcs_dag_project.local_to_gcs_task scheduled__2018-01-01T00:00:00+00:00 [running]> on host 974079c1cd0d
[2022-03-20 06:17:40,342] {warnings.py:110} WARNING - /home/***/.local/lib/python3.7/site-packages/***/utils/context.py:152: AirflowContextDeprecationWarning: Accessing 'execution_date' from the template is deprecated and will be removed in a future version. Please use 'data_interval_start' or 'logical_date' instead.
  warnings.warn(_create_deprecation_warning(key, self._deprecation_replacements[key]))

[2022-03-20 06:17:40,374] {taskinstance.py:1426} INFO - Exporting the following env vars:
AIRFLOW_CTX_DAG_OWNER=***
AIRFLOW_CTX_DAG_ID=data_ingestion_gcs_dag_project
AIRFLOW_CTX_TASK_ID=local_to_gcs_task
AIRFLOW_CTX_EXECUTION_DATE=2018-01-01T00:00:00+00:00
AIRFLOW_CTX_DAG_RUN_ID=scheduled__2018-01-01T00:00:00+00:00
[2022-03-20 06:17:41,641] {python.py:175} INFO - Done. Returned value was: None
[2022-03-20 06:17:41,692] {taskinstance.py:1277} INFO - Marking task as SUCCESS. dag_id=data_ingestion_gcs_dag_project, task_id=local_to_gcs_task, execution_date=20180101T000000, start_date=20220320T061740, end_date=20220320T061741
[2022-03-20 06:17:41,725] {local_task_job.py:154} INFO - Task exited with return code 0
[2022-03-20 06:17:41,760] {local_task_job.py:264} INFO - 1 downstream tasks scheduled from follow-on schedule check
