[2022-03-17 19:47:26,619] {taskinstance.py:1032} INFO - Dependencies all met for <TaskInstance: data_ingestion_gcs_dag_project.download_dataset_task scheduled__2019-01-01T00:00:00+00:00 [queued]>
[2022-03-17 19:47:26,632] {taskinstance.py:1032} INFO - Dependencies all met for <TaskInstance: data_ingestion_gcs_dag_project.download_dataset_task scheduled__2019-01-01T00:00:00+00:00 [queued]>
[2022-03-17 19:47:26,632] {taskinstance.py:1238} INFO - 
--------------------------------------------------------------------------------
[2022-03-17 19:47:26,632] {taskinstance.py:1239} INFO - Starting attempt 1 of 2
[2022-03-17 19:47:26,632] {taskinstance.py:1240} INFO - 
--------------------------------------------------------------------------------
[2022-03-17 19:47:26,642] {taskinstance.py:1259} INFO - Executing <Task(BashOperator): download_dataset_task> on 2019-01-01 00:00:00+00:00
[2022-03-17 19:47:26,648] {standard_task_runner.py:52} INFO - Started process 596 to run task
[2022-03-17 19:47:26,652] {standard_task_runner.py:76} INFO - Running: ['***', 'tasks', 'run', 'data_ingestion_gcs_dag_project', 'download_dataset_task', 'scheduled__2019-01-01T00:00:00+00:00', '--job-id', '20', '--raw', '--subdir', 'DAGS_FOLDER/data_ingestion_gcs_dag_project.py', '--cfg-path', '/tmp/tmps93y6xpq', '--error-file', '/tmp/tmp2qrscfrs']
[2022-03-17 19:47:26,653] {standard_task_runner.py:77} INFO - Job 20: Subtask download_dataset_task
[2022-03-17 19:47:26,713] {logging_mixin.py:109} INFO - Running <TaskInstance: data_ingestion_gcs_dag_project.download_dataset_task scheduled__2019-01-01T00:00:00+00:00 [running]> on host 06aea6ade097
[2022-03-17 19:47:26,752] {warnings.py:110} WARNING - /home/***/.local/lib/python3.7/site-packages/***/utils/context.py:152: AirflowContextDeprecationWarning: Accessing 'execution_date' from the template is deprecated and will be removed in a future version. Please use 'data_interval_start' or 'logical_date' instead.
  warnings.warn(_create_deprecation_warning(key, self._deprecation_replacements[key]))

[2022-03-17 19:47:26,771] {taskinstance.py:1426} INFO - Exporting the following env vars:
AIRFLOW_CTX_DAG_OWNER=***
AIRFLOW_CTX_DAG_ID=data_ingestion_gcs_dag_project
AIRFLOW_CTX_TASK_ID=download_dataset_task
AIRFLOW_CTX_EXECUTION_DATE=2019-01-01T00:00:00+00:00
AIRFLOW_CTX_DAG_RUN_ID=scheduled__2019-01-01T00:00:00+00:00
[2022-03-17 19:47:26,772] {subprocess.py:62} INFO - Tmp dir root location: 
 /tmp
[2022-03-17 19:47:26,772] {subprocess.py:74} INFO - Running command: ['bash', '-c', 'curl -sSLf https://data.dft.gov.uk/road-accidents-safety-data/dft-road-casualty-statistics-accident-2019.csv > /opt/***/dft-road-casualty-statistics-accident-2019.csv']
[2022-03-17 19:47:26,786] {subprocess.py:85} INFO - Output:
[2022-03-17 19:47:27,246] {subprocess.py:93} INFO - Command exited with return code 0
[2022-03-17 19:47:27,273] {taskinstance.py:1277} INFO - Marking task as SUCCESS. dag_id=data_ingestion_gcs_dag_project, task_id=download_dataset_task, execution_date=20190101T000000, start_date=20220317T194726, end_date=20220317T194727
[2022-03-17 19:47:27,306] {local_task_job.py:154} INFO - Task exited with return code 0
[2022-03-17 19:47:27,345] {local_task_job.py:264} INFO - 1 downstream tasks scheduled from follow-on schedule check
[2022-03-20 06:18:10,107] {taskinstance.py:1032} INFO - Dependencies all met for <TaskInstance: data_ingestion_gcs_dag_project.download_dataset_task scheduled__2019-01-01T00:00:00+00:00 [queued]>
[2022-03-20 06:18:10,119] {taskinstance.py:1032} INFO - Dependencies all met for <TaskInstance: data_ingestion_gcs_dag_project.download_dataset_task scheduled__2019-01-01T00:00:00+00:00 [queued]>
[2022-03-20 06:18:10,119] {taskinstance.py:1238} INFO - 
--------------------------------------------------------------------------------
[2022-03-20 06:18:10,120] {taskinstance.py:1239} INFO - Starting attempt 1 of 2
[2022-03-20 06:18:10,120] {taskinstance.py:1240} INFO - 
--------------------------------------------------------------------------------
[2022-03-20 06:18:10,132] {taskinstance.py:1259} INFO - Executing <Task(BashOperator): download_dataset_task> on 2019-01-01 00:00:00+00:00
[2022-03-20 06:18:10,138] {standard_task_runner.py:52} INFO - Started process 368 to run task
[2022-03-20 06:18:10,142] {standard_task_runner.py:76} INFO - Running: ['***', 'tasks', 'run', 'data_ingestion_gcs_dag_project', 'download_dataset_task', 'scheduled__2019-01-01T00:00:00+00:00', '--job-id', '41', '--raw', '--subdir', 'DAGS_FOLDER/data_ingestion_gcs_dag_project.py', '--cfg-path', '/tmp/tmpjd9vw7wo', '--error-file', '/tmp/tmp_1_p77d2']
[2022-03-20 06:18:10,143] {standard_task_runner.py:77} INFO - Job 41: Subtask download_dataset_task
[2022-03-20 06:18:10,210] {logging_mixin.py:109} INFO - Running <TaskInstance: data_ingestion_gcs_dag_project.download_dataset_task scheduled__2019-01-01T00:00:00+00:00 [running]> on host 974079c1cd0d
[2022-03-20 06:18:10,255] {warnings.py:110} WARNING - /home/***/.local/lib/python3.7/site-packages/***/utils/context.py:152: AirflowContextDeprecationWarning: Accessing 'execution_date' from the template is deprecated and will be removed in a future version. Please use 'data_interval_start' or 'logical_date' instead.
  warnings.warn(_create_deprecation_warning(key, self._deprecation_replacements[key]))

[2022-03-20 06:18:10,277] {taskinstance.py:1426} INFO - Exporting the following env vars:
AIRFLOW_CTX_DAG_OWNER=***
AIRFLOW_CTX_DAG_ID=data_ingestion_gcs_dag_project
AIRFLOW_CTX_TASK_ID=download_dataset_task
AIRFLOW_CTX_EXECUTION_DATE=2019-01-01T00:00:00+00:00
AIRFLOW_CTX_DAG_RUN_ID=scheduled__2019-01-01T00:00:00+00:00
[2022-03-20 06:18:10,279] {subprocess.py:62} INFO - Tmp dir root location: 
 /tmp
[2022-03-20 06:18:10,280] {subprocess.py:74} INFO - Running command: ['bash', '-c', 'curl -sSLf https://data.dft.gov.uk/road-accidents-safety-data/dft-road-casualty-statistics-accident-2019.csv > /opt/***/dft-road-casualty-statistics-accident-2019.csv']
[2022-03-20 06:18:10,292] {subprocess.py:85} INFO - Output:
[2022-03-20 06:18:10,710] {subprocess.py:93} INFO - Command exited with return code 0
[2022-03-20 06:18:10,736] {taskinstance.py:1277} INFO - Marking task as SUCCESS. dag_id=data_ingestion_gcs_dag_project, task_id=download_dataset_task, execution_date=20190101T000000, start_date=20220320T061810, end_date=20220320T061810
[2022-03-20 06:18:10,797] {local_task_job.py:154} INFO - Task exited with return code 0
[2022-03-20 06:18:10,837] {local_task_job.py:264} INFO - 1 downstream tasks scheduled from follow-on schedule check
