[2022-03-17 19:46:31,740] {taskinstance.py:1032} INFO - Dependencies all met for <TaskInstance: data_ingestion_gcs_dag_project.remove_files_task scheduled__2017-01-01T00:00:00+00:00 [queued]>
[2022-03-17 19:46:31,750] {taskinstance.py:1032} INFO - Dependencies all met for <TaskInstance: data_ingestion_gcs_dag_project.remove_files_task scheduled__2017-01-01T00:00:00+00:00 [queued]>
[2022-03-17 19:46:31,750] {taskinstance.py:1238} INFO - 
--------------------------------------------------------------------------------
[2022-03-17 19:46:31,750] {taskinstance.py:1239} INFO - Starting attempt 1 of 2
[2022-03-17 19:46:31,750] {taskinstance.py:1240} INFO - 
--------------------------------------------------------------------------------
[2022-03-17 19:46:31,760] {taskinstance.py:1259} INFO - Executing <Task(BashOperator): remove_files_task> on 2017-01-01 00:00:00+00:00
[2022-03-17 19:46:31,765] {standard_task_runner.py:52} INFO - Started process 521 to run task
[2022-03-17 19:46:31,770] {standard_task_runner.py:76} INFO - Running: ['***', 'tasks', 'run', 'data_ingestion_gcs_dag_project', 'remove_files_task', 'scheduled__2017-01-01T00:00:00+00:00', '--job-id', '15', '--raw', '--subdir', 'DAGS_FOLDER/data_ingestion_gcs_dag_project.py', '--cfg-path', '/tmp/tmpe1zxjui3', '--error-file', '/tmp/tmpibtf41yd']
[2022-03-17 19:46:31,771] {standard_task_runner.py:77} INFO - Job 15: Subtask remove_files_task
[2022-03-17 19:46:31,834] {logging_mixin.py:109} INFO - Running <TaskInstance: data_ingestion_gcs_dag_project.remove_files_task scheduled__2017-01-01T00:00:00+00:00 [running]> on host 06aea6ade097
[2022-03-17 19:46:31,873] {warnings.py:110} WARNING - /home/***/.local/lib/python3.7/site-packages/***/utils/context.py:152: AirflowContextDeprecationWarning: Accessing 'execution_date' from the template is deprecated and will be removed in a future version. Please use 'data_interval_start' or 'logical_date' instead.
  warnings.warn(_create_deprecation_warning(key, self._deprecation_replacements[key]))

[2022-03-17 19:46:31,894] {taskinstance.py:1426} INFO - Exporting the following env vars:
AIRFLOW_CTX_DAG_OWNER=***
AIRFLOW_CTX_DAG_ID=data_ingestion_gcs_dag_project
AIRFLOW_CTX_TASK_ID=remove_files_task
AIRFLOW_CTX_EXECUTION_DATE=2017-01-01T00:00:00+00:00
AIRFLOW_CTX_DAG_RUN_ID=scheduled__2017-01-01T00:00:00+00:00
[2022-03-17 19:46:31,896] {subprocess.py:62} INFO - Tmp dir root location: 
 /tmp
[2022-03-17 19:46:31,896] {subprocess.py:74} INFO - Running command: ['bash', '-c', 'rm /opt/***/dft-road-casualty-statistics-accident-2017.csv /opt/***/dft-road-casualty-statistics-accident-2017.parquet']
[2022-03-17 19:46:31,910] {subprocess.py:85} INFO - Output:
[2022-03-17 19:46:31,919] {subprocess.py:93} INFO - Command exited with return code 0
[2022-03-17 19:46:31,946] {taskinstance.py:1277} INFO - Marking task as SUCCESS. dag_id=data_ingestion_gcs_dag_project, task_id=remove_files_task, execution_date=20170101T000000, start_date=20220317T194631, end_date=20220317T194631
[2022-03-17 19:46:31,982] {local_task_job.py:154} INFO - Task exited with return code 0
[2022-03-17 19:46:32,013] {local_task_job.py:264} INFO - 0 downstream tasks scheduled from follow-on schedule check
[2022-03-20 06:17:18,202] {taskinstance.py:1032} INFO - Dependencies all met for <TaskInstance: data_ingestion_gcs_dag_project.remove_files_task scheduled__2017-01-01T00:00:00+00:00 [queued]>
[2022-03-20 06:17:18,221] {taskinstance.py:1032} INFO - Dependencies all met for <TaskInstance: data_ingestion_gcs_dag_project.remove_files_task scheduled__2017-01-01T00:00:00+00:00 [queued]>
[2022-03-20 06:17:18,221] {taskinstance.py:1238} INFO - 
--------------------------------------------------------------------------------
[2022-03-20 06:17:18,221] {taskinstance.py:1239} INFO - Starting attempt 1 of 2
[2022-03-20 06:17:18,221] {taskinstance.py:1240} INFO - 
--------------------------------------------------------------------------------
[2022-03-20 06:17:18,238] {taskinstance.py:1259} INFO - Executing <Task(BashOperator): remove_files_task> on 2017-01-01 00:00:00+00:00
[2022-03-20 06:17:18,246] {standard_task_runner.py:52} INFO - Started process 312 to run task
[2022-03-20 06:17:18,252] {standard_task_runner.py:76} INFO - Running: ['***', 'tasks', 'run', 'data_ingestion_gcs_dag_project', 'remove_files_task', 'scheduled__2017-01-01T00:00:00+00:00', '--job-id', '37', '--raw', '--subdir', 'DAGS_FOLDER/data_ingestion_gcs_dag_project.py', '--cfg-path', '/tmp/tmpg4c1zfa7', '--error-file', '/tmp/tmpqf41bo8d']
[2022-03-20 06:17:18,254] {standard_task_runner.py:77} INFO - Job 37: Subtask remove_files_task
[2022-03-20 06:17:18,322] {logging_mixin.py:109} INFO - Running <TaskInstance: data_ingestion_gcs_dag_project.remove_files_task scheduled__2017-01-01T00:00:00+00:00 [running]> on host 974079c1cd0d
[2022-03-20 06:17:18,362] {warnings.py:110} WARNING - /home/***/.local/lib/python3.7/site-packages/***/utils/context.py:152: AirflowContextDeprecationWarning: Accessing 'execution_date' from the template is deprecated and will be removed in a future version. Please use 'data_interval_start' or 'logical_date' instead.
  warnings.warn(_create_deprecation_warning(key, self._deprecation_replacements[key]))

[2022-03-20 06:17:18,384] {taskinstance.py:1426} INFO - Exporting the following env vars:
AIRFLOW_CTX_DAG_OWNER=***
AIRFLOW_CTX_DAG_ID=data_ingestion_gcs_dag_project
AIRFLOW_CTX_TASK_ID=remove_files_task
AIRFLOW_CTX_EXECUTION_DATE=2017-01-01T00:00:00+00:00
AIRFLOW_CTX_DAG_RUN_ID=scheduled__2017-01-01T00:00:00+00:00
[2022-03-20 06:17:18,387] {subprocess.py:62} INFO - Tmp dir root location: 
 /tmp
[2022-03-20 06:17:18,388] {subprocess.py:74} INFO - Running command: ['bash', '-c', 'rm /opt/***/dft-road-casualty-statistics-accident-2017.csv']
[2022-03-20 06:17:18,401] {subprocess.py:85} INFO - Output:
[2022-03-20 06:17:18,413] {subprocess.py:93} INFO - Command exited with return code 0
[2022-03-20 06:17:18,442] {taskinstance.py:1277} INFO - Marking task as SUCCESS. dag_id=data_ingestion_gcs_dag_project, task_id=remove_files_task, execution_date=20170101T000000, start_date=20220320T061718, end_date=20220320T061718
[2022-03-20 06:17:18,467] {local_task_job.py:154} INFO - Task exited with return code 0
[2022-03-20 06:17:18,499] {local_task_job.py:264} INFO - 0 downstream tasks scheduled from follow-on schedule check
