[2022-01-30 08:39:22,644] {processor.py:163} INFO - Started process (PID=49) to work on /opt/airflow/dags/data_ingestion_gcs_dag.py
[2022-01-30 08:39:22,646] {processor.py:642} INFO - Processing file /opt/airflow/dags/data_ingestion_gcs_dag.py for tasks to queue
[2022-01-30 08:39:22,647] {logging_mixin.py:109} INFO - [2022-01-30 08:39:22,647] {dagbag.py:500} INFO - Filling up the DagBag from /opt/airflow/dags/data_ingestion_gcs_dag.py
[2022-01-30 08:39:26,191] {processor.py:654} INFO - DAG(s) dict_keys(['data_ingestion_gcs_dag']) retrieved from /opt/airflow/dags/data_ingestion_gcs_dag.py
[2022-01-30 08:39:30,845] {logging_mixin.py:109} INFO - [2022-01-30 08:39:30,844] {manager.py:496} INFO - Created Permission View: can read on DAG:data_ingestion_gcs_dag
[2022-01-30 08:39:30,857] {logging_mixin.py:109} INFO - [2022-01-30 08:39:30,857] {manager.py:496} INFO - Created Permission View: can edit on DAG:data_ingestion_gcs_dag
[2022-01-30 08:39:30,858] {logging_mixin.py:109} INFO - [2022-01-30 08:39:30,858] {dag.py:2396} INFO - Sync 1 DAGs
[2022-01-30 08:39:30,871] {logging_mixin.py:109} INFO - [2022-01-30 08:39:30,870] {dag.py:2415} INFO - Creating ORM DAG for data_ingestion_gcs_dag
[2022-01-30 08:39:30,884] {logging_mixin.py:109} INFO - [2022-01-30 08:39:30,884] {dag.py:2935} INFO - Setting next_dagrun for data_ingestion_gcs_dag to 2022-01-29 00:00:00+00:00
[2022-01-30 08:39:30,907] {processor.py:171} INFO - Processing /opt/airflow/dags/data_ingestion_gcs_dag.py took 8.279 seconds
[2022-01-30 08:40:01,011] {processor.py:163} INFO - Started process (PID=91) to work on /opt/airflow/dags/data_ingestion_gcs_dag.py
[2022-01-30 08:40:01,018] {processor.py:642} INFO - Processing file /opt/airflow/dags/data_ingestion_gcs_dag.py for tasks to queue
[2022-01-30 08:40:01,020] {logging_mixin.py:109} INFO - [2022-01-30 08:40:01,019] {dagbag.py:500} INFO - Filling up the DagBag from /opt/airflow/dags/data_ingestion_gcs_dag.py
[2022-01-30 08:40:02,129] {processor.py:654} INFO - DAG(s) dict_keys(['data_ingestion_gcs_dag']) retrieved from /opt/airflow/dags/data_ingestion_gcs_dag.py
[2022-01-30 08:40:02,146] {logging_mixin.py:109} INFO - [2022-01-30 08:40:02,145] {dag.py:2396} INFO - Sync 1 DAGs
[2022-01-30 08:40:02,172] {logging_mixin.py:109} INFO - [2022-01-30 08:40:02,172] {dag.py:2935} INFO - Setting next_dagrun for data_ingestion_gcs_dag to 2022-01-29 00:00:00+00:00
[2022-01-30 08:40:02,185] {processor.py:171} INFO - Processing /opt/airflow/dags/data_ingestion_gcs_dag.py took 1.179 seconds
[2022-01-30 08:40:32,260] {processor.py:163} INFO - Started process (PID=118) to work on /opt/airflow/dags/data_ingestion_gcs_dag.py
[2022-01-30 08:40:32,264] {processor.py:642} INFO - Processing file /opt/airflow/dags/data_ingestion_gcs_dag.py for tasks to queue
[2022-01-30 08:40:32,265] {logging_mixin.py:109} INFO - [2022-01-30 08:40:32,265] {dagbag.py:500} INFO - Filling up the DagBag from /opt/airflow/dags/data_ingestion_gcs_dag.py
[2022-01-30 08:40:33,093] {processor.py:654} INFO - DAG(s) dict_keys(['data_ingestion_gcs_dag']) retrieved from /opt/airflow/dags/data_ingestion_gcs_dag.py
[2022-01-30 08:40:33,103] {logging_mixin.py:109} INFO - [2022-01-30 08:40:33,102] {dag.py:2396} INFO - Sync 1 DAGs
[2022-01-30 08:40:33,123] {logging_mixin.py:109} INFO - [2022-01-30 08:40:33,123] {dag.py:2935} INFO - Setting next_dagrun for data_ingestion_gcs_dag to 2022-01-29 00:00:00+00:00
[2022-01-30 08:40:33,134] {processor.py:171} INFO - Processing /opt/airflow/dags/data_ingestion_gcs_dag.py took 0.878 seconds
[2022-01-30 08:41:03,221] {processor.py:163} INFO - Started process (PID=151) to work on /opt/airflow/dags/data_ingestion_gcs_dag.py
[2022-01-30 08:41:03,227] {processor.py:642} INFO - Processing file /opt/airflow/dags/data_ingestion_gcs_dag.py for tasks to queue
[2022-01-30 08:41:03,228] {logging_mixin.py:109} INFO - [2022-01-30 08:41:03,228] {dagbag.py:500} INFO - Filling up the DagBag from /opt/airflow/dags/data_ingestion_gcs_dag.py
[2022-01-30 08:41:04,045] {processor.py:654} INFO - DAG(s) dict_keys(['data_ingestion_gcs_dag']) retrieved from /opt/airflow/dags/data_ingestion_gcs_dag.py
[2022-01-30 08:41:04,058] {logging_mixin.py:109} INFO - [2022-01-30 08:41:04,057] {dag.py:2396} INFO - Sync 1 DAGs
[2022-01-30 08:41:04,078] {logging_mixin.py:109} INFO - [2022-01-30 08:41:04,078] {dag.py:2935} INFO - Setting next_dagrun for data_ingestion_gcs_dag to 2022-01-29 00:00:00+00:00
[2022-01-30 08:41:04,093] {processor.py:171} INFO - Processing /opt/airflow/dags/data_ingestion_gcs_dag.py took 0.876 seconds
[2022-01-30 08:41:34,207] {processor.py:163} INFO - Started process (PID=185) to work on /opt/airflow/dags/data_ingestion_gcs_dag.py
[2022-01-30 08:41:34,210] {processor.py:642} INFO - Processing file /opt/airflow/dags/data_ingestion_gcs_dag.py for tasks to queue
[2022-01-30 08:41:34,211] {logging_mixin.py:109} INFO - [2022-01-30 08:41:34,211] {dagbag.py:500} INFO - Filling up the DagBag from /opt/airflow/dags/data_ingestion_gcs_dag.py
[2022-01-30 08:41:35,030] {processor.py:654} INFO - DAG(s) dict_keys(['data_ingestion_gcs_dag']) retrieved from /opt/airflow/dags/data_ingestion_gcs_dag.py
[2022-01-30 08:41:35,039] {logging_mixin.py:109} INFO - [2022-01-30 08:41:35,039] {dag.py:2396} INFO - Sync 1 DAGs
[2022-01-30 08:41:35,054] {logging_mixin.py:109} INFO - [2022-01-30 08:41:35,054] {dag.py:2935} INFO - Setting next_dagrun for data_ingestion_gcs_dag to 2022-01-29 00:00:00+00:00
[2022-01-30 08:41:35,064] {processor.py:171} INFO - Processing /opt/airflow/dags/data_ingestion_gcs_dag.py took 0.861 seconds
[2022-01-30 08:42:05,152] {processor.py:163} INFO - Started process (PID=210) to work on /opt/airflow/dags/data_ingestion_gcs_dag.py
[2022-01-30 08:42:05,160] {processor.py:642} INFO - Processing file /opt/airflow/dags/data_ingestion_gcs_dag.py for tasks to queue
[2022-01-30 08:42:05,161] {logging_mixin.py:109} INFO - [2022-01-30 08:42:05,161] {dagbag.py:500} INFO - Filling up the DagBag from /opt/airflow/dags/data_ingestion_gcs_dag.py
[2022-01-30 08:42:05,984] {processor.py:654} INFO - DAG(s) dict_keys(['data_ingestion_gcs_dag']) retrieved from /opt/airflow/dags/data_ingestion_gcs_dag.py
[2022-01-30 08:42:05,994] {logging_mixin.py:109} INFO - [2022-01-30 08:42:05,993] {dag.py:2396} INFO - Sync 1 DAGs
[2022-01-30 08:42:06,010] {logging_mixin.py:109} INFO - [2022-01-30 08:42:06,010] {dag.py:2935} INFO - Setting next_dagrun for data_ingestion_gcs_dag to 2022-01-29 00:00:00+00:00
[2022-01-30 08:42:06,022] {processor.py:171} INFO - Processing /opt/airflow/dags/data_ingestion_gcs_dag.py took 0.875 seconds
[2022-01-30 08:42:36,097] {processor.py:163} INFO - Started process (PID=244) to work on /opt/airflow/dags/data_ingestion_gcs_dag.py
[2022-01-30 08:42:36,100] {processor.py:642} INFO - Processing file /opt/airflow/dags/data_ingestion_gcs_dag.py for tasks to queue
[2022-01-30 08:42:36,100] {logging_mixin.py:109} INFO - [2022-01-30 08:42:36,100] {dagbag.py:500} INFO - Filling up the DagBag from /opt/airflow/dags/data_ingestion_gcs_dag.py
[2022-01-30 08:42:36,916] {processor.py:654} INFO - DAG(s) dict_keys(['data_ingestion_gcs_dag']) retrieved from /opt/airflow/dags/data_ingestion_gcs_dag.py
[2022-01-30 08:42:36,925] {logging_mixin.py:109} INFO - [2022-01-30 08:42:36,925] {dag.py:2396} INFO - Sync 1 DAGs
[2022-01-30 08:42:36,941] {logging_mixin.py:109} INFO - [2022-01-30 08:42:36,941] {dag.py:2935} INFO - Setting next_dagrun for data_ingestion_gcs_dag to 2022-01-29 00:00:00+00:00
[2022-01-30 08:42:36,951] {processor.py:171} INFO - Processing /opt/airflow/dags/data_ingestion_gcs_dag.py took 0.858 seconds
[2022-01-30 08:43:07,025] {processor.py:163} INFO - Started process (PID=277) to work on /opt/airflow/dags/data_ingestion_gcs_dag.py
[2022-01-30 08:43:07,027] {processor.py:642} INFO - Processing file /opt/airflow/dags/data_ingestion_gcs_dag.py for tasks to queue
[2022-01-30 08:43:07,027] {logging_mixin.py:109} INFO - [2022-01-30 08:43:07,027] {dagbag.py:500} INFO - Filling up the DagBag from /opt/airflow/dags/data_ingestion_gcs_dag.py
[2022-01-30 08:43:07,830] {processor.py:654} INFO - DAG(s) dict_keys(['data_ingestion_gcs_dag']) retrieved from /opt/airflow/dags/data_ingestion_gcs_dag.py
[2022-01-30 08:43:07,839] {logging_mixin.py:109} INFO - [2022-01-30 08:43:07,839] {dag.py:2396} INFO - Sync 1 DAGs
[2022-01-30 08:43:07,855] {logging_mixin.py:109} INFO - [2022-01-30 08:43:07,855] {dag.py:2935} INFO - Setting next_dagrun for data_ingestion_gcs_dag to 2022-01-29 00:00:00+00:00
[2022-01-30 08:43:07,864] {processor.py:171} INFO - Processing /opt/airflow/dags/data_ingestion_gcs_dag.py took 0.844 seconds
[2022-01-30 08:43:37,933] {processor.py:163} INFO - Started process (PID=300) to work on /opt/airflow/dags/data_ingestion_gcs_dag.py
[2022-01-30 08:43:37,935] {processor.py:642} INFO - Processing file /opt/airflow/dags/data_ingestion_gcs_dag.py for tasks to queue
[2022-01-30 08:43:37,935] {logging_mixin.py:109} INFO - [2022-01-30 08:43:37,935] {dagbag.py:500} INFO - Filling up the DagBag from /opt/airflow/dags/data_ingestion_gcs_dag.py
[2022-01-30 08:43:38,771] {processor.py:654} INFO - DAG(s) dict_keys(['data_ingestion_gcs_dag']) retrieved from /opt/airflow/dags/data_ingestion_gcs_dag.py
[2022-01-30 08:43:38,785] {logging_mixin.py:109} INFO - [2022-01-30 08:43:38,784] {dag.py:2396} INFO - Sync 1 DAGs
[2022-01-30 08:43:38,803] {logging_mixin.py:109} INFO - [2022-01-30 08:43:38,802] {dag.py:2935} INFO - Setting next_dagrun for data_ingestion_gcs_dag to 2022-01-29 00:00:00+00:00
[2022-01-30 08:43:38,814] {processor.py:171} INFO - Processing /opt/airflow/dags/data_ingestion_gcs_dag.py took 0.886 seconds
[2022-01-30 08:44:08,884] {processor.py:163} INFO - Started process (PID=335) to work on /opt/airflow/dags/data_ingestion_gcs_dag.py
[2022-01-30 08:44:08,885] {processor.py:642} INFO - Processing file /opt/airflow/dags/data_ingestion_gcs_dag.py for tasks to queue
[2022-01-30 08:44:08,886] {logging_mixin.py:109} INFO - [2022-01-30 08:44:08,886] {dagbag.py:500} INFO - Filling up the DagBag from /opt/airflow/dags/data_ingestion_gcs_dag.py
[2022-01-30 08:44:09,702] {processor.py:654} INFO - DAG(s) dict_keys(['data_ingestion_gcs_dag']) retrieved from /opt/airflow/dags/data_ingestion_gcs_dag.py
[2022-01-30 08:44:09,712] {logging_mixin.py:109} INFO - [2022-01-30 08:44:09,711] {dag.py:2396} INFO - Sync 1 DAGs
[2022-01-30 08:44:09,728] {logging_mixin.py:109} INFO - [2022-01-30 08:44:09,728] {dag.py:2935} INFO - Setting next_dagrun for data_ingestion_gcs_dag to 2022-01-29 00:00:00+00:00
[2022-01-30 08:44:09,738] {processor.py:171} INFO - Processing /opt/airflow/dags/data_ingestion_gcs_dag.py took 0.859 seconds
[2022-01-30 08:44:39,814] {processor.py:163} INFO - Started process (PID=370) to work on /opt/airflow/dags/data_ingestion_gcs_dag.py
[2022-01-30 08:44:39,817] {processor.py:642} INFO - Processing file /opt/airflow/dags/data_ingestion_gcs_dag.py for tasks to queue
[2022-01-30 08:44:39,818] {logging_mixin.py:109} INFO - [2022-01-30 08:44:39,818] {dagbag.py:500} INFO - Filling up the DagBag from /opt/airflow/dags/data_ingestion_gcs_dag.py
[2022-01-30 08:44:40,643] {processor.py:654} INFO - DAG(s) dict_keys(['data_ingestion_gcs_dag']) retrieved from /opt/airflow/dags/data_ingestion_gcs_dag.py
[2022-01-30 08:44:40,653] {logging_mixin.py:109} INFO - [2022-01-30 08:44:40,653] {dag.py:2396} INFO - Sync 1 DAGs
[2022-01-30 08:44:40,669] {logging_mixin.py:109} INFO - [2022-01-30 08:44:40,669] {dag.py:2935} INFO - Setting next_dagrun for data_ingestion_gcs_dag to 2022-01-29 00:00:00+00:00
[2022-01-30 08:44:40,679] {processor.py:171} INFO - Processing /opt/airflow/dags/data_ingestion_gcs_dag.py took 0.869 seconds
[2022-01-30 08:45:10,773] {processor.py:163} INFO - Started process (PID=396) to work on /opt/airflow/dags/data_ingestion_gcs_dag.py
[2022-01-30 08:45:10,782] {processor.py:642} INFO - Processing file /opt/airflow/dags/data_ingestion_gcs_dag.py for tasks to queue
[2022-01-30 08:45:10,782] {logging_mixin.py:109} INFO - [2022-01-30 08:45:10,782] {dagbag.py:500} INFO - Filling up the DagBag from /opt/airflow/dags/data_ingestion_gcs_dag.py
[2022-01-30 08:45:11,624] {processor.py:654} INFO - DAG(s) dict_keys(['data_ingestion_gcs_dag']) retrieved from /opt/airflow/dags/data_ingestion_gcs_dag.py
[2022-01-30 08:45:11,633] {logging_mixin.py:109} INFO - [2022-01-30 08:45:11,633] {dag.py:2396} INFO - Sync 1 DAGs
[2022-01-30 08:45:11,649] {logging_mixin.py:109} INFO - [2022-01-30 08:45:11,649] {dag.py:2935} INFO - Setting next_dagrun for data_ingestion_gcs_dag to 2022-01-29 00:00:00+00:00
[2022-01-30 08:45:11,659] {processor.py:171} INFO - Processing /opt/airflow/dags/data_ingestion_gcs_dag.py took 0.890 seconds
[2022-01-30 08:45:41,748] {processor.py:163} INFO - Started process (PID=431) to work on /opt/airflow/dags/data_ingestion_gcs_dag.py
[2022-01-30 08:45:41,749] {processor.py:642} INFO - Processing file /opt/airflow/dags/data_ingestion_gcs_dag.py for tasks to queue
[2022-01-30 08:45:41,750] {logging_mixin.py:109} INFO - [2022-01-30 08:45:41,750] {dagbag.py:500} INFO - Filling up the DagBag from /opt/airflow/dags/data_ingestion_gcs_dag.py
[2022-01-30 08:45:42,539] {processor.py:654} INFO - DAG(s) dict_keys(['data_ingestion_gcs_dag']) retrieved from /opt/airflow/dags/data_ingestion_gcs_dag.py
[2022-01-30 08:45:42,549] {logging_mixin.py:109} INFO - [2022-01-30 08:45:42,548] {dag.py:2396} INFO - Sync 1 DAGs
[2022-01-30 08:45:42,564] {logging_mixin.py:109} INFO - [2022-01-30 08:45:42,564] {dag.py:2935} INFO - Setting next_dagrun for data_ingestion_gcs_dag to 2022-01-29 00:00:00+00:00
[2022-01-30 08:45:42,573] {processor.py:171} INFO - Processing /opt/airflow/dags/data_ingestion_gcs_dag.py took 0.830 seconds
[2022-01-30 08:46:12,647] {processor.py:163} INFO - Started process (PID=466) to work on /opt/airflow/dags/data_ingestion_gcs_dag.py
[2022-01-30 08:46:12,650] {processor.py:642} INFO - Processing file /opt/airflow/dags/data_ingestion_gcs_dag.py for tasks to queue
[2022-01-30 08:46:12,651] {logging_mixin.py:109} INFO - [2022-01-30 08:46:12,650] {dagbag.py:500} INFO - Filling up the DagBag from /opt/airflow/dags/data_ingestion_gcs_dag.py
[2022-01-30 08:46:13,537] {processor.py:654} INFO - DAG(s) dict_keys(['data_ingestion_gcs_dag']) retrieved from /opt/airflow/dags/data_ingestion_gcs_dag.py
[2022-01-30 08:46:13,545] {logging_mixin.py:109} INFO - [2022-01-30 08:46:13,545] {dag.py:2396} INFO - Sync 1 DAGs
[2022-01-30 08:46:13,560] {logging_mixin.py:109} INFO - [2022-01-30 08:46:13,560] {dag.py:2935} INFO - Setting next_dagrun for data_ingestion_gcs_dag to 2022-01-29 00:00:00+00:00
[2022-01-30 08:46:13,568] {processor.py:171} INFO - Processing /opt/airflow/dags/data_ingestion_gcs_dag.py took 0.926 seconds
[2022-01-30 08:46:43,638] {processor.py:163} INFO - Started process (PID=490) to work on /opt/airflow/dags/data_ingestion_gcs_dag.py
[2022-01-30 08:46:43,640] {processor.py:642} INFO - Processing file /opt/airflow/dags/data_ingestion_gcs_dag.py for tasks to queue
[2022-01-30 08:46:43,641] {logging_mixin.py:109} INFO - [2022-01-30 08:46:43,641] {dagbag.py:500} INFO - Filling up the DagBag from /opt/airflow/dags/data_ingestion_gcs_dag.py
[2022-01-30 08:46:44,445] {processor.py:654} INFO - DAG(s) dict_keys(['data_ingestion_gcs_dag']) retrieved from /opt/airflow/dags/data_ingestion_gcs_dag.py
[2022-01-30 08:46:44,454] {logging_mixin.py:109} INFO - [2022-01-30 08:46:44,454] {dag.py:2396} INFO - Sync 1 DAGs
[2022-01-30 08:46:44,471] {logging_mixin.py:109} INFO - [2022-01-30 08:46:44,471] {dag.py:2935} INFO - Setting next_dagrun for data_ingestion_gcs_dag to 2022-01-29 00:00:00+00:00
[2022-01-30 08:46:44,481] {processor.py:171} INFO - Processing /opt/airflow/dags/data_ingestion_gcs_dag.py took 0.847 seconds
[2022-01-30 08:47:14,552] {processor.py:163} INFO - Started process (PID=525) to work on /opt/airflow/dags/data_ingestion_gcs_dag.py
[2022-01-30 08:47:14,555] {processor.py:642} INFO - Processing file /opt/airflow/dags/data_ingestion_gcs_dag.py for tasks to queue
[2022-01-30 08:47:14,556] {logging_mixin.py:109} INFO - [2022-01-30 08:47:14,556] {dagbag.py:500} INFO - Filling up the DagBag from /opt/airflow/dags/data_ingestion_gcs_dag.py
[2022-01-30 08:47:15,366] {processor.py:654} INFO - DAG(s) dict_keys(['data_ingestion_gcs_dag']) retrieved from /opt/airflow/dags/data_ingestion_gcs_dag.py
[2022-01-30 08:47:15,374] {logging_mixin.py:109} INFO - [2022-01-30 08:47:15,374] {dag.py:2396} INFO - Sync 1 DAGs
[2022-01-30 08:47:15,389] {logging_mixin.py:109} INFO - [2022-01-30 08:47:15,389] {dag.py:2935} INFO - Setting next_dagrun for data_ingestion_gcs_dag to 2022-01-29 00:00:00+00:00
[2022-01-30 08:47:15,398] {processor.py:171} INFO - Processing /opt/airflow/dags/data_ingestion_gcs_dag.py took 0.850 seconds
[2022-01-30 08:47:45,469] {processor.py:163} INFO - Started process (PID=559) to work on /opt/airflow/dags/data_ingestion_gcs_dag.py
[2022-01-30 08:47:45,471] {processor.py:642} INFO - Processing file /opt/airflow/dags/data_ingestion_gcs_dag.py for tasks to queue
[2022-01-30 08:47:45,472] {logging_mixin.py:109} INFO - [2022-01-30 08:47:45,472] {dagbag.py:500} INFO - Filling up the DagBag from /opt/airflow/dags/data_ingestion_gcs_dag.py
[2022-01-30 08:47:46,448] {processor.py:654} INFO - DAG(s) dict_keys(['data_ingestion_gcs_dag']) retrieved from /opt/airflow/dags/data_ingestion_gcs_dag.py
[2022-01-30 08:47:46,457] {logging_mixin.py:109} INFO - [2022-01-30 08:47:46,457] {dag.py:2396} INFO - Sync 1 DAGs
[2022-01-30 08:47:46,474] {logging_mixin.py:109} INFO - [2022-01-30 08:47:46,474] {dag.py:2935} INFO - Setting next_dagrun for data_ingestion_gcs_dag to 2022-01-29 00:00:00+00:00
[2022-01-30 08:47:46,484] {processor.py:171} INFO - Processing /opt/airflow/dags/data_ingestion_gcs_dag.py took 1.020 seconds
[2022-01-30 08:48:16,563] {processor.py:163} INFO - Started process (PID=583) to work on /opt/airflow/dags/data_ingestion_gcs_dag.py
[2022-01-30 08:48:16,566] {processor.py:642} INFO - Processing file /opt/airflow/dags/data_ingestion_gcs_dag.py for tasks to queue
[2022-01-30 08:48:16,567] {logging_mixin.py:109} INFO - [2022-01-30 08:48:16,567] {dagbag.py:500} INFO - Filling up the DagBag from /opt/airflow/dags/data_ingestion_gcs_dag.py
[2022-01-30 08:48:17,371] {processor.py:654} INFO - DAG(s) dict_keys(['data_ingestion_gcs_dag']) retrieved from /opt/airflow/dags/data_ingestion_gcs_dag.py
[2022-01-30 08:48:17,381] {logging_mixin.py:109} INFO - [2022-01-30 08:48:17,381] {dag.py:2396} INFO - Sync 1 DAGs
[2022-01-30 08:48:17,398] {logging_mixin.py:109} INFO - [2022-01-30 08:48:17,398] {dag.py:2935} INFO - Setting next_dagrun for data_ingestion_gcs_dag to 2022-01-29 00:00:00+00:00
[2022-01-30 08:48:17,408] {processor.py:171} INFO - Processing /opt/airflow/dags/data_ingestion_gcs_dag.py took 0.849 seconds
[2022-01-30 08:48:47,499] {processor.py:163} INFO - Started process (PID=617) to work on /opt/airflow/dags/data_ingestion_gcs_dag.py
[2022-01-30 08:48:47,501] {processor.py:642} INFO - Processing file /opt/airflow/dags/data_ingestion_gcs_dag.py for tasks to queue
[2022-01-30 08:48:47,501] {logging_mixin.py:109} INFO - [2022-01-30 08:48:47,501] {dagbag.py:500} INFO - Filling up the DagBag from /opt/airflow/dags/data_ingestion_gcs_dag.py
[2022-01-30 08:48:48,375] {processor.py:654} INFO - DAG(s) dict_keys(['data_ingestion_gcs_dag']) retrieved from /opt/airflow/dags/data_ingestion_gcs_dag.py
[2022-01-30 08:48:48,384] {logging_mixin.py:109} INFO - [2022-01-30 08:48:48,384] {dag.py:2396} INFO - Sync 1 DAGs
[2022-01-30 08:48:48,401] {logging_mixin.py:109} INFO - [2022-01-30 08:48:48,401] {dag.py:2935} INFO - Setting next_dagrun for data_ingestion_gcs_dag to 2022-01-29 00:00:00+00:00
[2022-01-30 08:48:48,411] {processor.py:171} INFO - Processing /opt/airflow/dags/data_ingestion_gcs_dag.py took 0.916 seconds
[2022-01-30 08:49:18,501] {processor.py:163} INFO - Started process (PID=656) to work on /opt/airflow/dags/data_ingestion_gcs_dag.py
[2022-01-30 08:49:18,506] {processor.py:642} INFO - Processing file /opt/airflow/dags/data_ingestion_gcs_dag.py for tasks to queue
[2022-01-30 08:49:18,507] {logging_mixin.py:109} INFO - [2022-01-30 08:49:18,507] {dagbag.py:500} INFO - Filling up the DagBag from /opt/airflow/dags/data_ingestion_gcs_dag.py
[2022-01-30 08:49:19,442] {processor.py:654} INFO - DAG(s) dict_keys(['data_ingestion_gcs_dag']) retrieved from /opt/airflow/dags/data_ingestion_gcs_dag.py
[2022-01-30 08:49:19,455] {logging_mixin.py:109} INFO - [2022-01-30 08:49:19,455] {dag.py:2396} INFO - Sync 1 DAGs
[2022-01-30 08:49:19,475] {logging_mixin.py:109} INFO - [2022-01-30 08:49:19,475] {dag.py:2935} INFO - Setting next_dagrun for data_ingestion_gcs_dag to 2022-01-29 00:00:00+00:00
[2022-01-30 08:49:19,484] {processor.py:171} INFO - Processing /opt/airflow/dags/data_ingestion_gcs_dag.py took 0.988 seconds
[2022-01-30 08:49:49,604] {processor.py:163} INFO - Started process (PID=680) to work on /opt/airflow/dags/data_ingestion_gcs_dag.py
[2022-01-30 08:49:49,606] {processor.py:642} INFO - Processing file /opt/airflow/dags/data_ingestion_gcs_dag.py for tasks to queue
[2022-01-30 08:49:49,607] {logging_mixin.py:109} INFO - [2022-01-30 08:49:49,607] {dagbag.py:500} INFO - Filling up the DagBag from /opt/airflow/dags/data_ingestion_gcs_dag.py
[2022-01-30 08:49:50,428] {processor.py:654} INFO - DAG(s) dict_keys(['data_ingestion_gcs_dag']) retrieved from /opt/airflow/dags/data_ingestion_gcs_dag.py
[2022-01-30 08:49:50,437] {logging_mixin.py:109} INFO - [2022-01-30 08:49:50,436] {dag.py:2396} INFO - Sync 1 DAGs
[2022-01-30 08:49:50,453] {logging_mixin.py:109} INFO - [2022-01-30 08:49:50,453] {dag.py:2935} INFO - Setting next_dagrun for data_ingestion_gcs_dag to 2022-01-29 00:00:00+00:00
[2022-01-30 08:49:50,463] {processor.py:171} INFO - Processing /opt/airflow/dags/data_ingestion_gcs_dag.py took 0.863 seconds
[2022-01-30 08:50:20,559] {processor.py:163} INFO - Started process (PID=714) to work on /opt/airflow/dags/data_ingestion_gcs_dag.py
[2022-01-30 08:50:20,561] {processor.py:642} INFO - Processing file /opt/airflow/dags/data_ingestion_gcs_dag.py for tasks to queue
[2022-01-30 08:50:20,562] {logging_mixin.py:109} INFO - [2022-01-30 08:50:20,562] {dagbag.py:500} INFO - Filling up the DagBag from /opt/airflow/dags/data_ingestion_gcs_dag.py
[2022-01-30 08:50:21,352] {processor.py:654} INFO - DAG(s) dict_keys(['data_ingestion_gcs_dag']) retrieved from /opt/airflow/dags/data_ingestion_gcs_dag.py
[2022-01-30 08:50:21,361] {logging_mixin.py:109} INFO - [2022-01-30 08:50:21,361] {dag.py:2396} INFO - Sync 1 DAGs
[2022-01-30 08:50:21,377] {logging_mixin.py:109} INFO - [2022-01-30 08:50:21,377] {dag.py:2935} INFO - Setting next_dagrun for data_ingestion_gcs_dag to 2022-01-29 00:00:00+00:00
[2022-01-30 08:50:21,385] {processor.py:171} INFO - Processing /opt/airflow/dags/data_ingestion_gcs_dag.py took 0.831 seconds
[2022-01-30 08:50:51,464] {processor.py:163} INFO - Started process (PID=747) to work on /opt/airflow/dags/data_ingestion_gcs_dag.py
[2022-01-30 08:50:51,466] {processor.py:642} INFO - Processing file /opt/airflow/dags/data_ingestion_gcs_dag.py for tasks to queue
[2022-01-30 08:50:51,467] {logging_mixin.py:109} INFO - [2022-01-30 08:50:51,467] {dagbag.py:500} INFO - Filling up the DagBag from /opt/airflow/dags/data_ingestion_gcs_dag.py
[2022-01-30 08:50:52,588] {processor.py:654} INFO - DAG(s) dict_keys(['data_ingestion_gcs_dag']) retrieved from /opt/airflow/dags/data_ingestion_gcs_dag.py
[2022-01-30 08:50:52,598] {logging_mixin.py:109} INFO - [2022-01-30 08:50:52,598] {dag.py:2396} INFO - Sync 1 DAGs
[2022-01-30 08:50:52,615] {logging_mixin.py:109} INFO - [2022-01-30 08:50:52,615] {dag.py:2935} INFO - Setting next_dagrun for data_ingestion_gcs_dag to 2022-01-29 00:00:00+00:00
[2022-01-30 08:50:52,625] {processor.py:171} INFO - Processing /opt/airflow/dags/data_ingestion_gcs_dag.py took 1.166 seconds
[2022-01-30 08:51:22,708] {processor.py:163} INFO - Started process (PID=772) to work on /opt/airflow/dags/data_ingestion_gcs_dag.py
[2022-01-30 08:51:22,710] {processor.py:642} INFO - Processing file /opt/airflow/dags/data_ingestion_gcs_dag.py for tasks to queue
[2022-01-30 08:51:22,710] {logging_mixin.py:109} INFO - [2022-01-30 08:51:22,710] {dagbag.py:500} INFO - Filling up the DagBag from /opt/airflow/dags/data_ingestion_gcs_dag.py
[2022-01-30 08:51:23,536] {processor.py:654} INFO - DAG(s) dict_keys(['data_ingestion_gcs_dag']) retrieved from /opt/airflow/dags/data_ingestion_gcs_dag.py
[2022-01-30 08:51:23,545] {logging_mixin.py:109} INFO - [2022-01-30 08:51:23,545] {dag.py:2396} INFO - Sync 1 DAGs
[2022-01-30 08:51:23,563] {logging_mixin.py:109} INFO - [2022-01-30 08:51:23,563] {dag.py:2935} INFO - Setting next_dagrun for data_ingestion_gcs_dag to 2022-01-29 00:00:00+00:00
[2022-01-30 08:51:23,573] {processor.py:171} INFO - Processing /opt/airflow/dags/data_ingestion_gcs_dag.py took 0.870 seconds
[2022-01-30 08:51:53,661] {processor.py:163} INFO - Started process (PID=812) to work on /opt/airflow/dags/data_ingestion_gcs_dag.py
[2022-01-30 08:51:53,662] {processor.py:642} INFO - Processing file /opt/airflow/dags/data_ingestion_gcs_dag.py for tasks to queue
[2022-01-30 08:51:53,663] {logging_mixin.py:109} INFO - [2022-01-30 08:51:53,663] {dagbag.py:500} INFO - Filling up the DagBag from /opt/airflow/dags/data_ingestion_gcs_dag.py
[2022-01-30 08:51:54,603] {processor.py:654} INFO - DAG(s) dict_keys(['data_ingestion_gcs_dag']) retrieved from /opt/airflow/dags/data_ingestion_gcs_dag.py
[2022-01-30 08:51:54,620] {logging_mixin.py:109} INFO - [2022-01-30 08:51:54,620] {dag.py:2396} INFO - Sync 1 DAGs
[2022-01-30 08:51:54,642] {logging_mixin.py:109} INFO - [2022-01-30 08:51:54,642] {dag.py:2935} INFO - Setting next_dagrun for data_ingestion_gcs_dag to 2022-01-29 00:00:00+00:00
[2022-01-30 08:51:54,654] {processor.py:171} INFO - Processing /opt/airflow/dags/data_ingestion_gcs_dag.py took 0.998 seconds
[2022-01-30 08:52:24,761] {processor.py:163} INFO - Started process (PID=845) to work on /opt/airflow/dags/data_ingestion_gcs_dag.py
[2022-01-30 08:52:24,765] {processor.py:642} INFO - Processing file /opt/airflow/dags/data_ingestion_gcs_dag.py for tasks to queue
[2022-01-30 08:52:24,766] {logging_mixin.py:109} INFO - [2022-01-30 08:52:24,766] {dagbag.py:500} INFO - Filling up the DagBag from /opt/airflow/dags/data_ingestion_gcs_dag.py
[2022-01-30 08:52:25,810] {processor.py:654} INFO - DAG(s) dict_keys(['data_ingestion_gcs_dag']) retrieved from /opt/airflow/dags/data_ingestion_gcs_dag.py
[2022-01-30 08:52:25,826] {logging_mixin.py:109} INFO - [2022-01-30 08:52:25,825] {dag.py:2396} INFO - Sync 1 DAGs
[2022-01-30 08:52:25,849] {logging_mixin.py:109} INFO - [2022-01-30 08:52:25,849] {dag.py:2935} INFO - Setting next_dagrun for data_ingestion_gcs_dag to 2022-01-29 00:00:00+00:00
[2022-01-30 08:52:25,860] {processor.py:171} INFO - Processing /opt/airflow/dags/data_ingestion_gcs_dag.py took 1.105 seconds
[2022-01-30 08:52:55,934] {processor.py:163} INFO - Started process (PID=871) to work on /opt/airflow/dags/data_ingestion_gcs_dag.py
[2022-01-30 08:52:55,937] {processor.py:642} INFO - Processing file /opt/airflow/dags/data_ingestion_gcs_dag.py for tasks to queue
[2022-01-30 08:52:55,938] {logging_mixin.py:109} INFO - [2022-01-30 08:52:55,937] {dagbag.py:500} INFO - Filling up the DagBag from /opt/airflow/dags/data_ingestion_gcs_dag.py
[2022-01-30 08:52:56,743] {processor.py:654} INFO - DAG(s) dict_keys(['data_ingestion_gcs_dag']) retrieved from /opt/airflow/dags/data_ingestion_gcs_dag.py
[2022-01-30 08:52:56,754] {logging_mixin.py:109} INFO - [2022-01-30 08:52:56,753] {dag.py:2396} INFO - Sync 1 DAGs
[2022-01-30 08:52:56,769] {logging_mixin.py:109} INFO - [2022-01-30 08:52:56,769] {dag.py:2935} INFO - Setting next_dagrun for data_ingestion_gcs_dag to 2022-01-29 00:00:00+00:00
[2022-01-30 08:52:56,778] {processor.py:171} INFO - Processing /opt/airflow/dags/data_ingestion_gcs_dag.py took 0.848 seconds
[2022-01-30 08:53:26,876] {processor.py:163} INFO - Started process (PID=904) to work on /opt/airflow/dags/data_ingestion_gcs_dag.py
[2022-01-30 08:53:26,877] {processor.py:642} INFO - Processing file /opt/airflow/dags/data_ingestion_gcs_dag.py for tasks to queue
[2022-01-30 08:53:26,878] {logging_mixin.py:109} INFO - [2022-01-30 08:53:26,878] {dagbag.py:500} INFO - Filling up the DagBag from /opt/airflow/dags/data_ingestion_gcs_dag.py
[2022-01-30 08:53:27,675] {processor.py:654} INFO - DAG(s) dict_keys(['data_ingestion_gcs_dag']) retrieved from /opt/airflow/dags/data_ingestion_gcs_dag.py
[2022-01-30 08:53:27,684] {logging_mixin.py:109} INFO - [2022-01-30 08:53:27,684] {dag.py:2396} INFO - Sync 1 DAGs
[2022-01-30 08:53:27,700] {logging_mixin.py:109} INFO - [2022-01-30 08:53:27,700] {dag.py:2935} INFO - Setting next_dagrun for data_ingestion_gcs_dag to 2022-01-29 00:00:00+00:00
[2022-01-30 08:53:27,710] {processor.py:171} INFO - Processing /opt/airflow/dags/data_ingestion_gcs_dag.py took 0.838 seconds
[2022-01-30 08:53:57,788] {processor.py:163} INFO - Started process (PID=928) to work on /opt/airflow/dags/data_ingestion_gcs_dag.py
[2022-01-30 08:53:57,792] {processor.py:642} INFO - Processing file /opt/airflow/dags/data_ingestion_gcs_dag.py for tasks to queue
[2022-01-30 08:53:57,793] {logging_mixin.py:109} INFO - [2022-01-30 08:53:57,793] {dagbag.py:500} INFO - Filling up the DagBag from /opt/airflow/dags/data_ingestion_gcs_dag.py
[2022-01-30 08:53:58,810] {processor.py:654} INFO - DAG(s) dict_keys(['data_ingestion_gcs_dag']) retrieved from /opt/airflow/dags/data_ingestion_gcs_dag.py
[2022-01-30 08:53:58,819] {logging_mixin.py:109} INFO - [2022-01-30 08:53:58,819] {dag.py:2396} INFO - Sync 1 DAGs
[2022-01-30 08:53:58,835] {logging_mixin.py:109} INFO - [2022-01-30 08:53:58,834] {dag.py:2935} INFO - Setting next_dagrun for data_ingestion_gcs_dag to 2022-01-29 00:00:00+00:00
[2022-01-30 08:53:58,845] {processor.py:171} INFO - Processing /opt/airflow/dags/data_ingestion_gcs_dag.py took 1.061 seconds
[2022-01-30 09:01:05,695] {processor.py:163} INFO - Started process (PID=42) to work on /opt/airflow/dags/data_ingestion_gcs_dag.py
[2022-01-30 09:01:05,699] {processor.py:642} INFO - Processing file /opt/airflow/dags/data_ingestion_gcs_dag.py for tasks to queue
[2022-01-30 09:01:05,700] {logging_mixin.py:109} INFO - [2022-01-30 09:01:05,700] {dagbag.py:500} INFO - Filling up the DagBag from /opt/airflow/dags/data_ingestion_gcs_dag.py
[2022-01-30 09:01:07,077] {processor.py:654} INFO - DAG(s) dict_keys(['data_ingestion_gcs_dag']) retrieved from /opt/airflow/dags/data_ingestion_gcs_dag.py
[2022-01-30 09:01:07,093] {logging_mixin.py:109} INFO - [2022-01-30 09:01:07,092] {dag.py:2396} INFO - Sync 1 DAGs
[2022-01-30 09:01:07,119] {logging_mixin.py:109} INFO - [2022-01-30 09:01:07,119] {dag.py:2935} INFO - Setting next_dagrun for data_ingestion_gcs_dag to 2022-01-29 00:00:00+00:00
[2022-01-30 09:01:07,133] {processor.py:171} INFO - Processing /opt/airflow/dags/data_ingestion_gcs_dag.py took 1.446 seconds
[2022-01-30 09:01:37,212] {processor.py:163} INFO - Started process (PID=68) to work on /opt/airflow/dags/data_ingestion_gcs_dag.py
[2022-01-30 09:01:37,214] {processor.py:642} INFO - Processing file /opt/airflow/dags/data_ingestion_gcs_dag.py for tasks to queue
[2022-01-30 09:01:37,214] {logging_mixin.py:109} INFO - [2022-01-30 09:01:37,214] {dagbag.py:500} INFO - Filling up the DagBag from /opt/airflow/dags/data_ingestion_gcs_dag.py
[2022-01-30 09:01:38,045] {processor.py:654} INFO - DAG(s) dict_keys(['data_ingestion_gcs_dag']) retrieved from /opt/airflow/dags/data_ingestion_gcs_dag.py
[2022-01-30 09:01:38,054] {logging_mixin.py:109} INFO - [2022-01-30 09:01:38,053] {dag.py:2396} INFO - Sync 1 DAGs
[2022-01-30 09:01:38,069] {logging_mixin.py:109} INFO - [2022-01-30 09:01:38,068] {dag.py:2935} INFO - Setting next_dagrun for data_ingestion_gcs_dag to 2022-01-29 00:00:00+00:00
[2022-01-30 09:01:38,077] {processor.py:171} INFO - Processing /opt/airflow/dags/data_ingestion_gcs_dag.py took 0.869 seconds
[2022-01-30 09:02:08,149] {processor.py:163} INFO - Started process (PID=103) to work on /opt/airflow/dags/data_ingestion_gcs_dag.py
[2022-01-30 09:02:08,154] {processor.py:642} INFO - Processing file /opt/airflow/dags/data_ingestion_gcs_dag.py for tasks to queue
[2022-01-30 09:02:08,155] {logging_mixin.py:109} INFO - [2022-01-30 09:02:08,155] {dagbag.py:500} INFO - Filling up the DagBag from /opt/airflow/dags/data_ingestion_gcs_dag.py
[2022-01-30 09:02:08,927] {processor.py:654} INFO - DAG(s) dict_keys(['data_ingestion_gcs_dag']) retrieved from /opt/airflow/dags/data_ingestion_gcs_dag.py
[2022-01-30 09:02:08,936] {logging_mixin.py:109} INFO - [2022-01-30 09:02:08,936] {dag.py:2396} INFO - Sync 1 DAGs
[2022-01-30 09:02:08,950] {logging_mixin.py:109} INFO - [2022-01-30 09:02:08,950] {dag.py:2935} INFO - Setting next_dagrun for data_ingestion_gcs_dag to 2022-01-29 00:00:00+00:00
[2022-01-30 09:02:08,959] {processor.py:171} INFO - Processing /opt/airflow/dags/data_ingestion_gcs_dag.py took 0.814 seconds
[2022-01-30 09:02:39,079] {processor.py:163} INFO - Started process (PID=137) to work on /opt/airflow/dags/data_ingestion_gcs_dag.py
[2022-01-30 09:02:39,080] {processor.py:642} INFO - Processing file /opt/airflow/dags/data_ingestion_gcs_dag.py for tasks to queue
[2022-01-30 09:02:39,081] {logging_mixin.py:109} INFO - [2022-01-30 09:02:39,081] {dagbag.py:500} INFO - Filling up the DagBag from /opt/airflow/dags/data_ingestion_gcs_dag.py
[2022-01-30 09:02:39,862] {processor.py:654} INFO - DAG(s) dict_keys(['data_ingestion_gcs_dag']) retrieved from /opt/airflow/dags/data_ingestion_gcs_dag.py
[2022-01-30 09:02:39,870] {logging_mixin.py:109} INFO - [2022-01-30 09:02:39,870] {dag.py:2396} INFO - Sync 1 DAGs
[2022-01-30 09:02:39,884] {logging_mixin.py:109} INFO - [2022-01-30 09:02:39,884] {dag.py:2935} INFO - Setting next_dagrun for data_ingestion_gcs_dag to 2022-01-29 00:00:00+00:00
[2022-01-30 09:02:39,893] {processor.py:171} INFO - Processing /opt/airflow/dags/data_ingestion_gcs_dag.py took 0.819 seconds
[2022-01-30 09:03:09,979] {processor.py:163} INFO - Started process (PID=162) to work on /opt/airflow/dags/data_ingestion_gcs_dag.py
[2022-01-30 09:03:09,981] {processor.py:642} INFO - Processing file /opt/airflow/dags/data_ingestion_gcs_dag.py for tasks to queue
[2022-01-30 09:03:09,982] {logging_mixin.py:109} INFO - [2022-01-30 09:03:09,982] {dagbag.py:500} INFO - Filling up the DagBag from /opt/airflow/dags/data_ingestion_gcs_dag.py
[2022-01-30 09:03:10,823] {processor.py:654} INFO - DAG(s) dict_keys(['data_ingestion_gcs_dag']) retrieved from /opt/airflow/dags/data_ingestion_gcs_dag.py
[2022-01-30 09:03:10,837] {logging_mixin.py:109} INFO - [2022-01-30 09:03:10,837] {dag.py:2396} INFO - Sync 1 DAGs
[2022-01-30 09:03:10,863] {logging_mixin.py:109} INFO - [2022-01-30 09:03:10,863] {dag.py:2935} INFO - Setting next_dagrun for data_ingestion_gcs_dag to 2022-01-29 00:00:00+00:00
[2022-01-30 09:03:10,876] {processor.py:171} INFO - Processing /opt/airflow/dags/data_ingestion_gcs_dag.py took 0.902 seconds
[2022-01-30 09:03:40,958] {processor.py:163} INFO - Started process (PID=200) to work on /opt/airflow/dags/data_ingestion_gcs_dag.py
[2022-01-30 09:03:40,960] {processor.py:642} INFO - Processing file /opt/airflow/dags/data_ingestion_gcs_dag.py for tasks to queue
[2022-01-30 09:03:40,961] {logging_mixin.py:109} INFO - [2022-01-30 09:03:40,960] {dagbag.py:500} INFO - Filling up the DagBag from /opt/airflow/dags/data_ingestion_gcs_dag.py
[2022-01-30 09:03:41,730] {processor.py:654} INFO - DAG(s) dict_keys(['data_ingestion_gcs_dag']) retrieved from /opt/airflow/dags/data_ingestion_gcs_dag.py
[2022-01-30 09:03:41,738] {logging_mixin.py:109} INFO - [2022-01-30 09:03:41,738] {dag.py:2396} INFO - Sync 1 DAGs
[2022-01-30 09:03:41,753] {logging_mixin.py:109} INFO - [2022-01-30 09:03:41,752] {dag.py:2935} INFO - Setting next_dagrun for data_ingestion_gcs_dag to 2022-01-29 00:00:00+00:00
[2022-01-30 09:03:41,762] {processor.py:171} INFO - Processing /opt/airflow/dags/data_ingestion_gcs_dag.py took 0.808 seconds
[2022-01-30 09:04:11,832] {processor.py:163} INFO - Started process (PID=235) to work on /opt/airflow/dags/data_ingestion_gcs_dag.py
[2022-01-30 09:04:11,836] {processor.py:642} INFO - Processing file /opt/airflow/dags/data_ingestion_gcs_dag.py for tasks to queue
[2022-01-30 09:04:11,836] {logging_mixin.py:109} INFO - [2022-01-30 09:04:11,836] {dagbag.py:500} INFO - Filling up the DagBag from /opt/airflow/dags/data_ingestion_gcs_dag.py
[2022-01-30 09:04:12,651] {processor.py:654} INFO - DAG(s) dict_keys(['data_ingestion_gcs_dag']) retrieved from /opt/airflow/dags/data_ingestion_gcs_dag.py
[2022-01-30 09:04:12,660] {logging_mixin.py:109} INFO - [2022-01-30 09:04:12,659] {dag.py:2396} INFO - Sync 1 DAGs
[2022-01-30 09:04:12,675] {logging_mixin.py:109} INFO - [2022-01-30 09:04:12,675] {dag.py:2935} INFO - Setting next_dagrun for data_ingestion_gcs_dag to 2022-01-29 00:00:00+00:00
[2022-01-30 09:04:12,685] {processor.py:171} INFO - Processing /opt/airflow/dags/data_ingestion_gcs_dag.py took 0.857 seconds
[2022-01-30 09:04:42,756] {processor.py:163} INFO - Started process (PID=259) to work on /opt/airflow/dags/data_ingestion_gcs_dag.py
[2022-01-30 09:04:42,759] {processor.py:642} INFO - Processing file /opt/airflow/dags/data_ingestion_gcs_dag.py for tasks to queue
[2022-01-30 09:04:42,760] {logging_mixin.py:109} INFO - [2022-01-30 09:04:42,759] {dagbag.py:500} INFO - Filling up the DagBag from /opt/airflow/dags/data_ingestion_gcs_dag.py
[2022-01-30 09:04:43,601] {processor.py:654} INFO - DAG(s) dict_keys(['data_ingestion_gcs_dag']) retrieved from /opt/airflow/dags/data_ingestion_gcs_dag.py
[2022-01-30 09:04:43,613] {logging_mixin.py:109} INFO - [2022-01-30 09:04:43,613] {dag.py:2396} INFO - Sync 1 DAGs
[2022-01-30 09:04:43,636] {logging_mixin.py:109} INFO - [2022-01-30 09:04:43,636] {dag.py:2935} INFO - Setting next_dagrun for data_ingestion_gcs_dag to 2022-01-29 00:00:00+00:00
[2022-01-30 09:04:43,649] {processor.py:171} INFO - Processing /opt/airflow/dags/data_ingestion_gcs_dag.py took 0.898 seconds
[2022-01-30 09:05:13,723] {processor.py:163} INFO - Started process (PID=294) to work on /opt/airflow/dags/data_ingestion_gcs_dag.py
[2022-01-30 09:05:13,731] {processor.py:642} INFO - Processing file /opt/airflow/dags/data_ingestion_gcs_dag.py for tasks to queue
[2022-01-30 09:05:13,732] {logging_mixin.py:109} INFO - [2022-01-30 09:05:13,732] {dagbag.py:500} INFO - Filling up the DagBag from /opt/airflow/dags/data_ingestion_gcs_dag.py
[2022-01-30 09:05:14,520] {processor.py:654} INFO - DAG(s) dict_keys(['data_ingestion_gcs_dag']) retrieved from /opt/airflow/dags/data_ingestion_gcs_dag.py
[2022-01-30 09:05:14,529] {logging_mixin.py:109} INFO - [2022-01-30 09:05:14,528] {dag.py:2396} INFO - Sync 1 DAGs
[2022-01-30 09:05:14,543] {logging_mixin.py:109} INFO - [2022-01-30 09:05:14,543] {dag.py:2935} INFO - Setting next_dagrun for data_ingestion_gcs_dag to 2022-01-29 00:00:00+00:00
[2022-01-30 09:05:14,552] {processor.py:171} INFO - Processing /opt/airflow/dags/data_ingestion_gcs_dag.py took 0.833 seconds
[2022-01-30 09:05:44,647] {processor.py:163} INFO - Started process (PID=328) to work on /opt/airflow/dags/data_ingestion_gcs_dag.py
[2022-01-30 09:05:44,649] {processor.py:642} INFO - Processing file /opt/airflow/dags/data_ingestion_gcs_dag.py for tasks to queue
[2022-01-30 09:05:44,650] {logging_mixin.py:109} INFO - [2022-01-30 09:05:44,649] {dagbag.py:500} INFO - Filling up the DagBag from /opt/airflow/dags/data_ingestion_gcs_dag.py
[2022-01-30 09:05:45,426] {processor.py:654} INFO - DAG(s) dict_keys(['data_ingestion_gcs_dag']) retrieved from /opt/airflow/dags/data_ingestion_gcs_dag.py
[2022-01-30 09:05:45,435] {logging_mixin.py:109} INFO - [2022-01-30 09:05:45,435] {dag.py:2396} INFO - Sync 1 DAGs
[2022-01-30 09:05:45,449] {logging_mixin.py:109} INFO - [2022-01-30 09:05:45,449] {dag.py:2935} INFO - Setting next_dagrun for data_ingestion_gcs_dag to 2022-01-29 00:00:00+00:00
[2022-01-30 09:05:45,458] {processor.py:171} INFO - Processing /opt/airflow/dags/data_ingestion_gcs_dag.py took 0.815 seconds
[2022-01-30 09:06:15,530] {processor.py:163} INFO - Started process (PID=352) to work on /opt/airflow/dags/data_ingestion_gcs_dag.py
[2022-01-30 09:06:15,534] {processor.py:642} INFO - Processing file /opt/airflow/dags/data_ingestion_gcs_dag.py for tasks to queue
[2022-01-30 09:06:15,535] {logging_mixin.py:109} INFO - [2022-01-30 09:06:15,535] {dagbag.py:500} INFO - Filling up the DagBag from /opt/airflow/dags/data_ingestion_gcs_dag.py
[2022-01-30 09:06:16,401] {processor.py:654} INFO - DAG(s) dict_keys(['data_ingestion_gcs_dag']) retrieved from /opt/airflow/dags/data_ingestion_gcs_dag.py
[2022-01-30 09:06:16,409] {logging_mixin.py:109} INFO - [2022-01-30 09:06:16,409] {dag.py:2396} INFO - Sync 1 DAGs
[2022-01-30 09:06:16,423] {logging_mixin.py:109} INFO - [2022-01-30 09:06:16,423] {dag.py:2935} INFO - Setting next_dagrun for data_ingestion_gcs_dag to 2022-01-29 00:00:00+00:00
[2022-01-30 09:06:16,432] {processor.py:171} INFO - Processing /opt/airflow/dags/data_ingestion_gcs_dag.py took 0.907 seconds
[2022-01-30 09:06:46,506] {processor.py:163} INFO - Started process (PID=388) to work on /opt/airflow/dags/data_ingestion_gcs_dag.py
[2022-01-30 09:06:46,508] {processor.py:642} INFO - Processing file /opt/airflow/dags/data_ingestion_gcs_dag.py for tasks to queue
[2022-01-30 09:06:46,509] {logging_mixin.py:109} INFO - [2022-01-30 09:06:46,509] {dagbag.py:500} INFO - Filling up the DagBag from /opt/airflow/dags/data_ingestion_gcs_dag.py
[2022-01-30 09:06:47,290] {processor.py:654} INFO - DAG(s) dict_keys(['data_ingestion_gcs_dag']) retrieved from /opt/airflow/dags/data_ingestion_gcs_dag.py
[2022-01-30 09:06:47,298] {logging_mixin.py:109} INFO - [2022-01-30 09:06:47,298] {dag.py:2396} INFO - Sync 1 DAGs
[2022-01-30 09:06:47,313] {logging_mixin.py:109} INFO - [2022-01-30 09:06:47,312] {dag.py:2935} INFO - Setting next_dagrun for data_ingestion_gcs_dag to 2022-01-29 00:00:00+00:00
[2022-01-30 09:06:47,322] {processor.py:171} INFO - Processing /opt/airflow/dags/data_ingestion_gcs_dag.py took 0.820 seconds
[2022-01-30 09:07:17,391] {processor.py:163} INFO - Started process (PID=422) to work on /opt/airflow/dags/data_ingestion_gcs_dag.py
[2022-01-30 09:07:17,393] {processor.py:642} INFO - Processing file /opt/airflow/dags/data_ingestion_gcs_dag.py for tasks to queue
[2022-01-30 09:07:17,394] {logging_mixin.py:109} INFO - [2022-01-30 09:07:17,394] {dagbag.py:500} INFO - Filling up the DagBag from /opt/airflow/dags/data_ingestion_gcs_dag.py
[2022-01-30 09:07:18,207] {processor.py:654} INFO - DAG(s) dict_keys(['data_ingestion_gcs_dag']) retrieved from /opt/airflow/dags/data_ingestion_gcs_dag.py
[2022-01-30 09:07:18,216] {logging_mixin.py:109} INFO - [2022-01-30 09:07:18,215] {dag.py:2396} INFO - Sync 1 DAGs
[2022-01-30 09:07:18,230] {logging_mixin.py:109} INFO - [2022-01-30 09:07:18,230] {dag.py:2935} INFO - Setting next_dagrun for data_ingestion_gcs_dag to 2022-01-29 00:00:00+00:00
[2022-01-30 09:07:18,240] {processor.py:171} INFO - Processing /opt/airflow/dags/data_ingestion_gcs_dag.py took 0.854 seconds
[2022-01-30 09:07:48,311] {processor.py:163} INFO - Started process (PID=446) to work on /opt/airflow/dags/data_ingestion_gcs_dag.py
[2022-01-30 09:07:48,312] {processor.py:642} INFO - Processing file /opt/airflow/dags/data_ingestion_gcs_dag.py for tasks to queue
[2022-01-30 09:07:48,313] {logging_mixin.py:109} INFO - [2022-01-30 09:07:48,313] {dagbag.py:500} INFO - Filling up the DagBag from /opt/airflow/dags/data_ingestion_gcs_dag.py
[2022-01-30 09:07:49,090] {processor.py:654} INFO - DAG(s) dict_keys(['data_ingestion_gcs_dag']) retrieved from /opt/airflow/dags/data_ingestion_gcs_dag.py
[2022-01-30 09:07:49,099] {logging_mixin.py:109} INFO - [2022-01-30 09:07:49,098] {dag.py:2396} INFO - Sync 1 DAGs
[2022-01-30 09:07:49,114] {logging_mixin.py:109} INFO - [2022-01-30 09:07:49,114] {dag.py:2935} INFO - Setting next_dagrun for data_ingestion_gcs_dag to 2022-01-29 00:00:00+00:00
[2022-01-30 09:07:49,123] {processor.py:171} INFO - Processing /opt/airflow/dags/data_ingestion_gcs_dag.py took 0.817 seconds
[2022-01-30 09:08:19,243] {processor.py:163} INFO - Started process (PID=483) to work on /opt/airflow/dags/data_ingestion_gcs_dag.py
[2022-01-30 09:08:19,246] {processor.py:642} INFO - Processing file /opt/airflow/dags/data_ingestion_gcs_dag.py for tasks to queue
[2022-01-30 09:08:19,247] {logging_mixin.py:109} INFO - [2022-01-30 09:08:19,246] {dagbag.py:500} INFO - Filling up the DagBag from /opt/airflow/dags/data_ingestion_gcs_dag.py
[2022-01-30 09:08:20,037] {processor.py:654} INFO - DAG(s) dict_keys(['data_ingestion_gcs_dag']) retrieved from /opt/airflow/dags/data_ingestion_gcs_dag.py
[2022-01-30 09:08:20,046] {logging_mixin.py:109} INFO - [2022-01-30 09:08:20,046] {dag.py:2396} INFO - Sync 1 DAGs
[2022-01-30 09:08:20,061] {logging_mixin.py:109} INFO - [2022-01-30 09:08:20,061] {dag.py:2935} INFO - Setting next_dagrun for data_ingestion_gcs_dag to 2022-01-29 00:00:00+00:00
[2022-01-30 09:08:20,070] {processor.py:171} INFO - Processing /opt/airflow/dags/data_ingestion_gcs_dag.py took 0.832 seconds
[2022-01-30 09:08:50,156] {processor.py:163} INFO - Started process (PID=517) to work on /opt/airflow/dags/data_ingestion_gcs_dag.py
[2022-01-30 09:08:50,158] {processor.py:642} INFO - Processing file /opt/airflow/dags/data_ingestion_gcs_dag.py for tasks to queue
[2022-01-30 09:08:50,158] {logging_mixin.py:109} INFO - [2022-01-30 09:08:50,158] {dagbag.py:500} INFO - Filling up the DagBag from /opt/airflow/dags/data_ingestion_gcs_dag.py
[2022-01-30 09:08:50,943] {processor.py:654} INFO - DAG(s) dict_keys(['data_ingestion_gcs_dag']) retrieved from /opt/airflow/dags/data_ingestion_gcs_dag.py
[2022-01-30 09:08:50,952] {logging_mixin.py:109} INFO - [2022-01-30 09:08:50,952] {dag.py:2396} INFO - Sync 1 DAGs
[2022-01-30 09:08:50,967] {logging_mixin.py:109} INFO - [2022-01-30 09:08:50,967] {dag.py:2935} INFO - Setting next_dagrun for data_ingestion_gcs_dag to 2022-01-29 00:00:00+00:00
[2022-01-30 09:08:50,977] {processor.py:171} INFO - Processing /opt/airflow/dags/data_ingestion_gcs_dag.py took 0.828 seconds
[2022-01-30 09:09:21,052] {processor.py:163} INFO - Started process (PID=542) to work on /opt/airflow/dags/data_ingestion_gcs_dag.py
[2022-01-30 09:09:21,053] {processor.py:642} INFO - Processing file /opt/airflow/dags/data_ingestion_gcs_dag.py for tasks to queue
[2022-01-30 09:09:21,054] {logging_mixin.py:109} INFO - [2022-01-30 09:09:21,054] {dagbag.py:500} INFO - Filling up the DagBag from /opt/airflow/dags/data_ingestion_gcs_dag.py
[2022-01-30 09:09:21,833] {processor.py:654} INFO - DAG(s) dict_keys(['data_ingestion_gcs_dag']) retrieved from /opt/airflow/dags/data_ingestion_gcs_dag.py
[2022-01-30 09:09:21,842] {logging_mixin.py:109} INFO - [2022-01-30 09:09:21,842] {dag.py:2396} INFO - Sync 1 DAGs
[2022-01-30 09:09:21,857] {logging_mixin.py:109} INFO - [2022-01-30 09:09:21,857] {dag.py:2935} INFO - Setting next_dagrun for data_ingestion_gcs_dag to 2022-01-29 00:00:00+00:00
[2022-01-30 09:09:21,866] {processor.py:171} INFO - Processing /opt/airflow/dags/data_ingestion_gcs_dag.py took 0.819 seconds
[2022-01-30 09:09:51,950] {processor.py:163} INFO - Started process (PID=577) to work on /opt/airflow/dags/data_ingestion_gcs_dag.py
[2022-01-30 09:09:51,957] {processor.py:642} INFO - Processing file /opt/airflow/dags/data_ingestion_gcs_dag.py for tasks to queue
[2022-01-30 09:09:51,958] {logging_mixin.py:109} INFO - [2022-01-30 09:09:51,958] {dagbag.py:500} INFO - Filling up the DagBag from /opt/airflow/dags/data_ingestion_gcs_dag.py
[2022-01-30 09:09:52,854] {processor.py:654} INFO - DAG(s) dict_keys(['data_ingestion_gcs_dag']) retrieved from /opt/airflow/dags/data_ingestion_gcs_dag.py
[2022-01-30 09:09:52,865] {logging_mixin.py:109} INFO - [2022-01-30 09:09:52,864] {dag.py:2396} INFO - Sync 1 DAGs
[2022-01-30 09:09:52,881] {logging_mixin.py:109} INFO - [2022-01-30 09:09:52,881] {dag.py:2935} INFO - Setting next_dagrun for data_ingestion_gcs_dag to 2022-01-29 00:00:00+00:00
[2022-01-30 09:09:52,892] {processor.py:171} INFO - Processing /opt/airflow/dags/data_ingestion_gcs_dag.py took 0.947 seconds
[2022-01-30 09:10:22,982] {processor.py:163} INFO - Started process (PID=612) to work on /opt/airflow/dags/data_ingestion_gcs_dag.py
[2022-01-30 09:10:22,986] {processor.py:642} INFO - Processing file /opt/airflow/dags/data_ingestion_gcs_dag.py for tasks to queue
[2022-01-30 09:10:22,987] {logging_mixin.py:109} INFO - [2022-01-30 09:10:22,987] {dagbag.py:500} INFO - Filling up the DagBag from /opt/airflow/dags/data_ingestion_gcs_dag.py
[2022-01-30 09:10:23,836] {processor.py:654} INFO - DAG(s) dict_keys(['data_ingestion_gcs_dag']) retrieved from /opt/airflow/dags/data_ingestion_gcs_dag.py
[2022-01-30 09:10:23,846] {logging_mixin.py:109} INFO - [2022-01-30 09:10:23,845] {dag.py:2396} INFO - Sync 1 DAGs
[2022-01-30 09:10:23,864] {logging_mixin.py:109} INFO - [2022-01-30 09:10:23,864] {dag.py:2935} INFO - Setting next_dagrun for data_ingestion_gcs_dag to 2022-01-29 00:00:00+00:00
[2022-01-30 09:10:23,874] {processor.py:171} INFO - Processing /opt/airflow/dags/data_ingestion_gcs_dag.py took 0.897 seconds
[2022-01-30 09:10:53,962] {processor.py:163} INFO - Started process (PID=637) to work on /opt/airflow/dags/data_ingestion_gcs_dag.py
[2022-01-30 09:10:53,968] {processor.py:642} INFO - Processing file /opt/airflow/dags/data_ingestion_gcs_dag.py for tasks to queue
[2022-01-30 09:10:53,969] {logging_mixin.py:109} INFO - [2022-01-30 09:10:53,969] {dagbag.py:500} INFO - Filling up the DagBag from /opt/airflow/dags/data_ingestion_gcs_dag.py
[2022-01-30 09:10:55,005] {processor.py:654} INFO - DAG(s) dict_keys(['data_ingestion_gcs_dag']) retrieved from /opt/airflow/dags/data_ingestion_gcs_dag.py
[2022-01-30 09:10:55,016] {logging_mixin.py:109} INFO - [2022-01-30 09:10:55,016] {dag.py:2396} INFO - Sync 1 DAGs
[2022-01-30 09:10:55,035] {logging_mixin.py:109} INFO - [2022-01-30 09:10:55,035] {dag.py:2935} INFO - Setting next_dagrun for data_ingestion_gcs_dag to 2022-01-29 00:00:00+00:00
[2022-01-30 09:10:55,045] {processor.py:171} INFO - Processing /opt/airflow/dags/data_ingestion_gcs_dag.py took 1.089 seconds
[2022-01-30 09:13:49,397] {processor.py:163} INFO - Started process (PID=44) to work on /opt/airflow/dags/data_ingestion_gcs_dag.py
[2022-01-30 09:13:49,403] {processor.py:642} INFO - Processing file /opt/airflow/dags/data_ingestion_gcs_dag.py for tasks to queue
[2022-01-30 09:13:49,404] {logging_mixin.py:109} INFO - [2022-01-30 09:13:49,404] {dagbag.py:500} INFO - Filling up the DagBag from /opt/airflow/dags/data_ingestion_gcs_dag.py
[2022-01-30 09:13:52,730] {processor.py:654} INFO - DAG(s) dict_keys(['data_ingestion_gcs_dag']) retrieved from /opt/airflow/dags/data_ingestion_gcs_dag.py
[2022-01-30 09:13:54,108] {logging_mixin.py:109} INFO - [2022-01-30 09:13:54,108] {dag.py:2396} INFO - Sync 1 DAGs
[2022-01-30 09:13:54,132] {logging_mixin.py:109} INFO - [2022-01-30 09:13:54,132] {dag.py:2935} INFO - Setting next_dagrun for data_ingestion_gcs_dag to 2022-01-29 00:00:00+00:00
[2022-01-30 09:13:54,166] {processor.py:171} INFO - Processing /opt/airflow/dags/data_ingestion_gcs_dag.py took 4.790 seconds
[2022-01-30 09:14:24,277] {processor.py:163} INFO - Started process (PID=79) to work on /opt/airflow/dags/data_ingestion_gcs_dag.py
[2022-01-30 09:14:24,285] {processor.py:642} INFO - Processing file /opt/airflow/dags/data_ingestion_gcs_dag.py for tasks to queue
[2022-01-30 09:14:24,286] {logging_mixin.py:109} INFO - [2022-01-30 09:14:24,285] {dagbag.py:500} INFO - Filling up the DagBag from /opt/airflow/dags/data_ingestion_gcs_dag.py
[2022-01-30 09:14:25,186] {processor.py:654} INFO - DAG(s) dict_keys(['data_ingestion_gcs_dag']) retrieved from /opt/airflow/dags/data_ingestion_gcs_dag.py
[2022-01-30 09:14:25,198] {logging_mixin.py:109} INFO - [2022-01-30 09:14:25,197] {dag.py:2396} INFO - Sync 1 DAGs
[2022-01-30 09:14:25,213] {logging_mixin.py:109} INFO - [2022-01-30 09:14:25,213] {dag.py:2935} INFO - Setting next_dagrun for data_ingestion_gcs_dag to 2022-01-29 00:00:00+00:00
[2022-01-30 09:14:25,222] {processor.py:171} INFO - Processing /opt/airflow/dags/data_ingestion_gcs_dag.py took 0.950 seconds
[2022-01-30 09:14:55,308] {processor.py:163} INFO - Started process (PID=114) to work on /opt/airflow/dags/data_ingestion_gcs_dag.py
[2022-01-30 09:14:55,310] {processor.py:642} INFO - Processing file /opt/airflow/dags/data_ingestion_gcs_dag.py for tasks to queue
[2022-01-30 09:14:55,311] {logging_mixin.py:109} INFO - [2022-01-30 09:14:55,311] {dagbag.py:500} INFO - Filling up the DagBag from /opt/airflow/dags/data_ingestion_gcs_dag.py
[2022-01-30 09:14:56,162] {processor.py:654} INFO - DAG(s) dict_keys(['data_ingestion_gcs_dag']) retrieved from /opt/airflow/dags/data_ingestion_gcs_dag.py
[2022-01-30 09:14:56,171] {logging_mixin.py:109} INFO - [2022-01-30 09:14:56,171] {dag.py:2396} INFO - Sync 1 DAGs
[2022-01-30 09:14:56,187] {logging_mixin.py:109} INFO - [2022-01-30 09:14:56,187] {dag.py:2935} INFO - Setting next_dagrun for data_ingestion_gcs_dag to 2022-01-29 00:00:00+00:00
[2022-01-30 09:14:56,197] {processor.py:171} INFO - Processing /opt/airflow/dags/data_ingestion_gcs_dag.py took 0.894 seconds
[2022-01-30 09:15:26,284] {processor.py:163} INFO - Started process (PID=139) to work on /opt/airflow/dags/data_ingestion_gcs_dag.py
[2022-01-30 09:15:26,291] {processor.py:642} INFO - Processing file /opt/airflow/dags/data_ingestion_gcs_dag.py for tasks to queue
[2022-01-30 09:15:26,292] {logging_mixin.py:109} INFO - [2022-01-30 09:15:26,291] {dagbag.py:500} INFO - Filling up the DagBag from /opt/airflow/dags/data_ingestion_gcs_dag.py
[2022-01-30 09:15:27,306] {processor.py:654} INFO - DAG(s) dict_keys(['data_ingestion_gcs_dag']) retrieved from /opt/airflow/dags/data_ingestion_gcs_dag.py
[2022-01-30 09:15:27,315] {logging_mixin.py:109} INFO - [2022-01-30 09:15:27,315] {dag.py:2396} INFO - Sync 1 DAGs
[2022-01-30 09:15:27,337] {logging_mixin.py:109} INFO - [2022-01-30 09:15:27,337] {dag.py:2935} INFO - Setting next_dagrun for data_ingestion_gcs_dag to 2022-01-29 00:00:00+00:00
[2022-01-30 09:15:27,348] {processor.py:171} INFO - Processing /opt/airflow/dags/data_ingestion_gcs_dag.py took 1.070 seconds
[2022-01-30 09:15:57,402] {processor.py:163} INFO - Started process (PID=173) to work on /opt/airflow/dags/data_ingestion_gcs_dag.py
[2022-01-30 09:15:57,408] {processor.py:642} INFO - Processing file /opt/airflow/dags/data_ingestion_gcs_dag.py for tasks to queue
[2022-01-30 09:15:57,410] {logging_mixin.py:109} INFO - [2022-01-30 09:15:57,409] {dagbag.py:500} INFO - Filling up the DagBag from /opt/airflow/dags/data_ingestion_gcs_dag.py
[2022-01-30 09:15:58,322] {processor.py:654} INFO - DAG(s) dict_keys(['data_ingestion_gcs_dag']) retrieved from /opt/airflow/dags/data_ingestion_gcs_dag.py
[2022-01-30 09:15:58,331] {logging_mixin.py:109} INFO - [2022-01-30 09:15:58,331] {dag.py:2396} INFO - Sync 1 DAGs
[2022-01-30 09:15:58,347] {logging_mixin.py:109} INFO - [2022-01-30 09:15:58,347] {dag.py:2935} INFO - Setting next_dagrun for data_ingestion_gcs_dag to 2022-01-29 00:00:00+00:00
[2022-01-30 09:15:58,360] {processor.py:171} INFO - Processing /opt/airflow/dags/data_ingestion_gcs_dag.py took 0.964 seconds
[2022-01-30 09:16:28,492] {processor.py:163} INFO - Started process (PID=207) to work on /opt/airflow/dags/data_ingestion_gcs_dag.py
[2022-01-30 09:16:28,494] {processor.py:642} INFO - Processing file /opt/airflow/dags/data_ingestion_gcs_dag.py for tasks to queue
[2022-01-30 09:16:28,494] {logging_mixin.py:109} INFO - [2022-01-30 09:16:28,494] {dagbag.py:500} INFO - Filling up the DagBag from /opt/airflow/dags/data_ingestion_gcs_dag.py
[2022-01-30 09:16:29,371] {processor.py:654} INFO - DAG(s) dict_keys(['data_ingestion_gcs_dag']) retrieved from /opt/airflow/dags/data_ingestion_gcs_dag.py
[2022-01-30 09:16:29,381] {logging_mixin.py:109} INFO - [2022-01-30 09:16:29,380] {dag.py:2396} INFO - Sync 1 DAGs
[2022-01-30 09:16:29,396] {logging_mixin.py:109} INFO - [2022-01-30 09:16:29,396] {dag.py:2935} INFO - Setting next_dagrun for data_ingestion_gcs_dag to 2022-01-29 00:00:00+00:00
[2022-01-30 09:16:29,406] {processor.py:171} INFO - Processing /opt/airflow/dags/data_ingestion_gcs_dag.py took 0.918 seconds
[2022-01-30 09:16:59,498] {processor.py:163} INFO - Started process (PID=232) to work on /opt/airflow/dags/data_ingestion_gcs_dag.py
[2022-01-30 09:16:59,502] {processor.py:642} INFO - Processing file /opt/airflow/dags/data_ingestion_gcs_dag.py for tasks to queue
[2022-01-30 09:16:59,502] {logging_mixin.py:109} INFO - [2022-01-30 09:16:59,502] {dagbag.py:500} INFO - Filling up the DagBag from /opt/airflow/dags/data_ingestion_gcs_dag.py
[2022-01-30 09:19:37,040] {processor.py:163} INFO - Started process (PID=48) to work on /opt/airflow/dags/data_ingestion_gcs_dag.py
[2022-01-30 09:19:37,046] {processor.py:642} INFO - Processing file /opt/airflow/dags/data_ingestion_gcs_dag.py for tasks to queue
[2022-01-30 09:19:37,047] {logging_mixin.py:109} INFO - [2022-01-30 09:19:37,047] {dagbag.py:500} INFO - Filling up the DagBag from /opt/airflow/dags/data_ingestion_gcs_dag.py
[2022-01-30 09:19:40,141] {processor.py:654} INFO - DAG(s) dict_keys(['data_ingestion_gcs_dag']) retrieved from /opt/airflow/dags/data_ingestion_gcs_dag.py
[2022-01-30 09:19:40,153] {logging_mixin.py:109} INFO - [2022-01-30 09:19:40,152] {dag.py:2396} INFO - Sync 1 DAGs
[2022-01-30 09:19:40,174] {logging_mixin.py:109} INFO - [2022-01-30 09:19:40,174] {dag.py:2935} INFO - Setting next_dagrun for data_ingestion_gcs_dag to 2022-01-29 00:00:00+00:00
[2022-01-30 09:19:40,185] {processor.py:171} INFO - Processing /opt/airflow/dags/data_ingestion_gcs_dag.py took 3.166 seconds
[2022-01-30 09:20:10,255] {processor.py:163} INFO - Started process (PID=82) to work on /opt/airflow/dags/data_ingestion_gcs_dag.py
[2022-01-30 09:20:10,256] {processor.py:642} INFO - Processing file /opt/airflow/dags/data_ingestion_gcs_dag.py for tasks to queue
[2022-01-30 09:20:10,257] {logging_mixin.py:109} INFO - [2022-01-30 09:20:10,257] {dagbag.py:500} INFO - Filling up the DagBag from /opt/airflow/dags/data_ingestion_gcs_dag.py
[2022-01-30 09:20:11,152] {processor.py:654} INFO - DAG(s) dict_keys(['data_ingestion_gcs_dag']) retrieved from /opt/airflow/dags/data_ingestion_gcs_dag.py
[2022-01-30 09:20:11,160] {logging_mixin.py:109} INFO - [2022-01-30 09:20:11,160] {dag.py:2396} INFO - Sync 1 DAGs
[2022-01-30 09:20:11,176] {logging_mixin.py:109} INFO - [2022-01-30 09:20:11,176] {dag.py:2935} INFO - Setting next_dagrun for data_ingestion_gcs_dag to 2022-01-29 00:00:00+00:00
[2022-01-30 09:20:11,184] {processor.py:171} INFO - Processing /opt/airflow/dags/data_ingestion_gcs_dag.py took 0.934 seconds
[2022-01-30 09:20:41,278] {processor.py:163} INFO - Started process (PID=116) to work on /opt/airflow/dags/data_ingestion_gcs_dag.py
[2022-01-30 09:20:41,281] {processor.py:642} INFO - Processing file /opt/airflow/dags/data_ingestion_gcs_dag.py for tasks to queue
[2022-01-30 09:20:41,281] {logging_mixin.py:109} INFO - [2022-01-30 09:20:41,281] {dagbag.py:500} INFO - Filling up the DagBag from /opt/airflow/dags/data_ingestion_gcs_dag.py
[2022-01-30 09:20:42,100] {processor.py:654} INFO - DAG(s) dict_keys(['data_ingestion_gcs_dag']) retrieved from /opt/airflow/dags/data_ingestion_gcs_dag.py
[2022-01-30 09:20:42,109] {logging_mixin.py:109} INFO - [2022-01-30 09:20:42,109] {dag.py:2396} INFO - Sync 1 DAGs
[2022-01-30 09:20:42,125] {logging_mixin.py:109} INFO - [2022-01-30 09:20:42,125] {dag.py:2935} INFO - Setting next_dagrun for data_ingestion_gcs_dag to 2022-01-29 00:00:00+00:00
[2022-01-30 09:20:42,135] {processor.py:171} INFO - Processing /opt/airflow/dags/data_ingestion_gcs_dag.py took 0.862 seconds
[2022-01-30 09:21:12,227] {processor.py:163} INFO - Started process (PID=141) to work on /opt/airflow/dags/data_ingestion_gcs_dag.py
[2022-01-30 09:21:12,228] {processor.py:642} INFO - Processing file /opt/airflow/dags/data_ingestion_gcs_dag.py for tasks to queue
[2022-01-30 09:21:12,229] {logging_mixin.py:109} INFO - [2022-01-30 09:21:12,229] {dagbag.py:500} INFO - Filling up the DagBag from /opt/airflow/dags/data_ingestion_gcs_dag.py
[2022-01-30 09:21:13,061] {processor.py:654} INFO - DAG(s) dict_keys(['data_ingestion_gcs_dag']) retrieved from /opt/airflow/dags/data_ingestion_gcs_dag.py
[2022-01-30 09:21:13,070] {logging_mixin.py:109} INFO - [2022-01-30 09:21:13,070] {dag.py:2396} INFO - Sync 1 DAGs
[2022-01-30 09:21:13,085] {logging_mixin.py:109} INFO - [2022-01-30 09:21:13,085] {dag.py:2935} INFO - Setting next_dagrun for data_ingestion_gcs_dag to 2022-01-29 00:00:00+00:00
[2022-01-30 09:21:13,095] {processor.py:171} INFO - Processing /opt/airflow/dags/data_ingestion_gcs_dag.py took 0.874 seconds
[2022-01-30 09:21:43,183] {processor.py:163} INFO - Started process (PID=177) to work on /opt/airflow/dags/data_ingestion_gcs_dag.py
[2022-01-30 09:21:43,189] {processor.py:642} INFO - Processing file /opt/airflow/dags/data_ingestion_gcs_dag.py for tasks to queue
[2022-01-30 09:21:43,191] {logging_mixin.py:109} INFO - [2022-01-30 09:21:43,190] {dagbag.py:500} INFO - Filling up the DagBag from /opt/airflow/dags/data_ingestion_gcs_dag.py
[2022-01-30 09:21:44,195] {processor.py:654} INFO - DAG(s) dict_keys(['data_ingestion_gcs_dag']) retrieved from /opt/airflow/dags/data_ingestion_gcs_dag.py
[2022-01-30 09:21:44,205] {logging_mixin.py:109} INFO - [2022-01-30 09:21:44,204] {dag.py:2396} INFO - Sync 1 DAGs
[2022-01-30 09:21:44,220] {logging_mixin.py:109} INFO - [2022-01-30 09:21:44,220] {dag.py:2935} INFO - Setting next_dagrun for data_ingestion_gcs_dag to 2022-01-29 00:00:00+00:00
[2022-01-30 09:21:44,230] {processor.py:171} INFO - Processing /opt/airflow/dags/data_ingestion_gcs_dag.py took 1.053 seconds
[2022-01-30 09:22:14,292] {processor.py:163} INFO - Started process (PID=212) to work on /opt/airflow/dags/data_ingestion_gcs_dag.py
[2022-01-30 09:22:14,299] {processor.py:642} INFO - Processing file /opt/airflow/dags/data_ingestion_gcs_dag.py for tasks to queue
[2022-01-30 09:22:14,300] {logging_mixin.py:109} INFO - [2022-01-30 09:22:14,299] {dagbag.py:500} INFO - Filling up the DagBag from /opt/airflow/dags/data_ingestion_gcs_dag.py
[2022-01-30 09:22:15,233] {processor.py:654} INFO - DAG(s) dict_keys(['data_ingestion_gcs_dag']) retrieved from /opt/airflow/dags/data_ingestion_gcs_dag.py
[2022-01-30 09:22:15,241] {logging_mixin.py:109} INFO - [2022-01-30 09:22:15,241] {dag.py:2396} INFO - Sync 1 DAGs
[2022-01-30 09:22:15,256] {logging_mixin.py:109} INFO - [2022-01-30 09:22:15,255] {dag.py:2935} INFO - Setting next_dagrun for data_ingestion_gcs_dag to 2022-01-29 00:00:00+00:00
[2022-01-30 09:22:15,264] {processor.py:171} INFO - Processing /opt/airflow/dags/data_ingestion_gcs_dag.py took 0.977 seconds
[2022-01-30 09:22:45,389] {processor.py:163} INFO - Started process (PID=236) to work on /opt/airflow/dags/data_ingestion_gcs_dag.py
[2022-01-30 09:22:45,391] {processor.py:642} INFO - Processing file /opt/airflow/dags/data_ingestion_gcs_dag.py for tasks to queue
[2022-01-30 09:22:45,392] {logging_mixin.py:109} INFO - [2022-01-30 09:22:45,392] {dagbag.py:500} INFO - Filling up the DagBag from /opt/airflow/dags/data_ingestion_gcs_dag.py
[2022-01-30 09:22:46,192] {processor.py:654} INFO - DAG(s) dict_keys(['data_ingestion_gcs_dag']) retrieved from /opt/airflow/dags/data_ingestion_gcs_dag.py
[2022-01-30 09:22:46,201] {logging_mixin.py:109} INFO - [2022-01-30 09:22:46,201] {dag.py:2396} INFO - Sync 1 DAGs
[2022-01-30 09:22:46,217] {logging_mixin.py:109} INFO - [2022-01-30 09:22:46,216] {dag.py:2935} INFO - Setting next_dagrun for data_ingestion_gcs_dag to 2022-01-29 00:00:00+00:00
[2022-01-30 09:22:46,225] {processor.py:171} INFO - Processing /opt/airflow/dags/data_ingestion_gcs_dag.py took 0.841 seconds
[2022-01-30 09:23:16,320] {processor.py:163} INFO - Started process (PID=273) to work on /opt/airflow/dags/data_ingestion_gcs_dag.py
[2022-01-30 09:23:16,323] {processor.py:642} INFO - Processing file /opt/airflow/dags/data_ingestion_gcs_dag.py for tasks to queue
[2022-01-30 09:23:16,324] {logging_mixin.py:109} INFO - [2022-01-30 09:23:16,324] {dagbag.py:500} INFO - Filling up the DagBag from /opt/airflow/dags/data_ingestion_gcs_dag.py
[2022-01-30 09:23:17,284] {processor.py:654} INFO - DAG(s) dict_keys(['data_ingestion_gcs_dag']) retrieved from /opt/airflow/dags/data_ingestion_gcs_dag.py
[2022-01-30 09:23:17,293] {logging_mixin.py:109} INFO - [2022-01-30 09:23:17,292] {dag.py:2396} INFO - Sync 1 DAGs
[2022-01-30 09:23:17,308] {logging_mixin.py:109} INFO - [2022-01-30 09:23:17,308] {dag.py:2935} INFO - Setting next_dagrun for data_ingestion_gcs_dag to 2022-01-29 00:00:00+00:00
[2022-01-30 09:23:17,317] {processor.py:171} INFO - Processing /opt/airflow/dags/data_ingestion_gcs_dag.py took 1.002 seconds
[2022-01-30 09:25:07,477] {processor.py:163} INFO - Started process (PID=43) to work on /opt/airflow/dags/data_ingestion_gcs_dag.py
[2022-01-30 09:25:07,495] {processor.py:642} INFO - Processing file /opt/airflow/dags/data_ingestion_gcs_dag.py for tasks to queue
[2022-01-30 09:25:07,497] {logging_mixin.py:109} INFO - [2022-01-30 09:25:07,497] {dagbag.py:500} INFO - Filling up the DagBag from /opt/airflow/dags/data_ingestion_gcs_dag.py
[2022-01-30 09:25:12,365] {processor.py:654} INFO - DAG(s) dict_keys(['data_ingestion_gcs_dag']) retrieved from /opt/airflow/dags/data_ingestion_gcs_dag.py
[2022-01-30 09:25:12,378] {logging_mixin.py:109} INFO - [2022-01-30 09:25:12,378] {dag.py:2396} INFO - Sync 1 DAGs
[2022-01-30 09:25:12,405] {logging_mixin.py:109} INFO - [2022-01-30 09:25:12,405] {dag.py:2935} INFO - Setting next_dagrun for data_ingestion_gcs_dag to 2022-01-29 00:00:00+00:00
[2022-01-30 09:25:12,419] {processor.py:171} INFO - Processing /opt/airflow/dags/data_ingestion_gcs_dag.py took 4.956 seconds
[2022-01-30 09:25:42,526] {processor.py:163} INFO - Started process (PID=76) to work on /opt/airflow/dags/data_ingestion_gcs_dag.py
[2022-01-30 09:25:42,535] {processor.py:642} INFO - Processing file /opt/airflow/dags/data_ingestion_gcs_dag.py for tasks to queue
[2022-01-30 09:25:42,536] {logging_mixin.py:109} INFO - [2022-01-30 09:25:42,536] {dagbag.py:500} INFO - Filling up the DagBag from /opt/airflow/dags/data_ingestion_gcs_dag.py
[2022-01-30 09:25:43,403] {processor.py:654} INFO - DAG(s) dict_keys(['data_ingestion_gcs_dag']) retrieved from /opt/airflow/dags/data_ingestion_gcs_dag.py
[2022-01-30 09:25:43,412] {logging_mixin.py:109} INFO - [2022-01-30 09:25:43,412] {dag.py:2396} INFO - Sync 1 DAGs
[2022-01-30 09:25:43,427] {logging_mixin.py:109} INFO - [2022-01-30 09:25:43,427] {dag.py:2935} INFO - Setting next_dagrun for data_ingestion_gcs_dag to 2022-01-29 00:00:00+00:00
[2022-01-30 09:25:43,437] {processor.py:171} INFO - Processing /opt/airflow/dags/data_ingestion_gcs_dag.py took 0.916 seconds
[2022-01-30 09:26:13,532] {processor.py:163} INFO - Started process (PID=111) to work on /opt/airflow/dags/data_ingestion_gcs_dag.py
[2022-01-30 09:26:13,534] {processor.py:642} INFO - Processing file /opt/airflow/dags/data_ingestion_gcs_dag.py for tasks to queue
[2022-01-30 09:26:13,535] {logging_mixin.py:109} INFO - [2022-01-30 09:26:13,535] {dagbag.py:500} INFO - Filling up the DagBag from /opt/airflow/dags/data_ingestion_gcs_dag.py
[2022-01-30 09:26:14,659] {processor.py:654} INFO - DAG(s) dict_keys(['data_ingestion_gcs_dag']) retrieved from /opt/airflow/dags/data_ingestion_gcs_dag.py
[2022-01-30 09:26:14,673] {logging_mixin.py:109} INFO - [2022-01-30 09:26:14,672] {dag.py:2396} INFO - Sync 1 DAGs
[2022-01-30 09:26:14,705] {processor.py:171} INFO - Processing /opt/airflow/dags/data_ingestion_gcs_dag.py took 1.178 seconds
[2022-01-30 09:26:44,845] {processor.py:163} INFO - Started process (PID=134) to work on /opt/airflow/dags/data_ingestion_gcs_dag.py
[2022-01-30 09:26:44,851] {processor.py:642} INFO - Processing file /opt/airflow/dags/data_ingestion_gcs_dag.py for tasks to queue
[2022-01-30 09:26:44,852] {logging_mixin.py:109} INFO - [2022-01-30 09:26:44,852] {dagbag.py:500} INFO - Filling up the DagBag from /opt/airflow/dags/data_ingestion_gcs_dag.py
[2022-01-30 09:26:45,885] {processor.py:654} INFO - DAG(s) dict_keys(['data_ingestion_gcs_dag']) retrieved from /opt/airflow/dags/data_ingestion_gcs_dag.py
[2022-01-30 09:26:45,894] {logging_mixin.py:109} INFO - [2022-01-30 09:26:45,894] {dag.py:2396} INFO - Sync 1 DAGs
[2022-01-30 09:26:45,918] {processor.py:171} INFO - Processing /opt/airflow/dags/data_ingestion_gcs_dag.py took 1.078 seconds
[2022-01-30 09:27:15,958] {processor.py:163} INFO - Started process (PID=169) to work on /opt/airflow/dags/data_ingestion_gcs_dag.py
[2022-01-30 09:27:15,959] {processor.py:642} INFO - Processing file /opt/airflow/dags/data_ingestion_gcs_dag.py for tasks to queue
[2022-01-30 09:27:15,960] {logging_mixin.py:109} INFO - [2022-01-30 09:27:15,960] {dagbag.py:500} INFO - Filling up the DagBag from /opt/airflow/dags/data_ingestion_gcs_dag.py
[2022-01-30 09:27:16,957] {processor.py:654} INFO - DAG(s) dict_keys(['data_ingestion_gcs_dag']) retrieved from /opt/airflow/dags/data_ingestion_gcs_dag.py
[2022-01-30 09:27:16,966] {logging_mixin.py:109} INFO - [2022-01-30 09:27:16,966] {dag.py:2396} INFO - Sync 1 DAGs
[2022-01-30 09:27:16,990] {processor.py:171} INFO - Processing /opt/airflow/dags/data_ingestion_gcs_dag.py took 1.037 seconds
[2022-01-30 09:27:47,111] {processor.py:163} INFO - Started process (PID=202) to work on /opt/airflow/dags/data_ingestion_gcs_dag.py
[2022-01-30 09:27:47,116] {processor.py:642} INFO - Processing file /opt/airflow/dags/data_ingestion_gcs_dag.py for tasks to queue
[2022-01-30 09:27:47,117] {logging_mixin.py:109} INFO - [2022-01-30 09:27:47,117] {dagbag.py:500} INFO - Filling up the DagBag from /opt/airflow/dags/data_ingestion_gcs_dag.py
[2022-01-30 09:27:48,054] {processor.py:654} INFO - DAG(s) dict_keys(['data_ingestion_gcs_dag']) retrieved from /opt/airflow/dags/data_ingestion_gcs_dag.py
[2022-01-30 09:27:48,065] {logging_mixin.py:109} INFO - [2022-01-30 09:27:48,065] {dag.py:2396} INFO - Sync 1 DAGs
[2022-01-30 09:27:48,090] {processor.py:171} INFO - Processing /opt/airflow/dags/data_ingestion_gcs_dag.py took 0.984 seconds
[2022-01-30 09:28:18,238] {processor.py:163} INFO - Started process (PID=229) to work on /opt/airflow/dags/data_ingestion_gcs_dag.py
[2022-01-30 09:28:18,240] {processor.py:642} INFO - Processing file /opt/airflow/dags/data_ingestion_gcs_dag.py for tasks to queue
[2022-01-30 09:28:18,240] {logging_mixin.py:109} INFO - [2022-01-30 09:28:18,240] {dagbag.py:500} INFO - Filling up the DagBag from /opt/airflow/dags/data_ingestion_gcs_dag.py
[2022-01-30 09:28:19,138] {processor.py:654} INFO - DAG(s) dict_keys(['data_ingestion_gcs_dag']) retrieved from /opt/airflow/dags/data_ingestion_gcs_dag.py
[2022-01-30 09:28:19,148] {logging_mixin.py:109} INFO - [2022-01-30 09:28:19,147] {dag.py:2396} INFO - Sync 1 DAGs
[2022-01-30 09:28:19,170] {processor.py:171} INFO - Processing /opt/airflow/dags/data_ingestion_gcs_dag.py took 0.937 seconds
[2022-01-30 09:28:49,276] {processor.py:163} INFO - Started process (PID=266) to work on /opt/airflow/dags/data_ingestion_gcs_dag.py
[2022-01-30 09:28:49,282] {processor.py:642} INFO - Processing file /opt/airflow/dags/data_ingestion_gcs_dag.py for tasks to queue
[2022-01-30 09:28:49,283] {logging_mixin.py:109} INFO - [2022-01-30 09:28:49,283] {dagbag.py:500} INFO - Filling up the DagBag from /opt/airflow/dags/data_ingestion_gcs_dag.py
[2022-01-30 09:28:50,253] {processor.py:654} INFO - DAG(s) dict_keys(['data_ingestion_gcs_dag']) retrieved from /opt/airflow/dags/data_ingestion_gcs_dag.py
[2022-01-30 09:28:50,262] {logging_mixin.py:109} INFO - [2022-01-30 09:28:50,262] {dag.py:2396} INFO - Sync 1 DAGs
[2022-01-30 09:28:50,286] {processor.py:171} INFO - Processing /opt/airflow/dags/data_ingestion_gcs_dag.py took 1.016 seconds
[2022-01-30 09:29:20,379] {processor.py:163} INFO - Started process (PID=299) to work on /opt/airflow/dags/data_ingestion_gcs_dag.py
[2022-01-30 09:29:20,381] {processor.py:642} INFO - Processing file /opt/airflow/dags/data_ingestion_gcs_dag.py for tasks to queue
[2022-01-30 09:29:20,382] {logging_mixin.py:109} INFO - [2022-01-30 09:29:20,382] {dagbag.py:500} INFO - Filling up the DagBag from /opt/airflow/dags/data_ingestion_gcs_dag.py
[2022-01-30 09:29:21,290] {processor.py:654} INFO - DAG(s) dict_keys(['data_ingestion_gcs_dag']) retrieved from /opt/airflow/dags/data_ingestion_gcs_dag.py
[2022-01-30 09:29:21,299] {logging_mixin.py:109} INFO - [2022-01-30 09:29:21,299] {dag.py:2396} INFO - Sync 1 DAGs
[2022-01-30 09:29:21,322] {processor.py:171} INFO - Processing /opt/airflow/dags/data_ingestion_gcs_dag.py took 0.948 seconds
[2022-01-30 09:29:51,415] {processor.py:163} INFO - Started process (PID=323) to work on /opt/airflow/dags/data_ingestion_gcs_dag.py
[2022-01-30 09:29:51,417] {processor.py:642} INFO - Processing file /opt/airflow/dags/data_ingestion_gcs_dag.py for tasks to queue
[2022-01-30 09:29:51,418] {logging_mixin.py:109} INFO - [2022-01-30 09:29:51,418] {dagbag.py:500} INFO - Filling up the DagBag from /opt/airflow/dags/data_ingestion_gcs_dag.py
[2022-01-30 09:29:52,243] {processor.py:654} INFO - DAG(s) dict_keys(['data_ingestion_gcs_dag']) retrieved from /opt/airflow/dags/data_ingestion_gcs_dag.py
[2022-01-30 09:29:52,252] {logging_mixin.py:109} INFO - [2022-01-30 09:29:52,252] {dag.py:2396} INFO - Sync 1 DAGs
[2022-01-30 09:29:52,276] {processor.py:171} INFO - Processing /opt/airflow/dags/data_ingestion_gcs_dag.py took 0.865 seconds
[2022-01-30 09:30:22,365] {processor.py:163} INFO - Started process (PID=358) to work on /opt/airflow/dags/data_ingestion_gcs_dag.py
[2022-01-30 09:30:22,367] {processor.py:642} INFO - Processing file /opt/airflow/dags/data_ingestion_gcs_dag.py for tasks to queue
[2022-01-30 09:30:22,368] {logging_mixin.py:109} INFO - [2022-01-30 09:30:22,368] {dagbag.py:500} INFO - Filling up the DagBag from /opt/airflow/dags/data_ingestion_gcs_dag.py
[2022-01-30 09:30:23,203] {processor.py:654} INFO - DAG(s) dict_keys(['data_ingestion_gcs_dag']) retrieved from /opt/airflow/dags/data_ingestion_gcs_dag.py
[2022-01-30 09:30:23,213] {logging_mixin.py:109} INFO - [2022-01-30 09:30:23,212] {dag.py:2396} INFO - Sync 1 DAGs
[2022-01-30 09:30:23,236] {processor.py:171} INFO - Processing /opt/airflow/dags/data_ingestion_gcs_dag.py took 0.876 seconds
[2022-01-30 09:30:53,320] {processor.py:163} INFO - Started process (PID=393) to work on /opt/airflow/dags/data_ingestion_gcs_dag.py
[2022-01-30 09:30:53,322] {processor.py:642} INFO - Processing file /opt/airflow/dags/data_ingestion_gcs_dag.py for tasks to queue
[2022-01-30 09:30:53,323] {logging_mixin.py:109} INFO - [2022-01-30 09:30:53,322] {dagbag.py:500} INFO - Filling up the DagBag from /opt/airflow/dags/data_ingestion_gcs_dag.py
[2022-01-30 09:30:54,151] {processor.py:654} INFO - DAG(s) dict_keys(['data_ingestion_gcs_dag']) retrieved from /opt/airflow/dags/data_ingestion_gcs_dag.py
[2022-01-30 09:30:54,160] {logging_mixin.py:109} INFO - [2022-01-30 09:30:54,159] {dag.py:2396} INFO - Sync 1 DAGs
[2022-01-30 09:30:54,185] {processor.py:171} INFO - Processing /opt/airflow/dags/data_ingestion_gcs_dag.py took 0.869 seconds
[2022-01-30 09:31:24,270] {processor.py:163} INFO - Started process (PID=417) to work on /opt/airflow/dags/data_ingestion_gcs_dag.py
[2022-01-30 09:31:24,273] {processor.py:642} INFO - Processing file /opt/airflow/dags/data_ingestion_gcs_dag.py for tasks to queue
[2022-01-30 09:31:24,274] {logging_mixin.py:109} INFO - [2022-01-30 09:31:24,273] {dagbag.py:500} INFO - Filling up the DagBag from /opt/airflow/dags/data_ingestion_gcs_dag.py
[2022-01-30 09:31:25,140] {processor.py:654} INFO - DAG(s) dict_keys(['data_ingestion_gcs_dag']) retrieved from /opt/airflow/dags/data_ingestion_gcs_dag.py
[2022-01-30 09:31:25,149] {logging_mixin.py:109} INFO - [2022-01-30 09:31:25,149] {dag.py:2396} INFO - Sync 1 DAGs
[2022-01-30 09:31:25,173] {processor.py:171} INFO - Processing /opt/airflow/dags/data_ingestion_gcs_dag.py took 0.909 seconds
[2022-01-30 09:31:55,260] {processor.py:163} INFO - Started process (PID=453) to work on /opt/airflow/dags/data_ingestion_gcs_dag.py
[2022-01-30 09:31:55,264] {processor.py:642} INFO - Processing file /opt/airflow/dags/data_ingestion_gcs_dag.py for tasks to queue
[2022-01-30 09:31:55,265] {logging_mixin.py:109} INFO - [2022-01-30 09:31:55,265] {dagbag.py:500} INFO - Filling up the DagBag from /opt/airflow/dags/data_ingestion_gcs_dag.py
[2022-01-30 09:31:56,167] {processor.py:654} INFO - DAG(s) dict_keys(['data_ingestion_gcs_dag']) retrieved from /opt/airflow/dags/data_ingestion_gcs_dag.py
[2022-01-30 09:31:56,176] {logging_mixin.py:109} INFO - [2022-01-30 09:31:56,176] {dag.py:2396} INFO - Sync 1 DAGs
[2022-01-30 09:31:56,202] {processor.py:171} INFO - Processing /opt/airflow/dags/data_ingestion_gcs_dag.py took 0.946 seconds
[2022-01-30 09:34:20,529] {processor.py:163} INFO - Started process (PID=43) to work on /opt/airflow/dags/data_ingestion_gcs_dag.py
[2022-01-30 09:34:20,539] {processor.py:642} INFO - Processing file /opt/airflow/dags/data_ingestion_gcs_dag.py for tasks to queue
[2022-01-30 09:34:20,552] {logging_mixin.py:109} INFO - [2022-01-30 09:34:20,541] {dagbag.py:500} INFO - Filling up the DagBag from /opt/airflow/dags/data_ingestion_gcs_dag.py
[2022-01-30 09:34:25,409] {processor.py:654} INFO - DAG(s) dict_keys(['data_ingestion_gcs_dag']) retrieved from /opt/airflow/dags/data_ingestion_gcs_dag.py
[2022-01-30 09:34:26,355] {logging_mixin.py:109} INFO - [2022-01-30 09:34:26,354] {dag.py:2396} INFO - Sync 1 DAGs
[2022-01-30 09:34:26,395] {processor.py:171} INFO - Processing /opt/airflow/dags/data_ingestion_gcs_dag.py took 5.891 seconds
[2022-01-30 09:34:56,490] {processor.py:163} INFO - Started process (PID=73) to work on /opt/airflow/dags/data_ingestion_gcs_dag.py
[2022-01-30 09:34:56,498] {processor.py:642} INFO - Processing file /opt/airflow/dags/data_ingestion_gcs_dag.py for tasks to queue
[2022-01-30 09:34:56,499] {logging_mixin.py:109} INFO - [2022-01-30 09:34:56,499] {dagbag.py:500} INFO - Filling up the DagBag from /opt/airflow/dags/data_ingestion_gcs_dag.py
[2022-01-30 09:34:57,395] {processor.py:654} INFO - DAG(s) dict_keys(['data_ingestion_gcs_dag']) retrieved from /opt/airflow/dags/data_ingestion_gcs_dag.py
[2022-01-30 09:34:57,406] {logging_mixin.py:109} INFO - [2022-01-30 09:34:57,406] {dag.py:2396} INFO - Sync 1 DAGs
[2022-01-30 09:34:57,434] {processor.py:171} INFO - Processing /opt/airflow/dags/data_ingestion_gcs_dag.py took 0.949 seconds
[2022-01-30 09:35:27,526] {processor.py:163} INFO - Started process (PID=109) to work on /opt/airflow/dags/data_ingestion_gcs_dag.py
[2022-01-30 09:35:27,528] {processor.py:642} INFO - Processing file /opt/airflow/dags/data_ingestion_gcs_dag.py for tasks to queue
[2022-01-30 09:35:27,529] {logging_mixin.py:109} INFO - [2022-01-30 09:35:27,529] {dagbag.py:500} INFO - Filling up the DagBag from /opt/airflow/dags/data_ingestion_gcs_dag.py
[2022-01-30 09:35:28,386] {processor.py:654} INFO - DAG(s) dict_keys(['data_ingestion_gcs_dag']) retrieved from /opt/airflow/dags/data_ingestion_gcs_dag.py
[2022-01-30 09:35:28,396] {logging_mixin.py:109} INFO - [2022-01-30 09:35:28,396] {dag.py:2396} INFO - Sync 1 DAGs
[2022-01-30 09:35:28,426] {processor.py:171} INFO - Processing /opt/airflow/dags/data_ingestion_gcs_dag.py took 0.904 seconds
[2022-01-30 09:35:58,510] {processor.py:163} INFO - Started process (PID=134) to work on /opt/airflow/dags/data_ingestion_gcs_dag.py
[2022-01-30 09:35:58,512] {processor.py:642} INFO - Processing file /opt/airflow/dags/data_ingestion_gcs_dag.py for tasks to queue
[2022-01-30 09:35:58,513] {logging_mixin.py:109} INFO - [2022-01-30 09:35:58,512] {dagbag.py:500} INFO - Filling up the DagBag from /opt/airflow/dags/data_ingestion_gcs_dag.py
[2022-01-30 09:35:59,738] {processor.py:654} INFO - DAG(s) dict_keys(['data_ingestion_gcs_dag']) retrieved from /opt/airflow/dags/data_ingestion_gcs_dag.py
[2022-01-30 09:35:59,748] {logging_mixin.py:109} INFO - [2022-01-30 09:35:59,747] {dag.py:2396} INFO - Sync 1 DAGs
[2022-01-30 09:35:59,773] {processor.py:171} INFO - Processing /opt/airflow/dags/data_ingestion_gcs_dag.py took 1.268 seconds
[2022-01-30 09:36:29,864] {processor.py:163} INFO - Started process (PID=168) to work on /opt/airflow/dags/data_ingestion_gcs_dag.py
[2022-01-30 09:36:29,865] {processor.py:642} INFO - Processing file /opt/airflow/dags/data_ingestion_gcs_dag.py for tasks to queue
[2022-01-30 09:36:29,866] {logging_mixin.py:109} INFO - [2022-01-30 09:36:29,866] {dagbag.py:500} INFO - Filling up the DagBag from /opt/airflow/dags/data_ingestion_gcs_dag.py
[2022-01-30 09:36:30,870] {processor.py:654} INFO - DAG(s) dict_keys(['data_ingestion_gcs_dag']) retrieved from /opt/airflow/dags/data_ingestion_gcs_dag.py
[2022-01-30 09:36:30,882] {logging_mixin.py:109} INFO - [2022-01-30 09:36:30,882] {dag.py:2396} INFO - Sync 1 DAGs
[2022-01-30 09:36:30,910] {processor.py:171} INFO - Processing /opt/airflow/dags/data_ingestion_gcs_dag.py took 1.051 seconds
[2022-01-30 09:37:00,973] {processor.py:163} INFO - Started process (PID=202) to work on /opt/airflow/dags/data_ingestion_gcs_dag.py
[2022-01-30 09:37:00,975] {processor.py:642} INFO - Processing file /opt/airflow/dags/data_ingestion_gcs_dag.py for tasks to queue
[2022-01-30 09:37:00,976] {logging_mixin.py:109} INFO - [2022-01-30 09:37:00,976] {dagbag.py:500} INFO - Filling up the DagBag from /opt/airflow/dags/data_ingestion_gcs_dag.py
[2022-01-30 09:37:01,936] {processor.py:654} INFO - DAG(s) dict_keys(['data_ingestion_gcs_dag']) retrieved from /opt/airflow/dags/data_ingestion_gcs_dag.py
[2022-01-30 09:37:01,945] {logging_mixin.py:109} INFO - [2022-01-30 09:37:01,945] {dag.py:2396} INFO - Sync 1 DAGs
[2022-01-30 09:37:01,972] {logging_mixin.py:109} INFO - [2022-01-30 09:37:01,972] {dag.py:2935} INFO - Setting next_dagrun for data_ingestion_gcs_dag to 2022-01-30T00:00:00+00:00
[2022-01-30 09:37:01,985] {processor.py:171} INFO - Processing /opt/airflow/dags/data_ingestion_gcs_dag.py took 1.017 seconds
[2022-01-30 09:37:32,104] {processor.py:163} INFO - Started process (PID=226) to work on /opt/airflow/dags/data_ingestion_gcs_dag.py
[2022-01-30 09:37:32,105] {processor.py:642} INFO - Processing file /opt/airflow/dags/data_ingestion_gcs_dag.py for tasks to queue
[2022-01-30 09:37:32,106] {logging_mixin.py:109} INFO - [2022-01-30 09:37:32,106] {dagbag.py:500} INFO - Filling up the DagBag from /opt/airflow/dags/data_ingestion_gcs_dag.py
[2022-01-30 09:37:33,004] {processor.py:654} INFO - DAG(s) dict_keys(['data_ingestion_gcs_dag']) retrieved from /opt/airflow/dags/data_ingestion_gcs_dag.py
[2022-01-30 09:37:33,015] {logging_mixin.py:109} INFO - [2022-01-30 09:37:33,014] {dag.py:2396} INFO - Sync 1 DAGs
[2022-01-30 09:37:33,034] {logging_mixin.py:109} INFO - [2022-01-30 09:37:33,034] {dag.py:2935} INFO - Setting next_dagrun for data_ingestion_gcs_dag to 2022-01-30T00:00:00+00:00
[2022-01-30 09:37:33,045] {processor.py:171} INFO - Processing /opt/airflow/dags/data_ingestion_gcs_dag.py took 0.946 seconds
[2022-01-30 09:38:03,143] {processor.py:163} INFO - Started process (PID=260) to work on /opt/airflow/dags/data_ingestion_gcs_dag.py
[2022-01-30 09:38:03,145] {processor.py:642} INFO - Processing file /opt/airflow/dags/data_ingestion_gcs_dag.py for tasks to queue
[2022-01-30 09:38:03,146] {logging_mixin.py:109} INFO - [2022-01-30 09:38:03,146] {dagbag.py:500} INFO - Filling up the DagBag from /opt/airflow/dags/data_ingestion_gcs_dag.py
[2022-01-30 09:38:04,145] {processor.py:654} INFO - DAG(s) dict_keys(['data_ingestion_gcs_dag']) retrieved from /opt/airflow/dags/data_ingestion_gcs_dag.py
[2022-01-30 09:38:04,155] {logging_mixin.py:109} INFO - [2022-01-30 09:38:04,154] {dag.py:2396} INFO - Sync 1 DAGs
[2022-01-30 09:38:04,171] {logging_mixin.py:109} INFO - [2022-01-30 09:38:04,171] {dag.py:2935} INFO - Setting next_dagrun for data_ingestion_gcs_dag to 2022-01-30T00:00:00+00:00
[2022-01-30 09:38:04,181] {processor.py:171} INFO - Processing /opt/airflow/dags/data_ingestion_gcs_dag.py took 1.043 seconds
[2022-01-30 09:38:34,300] {processor.py:163} INFO - Started process (PID=293) to work on /opt/airflow/dags/data_ingestion_gcs_dag.py
[2022-01-30 09:38:34,306] {processor.py:642} INFO - Processing file /opt/airflow/dags/data_ingestion_gcs_dag.py for tasks to queue
[2022-01-30 09:38:34,307] {logging_mixin.py:109} INFO - [2022-01-30 09:38:34,307] {dagbag.py:500} INFO - Filling up the DagBag from /opt/airflow/dags/data_ingestion_gcs_dag.py
[2022-01-30 09:38:35,260] {processor.py:654} INFO - DAG(s) dict_keys(['data_ingestion_gcs_dag']) retrieved from /opt/airflow/dags/data_ingestion_gcs_dag.py
[2022-01-30 09:38:35,270] {logging_mixin.py:109} INFO - [2022-01-30 09:38:35,269] {dag.py:2396} INFO - Sync 1 DAGs
[2022-01-30 09:38:35,286] {logging_mixin.py:109} INFO - [2022-01-30 09:38:35,286] {dag.py:2935} INFO - Setting next_dagrun for data_ingestion_gcs_dag to 2022-01-30T00:00:00+00:00
[2022-01-30 09:38:35,298] {processor.py:171} INFO - Processing /opt/airflow/dags/data_ingestion_gcs_dag.py took 1.003 seconds
[2022-01-30 09:39:05,415] {processor.py:163} INFO - Started process (PID=319) to work on /opt/airflow/dags/data_ingestion_gcs_dag.py
[2022-01-30 09:39:05,419] {processor.py:642} INFO - Processing file /opt/airflow/dags/data_ingestion_gcs_dag.py for tasks to queue
[2022-01-30 09:39:05,420] {logging_mixin.py:109} INFO - [2022-01-30 09:39:05,420] {dagbag.py:500} INFO - Filling up the DagBag from /opt/airflow/dags/data_ingestion_gcs_dag.py
[2022-01-30 09:39:06,270] {processor.py:654} INFO - DAG(s) dict_keys(['data_ingestion_gcs_dag']) retrieved from /opt/airflow/dags/data_ingestion_gcs_dag.py
[2022-01-30 09:39:06,280] {logging_mixin.py:109} INFO - [2022-01-30 09:39:06,279] {dag.py:2396} INFO - Sync 1 DAGs
[2022-01-30 09:39:06,295] {logging_mixin.py:109} INFO - [2022-01-30 09:39:06,295] {dag.py:2935} INFO - Setting next_dagrun for data_ingestion_gcs_dag to 2022-01-30T00:00:00+00:00
[2022-01-30 09:39:06,305] {processor.py:171} INFO - Processing /opt/airflow/dags/data_ingestion_gcs_dag.py took 0.895 seconds
[2022-01-30 09:39:36,401] {processor.py:163} INFO - Started process (PID=353) to work on /opt/airflow/dags/data_ingestion_gcs_dag.py
[2022-01-30 09:39:36,407] {processor.py:642} INFO - Processing file /opt/airflow/dags/data_ingestion_gcs_dag.py for tasks to queue
[2022-01-30 09:39:36,408] {logging_mixin.py:109} INFO - [2022-01-30 09:39:36,408] {dagbag.py:500} INFO - Filling up the DagBag from /opt/airflow/dags/data_ingestion_gcs_dag.py
[2022-01-30 09:39:37,407] {processor.py:654} INFO - DAG(s) dict_keys(['data_ingestion_gcs_dag']) retrieved from /opt/airflow/dags/data_ingestion_gcs_dag.py
[2022-01-30 09:39:37,419] {logging_mixin.py:109} INFO - [2022-01-30 09:39:37,419] {dag.py:2396} INFO - Sync 1 DAGs
[2022-01-30 09:39:37,443] {logging_mixin.py:109} INFO - [2022-01-30 09:39:37,443] {dag.py:2935} INFO - Setting next_dagrun for data_ingestion_gcs_dag to 2022-01-30T00:00:00+00:00
[2022-01-30 09:39:37,457] {processor.py:171} INFO - Processing /opt/airflow/dags/data_ingestion_gcs_dag.py took 1.062 seconds
[2022-01-30 09:40:07,513] {processor.py:163} INFO - Started process (PID=388) to work on /opt/airflow/dags/data_ingestion_gcs_dag.py
[2022-01-30 09:40:07,516] {processor.py:642} INFO - Processing file /opt/airflow/dags/data_ingestion_gcs_dag.py for tasks to queue
[2022-01-30 09:40:07,517] {logging_mixin.py:109} INFO - [2022-01-30 09:40:07,517] {dagbag.py:500} INFO - Filling up the DagBag from /opt/airflow/dags/data_ingestion_gcs_dag.py
[2022-01-30 09:40:08,404] {processor.py:654} INFO - DAG(s) dict_keys(['data_ingestion_gcs_dag']) retrieved from /opt/airflow/dags/data_ingestion_gcs_dag.py
[2022-01-30 09:40:08,415] {logging_mixin.py:109} INFO - [2022-01-30 09:40:08,414] {dag.py:2396} INFO - Sync 1 DAGs
[2022-01-30 09:40:08,433] {logging_mixin.py:109} INFO - [2022-01-30 09:40:08,433] {dag.py:2935} INFO - Setting next_dagrun for data_ingestion_gcs_dag to 2022-01-30T00:00:00+00:00
[2022-01-30 09:40:08,444] {processor.py:171} INFO - Processing /opt/airflow/dags/data_ingestion_gcs_dag.py took 0.936 seconds
[2022-01-30 09:40:38,546] {processor.py:163} INFO - Started process (PID=412) to work on /opt/airflow/dags/data_ingestion_gcs_dag.py
[2022-01-30 09:40:38,547] {processor.py:642} INFO - Processing file /opt/airflow/dags/data_ingestion_gcs_dag.py for tasks to queue
[2022-01-30 09:40:38,548] {logging_mixin.py:109} INFO - [2022-01-30 09:40:38,548] {dagbag.py:500} INFO - Filling up the DagBag from /opt/airflow/dags/data_ingestion_gcs_dag.py
[2022-01-30 09:40:39,423] {processor.py:654} INFO - DAG(s) dict_keys(['data_ingestion_gcs_dag']) retrieved from /opt/airflow/dags/data_ingestion_gcs_dag.py
[2022-01-30 09:40:39,433] {logging_mixin.py:109} INFO - [2022-01-30 09:40:39,433] {dag.py:2396} INFO - Sync 1 DAGs
[2022-01-30 09:40:39,452] {logging_mixin.py:109} INFO - [2022-01-30 09:40:39,451] {dag.py:2935} INFO - Setting next_dagrun for data_ingestion_gcs_dag to 2022-01-30T00:00:00+00:00
[2022-01-30 09:40:39,461] {processor.py:171} INFO - Processing /opt/airflow/dags/data_ingestion_gcs_dag.py took 0.921 seconds
[2022-01-30 09:41:09,555] {processor.py:163} INFO - Started process (PID=448) to work on /opt/airflow/dags/data_ingestion_gcs_dag.py
[2022-01-30 09:41:09,559] {processor.py:642} INFO - Processing file /opt/airflow/dags/data_ingestion_gcs_dag.py for tasks to queue
[2022-01-30 09:41:09,560] {logging_mixin.py:109} INFO - [2022-01-30 09:41:09,560] {dagbag.py:500} INFO - Filling up the DagBag from /opt/airflow/dags/data_ingestion_gcs_dag.py
[2022-01-30 09:41:10,551] {processor.py:654} INFO - DAG(s) dict_keys(['data_ingestion_gcs_dag']) retrieved from /opt/airflow/dags/data_ingestion_gcs_dag.py
[2022-01-30 09:41:10,562] {logging_mixin.py:109} INFO - [2022-01-30 09:41:10,561] {dag.py:2396} INFO - Sync 1 DAGs
[2022-01-30 09:41:10,582] {logging_mixin.py:109} INFO - [2022-01-30 09:41:10,582] {dag.py:2935} INFO - Setting next_dagrun for data_ingestion_gcs_dag to 2022-01-30T00:00:00+00:00
[2022-01-30 09:41:10,592] {processor.py:171} INFO - Processing /opt/airflow/dags/data_ingestion_gcs_dag.py took 1.042 seconds
[2022-01-30 09:41:40,670] {processor.py:163} INFO - Started process (PID=481) to work on /opt/airflow/dags/data_ingestion_gcs_dag.py
[2022-01-30 09:41:40,672] {processor.py:642} INFO - Processing file /opt/airflow/dags/data_ingestion_gcs_dag.py for tasks to queue
[2022-01-30 09:41:40,673] {logging_mixin.py:109} INFO - [2022-01-30 09:41:40,672] {dagbag.py:500} INFO - Filling up the DagBag from /opt/airflow/dags/data_ingestion_gcs_dag.py
[2022-01-30 09:41:41,888] {processor.py:654} INFO - DAG(s) dict_keys(['data_ingestion_gcs_dag']) retrieved from /opt/airflow/dags/data_ingestion_gcs_dag.py
[2022-01-30 09:41:41,902] {logging_mixin.py:109} INFO - [2022-01-30 09:41:41,902] {dag.py:2396} INFO - Sync 1 DAGs
[2022-01-30 09:41:41,928] {logging_mixin.py:109} INFO - [2022-01-30 09:41:41,927] {dag.py:2935} INFO - Setting next_dagrun for data_ingestion_gcs_dag to 2022-01-30T00:00:00+00:00
[2022-01-30 09:41:41,941] {processor.py:171} INFO - Processing /opt/airflow/dags/data_ingestion_gcs_dag.py took 1.276 seconds
[2022-01-30 09:42:12,031] {processor.py:163} INFO - Started process (PID=506) to work on /opt/airflow/dags/data_ingestion_gcs_dag.py
[2022-01-30 09:42:12,035] {processor.py:642} INFO - Processing file /opt/airflow/dags/data_ingestion_gcs_dag.py for tasks to queue
[2022-01-30 09:42:12,036] {logging_mixin.py:109} INFO - [2022-01-30 09:42:12,036] {dagbag.py:500} INFO - Filling up the DagBag from /opt/airflow/dags/data_ingestion_gcs_dag.py
[2022-01-30 09:42:12,988] {processor.py:654} INFO - DAG(s) dict_keys(['data_ingestion_gcs_dag']) retrieved from /opt/airflow/dags/data_ingestion_gcs_dag.py
[2022-01-30 09:42:12,997] {logging_mixin.py:109} INFO - [2022-01-30 09:42:12,997] {dag.py:2396} INFO - Sync 1 DAGs
[2022-01-30 09:42:13,014] {logging_mixin.py:109} INFO - [2022-01-30 09:42:13,014] {dag.py:2935} INFO - Setting next_dagrun for data_ingestion_gcs_dag to 2022-01-30T00:00:00+00:00
[2022-01-30 09:42:13,024] {processor.py:171} INFO - Processing /opt/airflow/dags/data_ingestion_gcs_dag.py took 0.998 seconds
[2022-01-30 09:42:43,143] {processor.py:163} INFO - Started process (PID=537) to work on /opt/airflow/dags/data_ingestion_gcs_dag.py
[2022-01-30 09:42:43,146] {processor.py:642} INFO - Processing file /opt/airflow/dags/data_ingestion_gcs_dag.py for tasks to queue
[2022-01-30 09:42:43,147] {logging_mixin.py:109} INFO - [2022-01-30 09:42:43,147] {dagbag.py:500} INFO - Filling up the DagBag from /opt/airflow/dags/data_ingestion_gcs_dag.py
[2022-01-30 09:42:44,067] {processor.py:654} INFO - DAG(s) dict_keys(['data_ingestion_gcs_dag']) retrieved from /opt/airflow/dags/data_ingestion_gcs_dag.py
[2022-01-30 09:42:44,076] {logging_mixin.py:109} INFO - [2022-01-30 09:42:44,076] {dag.py:2396} INFO - Sync 1 DAGs
[2022-01-30 09:42:44,095] {logging_mixin.py:109} INFO - [2022-01-30 09:42:44,095] {dag.py:2935} INFO - Setting next_dagrun for data_ingestion_gcs_dag to 2022-01-30T00:00:00+00:00
[2022-01-30 09:42:44,105] {processor.py:171} INFO - Processing /opt/airflow/dags/data_ingestion_gcs_dag.py took 0.967 seconds
[2022-01-30 09:43:14,243] {processor.py:163} INFO - Started process (PID=564) to work on /opt/airflow/dags/data_ingestion_gcs_dag.py
[2022-01-30 09:43:14,244] {processor.py:642} INFO - Processing file /opt/airflow/dags/data_ingestion_gcs_dag.py for tasks to queue
[2022-01-30 09:43:14,246] {logging_mixin.py:109} INFO - [2022-01-30 09:43:14,245] {dagbag.py:500} INFO - Filling up the DagBag from /opt/airflow/dags/data_ingestion_gcs_dag.py
[2022-01-30 09:43:15,394] {processor.py:654} INFO - DAG(s) dict_keys(['data_ingestion_gcs_dag']) retrieved from /opt/airflow/dags/data_ingestion_gcs_dag.py
[2022-01-30 09:43:15,410] {logging_mixin.py:109} INFO - [2022-01-30 09:43:15,409] {dag.py:2396} INFO - Sync 1 DAGs
[2022-01-30 09:43:15,439] {logging_mixin.py:109} INFO - [2022-01-30 09:43:15,439] {dag.py:2935} INFO - Setting next_dagrun for data_ingestion_gcs_dag to 2022-01-30T00:00:00+00:00
[2022-01-30 09:43:15,453] {processor.py:171} INFO - Processing /opt/airflow/dags/data_ingestion_gcs_dag.py took 1.216 seconds
[2022-01-30 09:43:45,546] {processor.py:163} INFO - Started process (PID=601) to work on /opt/airflow/dags/data_ingestion_gcs_dag.py
[2022-01-30 09:43:45,550] {processor.py:642} INFO - Processing file /opt/airflow/dags/data_ingestion_gcs_dag.py for tasks to queue
[2022-01-30 09:43:45,551] {logging_mixin.py:109} INFO - [2022-01-30 09:43:45,551] {dagbag.py:500} INFO - Filling up the DagBag from /opt/airflow/dags/data_ingestion_gcs_dag.py
[2022-01-30 09:43:46,447] {processor.py:654} INFO - DAG(s) dict_keys(['data_ingestion_gcs_dag']) retrieved from /opt/airflow/dags/data_ingestion_gcs_dag.py
[2022-01-30 09:43:46,459] {logging_mixin.py:109} INFO - [2022-01-30 09:43:46,458] {dag.py:2396} INFO - Sync 1 DAGs
[2022-01-30 09:43:46,478] {logging_mixin.py:109} INFO - [2022-01-30 09:43:46,477] {dag.py:2935} INFO - Setting next_dagrun for data_ingestion_gcs_dag to 2022-01-30T00:00:00+00:00
[2022-01-30 09:43:46,489] {processor.py:171} INFO - Processing /opt/airflow/dags/data_ingestion_gcs_dag.py took 0.948 seconds
[2022-01-30 09:44:16,573] {processor.py:163} INFO - Started process (PID=636) to work on /opt/airflow/dags/data_ingestion_gcs_dag.py
[2022-01-30 09:44:16,578] {processor.py:642} INFO - Processing file /opt/airflow/dags/data_ingestion_gcs_dag.py for tasks to queue
[2022-01-30 09:44:16,579] {logging_mixin.py:109} INFO - [2022-01-30 09:44:16,579] {dagbag.py:500} INFO - Filling up the DagBag from /opt/airflow/dags/data_ingestion_gcs_dag.py
[2022-01-30 09:44:17,622] {processor.py:654} INFO - DAG(s) dict_keys(['data_ingestion_gcs_dag']) retrieved from /opt/airflow/dags/data_ingestion_gcs_dag.py
[2022-01-30 09:44:17,633] {logging_mixin.py:109} INFO - [2022-01-30 09:44:17,633] {dag.py:2396} INFO - Sync 1 DAGs
[2022-01-30 09:44:17,653] {logging_mixin.py:109} INFO - [2022-01-30 09:44:17,653] {dag.py:2935} INFO - Setting next_dagrun for data_ingestion_gcs_dag to 2022-01-30T00:00:00+00:00
[2022-01-30 09:44:17,664] {processor.py:171} INFO - Processing /opt/airflow/dags/data_ingestion_gcs_dag.py took 1.097 seconds
[2022-01-30 09:44:47,696] {processor.py:163} INFO - Started process (PID=660) to work on /opt/airflow/dags/data_ingestion_gcs_dag.py
[2022-01-30 09:44:47,698] {processor.py:642} INFO - Processing file /opt/airflow/dags/data_ingestion_gcs_dag.py for tasks to queue
[2022-01-30 09:44:47,699] {logging_mixin.py:109} INFO - [2022-01-30 09:44:47,699] {dagbag.py:500} INFO - Filling up the DagBag from /opt/airflow/dags/data_ingestion_gcs_dag.py
[2022-01-30 09:44:48,569] {processor.py:654} INFO - DAG(s) dict_keys(['data_ingestion_gcs_dag']) retrieved from /opt/airflow/dags/data_ingestion_gcs_dag.py
[2022-01-30 09:44:48,581] {logging_mixin.py:109} INFO - [2022-01-30 09:44:48,580] {dag.py:2396} INFO - Sync 1 DAGs
[2022-01-30 09:44:48,610] {logging_mixin.py:109} INFO - [2022-01-30 09:44:48,610] {dag.py:2935} INFO - Setting next_dagrun for data_ingestion_gcs_dag to 2022-01-30T00:00:00+00:00
[2022-01-30 09:44:48,625] {processor.py:171} INFO - Processing /opt/airflow/dags/data_ingestion_gcs_dag.py took 0.934 seconds
