[2022-01-30 11:59:54,299] {taskinstance.py:1032} INFO - Dependencies all met for <TaskInstance: Local_Ingestion_Dag.wget scheduled__2021-01-02T06:00:00+00:00 [queued]>
[2022-01-30 11:59:54,311] {taskinstance.py:1032} INFO - Dependencies all met for <TaskInstance: Local_Ingestion_Dag.wget scheduled__2021-01-02T06:00:00+00:00 [queued]>
[2022-01-30 11:59:54,311] {taskinstance.py:1238} INFO - 
--------------------------------------------------------------------------------
[2022-01-30 11:59:54,311] {taskinstance.py:1239} INFO - Starting attempt 2 of 2
[2022-01-30 11:59:54,311] {taskinstance.py:1240} INFO - 
--------------------------------------------------------------------------------
[2022-01-30 11:59:54,324] {taskinstance.py:1259} INFO - Executing <Task(BashOperator): wget> on 2021-01-02 06:00:00+00:00
[2022-01-30 11:59:54,329] {standard_task_runner.py:52} INFO - Started process 925 to run task
[2022-01-30 11:59:54,335] {standard_task_runner.py:76} INFO - Running: ['***', 'tasks', 'run', 'Local_Ingestion_Dag', 'wget', 'scheduled__2021-01-02T06:00:00+00:00', '--job-id', '55', '--raw', '--subdir', 'DAGS_FOLDER/data_ingestion_local.py', '--cfg-path', '/tmp/tmpoc053gro', '--error-file', '/tmp/tmpa1xlzfyz']
[2022-01-30 11:59:54,336] {standard_task_runner.py:77} INFO - Job 55: Subtask wget
[2022-01-30 11:59:54,402] {logging_mixin.py:109} INFO - Running <TaskInstance: Local_Ingestion_Dag.wget scheduled__2021-01-02T06:00:00+00:00 [running]> on host d85d2c4ca4f8
[2022-01-30 11:59:54,467] {taskinstance.py:1426} INFO - Exporting the following env vars:
AIRFLOW_CTX_DAG_OWNER=***
AIRFLOW_CTX_DAG_ID=Local_Ingestion_Dag
AIRFLOW_CTX_TASK_ID=wget
AIRFLOW_CTX_EXECUTION_DATE=2021-01-02T06:00:00+00:00
AIRFLOW_CTX_DAG_RUN_ID=scheduled__2021-01-02T06:00:00+00:00
[2022-01-30 11:59:54,468] {subprocess.py:62} INFO - Tmp dir root location: 
 /tmp
[2022-01-30 11:59:54,469] {subprocess.py:74} INFO - Running command: ['bash', '-c', 'curl -sSL https://s3.amazonaws.com/nyc-tlc/trip+data/yellow_tripdata_2021-01.csv > /opt/***/output.csv']
[2022-01-30 11:59:54,481] {subprocess.py:85} INFO - Output:
[2022-01-30 12:00:00,055] {subprocess.py:93} INFO - Command exited with return code 0
[2022-01-30 12:00:00,091] {taskinstance.py:1277} INFO - Marking task as SUCCESS. dag_id=Local_Ingestion_Dag, task_id=wget, execution_date=20210102T060000, start_date=20220130T115954, end_date=20220130T120000
[2022-01-30 12:00:00,119] {local_task_job.py:154} INFO - Task exited with return code 0
[2022-01-30 12:00:00,160] {local_task_job.py:264} INFO - 1 downstream tasks scheduled from follow-on schedule check
