[2022-01-30 14:11:33,089] {taskinstance.py:1032} INFO - Dependencies all met for <TaskInstance: Local_Ingestion_Dag.wget scheduled__2021-01-02T06:00:00+00:00 [queued]>
[2022-01-30 14:11:33,103] {taskinstance.py:1032} INFO - Dependencies all met for <TaskInstance: Local_Ingestion_Dag.wget scheduled__2021-01-02T06:00:00+00:00 [queued]>
[2022-01-30 14:11:33,103] {taskinstance.py:1238} INFO - 
--------------------------------------------------------------------------------
[2022-01-30 14:11:33,103] {taskinstance.py:1239} INFO - Starting attempt 4 of 4
[2022-01-30 14:11:33,103] {taskinstance.py:1240} INFO - 
--------------------------------------------------------------------------------
[2022-01-30 14:11:33,118] {taskinstance.py:1259} INFO - Executing <Task(BashOperator): wget> on 2021-01-02 06:00:00+00:00
[2022-01-30 14:11:33,126] {standard_task_runner.py:52} INFO - Started process 3269 to run task
[2022-01-30 14:11:33,132] {standard_task_runner.py:76} INFO - Running: ['***', 'tasks', 'run', 'Local_Ingestion_Dag', 'wget', 'scheduled__2021-01-02T06:00:00+00:00', '--job-id', '65', '--raw', '--subdir', 'DAGS_FOLDER/data_ingestion_local.py', '--cfg-path', '/tmp/tmp6c1ugraw', '--error-file', '/tmp/tmp6fh3hmd6']
[2022-01-30 14:11:33,134] {standard_task_runner.py:77} INFO - Job 65: Subtask wget
[2022-01-30 14:11:33,230] {logging_mixin.py:109} INFO - Running <TaskInstance: Local_Ingestion_Dag.wget scheduled__2021-01-02T06:00:00+00:00 [running]> on host 136f9a08a677
[2022-01-30 14:11:33,281] {warnings.py:110} WARNING - /home/***/.local/lib/python3.7/site-packages/***/utils/context.py:152: AirflowContextDeprecationWarning: Accessing 'execution_date' from the template is deprecated and will be removed in a future version. Please use 'data_interval_start' or 'logical_date' instead.
  warnings.warn(_create_deprecation_warning(key, self._deprecation_replacements[key]))

[2022-01-30 14:11:33,309] {taskinstance.py:1426} INFO - Exporting the following env vars:
AIRFLOW_CTX_DAG_OWNER=***
AIRFLOW_CTX_DAG_ID=Local_Ingestion_Dag
AIRFLOW_CTX_TASK_ID=wget
AIRFLOW_CTX_EXECUTION_DATE=2021-01-02T06:00:00+00:00
AIRFLOW_CTX_DAG_RUN_ID=scheduled__2021-01-02T06:00:00+00:00
[2022-01-30 14:11:33,311] {subprocess.py:62} INFO - Tmp dir root location: 
 /tmp
[2022-01-30 14:11:33,312] {subprocess.py:74} INFO - Running command: ['bash', '-c', 'curl -sSL https://s3.amazonaws.com/nyc-tlc/trip+data/yellow_tripdata_2021-01.csv > /opt/***/output_2021-01.csv']
[2022-01-30 14:11:33,327] {subprocess.py:85} INFO - Output:
[2022-01-30 14:11:39,482] {subprocess.py:93} INFO - Command exited with return code 0
[2022-01-30 14:11:39,515] {taskinstance.py:1277} INFO - Marking task as SUCCESS. dag_id=Local_Ingestion_Dag, task_id=wget, execution_date=20210102T060000, start_date=20220130T141133, end_date=20220130T141139
[2022-01-30 14:11:39,557] {local_task_job.py:154} INFO - Task exited with return code 0
[2022-01-30 14:11:39,596] {local_task_job.py:264} INFO - 1 downstream tasks scheduled from follow-on schedule check
