[2022-01-30 11:43:29,586] {taskinstance.py:1032} INFO - Dependencies all met for <TaskInstance: Local_Ingestion_Dag.ingest scheduled__2021-09-02T06:00:00+00:00 [queued]>
[2022-01-30 11:43:29,628] {taskinstance.py:1032} INFO - Dependencies all met for <TaskInstance: Local_Ingestion_Dag.ingest scheduled__2021-09-02T06:00:00+00:00 [queued]>
[2022-01-30 11:43:29,628] {taskinstance.py:1238} INFO - 
--------------------------------------------------------------------------------
[2022-01-30 11:43:29,628] {taskinstance.py:1239} INFO - Starting attempt 1 of 1
[2022-01-30 11:43:29,629] {taskinstance.py:1240} INFO - 
--------------------------------------------------------------------------------
[2022-01-30 11:43:29,653] {taskinstance.py:1259} INFO - Executing <Task(BashOperator): ingest> on 2021-09-02 06:00:00+00:00
[2022-01-30 11:43:29,678] {standard_task_runner.py:52} INFO - Started process 190 to run task
[2022-01-30 11:43:29,693] {standard_task_runner.py:76} INFO - Running: ['***', 'tasks', 'run', 'Local_Ingestion_Dag', 'ingest', 'scheduled__2021-09-02T06:00:00+00:00', '--job-id', '50', '--raw', '--subdir', 'DAGS_FOLDER/data_ingestion_local.py', '--cfg-path', '/tmp/tmpw7r3w8kt', '--error-file', '/tmp/tmp3rvpudrm']
[2022-01-30 11:43:29,694] {standard_task_runner.py:77} INFO - Job 50: Subtask ingest
[2022-01-30 11:43:29,940] {logging_mixin.py:109} INFO - Running <TaskInstance: Local_Ingestion_Dag.ingest scheduled__2021-09-02T06:00:00+00:00 [running]> on host d85d2c4ca4f8
[2022-01-30 11:43:30,127] {taskinstance.py:1426} INFO - Exporting the following env vars:
AIRFLOW_CTX_DAG_OWNER=***
AIRFLOW_CTX_DAG_ID=Local_Ingestion_Dag
AIRFLOW_CTX_TASK_ID=ingest
AIRFLOW_CTX_EXECUTION_DATE=2021-09-02T06:00:00+00:00
AIRFLOW_CTX_DAG_RUN_ID=scheduled__2021-09-02T06:00:00+00:00
[2022-01-30 11:43:30,129] {subprocess.py:62} INFO - Tmp dir root location: 
 /tmp
[2022-01-30 11:43:30,130] {subprocess.py:74} INFO - Running command: ['bash', '-c', 'pwd']
[2022-01-30 11:43:30,165] {subprocess.py:85} INFO - Output:
[2022-01-30 11:43:30,176] {subprocess.py:89} INFO - /tmp/***tmpcrdimby6
[2022-01-30 11:43:30,177] {subprocess.py:93} INFO - Command exited with return code 0
[2022-01-30 11:43:30,274] {taskinstance.py:1277} INFO - Marking task as SUCCESS. dag_id=Local_Ingestion_Dag, task_id=ingest, execution_date=20210902T060000, start_date=20220130T114329, end_date=20220130T114330
[2022-01-30 11:43:30,339] {local_task_job.py:154} INFO - Task exited with return code 0
[2022-01-30 11:43:30,433] {local_task_job.py:264} INFO - 0 downstream tasks scheduled from follow-on schedule check
