[2022-01-30 11:43:21,110] {taskinstance.py:1032} INFO - Dependencies all met for <TaskInstance: Local_Ingestion_Dag.wget scheduled__2021-03-02T06:00:00+00:00 [queued]>
[2022-01-30 11:43:21,132] {taskinstance.py:1032} INFO - Dependencies all met for <TaskInstance: Local_Ingestion_Dag.wget scheduled__2021-03-02T06:00:00+00:00 [queued]>
[2022-01-30 11:43:21,132] {taskinstance.py:1238} INFO - 
--------------------------------------------------------------------------------
[2022-01-30 11:43:21,132] {taskinstance.py:1239} INFO - Starting attempt 1 of 1
[2022-01-30 11:43:21,132] {taskinstance.py:1240} INFO - 
--------------------------------------------------------------------------------
[2022-01-30 11:43:21,159] {taskinstance.py:1259} INFO - Executing <Task(BashOperator): wget> on 2021-03-02 06:00:00+00:00
[2022-01-30 11:43:21,168] {standard_task_runner.py:52} INFO - Started process 130 to run task
[2022-01-30 11:43:21,192] {standard_task_runner.py:76} INFO - Running: ['***', 'tasks', 'run', 'Local_Ingestion_Dag', 'wget', 'scheduled__2021-03-02T06:00:00+00:00', '--job-id', '32', '--raw', '--subdir', 'DAGS_FOLDER/data_ingestion_local.py', '--cfg-path', '/tmp/tmpe6oopntc', '--error-file', '/tmp/tmpmu9ofqgt']
[2022-01-30 11:43:21,193] {standard_task_runner.py:77} INFO - Job 32: Subtask wget
[2022-01-30 11:43:21,317] {logging_mixin.py:109} INFO - Running <TaskInstance: Local_Ingestion_Dag.wget scheduled__2021-03-02T06:00:00+00:00 [running]> on host d85d2c4ca4f8
[2022-01-30 11:43:21,423] {taskinstance.py:1426} INFO - Exporting the following env vars:
AIRFLOW_CTX_DAG_OWNER=***
AIRFLOW_CTX_DAG_ID=Local_Ingestion_Dag
AIRFLOW_CTX_TASK_ID=wget
AIRFLOW_CTX_EXECUTION_DATE=2021-03-02T06:00:00+00:00
AIRFLOW_CTX_DAG_RUN_ID=scheduled__2021-03-02T06:00:00+00:00
[2022-01-30 11:43:21,425] {subprocess.py:62} INFO - Tmp dir root location: 
 /tmp
[2022-01-30 11:43:21,425] {subprocess.py:74} INFO - Running command: ['bash', '-c', 'echo "hello world"']
[2022-01-30 11:43:21,438] {subprocess.py:85} INFO - Output:
[2022-01-30 11:43:21,441] {subprocess.py:89} INFO - hello world
[2022-01-30 11:43:21,441] {subprocess.py:93} INFO - Command exited with return code 0
[2022-01-30 11:43:21,505] {taskinstance.py:1277} INFO - Marking task as SUCCESS. dag_id=Local_Ingestion_Dag, task_id=wget, execution_date=20210302T060000, start_date=20220130T114321, end_date=20220130T114321
[2022-01-30 11:43:21,582] {local_task_job.py:154} INFO - Task exited with return code 0
[2022-01-30 11:43:21,682] {local_task_job.py:264} INFO - 1 downstream tasks scheduled from follow-on schedule check
