[2022-01-30 11:43:22,174] {taskinstance.py:1032} INFO - Dependencies all met for <TaskInstance: Local_Ingestion_Dag.ingest manual__2022-01-30T11:43:19.296499+00:00 [queued]>
[2022-01-30 11:43:22,195] {taskinstance.py:1032} INFO - Dependencies all met for <TaskInstance: Local_Ingestion_Dag.ingest manual__2022-01-30T11:43:19.296499+00:00 [queued]>
[2022-01-30 11:43:22,196] {taskinstance.py:1238} INFO - 
--------------------------------------------------------------------------------
[2022-01-30 11:43:22,196] {taskinstance.py:1239} INFO - Starting attempt 1 of 1
[2022-01-30 11:43:22,196] {taskinstance.py:1240} INFO - 
--------------------------------------------------------------------------------
[2022-01-30 11:43:22,237] {taskinstance.py:1259} INFO - Executing <Task(BashOperator): ingest> on 2022-01-30 11:43:19.296499+00:00
[2022-01-30 11:43:22,259] {standard_task_runner.py:52} INFO - Started process 140 to run task
[2022-01-30 11:43:22,286] {standard_task_runner.py:76} INFO - Running: ['***', 'tasks', 'run', 'Local_Ingestion_Dag', 'ingest', 'manual__2022-01-30T11:43:19.296499+00:00', '--job-id', '37', '--raw', '--subdir', 'DAGS_FOLDER/data_ingestion_local.py', '--cfg-path', '/tmp/tmp6qlm757_', '--error-file', '/tmp/tmpf_a5eapi']
[2022-01-30 11:43:22,286] {standard_task_runner.py:77} INFO - Job 37: Subtask ingest
[2022-01-30 11:43:22,466] {logging_mixin.py:109} INFO - Running <TaskInstance: Local_Ingestion_Dag.ingest manual__2022-01-30T11:43:19.296499+00:00 [running]> on host d85d2c4ca4f8
[2022-01-30 11:43:22,742] {taskinstance.py:1426} INFO - Exporting the following env vars:
AIRFLOW_CTX_DAG_OWNER=***
AIRFLOW_CTX_DAG_ID=Local_Ingestion_Dag
AIRFLOW_CTX_TASK_ID=ingest
AIRFLOW_CTX_EXECUTION_DATE=2022-01-30T11:43:19.296499+00:00
AIRFLOW_CTX_DAG_RUN_ID=manual__2022-01-30T11:43:19.296499+00:00
[2022-01-30 11:43:22,745] {subprocess.py:62} INFO - Tmp dir root location: 
 /tmp
[2022-01-30 11:43:22,746] {subprocess.py:74} INFO - Running command: ['bash', '-c', 'pwd']
[2022-01-30 11:43:22,820] {subprocess.py:85} INFO - Output:
[2022-01-30 11:43:22,849] {subprocess.py:89} INFO - /tmp/***tmpajxaryv2
[2022-01-30 11:43:22,857] {subprocess.py:93} INFO - Command exited with return code 0
[2022-01-30 11:43:22,985] {taskinstance.py:1277} INFO - Marking task as SUCCESS. dag_id=Local_Ingestion_Dag, task_id=ingest, execution_date=20220130T114319, start_date=20220130T114322, end_date=20220130T114322
[2022-01-30 11:43:23,063] {local_task_job.py:154} INFO - Task exited with return code 0
[2022-01-30 11:43:23,201] {local_task_job.py:264} INFO - 0 downstream tasks scheduled from follow-on schedule check
