[2022-03-17 19:46:57,306] {taskinstance.py:1032} INFO - Dependencies all met for <TaskInstance: data_ingestion_gcs_dag_project.format_to_parquet_task scheduled__2018-01-01T00:00:00+00:00 [queued]>
[2022-03-17 19:46:57,316] {taskinstance.py:1032} INFO - Dependencies all met for <TaskInstance: data_ingestion_gcs_dag_project.format_to_parquet_task scheduled__2018-01-01T00:00:00+00:00 [queued]>
[2022-03-17 19:46:57,316] {taskinstance.py:1238} INFO - 
--------------------------------------------------------------------------------
[2022-03-17 19:46:57,316] {taskinstance.py:1239} INFO - Starting attempt 1 of 2
[2022-03-17 19:46:57,316] {taskinstance.py:1240} INFO - 
--------------------------------------------------------------------------------
[2022-03-17 19:46:57,327] {taskinstance.py:1259} INFO - Executing <Task(PythonOperator): format_to_parquet_task> on 2018-01-01 00:00:00+00:00
[2022-03-17 19:46:57,333] {standard_task_runner.py:52} INFO - Started process 556 to run task
[2022-03-17 19:46:57,337] {standard_task_runner.py:76} INFO - Running: ['***', 'tasks', 'run', 'data_ingestion_gcs_dag_project', 'format_to_parquet_task', 'scheduled__2018-01-01T00:00:00+00:00', '--job-id', '17', '--raw', '--subdir', 'DAGS_FOLDER/data_ingestion_gcs_dag_project.py', '--cfg-path', '/tmp/tmp7lf8ise2', '--error-file', '/tmp/tmptxboqysc']
[2022-03-17 19:46:57,338] {standard_task_runner.py:77} INFO - Job 17: Subtask format_to_parquet_task
[2022-03-17 19:46:57,400] {logging_mixin.py:109} INFO - Running <TaskInstance: data_ingestion_gcs_dag_project.format_to_parquet_task scheduled__2018-01-01T00:00:00+00:00 [running]> on host 06aea6ade097
[2022-03-17 19:46:57,441] {warnings.py:110} WARNING - /home/***/.local/lib/python3.7/site-packages/***/utils/context.py:152: AirflowContextDeprecationWarning: Accessing 'execution_date' from the template is deprecated and will be removed in a future version. Please use 'data_interval_start' or 'logical_date' instead.
  warnings.warn(_create_deprecation_warning(key, self._deprecation_replacements[key]))

[2022-03-17 19:46:57,463] {taskinstance.py:1426} INFO - Exporting the following env vars:
AIRFLOW_CTX_DAG_OWNER=***
AIRFLOW_CTX_DAG_ID=data_ingestion_gcs_dag_project
AIRFLOW_CTX_TASK_ID=format_to_parquet_task
AIRFLOW_CTX_EXECUTION_DATE=2018-01-01T00:00:00+00:00
AIRFLOW_CTX_DAG_RUN_ID=scheduled__2018-01-01T00:00:00+00:00
[2022-03-17 19:46:57,871] {logging_mixin.py:109} INFO - converted:  /opt/***/dft-road-casualty-statistics-accident-2018.csv
[2022-03-17 19:46:57,872] {python.py:175} INFO - Done. Returned value was: None
[2022-03-17 19:46:57,887] {taskinstance.py:1277} INFO - Marking task as SUCCESS. dag_id=data_ingestion_gcs_dag_project, task_id=format_to_parquet_task, execution_date=20180101T000000, start_date=20220317T194657, end_date=20220317T194657
[2022-03-17 19:46:57,950] {local_task_job.py:154} INFO - Task exited with return code 0
[2022-03-17 19:46:57,990] {local_task_job.py:264} INFO - 1 downstream tasks scheduled from follow-on schedule check
