[2022-03-17 19:46:24,331] {taskinstance.py:1032} INFO - Dependencies all met for <TaskInstance: data_ingestion_gcs_dag_project.download_dataset_task scheduled__2017-01-01T00:00:00+00:00 [queued]>
[2022-03-17 19:46:24,342] {taskinstance.py:1032} INFO - Dependencies all met for <TaskInstance: data_ingestion_gcs_dag_project.download_dataset_task scheduled__2017-01-01T00:00:00+00:00 [queued]>
[2022-03-17 19:46:24,342] {taskinstance.py:1238} INFO - 
--------------------------------------------------------------------------------
[2022-03-17 19:46:24,342] {taskinstance.py:1239} INFO - Starting attempt 1 of 2
[2022-03-17 19:46:24,342] {taskinstance.py:1240} INFO - 
--------------------------------------------------------------------------------
[2022-03-17 19:46:24,353] {taskinstance.py:1259} INFO - Executing <Task(BashOperator): download_dataset_task> on 2017-01-01 00:00:00+00:00
[2022-03-17 19:46:24,358] {standard_task_runner.py:52} INFO - Started process 504 to run task
[2022-03-17 19:46:24,363] {standard_task_runner.py:76} INFO - Running: ['***', 'tasks', 'run', 'data_ingestion_gcs_dag_project', 'download_dataset_task', 'scheduled__2017-01-01T00:00:00+00:00', '--job-id', '12', '--raw', '--subdir', 'DAGS_FOLDER/data_ingestion_gcs_dag_project.py', '--cfg-path', '/tmp/tmpo5dqv94p', '--error-file', '/tmp/tmpkiv_fhwz']
[2022-03-17 19:46:24,364] {standard_task_runner.py:77} INFO - Job 12: Subtask download_dataset_task
[2022-03-17 19:46:24,428] {logging_mixin.py:109} INFO - Running <TaskInstance: data_ingestion_gcs_dag_project.download_dataset_task scheduled__2017-01-01T00:00:00+00:00 [running]> on host 06aea6ade097
[2022-03-17 19:46:24,470] {warnings.py:110} WARNING - /home/***/.local/lib/python3.7/site-packages/***/utils/context.py:152: AirflowContextDeprecationWarning: Accessing 'execution_date' from the template is deprecated and will be removed in a future version. Please use 'data_interval_start' or 'logical_date' instead.
  warnings.warn(_create_deprecation_warning(key, self._deprecation_replacements[key]))

[2022-03-17 19:46:24,490] {taskinstance.py:1426} INFO - Exporting the following env vars:
AIRFLOW_CTX_DAG_OWNER=***
AIRFLOW_CTX_DAG_ID=data_ingestion_gcs_dag_project
AIRFLOW_CTX_TASK_ID=download_dataset_task
AIRFLOW_CTX_EXECUTION_DATE=2017-01-01T00:00:00+00:00
AIRFLOW_CTX_DAG_RUN_ID=scheduled__2017-01-01T00:00:00+00:00
[2022-03-17 19:46:24,492] {subprocess.py:62} INFO - Tmp dir root location: 
 /tmp
[2022-03-17 19:46:24,492] {subprocess.py:74} INFO - Running command: ['bash', '-c', 'curl -sSLf https://data.dft.gov.uk/road-accidents-safety-data/dft-road-casualty-statistics-accident-2017.csv > /opt/***/dft-road-casualty-statistics-accident-2017.csv']
[2022-03-17 19:46:24,505] {subprocess.py:85} INFO - Output:
[2022-03-17 19:46:24,939] {subprocess.py:93} INFO - Command exited with return code 0
[2022-03-17 19:46:24,966] {taskinstance.py:1277} INFO - Marking task as SUCCESS. dag_id=data_ingestion_gcs_dag_project, task_id=download_dataset_task, execution_date=20170101T000000, start_date=20220317T194624, end_date=20220317T194624
[2022-03-17 19:46:25,016] {local_task_job.py:154} INFO - Task exited with return code 0
[2022-03-17 19:46:25,055] {local_task_job.py:264} INFO - 1 downstream tasks scheduled from follow-on schedule check
[2022-03-20 06:17:12,903] {taskinstance.py:1032} INFO - Dependencies all met for <TaskInstance: data_ingestion_gcs_dag_project.download_dataset_task scheduled__2017-01-01T00:00:00+00:00 [queued]>
[2022-03-20 06:17:12,925] {taskinstance.py:1032} INFO - Dependencies all met for <TaskInstance: data_ingestion_gcs_dag_project.download_dataset_task scheduled__2017-01-01T00:00:00+00:00 [queued]>
[2022-03-20 06:17:12,925] {taskinstance.py:1238} INFO - 
--------------------------------------------------------------------------------
[2022-03-20 06:17:12,925] {taskinstance.py:1239} INFO - Starting attempt 1 of 2
[2022-03-20 06:17:12,925] {taskinstance.py:1240} INFO - 
--------------------------------------------------------------------------------
[2022-03-20 06:17:12,937] {taskinstance.py:1259} INFO - Executing <Task(BashOperator): download_dataset_task> on 2017-01-01 00:00:00+00:00
[2022-03-20 06:17:12,943] {standard_task_runner.py:52} INFO - Started process 292 to run task
[2022-03-20 06:17:12,949] {standard_task_runner.py:76} INFO - Running: ['***', 'tasks', 'run', 'data_ingestion_gcs_dag_project', 'download_dataset_task', 'scheduled__2017-01-01T00:00:00+00:00', '--job-id', '34', '--raw', '--subdir', 'DAGS_FOLDER/data_ingestion_gcs_dag_project.py', '--cfg-path', '/tmp/tmp0i96wwfx', '--error-file', '/tmp/tmp4jgr_j2y']
[2022-03-20 06:17:12,951] {standard_task_runner.py:77} INFO - Job 34: Subtask download_dataset_task
[2022-03-20 06:17:13,019] {logging_mixin.py:109} INFO - Running <TaskInstance: data_ingestion_gcs_dag_project.download_dataset_task scheduled__2017-01-01T00:00:00+00:00 [running]> on host 974079c1cd0d
[2022-03-20 06:17:13,065] {warnings.py:110} WARNING - /home/***/.local/lib/python3.7/site-packages/***/utils/context.py:152: AirflowContextDeprecationWarning: Accessing 'execution_date' from the template is deprecated and will be removed in a future version. Please use 'data_interval_start' or 'logical_date' instead.
  warnings.warn(_create_deprecation_warning(key, self._deprecation_replacements[key]))

[2022-03-20 06:17:13,087] {taskinstance.py:1426} INFO - Exporting the following env vars:
AIRFLOW_CTX_DAG_OWNER=***
AIRFLOW_CTX_DAG_ID=data_ingestion_gcs_dag_project
AIRFLOW_CTX_TASK_ID=download_dataset_task
AIRFLOW_CTX_EXECUTION_DATE=2017-01-01T00:00:00+00:00
AIRFLOW_CTX_DAG_RUN_ID=scheduled__2017-01-01T00:00:00+00:00
[2022-03-20 06:17:13,089] {subprocess.py:62} INFO - Tmp dir root location: 
 /tmp
[2022-03-20 06:17:13,089] {subprocess.py:74} INFO - Running command: ['bash', '-c', 'curl -sSLf https://data.dft.gov.uk/road-accidents-safety-data/dft-road-casualty-statistics-accident-2017.csv > /opt/***/dft-road-casualty-statistics-accident-2017.csv']
[2022-03-20 06:17:13,103] {subprocess.py:85} INFO - Output:
[2022-03-20 06:17:13,494] {subprocess.py:93} INFO - Command exited with return code 0
[2022-03-20 06:17:13,522] {taskinstance.py:1277} INFO - Marking task as SUCCESS. dag_id=data_ingestion_gcs_dag_project, task_id=download_dataset_task, execution_date=20170101T000000, start_date=20220320T061712, end_date=20220320T061713
[2022-03-20 06:17:13,563] {local_task_job.py:154} INFO - Task exited with return code 0
[2022-03-20 06:17:13,604] {local_task_job.py:264} INFO - 1 downstream tasks scheduled from follow-on schedule check
