[2022-01-30 11:43:23,879] {taskinstance.py:1032} INFO - Dependencies all met for <TaskInstance: Local_Ingestion_Dag.wget scheduled__2021-07-02T06:00:00+00:00 [queued]>
[2022-01-30 11:43:23,901] {taskinstance.py:1032} INFO - Dependencies all met for <TaskInstance: Local_Ingestion_Dag.wget scheduled__2021-07-02T06:00:00+00:00 [queued]>
[2022-01-30 11:43:23,901] {taskinstance.py:1238} INFO - 
--------------------------------------------------------------------------------
[2022-01-30 11:43:23,901] {taskinstance.py:1239} INFO - Starting attempt 1 of 1
[2022-01-30 11:43:23,902] {taskinstance.py:1240} INFO - 
--------------------------------------------------------------------------------
[2022-01-30 11:43:23,974] {taskinstance.py:1259} INFO - Executing <Task(BashOperator): wget> on 2021-07-02 06:00:00+00:00
[2022-01-30 11:43:23,985] {standard_task_runner.py:52} INFO - Started process 155 to run task
[2022-01-30 11:43:23,997] {standard_task_runner.py:76} INFO - Running: ['***', 'tasks', 'run', 'Local_Ingestion_Dag', 'wget', 'scheduled__2021-07-02T06:00:00+00:00', '--job-id', '41', '--raw', '--subdir', 'DAGS_FOLDER/data_ingestion_local.py', '--cfg-path', '/tmp/tmp0akpobxw', '--error-file', '/tmp/tmpaqhzm1gc']
[2022-01-30 11:43:23,997] {standard_task_runner.py:77} INFO - Job 41: Subtask wget
[2022-01-30 11:43:24,245] {logging_mixin.py:109} INFO - Running <TaskInstance: Local_Ingestion_Dag.wget scheduled__2021-07-02T06:00:00+00:00 [running]> on host d85d2c4ca4f8
[2022-01-30 11:43:24,389] {taskinstance.py:1426} INFO - Exporting the following env vars:
AIRFLOW_CTX_DAG_OWNER=***
AIRFLOW_CTX_DAG_ID=Local_Ingestion_Dag
AIRFLOW_CTX_TASK_ID=wget
AIRFLOW_CTX_EXECUTION_DATE=2021-07-02T06:00:00+00:00
AIRFLOW_CTX_DAG_RUN_ID=scheduled__2021-07-02T06:00:00+00:00
[2022-01-30 11:43:24,393] {subprocess.py:62} INFO - Tmp dir root location: 
 /tmp
[2022-01-30 11:43:24,394] {subprocess.py:74} INFO - Running command: ['bash', '-c', 'echo "hello world"']
[2022-01-30 11:43:24,414] {subprocess.py:85} INFO - Output:
[2022-01-30 11:43:24,418] {subprocess.py:89} INFO - hello world
[2022-01-30 11:43:24,419] {subprocess.py:93} INFO - Command exited with return code 0
[2022-01-30 11:43:24,495] {taskinstance.py:1277} INFO - Marking task as SUCCESS. dag_id=Local_Ingestion_Dag, task_id=wget, execution_date=20210702T060000, start_date=20220130T114323, end_date=20220130T114324
[2022-01-30 11:43:24,550] {local_task_job.py:154} INFO - Task exited with return code 0
[2022-01-30 11:43:24,618] {local_task_job.py:264} INFO - 1 downstream tasks scheduled from follow-on schedule check
