[2022-01-30 12:22:33,549] {taskinstance.py:1032} INFO - Dependencies all met for <TaskInstance: Local_Ingestion_Dag.ingest scheduled__2021-02-02T06:00:00+00:00 [queued]>
[2022-01-30 12:22:33,568] {taskinstance.py:1032} INFO - Dependencies all met for <TaskInstance: Local_Ingestion_Dag.ingest scheduled__2021-02-02T06:00:00+00:00 [queued]>
[2022-01-30 12:22:33,569] {taskinstance.py:1238} INFO - 
--------------------------------------------------------------------------------
[2022-01-30 12:22:33,569] {taskinstance.py:1239} INFO - Starting attempt 2 of 2
[2022-01-30 12:22:33,570] {taskinstance.py:1240} INFO - 
--------------------------------------------------------------------------------
[2022-01-30 12:22:33,591] {taskinstance.py:1259} INFO - Executing <Task(BashOperator): ingest> on 2021-02-02 06:00:00+00:00
[2022-01-30 12:22:33,598] {standard_task_runner.py:52} INFO - Started process 1947 to run task
[2022-01-30 12:22:33,603] {standard_task_runner.py:76} INFO - Running: ['***', 'tasks', 'run', 'Local_Ingestion_Dag', 'ingest', 'scheduled__2021-02-02T06:00:00+00:00', '--job-id', '58', '--raw', '--subdir', 'DAGS_FOLDER/data_ingestion_local.py', '--cfg-path', '/tmp/tmpckjpcudw', '--error-file', '/tmp/tmpa1azn3xo']
[2022-01-30 12:22:33,603] {standard_task_runner.py:77} INFO - Job 58: Subtask ingest
[2022-01-30 12:22:33,676] {logging_mixin.py:109} INFO - Running <TaskInstance: Local_Ingestion_Dag.ingest scheduled__2021-02-02T06:00:00+00:00 [running]> on host d85d2c4ca4f8
[2022-01-30 12:22:33,749] {taskinstance.py:1426} INFO - Exporting the following env vars:
AIRFLOW_CTX_DAG_OWNER=***
AIRFLOW_CTX_DAG_ID=Local_Ingestion_Dag
AIRFLOW_CTX_TASK_ID=ingest
AIRFLOW_CTX_EXECUTION_DATE=2021-02-02T06:00:00+00:00
AIRFLOW_CTX_DAG_RUN_ID=scheduled__2021-02-02T06:00:00+00:00
[2022-01-30 12:22:33,751] {subprocess.py:62} INFO - Tmp dir root location: 
 /tmp
[2022-01-30 12:22:33,751] {subprocess.py:74} INFO - Running command: ['bash', '-c', 'ls /opt/***']
[2022-01-30 12:22:33,765] {subprocess.py:85} INFO - Output:
[2022-01-30 12:22:33,770] {subprocess.py:89} INFO - ***-worker.pid
[2022-01-30 12:22:33,771] {subprocess.py:89} INFO - ***.cfg
[2022-01-30 12:22:33,771] {subprocess.py:89} INFO - dags
[2022-01-30 12:22:33,771] {subprocess.py:89} INFO - logs
[2022-01-30 12:22:33,771] {subprocess.py:89} INFO - output.csv
[2022-01-30 12:22:33,771] {subprocess.py:89} INFO - output_2021-02.csv
[2022-01-30 12:22:33,771] {subprocess.py:89} INFO - plugins
[2022-01-30 12:22:33,771] {subprocess.py:89} INFO - requirements.txt
[2022-01-30 12:22:33,771] {subprocess.py:89} INFO - webserver_config.py
[2022-01-30 12:22:33,771] {subprocess.py:93} INFO - Command exited with return code 0
[2022-01-30 12:22:33,804] {taskinstance.py:1277} INFO - Marking task as SUCCESS. dag_id=Local_Ingestion_Dag, task_id=ingest, execution_date=20210202T060000, start_date=20220130T122233, end_date=20220130T122233
[2022-01-30 12:22:33,859] {local_task_job.py:154} INFO - Task exited with return code 0
[2022-01-30 12:22:33,894] {local_task_job.py:264} INFO - 0 downstream tasks scheduled from follow-on schedule check
