[2022-03-17 19:45:49,856] {taskinstance.py:1032} INFO - Dependencies all met for <TaskInstance: data_ingestion_gcs_dag_project.format_to_parquet_task scheduled__2016-01-01T00:00:00+00:00 [queued]>
[2022-03-17 19:45:49,866] {taskinstance.py:1032} INFO - Dependencies all met for <TaskInstance: data_ingestion_gcs_dag_project.format_to_parquet_task scheduled__2016-01-01T00:00:00+00:00 [queued]>
[2022-03-17 19:45:49,866] {taskinstance.py:1238} INFO - 
--------------------------------------------------------------------------------
[2022-03-17 19:45:49,866] {taskinstance.py:1239} INFO - Starting attempt 1 of 2
[2022-03-17 19:45:49,866] {taskinstance.py:1240} INFO - 
--------------------------------------------------------------------------------
[2022-03-17 19:45:49,876] {taskinstance.py:1259} INFO - Executing <Task(PythonOperator): format_to_parquet_task> on 2016-01-01 00:00:00+00:00
[2022-03-17 19:45:49,882] {standard_task_runner.py:52} INFO - Started process 459 to run task
[2022-03-17 19:45:49,887] {standard_task_runner.py:76} INFO - Running: ['***', 'tasks', 'run', 'data_ingestion_gcs_dag_project', 'format_to_parquet_task', 'scheduled__2016-01-01T00:00:00+00:00', '--job-id', '9', '--raw', '--subdir', 'DAGS_FOLDER/data_ingestion_gcs_dag_project.py', '--cfg-path', '/tmp/tmpjs2qxzda', '--error-file', '/tmp/tmpc3tjsr_m']
[2022-03-17 19:45:49,888] {standard_task_runner.py:77} INFO - Job 9: Subtask format_to_parquet_task
[2022-03-17 19:45:49,965] {logging_mixin.py:109} INFO - Running <TaskInstance: data_ingestion_gcs_dag_project.format_to_parquet_task scheduled__2016-01-01T00:00:00+00:00 [running]> on host 06aea6ade097
[2022-03-17 19:45:50,002] {warnings.py:110} WARNING - /home/***/.local/lib/python3.7/site-packages/***/utils/context.py:152: AirflowContextDeprecationWarning: Accessing 'execution_date' from the template is deprecated and will be removed in a future version. Please use 'data_interval_start' or 'logical_date' instead.
  warnings.warn(_create_deprecation_warning(key, self._deprecation_replacements[key]))

[2022-03-17 19:45:50,024] {taskinstance.py:1426} INFO - Exporting the following env vars:
AIRFLOW_CTX_DAG_OWNER=***
AIRFLOW_CTX_DAG_ID=data_ingestion_gcs_dag_project
AIRFLOW_CTX_TASK_ID=format_to_parquet_task
AIRFLOW_CTX_EXECUTION_DATE=2016-01-01T00:00:00+00:00
AIRFLOW_CTX_DAG_RUN_ID=scheduled__2016-01-01T00:00:00+00:00
[2022-03-17 19:45:50,464] {logging_mixin.py:109} INFO - converted:  /opt/***/dft-road-casualty-statistics-accident-2016.csv
[2022-03-17 19:45:50,466] {python.py:175} INFO - Done. Returned value was: None
[2022-03-17 19:45:50,480] {taskinstance.py:1277} INFO - Marking task as SUCCESS. dag_id=data_ingestion_gcs_dag_project, task_id=format_to_parquet_task, execution_date=20160101T000000, start_date=20220317T194549, end_date=20220317T194550
[2022-03-17 19:45:50,540] {local_task_job.py:154} INFO - Task exited with return code 0
[2022-03-17 19:45:50,582] {local_task_job.py:264} INFO - 1 downstream tasks scheduled from follow-on schedule check
