[2022-01-30 11:43:23,237] {taskinstance.py:1032} INFO - Dependencies all met for <TaskInstance: Local_Ingestion_Dag.ingest scheduled__2021-03-02T06:00:00+00:00 [queued]>
[2022-01-30 11:43:23,284] {taskinstance.py:1032} INFO - Dependencies all met for <TaskInstance: Local_Ingestion_Dag.ingest scheduled__2021-03-02T06:00:00+00:00 [queued]>
[2022-01-30 11:43:23,284] {taskinstance.py:1238} INFO - 
--------------------------------------------------------------------------------
[2022-01-30 11:43:23,285] {taskinstance.py:1239} INFO - Starting attempt 1 of 1
[2022-01-30 11:43:23,285] {taskinstance.py:1240} INFO - 
--------------------------------------------------------------------------------
[2022-01-30 11:43:23,346] {taskinstance.py:1259} INFO - Executing <Task(BashOperator): ingest> on 2021-03-02 06:00:00+00:00
[2022-01-30 11:43:23,412] {standard_task_runner.py:76} INFO - Running: ['***', 'tasks', 'run', 'Local_Ingestion_Dag', 'ingest', 'scheduled__2021-03-02T06:00:00+00:00', '--job-id', '40', '--raw', '--subdir', 'DAGS_FOLDER/data_ingestion_local.py', '--cfg-path', '/tmp/tmpfvfe4k4z', '--error-file', '/tmp/tmpifhs9f_p']
[2022-01-30 11:43:23,414] {standard_task_runner.py:77} INFO - Job 40: Subtask ingest
[2022-01-30 11:43:23,441] {standard_task_runner.py:52} INFO - Started process 151 to run task
[2022-01-30 11:43:23,631] {logging_mixin.py:109} INFO - Running <TaskInstance: Local_Ingestion_Dag.ingest scheduled__2021-03-02T06:00:00+00:00 [running]> on host d85d2c4ca4f8
[2022-01-30 11:43:23,926] {taskinstance.py:1426} INFO - Exporting the following env vars:
AIRFLOW_CTX_DAG_OWNER=***
AIRFLOW_CTX_DAG_ID=Local_Ingestion_Dag
AIRFLOW_CTX_TASK_ID=ingest
AIRFLOW_CTX_EXECUTION_DATE=2021-03-02T06:00:00+00:00
AIRFLOW_CTX_DAG_RUN_ID=scheduled__2021-03-02T06:00:00+00:00
[2022-01-30 11:43:23,928] {subprocess.py:62} INFO - Tmp dir root location: 
 /tmp
[2022-01-30 11:43:23,929] {subprocess.py:74} INFO - Running command: ['bash', '-c', 'pwd']
[2022-01-30 11:43:23,984] {subprocess.py:85} INFO - Output:
[2022-01-30 11:43:23,988] {subprocess.py:89} INFO - /tmp/***tmpbgtfpk1l
[2022-01-30 11:43:24,001] {subprocess.py:93} INFO - Command exited with return code 0
[2022-01-30 11:43:24,143] {taskinstance.py:1277} INFO - Marking task as SUCCESS. dag_id=Local_Ingestion_Dag, task_id=ingest, execution_date=20210302T060000, start_date=20220130T114323, end_date=20220130T114324
[2022-01-30 11:43:24,215] {local_task_job.py:154} INFO - Task exited with return code 0
[2022-01-30 11:43:24,334] {local_task_job.py:264} INFO - 0 downstream tasks scheduled from follow-on schedule check
