[2022-01-30 12:00:00,527] {taskinstance.py:1032} INFO - Dependencies all met for <TaskInstance: Local_Ingestion_Dag.ingest scheduled__2021-01-02T06:00:00+00:00 [queued]>
[2022-01-30 12:00:00,541] {taskinstance.py:1032} INFO - Dependencies all met for <TaskInstance: Local_Ingestion_Dag.ingest scheduled__2021-01-02T06:00:00+00:00 [queued]>
[2022-01-30 12:00:00,542] {taskinstance.py:1238} INFO - 
--------------------------------------------------------------------------------
[2022-01-30 12:00:00,542] {taskinstance.py:1239} INFO - Starting attempt 2 of 2
[2022-01-30 12:00:00,542] {taskinstance.py:1240} INFO - 
--------------------------------------------------------------------------------
[2022-01-30 12:00:00,556] {taskinstance.py:1259} INFO - Executing <Task(BashOperator): ingest> on 2021-01-02 06:00:00+00:00
[2022-01-30 12:00:00,562] {standard_task_runner.py:52} INFO - Started process 939 to run task
[2022-01-30 12:00:00,569] {standard_task_runner.py:76} INFO - Running: ['***', 'tasks', 'run', 'Local_Ingestion_Dag', 'ingest', 'scheduled__2021-01-02T06:00:00+00:00', '--job-id', '56', '--raw', '--subdir', 'DAGS_FOLDER/data_ingestion_local.py', '--cfg-path', '/tmp/tmp96hk7aa8', '--error-file', '/tmp/tmpuuckgpyd']
[2022-01-30 12:00:00,569] {standard_task_runner.py:77} INFO - Job 56: Subtask ingest
[2022-01-30 12:00:00,640] {logging_mixin.py:109} INFO - Running <TaskInstance: Local_Ingestion_Dag.ingest scheduled__2021-01-02T06:00:00+00:00 [running]> on host d85d2c4ca4f8
[2022-01-30 12:00:00,708] {taskinstance.py:1426} INFO - Exporting the following env vars:
AIRFLOW_CTX_DAG_OWNER=***
AIRFLOW_CTX_DAG_ID=Local_Ingestion_Dag
AIRFLOW_CTX_TASK_ID=ingest
AIRFLOW_CTX_EXECUTION_DATE=2021-01-02T06:00:00+00:00
AIRFLOW_CTX_DAG_RUN_ID=scheduled__2021-01-02T06:00:00+00:00
[2022-01-30 12:00:00,710] {subprocess.py:62} INFO - Tmp dir root location: 
 /tmp
[2022-01-30 12:00:00,711] {subprocess.py:74} INFO - Running command: ['bash', '-c', 'ls /opt/***']
[2022-01-30 12:00:00,724] {subprocess.py:85} INFO - Output:
[2022-01-30 12:00:00,732] {subprocess.py:89} INFO - ***-worker.pid
[2022-01-30 12:00:00,733] {subprocess.py:89} INFO - ***.cfg
[2022-01-30 12:00:00,733] {subprocess.py:89} INFO - dags
[2022-01-30 12:00:00,733] {subprocess.py:89} INFO - logs
[2022-01-30 12:00:00,733] {subprocess.py:89} INFO - output.csv
[2022-01-30 12:00:00,733] {subprocess.py:89} INFO - plugins
[2022-01-30 12:00:00,733] {subprocess.py:89} INFO - requirements.txt
[2022-01-30 12:00:00,733] {subprocess.py:89} INFO - webserver_config.py
[2022-01-30 12:00:00,733] {subprocess.py:93} INFO - Command exited with return code 0
[2022-01-30 12:00:00,774] {taskinstance.py:1277} INFO - Marking task as SUCCESS. dag_id=Local_Ingestion_Dag, task_id=ingest, execution_date=20210102T060000, start_date=20220130T120000, end_date=20220130T120000
[2022-01-30 12:00:00,822] {local_task_job.py:154} INFO - Task exited with return code 0
[2022-01-30 12:00:00,863] {local_task_job.py:264} INFO - 0 downstream tasks scheduled from follow-on schedule check
