[2022-01-30 11:43:22,940] {taskinstance.py:1032} INFO - Dependencies all met for <TaskInstance: Local_Ingestion_Dag.wget scheduled__2021-06-02T06:00:00+00:00 [queued]>
[2022-01-30 11:43:22,963] {taskinstance.py:1032} INFO - Dependencies all met for <TaskInstance: Local_Ingestion_Dag.wget scheduled__2021-06-02T06:00:00+00:00 [queued]>
[2022-01-30 11:43:22,965] {taskinstance.py:1238} INFO - 
--------------------------------------------------------------------------------
[2022-01-30 11:43:22,965] {taskinstance.py:1239} INFO - Starting attempt 1 of 1
[2022-01-30 11:43:22,966] {taskinstance.py:1240} INFO - 
--------------------------------------------------------------------------------
[2022-01-30 11:43:23,009] {taskinstance.py:1259} INFO - Executing <Task(BashOperator): wget> on 2021-06-02 06:00:00+00:00
[2022-01-30 11:43:23,019] {standard_task_runner.py:52} INFO - Started process 148 to run task
[2022-01-30 11:43:23,059] {standard_task_runner.py:76} INFO - Running: ['***', 'tasks', 'run', 'Local_Ingestion_Dag', 'wget', 'scheduled__2021-06-02T06:00:00+00:00', '--job-id', '38', '--raw', '--subdir', 'DAGS_FOLDER/data_ingestion_local.py', '--cfg-path', '/tmp/tmp1943vmxe', '--error-file', '/tmp/tmpy_rntj6t']
[2022-01-30 11:43:23,068] {standard_task_runner.py:77} INFO - Job 38: Subtask wget
[2022-01-30 11:43:23,304] {logging_mixin.py:109} INFO - Running <TaskInstance: Local_Ingestion_Dag.wget scheduled__2021-06-02T06:00:00+00:00 [running]> on host d85d2c4ca4f8
[2022-01-30 11:43:23,686] {taskinstance.py:1426} INFO - Exporting the following env vars:
AIRFLOW_CTX_DAG_OWNER=***
AIRFLOW_CTX_DAG_ID=Local_Ingestion_Dag
AIRFLOW_CTX_TASK_ID=wget
AIRFLOW_CTX_EXECUTION_DATE=2021-06-02T06:00:00+00:00
AIRFLOW_CTX_DAG_RUN_ID=scheduled__2021-06-02T06:00:00+00:00
[2022-01-30 11:43:23,687] {subprocess.py:62} INFO - Tmp dir root location: 
 /tmp
[2022-01-30 11:43:23,688] {subprocess.py:74} INFO - Running command: ['bash', '-c', 'echo "hello world"']
[2022-01-30 11:43:23,727] {subprocess.py:85} INFO - Output:
[2022-01-30 11:43:23,737] {subprocess.py:89} INFO - hello world
[2022-01-30 11:43:23,739] {subprocess.py:93} INFO - Command exited with return code 0
[2022-01-30 11:43:23,819] {taskinstance.py:1277} INFO - Marking task as SUCCESS. dag_id=Local_Ingestion_Dag, task_id=wget, execution_date=20210602T060000, start_date=20220130T114322, end_date=20220130T114323
[2022-01-30 11:43:23,903] {local_task_job.py:154} INFO - Task exited with return code 0
[2022-01-30 11:43:24,046] {local_task_job.py:264} INFO - 1 downstream tasks scheduled from follow-on schedule check
